<?xml version="1.0" encoding="UTF-8"?>
<testsuite xmlns:xsi="http://www.w3.org/2001/XMLSchema-instance" xsi:noNamespaceSchemaLocation="https://maven.apache.org/surefire/maven-failsafe-plugin/xsd/failsafe-test-report-3.0.xsd" version="3.0" name="Runner.CucumberTestSuite" time="46.683" tests="1" errors="1" skipped="0" failures="0">
  <properties>
    <property name="java.specification.version" value="18"/>
    <property name="sun.jnu.encoding" value="UTF-8"/>
    <property name="java.class.path" value="/Users/cesarriosusuga/Desktop/Automation/AutomatizacionPragma/target/test-classes:/Users/cesarriosusuga/.m2/repository/net/serenity-bdd/serenity-core/3.2.4/serenity-core-3.2.4.jar:/Users/cesarriosusuga/.m2/repository/net/serenity-bdd/serenity-model/3.2.4/serenity-model-3.2.4.jar:/Users/cesarriosusuga/.m2/repository/commons-net/commons-net/3.8.0/commons-net-3.8.0.jar:/Users/cesarriosusuga/.m2/repository/com/google/guava/guava/31.1-jre/guava-31.1-jre.jar:/Users/cesarriosusuga/.m2/repository/com/google/guava/failureaccess/1.0.1/failureaccess-1.0.1.jar:/Users/cesarriosusuga/.m2/repository/com/google/guava/listenablefuture/9999.0-empty-to-avoid-conflict-with-guava/listenablefuture-9999.0-empty-to-avoid-conflict-with-guava.jar:/Users/cesarriosusuga/.m2/repository/com/google/code/findbugs/jsr305/3.0.2/jsr305-3.0.2.jar:/Users/cesarriosusuga/.m2/repository/org/checkerframework/checker-qual/3.12.0/checker-qual-3.12.0.jar:/Users/cesarriosusuga/.m2/repository/com/google/errorprone/error_prone_annotations/2.11.0/error_prone_annotations-2.11.0.jar:/Users/cesarriosusuga/.m2/repository/com/google/j2objc/j2objc-annotations/1.3/j2objc-annotations-1.3.jar:/Users/cesarriosusuga/.m2/repository/com/google/inject/guice/5.1.0/guice-5.1.0.jar:/Users/cesarriosusuga/.m2/repository/javax/inject/javax.inject/1/javax.inject-1.jar:/Users/cesarriosusuga/.m2/repository/aopalliance/aopalliance/1.0/aopalliance-1.0.jar:/Users/cesarriosusuga/.m2/repository/org/jsoup/jsoup/1.14.3/jsoup-1.14.3.jar:/Users/cesarriosusuga/.m2/repository/com/thoughtworks/xstream/xstream/1.4.19/xstream-1.4.19.jar:/Users/cesarriosusuga/.m2/repository/io/github/x-stream/mxparser/1.2.2/mxparser-1.2.2.jar:/Users/cesarriosusuga/.m2/repository/xmlpull/xmlpull/1.1.3.1/xmlpull-1.1.3.1.jar:/Users/cesarriosusuga/.m2/repository/io/cucumber/cucumber-java/7.2.3/cucumber-java-7.2.3.jar:/Users/cesarriosusuga/.m2/repository/com/typesafe/config/1.4.2/config-1.4.2.jar:/Users/cesarriosusuga/.m2/repository/org/imgscalr/imgscalr-lib/4.2/imgscalr-lib-4.2.jar:/Users/cesarriosusuga/.m2/repository/org/awaitility/awaitility/4.2.0/awaitility-4.2.0.jar:/Users/cesarriosusuga/.m2/repository/org/freemarker/freemarker/2.3.31/freemarker-2.3.31.jar:/Users/cesarriosusuga/.m2/repository/io/github/classgraph/classgraph/4.8.138/classgraph-4.8.138.jar:/Users/cesarriosusuga/.m2/repository/net/sourceforge/jexcelapi/jxl/2.6.12/jxl-2.6.12.jar:/Users/cesarriosusuga/.m2/repository/net/bytebuddy/byte-buddy/1.12.8/byte-buddy-1.12.8.jar:/Users/cesarriosusuga/.m2/repository/net/bytebuddy/byte-buddy-agent/1.12.8/byte-buddy-agent-1.12.8.jar:/Users/cesarriosusuga/.m2/repository/org/objenesis/objenesis/3.1/objenesis-3.1.jar:/Users/cesarriosusuga/.m2/repository/net/serenity-bdd/serenity-reports/3.2.4/serenity-reports-3.2.4.jar:/Users/cesarriosusuga/.m2/repository/net/serenity-bdd/serenity-stats/3.2.4/serenity-stats-3.2.4.jar:/Users/cesarriosusuga/.m2/repository/net/serenity-bdd/serenity-reports-configuration/3.2.4/serenity-reports-configuration-3.2.4.jar:/Users/cesarriosusuga/.m2/repository/com/vladsch/flexmark/flexmark-all/0.34.30/flexmark-all-0.34.30.jar:/Users/cesarriosusuga/.m2/repository/com/vladsch/flexmark/flexmark/0.34.30/flexmark-0.34.30.jar:/Users/cesarriosusuga/.m2/repository/com/vladsch/flexmark/flexmark-ext-abbreviation/0.34.30/flexmark-ext-abbreviation-0.34.30.jar:/Users/cesarriosusuga/.m2/repository/com/vladsch/flexmark/flexmark-ext-admonition/0.34.30/flexmark-ext-admonition-0.34.30.jar:/Users/cesarriosusuga/.m2/repository/com/vladsch/flexmark/flexmark-ext-anchorlink/0.34.30/flexmark-ext-anchorlink-0.34.30.jar:/Users/cesarriosusuga/.m2/repository/com/vladsch/flexmark/flexmark-ext-aside/0.34.30/flexmark-ext-aside-0.34.30.jar:/Users/cesarriosusuga/.m2/repository/com/vladsch/flexmark/flexmark-ext-attributes/0.34.30/flexmark-ext-attributes-0.34.30.jar:/Users/cesarriosusuga/.m2/repository/com/vladsch/flexmark/flexmark-ext-autolink/0.34.30/flexmark-ext-autolink-0.34.30.jar:/Users/cesarriosusuga/.m2/repository/org/nibor/autolink/autolink/0.6.0/autolink-0.6.0.jar:/Users/cesarriosusuga/.m2/repository/com/vladsch/flexmark/flexmark-ext-definition/0.34.30/flexmark-ext-definition-0.34.30.jar:/Users/cesarriosusuga/.m2/repository/com/vladsch/flexmark/flexmark-ext-emoji/0.34.30/flexmark-ext-emoji-0.34.30.jar:/Users/cesarriosusuga/.m2/repository/com/vladsch/flexmark/flexmark-ext-enumerated-reference/0.34.30/flexmark-ext-enumerated-reference-0.34.30.jar:/Users/cesarriosusuga/.m2/repository/com/vladsch/flexmark/flexmark-ext-escaped-character/0.34.30/flexmark-ext-escaped-character-0.34.30.jar:/Users/cesarriosusuga/.m2/repository/com/vladsch/flexmark/flexmark-ext-footnotes/0.34.30/flexmark-ext-footnotes-0.34.30.jar:/Users/cesarriosusuga/.m2/repository/com/vladsch/flexmark/flexmark-ext-gfm-issues/0.34.30/flexmark-ext-gfm-issues-0.34.30.jar:/Users/cesarriosusuga/.m2/repository/com/vladsch/flexmark/flexmark-ext-gfm-strikethrough/0.34.30/flexmark-ext-gfm-strikethrough-0.34.30.jar:/Users/cesarriosusuga/.m2/repository/com/vladsch/flexmark/flexmark-ext-gfm-tables/0.34.30/flexmark-ext-gfm-tables-0.34.30.jar:/Users/cesarriosusuga/.m2/repository/com/vladsch/flexmark/flexmark-ext-gfm-tasklist/0.34.30/flexmark-ext-gfm-tasklist-0.34.30.jar:/Users/cesarriosusuga/.m2/repository/com/vladsch/flexmark/flexmark-ext-gfm-users/0.34.30/flexmark-ext-gfm-users-0.34.30.jar:/Users/cesarriosusuga/.m2/repository/com/vladsch/flexmark/flexmark-ext-gitlab/0.34.30/flexmark-ext-gitlab-0.34.30.jar:/Users/cesarriosusuga/.m2/repository/com/vladsch/flexmark/flexmark-ext-jekyll-front-matter/0.34.30/flexmark-ext-jekyll-front-matter-0.34.30.jar:/Users/cesarriosusuga/.m2/repository/com/vladsch/flexmark/flexmark-ext-jekyll-tag/0.34.30/flexmark-ext-jekyll-tag-0.34.30.jar:/Users/cesarriosusuga/.m2/repository/com/vladsch/flexmark/flexmark-ext-media-tags/0.34.30/flexmark-ext-media-tags-0.34.30.jar:/Users/cesarriosusuga/.m2/repository/com/vladsch/flexmark/flexmark-test-util/0.34.30/flexmark-test-util-0.34.30.jar:/Users/cesarriosusuga/.m2/repository/com/vladsch/flexmark/flexmark-ext-ins/0.34.30/flexmark-ext-ins-0.34.30.jar:/Users/cesarriosusuga/.m2/repository/com/vladsch/flexmark/flexmark-ext-xwiki-macros/0.34.30/flexmark-ext-xwiki-macros-0.34.30.jar:/Users/cesarriosusuga/.m2/repository/com/vladsch/flexmark/flexmark-ext-superscript/0.34.30/flexmark-ext-superscript-0.34.30.jar:/Users/cesarriosusuga/.m2/repository/com/vladsch/flexmark/flexmark-ext-tables/0.34.30/flexmark-ext-tables-0.34.30.jar:/Users/cesarriosusuga/.m2/repository/com/vladsch/flexmark/flexmark-ext-toc/0.34.30/flexmark-ext-toc-0.34.30.jar:/Users/cesarriosusuga/.m2/repository/com/vladsch/flexmark/flexmark-ext-typographic/0.34.30/flexmark-ext-typographic-0.34.30.jar:/Users/cesarriosusuga/.m2/repository/com/vladsch/flexmark/flexmark-ext-wikilink/0.34.30/flexmark-ext-wikilink-0.34.30.jar:/Users/cesarriosusuga/.m2/repository/com/vladsch/flexmark/flexmark-ext-yaml-front-matter/0.34.30/flexmark-ext-yaml-front-matter-0.34.30.jar:/Users/cesarriosusuga/.m2/repository/com/vladsch/flexmark/flexmark-ext-youtube-embedded/0.34.30/flexmark-ext-youtube-embedded-0.34.30.jar:/Users/cesarriosusuga/.m2/repository/com/vladsch/flexmark/flexmark-formatter/0.34.30/flexmark-formatter-0.34.30.jar:/Users/cesarriosusuga/.m2/repository/com/vladsch/flexmark/flexmark-html-parser/0.34.30/flexmark-html-parser-0.34.30.jar:/Users/cesarriosusuga/.m2/repository/com/vladsch/flexmark/flexmark-jira-converter/0.34.30/flexmark-jira-converter-0.34.30.jar:/Users/cesarriosusuga/.m2/repository/com/vladsch/flexmark/flexmark-pdf-converter/0.34.30/flexmark-pdf-converter-0.34.30.jar:/Users/cesarriosusuga/.m2/repository/com/openhtmltopdf/openhtmltopdf-core/0.0.1-RC13/openhtmltopdf-core-0.0.1-RC13.jar:/Users/cesarriosusuga/.m2/repository/com/openhtmltopdf/openhtmltopdf-pdfbox/0.0.1-RC13/openhtmltopdf-pdfbox-0.0.1-RC13.jar:/Users/cesarriosusuga/.m2/repository/org/apache/pdfbox/pdfbox/2.0.8/pdfbox-2.0.8.jar:/Users/cesarriosusuga/.m2/repository/org/apache/pdfbox/fontbox/2.0.8/fontbox-2.0.8.jar:/Users/cesarriosusuga/.m2/repository/org/apache/pdfbox/xmpbox/2.0.8/xmpbox-2.0.8.jar:/Users/cesarriosusuga/.m2/repository/de/rototor/pdfbox/graphics2d/0.12/graphics2d-0.12.jar:/Users/cesarriosusuga/.m2/repository/com/openhtmltopdf/openhtmltopdf-rtl-support/0.0.1-RC13/openhtmltopdf-rtl-support-0.0.1-RC13.jar:/Users/cesarriosusuga/.m2/repository/com/ibm/icu/icu4j/59.1/icu4j-59.1.jar:/Users/cesarriosusuga/.m2/repository/com/openhtmltopdf/openhtmltopdf-jsoup-dom-converter/0.0.1-RC13/openhtmltopdf-jsoup-dom-converter-0.0.1-RC13.jar:/Users/cesarriosusuga/.m2/repository/com/vladsch/flexmark/flexmark-profile-pegdown/0.34.30/flexmark-profile-pegdown-0.34.30.jar:/Users/cesarriosusuga/.m2/repository/com/vladsch/flexmark/flexmark-util/0.34.30/flexmark-util-0.34.30.jar:/Users/cesarriosusuga/.m2/repository/com/vladsch/flexmark/flexmark-youtrack-converter/0.34.30/flexmark-youtrack-converter-0.34.30.jar:/Users/cesarriosusuga/.m2/repository/es/nitaur/markdown/txtmark/0.16/txtmark-0.16.jar:/Users/cesarriosusuga/.m2/repository/net/serenity-bdd/serenity-report-resources/3.2.4/serenity-report-resources-3.2.4.jar:/Users/cesarriosusuga/.m2/repository/com/google/code/gson/gson/2.9.0/gson-2.9.0.jar:/Users/cesarriosusuga/.m2/repository/com/fasterxml/jackson/core/jackson-core/2.13.2/jackson-core-2.13.2.jar:/Users/cesarriosusuga/.m2/repository/com/fasterxml/jackson/core/jackson-databind/2.13.2/jackson-databind-2.13.2.jar:/Users/cesarriosusuga/.m2/repository/com/fasterxml/jackson/core/jackson-annotations/2.13.2/jackson-annotations-2.13.2.jar:/Users/cesarriosusuga/.m2/repository/commons-codec/commons-codec/1.15/commons-codec-1.15.jar:/Users/cesarriosusuga/.m2/repository/commons-io/commons-io/2.11.0/commons-io-2.11.0.jar:/Users/cesarriosusuga/.m2/repository/org/seleniumhq/selenium/selenium-java/4.1.3/selenium-java-4.1.3.jar:/Users/cesarriosusuga/.m2/repository/org/seleniumhq/selenium/selenium-devtools-v85/4.1.3/selenium-devtools-v85-4.1.3.jar:/Users/cesarriosusuga/.m2/repository/org/seleniumhq/selenium/selenium-devtools-v97/4.1.3/selenium-devtools-v97-4.1.3.jar:/Users/cesarriosusuga/.m2/repository/org/seleniumhq/selenium/selenium-devtools-v98/4.1.3/selenium-devtools-v98-4.1.3.jar:/Users/cesarriosusuga/.m2/repository/org/seleniumhq/selenium/selenium-devtools-v99/4.1.3/selenium-devtools-v99-4.1.3.jar:/Users/cesarriosusuga/.m2/repository/org/seleniumhq/selenium/selenium-opera-driver/4.1.3/selenium-opera-driver-4.1.3.jar:/Users/cesarriosusuga/.m2/repository/org/seleniumhq/selenium/selenium-remote-driver/4.1.3/selenium-remote-driver-4.1.3.jar:/Users/cesarriosusuga/.m2/repository/com/beust/jcommander/1.82/jcommander-1.82.jar:/Users/cesarriosusuga/.m2/repository/io/netty/netty-buffer/4.1.75.Final/netty-buffer-4.1.75.Final.jar:/Users/cesarriosusuga/.m2/repository/io/netty/netty-codec-http/4.1.75.Final/netty-codec-http-4.1.75.Final.jar:/Users/cesarriosusuga/.m2/repository/io/netty/netty-codec/4.1.75.Final/netty-codec-4.1.75.Final.jar:/Users/cesarriosusuga/.m2/repository/io/netty/netty-handler/4.1.75.Final/netty-handler-4.1.75.Final.jar:/Users/cesarriosusuga/.m2/repository/io/netty/netty-common/4.1.75.Final/netty-common-4.1.75.Final.jar:/Users/cesarriosusuga/.m2/repository/io/netty/netty-transport-classes-epoll/4.1.75.Final/netty-transport-classes-epoll-4.1.75.Final.jar:/Users/cesarriosusuga/.m2/repository/io/netty/netty-transport-classes-kqueue/4.1.75.Final/netty-transport-classes-kqueue-4.1.75.Final.jar:/Users/cesarriosusuga/.m2/repository/io/netty/netty-transport-native-epoll/4.1.75.Final/netty-transport-native-epoll-4.1.75.Final.jar:/Users/cesarriosusuga/.m2/repository/io/netty/netty-transport-native-kqueue/4.1.75.Final/netty-transport-native-kqueue-4.1.75.Final.jar:/Users/cesarriosusuga/.m2/repository/io/netty/netty-transport-native-unix-common/4.1.75.Final/netty-transport-native-unix-common-4.1.75.Final.jar:/Users/cesarriosusuga/.m2/repository/io/netty/netty-transport/4.1.75.Final/netty-transport-4.1.75.Final.jar:/Users/cesarriosusuga/.m2/repository/io/netty/netty-resolver/4.1.75.Final/netty-resolver-4.1.75.Final.jar:/Users/cesarriosusuga/.m2/repository/io/opentelemetry/opentelemetry-api/1.12.0/opentelemetry-api-1.12.0.jar:/Users/cesarriosusuga/.m2/repository/io/opentelemetry/opentelemetry-context/1.12.0/opentelemetry-context-1.12.0.jar:/Users/cesarriosusuga/.m2/repository/io/opentelemetry/opentelemetry-exporter-logging/1.12.0/opentelemetry-exporter-logging-1.12.0.jar:/Users/cesarriosusuga/.m2/repository/io/opentelemetry/opentelemetry-sdk-metrics/1.12.0-alpha/opentelemetry-sdk-metrics-1.12.0-alpha.jar:/Users/cesarriosusuga/.m2/repository/io/opentelemetry/opentelemetry-sdk-logs/1.12.0-alpha/opentelemetry-sdk-logs-1.12.0-alpha.jar:/Users/cesarriosusuga/.m2/repository/io/opentelemetry/opentelemetry-sdk-common/1.12.0/opentelemetry-sdk-common-1.12.0.jar:/Users/cesarriosusuga/.m2/repository/io/opentelemetry/opentelemetry-sdk-extension-autoconfigure-spi/1.12.0/opentelemetry-sdk-extension-autoconfigure-spi-1.12.0.jar:/Users/cesarriosusuga/.m2/repository/io/opentelemetry/opentelemetry-sdk-extension-autoconfigure/1.12.0-alpha/opentelemetry-sdk-extension-autoconfigure-1.12.0-alpha.jar:/Users/cesarriosusuga/.m2/repository/io/opentelemetry/opentelemetry-sdk-trace/1.12.0/opentelemetry-sdk-trace-1.12.0.jar:/Users/cesarriosusuga/.m2/repository/io/opentelemetry/opentelemetry-sdk/1.12.0/opentelemetry-sdk-1.12.0.jar:/Users/cesarriosusuga/.m2/repository/io/opentelemetry/opentelemetry-semconv/1.12.0-alpha/opentelemetry-semconv-1.12.0-alpha.jar:/Users/cesarriosusuga/.m2/repository/io/ous/jtoml/2.0.0/jtoml-2.0.0.jar:/Users/cesarriosusuga/.m2/repository/org/apache/commons/commons-exec/1.3/commons-exec-1.3.jar:/Users/cesarriosusuga/.m2/repository/org/asynchttpclient/async-http-client/2.12.3/async-http-client-2.12.3.jar:/Users/cesarriosusuga/.m2/repository/org/asynchttpclient/async-http-client-netty-utils/2.12.3/async-http-client-netty-utils-2.12.3.jar:/Users/cesarriosusuga/.m2/repository/io/netty/netty-codec-socks/4.1.60.Final/netty-codec-socks-4.1.60.Final.jar:/Users/cesarriosusuga/.m2/repository/io/netty/netty-handler-proxy/4.1.60.Final/netty-handler-proxy-4.1.60.Final.jar:/Users/cesarriosusuga/.m2/repository/io/netty/netty-transport-native-epoll/4.1.60.Final/netty-transport-native-epoll-4.1.60.Final-linux-x86_64.jar:/Users/cesarriosusuga/.m2/repository/io/netty/netty-transport-native-kqueue/4.1.60.Final/netty-transport-native-kqueue-4.1.60.Final-osx-x86_64.jar:/Users/cesarriosusuga/.m2/repository/org/reactivestreams/reactive-streams/1.0.3/reactive-streams-1.0.3.jar:/Users/cesarriosusuga/.m2/repository/com/typesafe/netty/netty-reactive-streams/2.0.4/netty-reactive-streams-2.0.4.jar:/Users/cesarriosusuga/.m2/repository/org/seleniumhq/selenium/selenium-http/4.1.3/selenium-http-4.1.3.jar:/Users/cesarriosusuga/.m2/repository/dev/failsafe/failsafe/3.2.3/failsafe-3.2.3.jar:/Users/cesarriosusuga/.m2/repository/org/seleniumhq/selenium/selenium-safari-driver/4.1.3/selenium-safari-driver-4.1.3.jar:/Users/cesarriosusuga/.m2/repository/org/seleniumhq/selenium/selenium-api/4.1.3/selenium-api-4.1.3.jar:/Users/cesarriosusuga/.m2/repository/org/seleniumhq/selenium/selenium-support/4.1.3/selenium-support-4.1.3.jar:/Users/cesarriosusuga/.m2/repository/com/google/auto/service/auto-service-annotations/1.0.1/auto-service-annotations-1.0.1.jar:/Users/cesarriosusuga/.m2/repository/com/google/auto/service/auto-service/1.0.1/auto-service-1.0.1.jar:/Users/cesarriosusuga/.m2/repository/com/google/auto/auto-common/1.2/auto-common-1.2.jar:/Users/cesarriosusuga/.m2/repository/org/seleniumhq/selenium/selenium-json/4.1.3/selenium-json-4.1.3.jar:/Users/cesarriosusuga/.m2/repository/org/seleniumhq/selenium/selenium-chrome-driver/4.1.3/selenium-chrome-driver-4.1.3.jar:/Users/cesarriosusuga/.m2/repository/org/seleniumhq/selenium/selenium-chromium-driver/4.1.3/selenium-chromium-driver-4.1.3.jar:/Users/cesarriosusuga/.m2/repository/org/seleniumhq/selenium/selenium-firefox-driver/4.1.3/selenium-firefox-driver-4.1.3.jar:/Users/cesarriosusuga/.m2/repository/org/seleniumhq/selenium/selenium-edge-driver/4.1.3/selenium-edge-driver-4.1.3.jar:/Users/cesarriosusuga/.m2/repository/org/seleniumhq/selenium/selenium-ie-driver/4.1.3/selenium-ie-driver-4.1.3.jar:/Users/cesarriosusuga/.m2/repository/org/projectlombok/lombok/1.18.20/lombok-1.18.20.jar:/Users/cesarriosusuga/.m2/repository/io/appium/java-client/8.0.0/java-client-8.0.0.jar:/Users/cesarriosusuga/.m2/repository/commons-validator/commons-validator/1.7/commons-validator-1.7.jar:/Users/cesarriosusuga/.m2/repository/commons-digester/commons-digester/2.1/commons-digester-2.1.jar:/Users/cesarriosusuga/.m2/repository/org/aspectj/aspectjweaver/1.9.8/aspectjweaver-1.9.8.jar:/Users/cesarriosusuga/.m2/repository/org/apache/groovy/groovy/4.0.1/groovy-4.0.1.jar:/Users/cesarriosusuga/.m2/repository/net/sf/opencsv/opencsv/2.0/opencsv-2.0.jar:/Users/cesarriosusuga/.m2/repository/commons-beanutils/commons-beanutils/1.9.4/commons-beanutils-1.9.4.jar:/Users/cesarriosusuga/.m2/repository/org/apache/commons/commons-lang3/3.12.0/commons-lang3-3.12.0.jar:/Users/cesarriosusuga/.m2/repository/commons-collections/commons-collections/3.2.2/commons-collections-3.2.2.jar:/Users/cesarriosusuga/.m2/repository/org/fluentlenium/fluentlenium-core/0.10.2/fluentlenium-core-0.10.2.jar:/Users/cesarriosusuga/.m2/repository/io/github/bonigarcia/webdrivermanager/5.1.0/webdrivermanager-5.1.0.jar:/Users/cesarriosusuga/.m2/repository/com/github/docker-java/docker-java/3.2.13/docker-java-3.2.13.jar:/Users/cesarriosusuga/.m2/repository/com/github/docker-java/docker-java-core/3.2.13/docker-java-core-3.2.13.jar:/Users/cesarriosusuga/.m2/repository/com/github/docker-java/docker-java-api/3.2.13/docker-java-api-3.2.13.jar:/Users/cesarriosusuga/.m2/repository/org/apache/commons/commons-compress/1.21/commons-compress-1.21.jar:/Users/cesarriosusuga/.m2/repository/org/bouncycastle/bcpkix-jdk15on/1.64/bcpkix-jdk15on-1.64.jar:/Users/cesarriosusuga/.m2/repository/org/bouncycastle/bcprov-jdk15on/1.64/bcprov-jdk15on-1.64.jar:/Users/cesarriosusuga/.m2/repository/org/slf4j/jcl-over-slf4j/1.7.30/jcl-over-slf4j-1.7.30.jar:/Users/cesarriosusuga/.m2/repository/com/github/docker-java/docker-java-transport-httpclient5/3.2.13/docker-java-transport-httpclient5-3.2.13.jar:/Users/cesarriosusuga/.m2/repository/com/github/docker-java/docker-java-transport/3.2.13/docker-java-transport-3.2.13.jar:/Users/cesarriosusuga/.m2/repository/org/apache/httpcomponents/client5/httpclient5/5.0.3/httpclient5-5.0.3.jar:/Users/cesarriosusuga/.m2/repository/org/apache/httpcomponents/core5/httpcore5/5.0.2/httpcore5-5.0.2.jar:/Users/cesarriosusuga/.m2/repository/net/java/dev/jna/jna/5.8.0/jna-5.8.0.jar:/Users/cesarriosusuga/.m2/repository/org/brotli/dec/0.1.2/dec-0.1.2.jar:/Users/cesarriosusuga/.m2/repository/com/jhlabs/filters/2.0.235/filters-2.0.235.jar:/Users/cesarriosusuga/.m2/repository/com/paulhammant/ngwebdriver/1.1.6/ngwebdriver-1.1.6.jar:/Users/cesarriosusuga/.m2/repository/joda-time/joda-time/2.8.2/joda-time-2.8.2.jar:/Users/cesarriosusuga/.m2/repository/org/hamcrest/hamcrest/2.2/hamcrest-2.2.jar:/Users/cesarriosusuga/.m2/repository/com/google/jimfs/jimfs/1.2/jimfs-1.2.jar:/Users/cesarriosusuga/.m2/repository/org/mockito/mockito-core/3.3.3/mockito-core-3.3.3.jar:/Users/cesarriosusuga/.m2/repository/javax/xml/bind/jaxb-api/2.3.1/jaxb-api-2.3.1.jar:/Users/cesarriosusuga/.m2/repository/javax/activation/javax.activation-api/1.2.0/javax.activation-api-1.2.0.jar:/Users/cesarriosusuga/.m2/repository/com/sun/xml/bind/jaxb-core/2.3.0.1/jaxb-core-2.3.0.1.jar:/Users/cesarriosusuga/.m2/repository/com/sun/xml/bind/jaxb-impl/2.3.3/jaxb-impl-2.3.3.jar:/Users/cesarriosusuga/.m2/repository/jakarta/xml/bind/jakarta.xml.bind-api/2.3.3/jakarta.xml.bind-api-2.3.3.jar:/Users/cesarriosusuga/.m2/repository/com/sun/activation/jakarta.activation/1.2.2/jakarta.activation-1.2.2.jar:/Users/cesarriosusuga/.m2/repository/javax/activation/activation/1.1.1/activation-1.1.1.jar:/Users/cesarriosusuga/.m2/repository/net/serenity-bdd/serenity-cucumber/3.2.4/serenity-cucumber-3.2.4.jar:/Users/cesarriosusuga/.m2/repository/io/cucumber/cucumber-core/7.2.3/cucumber-core-7.2.3.jar:/Users/cesarriosusuga/.m2/repository/io/cucumber/cucumber-gherkin/7.2.3/cucumber-gherkin-7.2.3.jar:/Users/cesarriosusuga/.m2/repository/io/cucumber/cucumber-gherkin-messages/7.2.3/cucumber-gherkin-messages-7.2.3.jar:/Users/cesarriosusuga/.m2/repository/io/cucumber/messages/17.1.1/messages-17.1.1.jar:/Users/cesarriosusuga/.m2/repository/io/cucumber/tag-expressions/4.1.0/tag-expressions-4.1.0.jar:/Users/cesarriosusuga/.m2/repository/io/cucumber/cucumber-expressions/15.0.1/cucumber-expressions-15.0.1.jar:/Users/cesarriosusuga/.m2/repository/io/cucumber/datatable/7.2.3/datatable-7.2.3.jar:/Users/cesarriosusuga/.m2/repository/io/cucumber/cucumber-plugin/7.2.3/cucumber-plugin-7.2.3.jar:/Users/cesarriosusuga/.m2/repository/io/cucumber/docstring/7.2.3/docstring-7.2.3.jar:/Users/cesarriosusuga/.m2/repository/io/cucumber/html-formatter/17.0.0/html-formatter-17.0.0.jar:/Users/cesarriosusuga/.m2/repository/io/cucumber/ci-environment/8.1.0/ci-environment-8.1.0.jar:/Users/cesarriosusuga/.m2/repository/io/cucumber/cucumber-junit/7.2.3/cucumber-junit-7.2.3.jar:/Users/cesarriosusuga/.m2/repository/org/apache/commons/commons-csv/1.5/commons-csv-1.5.jar:/Users/cesarriosusuga/.m2/repository/net/serenity-bdd/serenity-screenplay/3.2.4/serenity-screenplay-3.2.4.jar:/Users/cesarriosusuga/.m2/repository/net/serenity-bdd/serenity-screenplay-webdriver/3.2.4/serenity-screenplay-webdriver-3.2.4.jar:/Users/cesarriosusuga/.m2/repository/net/serenity-bdd/serenity-ensure/3.2.4/serenity-ensure-3.2.4.jar:/Users/cesarriosusuga/.m2/repository/net/serenity-bdd/serenity-junit/3.2.4/serenity-junit-3.2.4.jar:/Users/cesarriosusuga/.m2/repository/org/jetbrains/kotlin/kotlin-stdlib/1.6.0/kotlin-stdlib-1.6.0.jar:/Users/cesarriosusuga/.m2/repository/org/jetbrains/annotations/13.0/annotations-13.0.jar:/Users/cesarriosusuga/.m2/repository/org/jetbrains/kotlin/kotlin-stdlib-common/1.6.0/kotlin-stdlib-common-1.6.0.jar:/Users/cesarriosusuga/.m2/repository/org/junit/platform/junit-platform-launcher/1.8.1/junit-platform-launcher-1.8.1.jar:/Users/cesarriosusuga/.m2/repository/org/junit/platform/junit-platform-engine/1.8.1/junit-platform-engine-1.8.1.jar:/Users/cesarriosusuga/.m2/repository/org/junit/platform/junit-platform-commons/1.8.1/junit-platform-commons-1.8.1.jar:/Users/cesarriosusuga/.m2/repository/org/apiguardian/apiguardian-api/1.1.2/apiguardian-api-1.1.2.jar:/Users/cesarriosusuga/.m2/repository/org/junit/jupiter/junit-jupiter-engine/5.8.2/junit-jupiter-engine-5.8.2.jar:/Users/cesarriosusuga/.m2/repository/org/junit/jupiter/junit-jupiter-api/5.8.2/junit-jupiter-api-5.8.2.jar:/Users/cesarriosusuga/.m2/repository/org/junit/vintage/junit-vintage-engine/5.8.2/junit-vintage-engine-5.8.2.jar:/Users/cesarriosusuga/.m2/repository/junit/junit/4.13.2/junit-4.13.2.jar:/Users/cesarriosusuga/.m2/repository/org/hamcrest/hamcrest-core/1.3/hamcrest-core-1.3.jar:/Users/cesarriosusuga/.m2/repository/ch/qos/logback/logback-classic/1.2.11/logback-classic-1.2.11.jar:/Users/cesarriosusuga/.m2/repository/ch/qos/logback/logback-core/1.2.11/logback-core-1.2.11.jar:/Users/cesarriosusuga/.m2/repository/org/slf4j/slf4j-api/1.7.32/slf4j-api-1.7.32.jar:/Users/cesarriosusuga/.m2/repository/org/assertj/assertj-core/3.20.2/assertj-core-3.20.2.jar:/Users/cesarriosusuga/.m2/repository/net/andreinc/mockneat/0.4.8/mockneat-0.4.8.jar:/Users/cesarriosusuga/.m2/repository/org/apache/commons/commons-text/1.9/commons-text-1.9.jar:/Users/cesarriosusuga/.m2/repository/com/github/mifmif/generex/1.0.2/generex-1.0.2.jar:/Users/cesarriosusuga/.m2/repository/dk/brics/automaton/automaton/1.11-8/automaton-1.11-8.jar:/Users/cesarriosusuga/.m2/repository/net/andreinc/aleph/0.1.1/aleph-0.1.1.jar:/Users/cesarriosusuga/.m2/repository/net/andreinc/markovneat/1.8/markovneat-1.8.jar:/Users/cesarriosusuga/.m2/repository/net/serenity-bdd/serenity-rest-assured/3.2.4/serenity-rest-assured-3.2.4.jar:/Users/cesarriosusuga/.m2/repository/org/apache/httpcomponents/httpclient/4.5.13/httpclient-4.5.13.jar:/Users/cesarriosusuga/.m2/repository/commons-logging/commons-logging/1.2/commons-logging-1.2.jar:/Users/cesarriosusuga/.m2/repository/org/apache/groovy/groovy-json/4.0.1/groovy-json-4.0.1.jar:/Users/cesarriosusuga/.m2/repository/org/apache/groovy/groovy-xml/4.0.1/groovy-xml-4.0.1.jar:/Users/cesarriosusuga/.m2/repository/org/opentest4j/opentest4j/1.2.0/opentest4j-1.2.0.jar:/Users/cesarriosusuga/.m2/repository/io/rest-assured/rest-assured/5.1.1/rest-assured-5.1.1.jar:/Users/cesarriosusuga/.m2/repository/org/apache/httpcomponents/httpmime/4.5.13/httpmime-4.5.13.jar:/Users/cesarriosusuga/.m2/repository/org/ccil/cowan/tagsoup/tagsoup/1.2.1/tagsoup-1.2.1.jar:/Users/cesarriosusuga/.m2/repository/io/rest-assured/json-path/5.1.1/json-path-5.1.1.jar:/Users/cesarriosusuga/.m2/repository/io/rest-assured/rest-assured-common/5.1.1/rest-assured-common-5.1.1.jar:/Users/cesarriosusuga/.m2/repository/io/rest-assured/xml-path/5.1.1/xml-path-5.1.1.jar:/Users/cesarriosusuga/.m2/repository/org/mongodb/mongodb-driver-sync/4.7.1/mongodb-driver-sync-4.7.1.jar:/Users/cesarriosusuga/.m2/repository/org/mongodb/bson/4.7.1/bson-4.7.1.jar:/Users/cesarriosusuga/.m2/repository/org/mongodb/mongodb-driver-core/4.7.1/mongodb-driver-core-4.7.1.jar:/Users/cesarriosusuga/.m2/repository/org/mongodb/bson-record-codec/4.7.1/bson-record-codec-4.7.1.jar:/Users/cesarriosusuga/.m2/repository/net/serenity-bdd/serenity-browserstack/3.2.4/serenity-browserstack-3.2.4.jar:/Users/cesarriosusuga/.m2/repository/org/apache/httpcomponents/httpcore/4.4.14/httpcore-4.4.14.jar:"/>
    <property name="java.vm.vendor" value="Homebrew"/>
    <property name="sun.arch.data.model" value="64"/>
    <property name="java.vendor.url" value="https://github.com/Homebrew/homebrew-core/issues"/>
    <property name="user.timezone" value="America/Bogota"/>
    <property name="log4j2.formatMsgNoLookups" value="true"/>
    <property name="os.name" value="Mac OS X"/>
    <property name="java.vm.specification.version" value="18"/>
    <property name="sun.java.launcher" value="SUN_STANDARD"/>
    <property name="user.country" value="CO"/>
    <property name="sun.boot.library.path" value="/opt/homebrew/Cellar/openjdk/18.0.2.1/libexec/openjdk.jdk/Contents/Home/lib"/>
    <property name="sun.java.command" value="org.apache.maven.surefire.booter.ForkedBooter /Users/cesarriosusuga/Desktop/Automation/AutomatizacionPragma/target/surefire 2023-05-05T03-45-37_186-jvmRun1 surefire949828383175552196tmp surefire_015914290779769736435tmp"/>
    <property name="http.nonProxyHosts" value="local|*.local|169.254/16|*.169.254/16"/>
    <property name="jdk.debug" value="release"/>
    <property name="surefire.test.class.path" value="/Users/cesarriosusuga/Desktop/Automation/AutomatizacionPragma/target/test-classes:/Users/cesarriosusuga/.m2/repository/net/serenity-bdd/serenity-core/3.2.4/serenity-core-3.2.4.jar:/Users/cesarriosusuga/.m2/repository/net/serenity-bdd/serenity-model/3.2.4/serenity-model-3.2.4.jar:/Users/cesarriosusuga/.m2/repository/commons-net/commons-net/3.8.0/commons-net-3.8.0.jar:/Users/cesarriosusuga/.m2/repository/com/google/guava/guava/31.1-jre/guava-31.1-jre.jar:/Users/cesarriosusuga/.m2/repository/com/google/guava/failureaccess/1.0.1/failureaccess-1.0.1.jar:/Users/cesarriosusuga/.m2/repository/com/google/guava/listenablefuture/9999.0-empty-to-avoid-conflict-with-guava/listenablefuture-9999.0-empty-to-avoid-conflict-with-guava.jar:/Users/cesarriosusuga/.m2/repository/com/google/code/findbugs/jsr305/3.0.2/jsr305-3.0.2.jar:/Users/cesarriosusuga/.m2/repository/org/checkerframework/checker-qual/3.12.0/checker-qual-3.12.0.jar:/Users/cesarriosusuga/.m2/repository/com/google/errorprone/error_prone_annotations/2.11.0/error_prone_annotations-2.11.0.jar:/Users/cesarriosusuga/.m2/repository/com/google/j2objc/j2objc-annotations/1.3/j2objc-annotations-1.3.jar:/Users/cesarriosusuga/.m2/repository/com/google/inject/guice/5.1.0/guice-5.1.0.jar:/Users/cesarriosusuga/.m2/repository/javax/inject/javax.inject/1/javax.inject-1.jar:/Users/cesarriosusuga/.m2/repository/aopalliance/aopalliance/1.0/aopalliance-1.0.jar:/Users/cesarriosusuga/.m2/repository/org/jsoup/jsoup/1.14.3/jsoup-1.14.3.jar:/Users/cesarriosusuga/.m2/repository/com/thoughtworks/xstream/xstream/1.4.19/xstream-1.4.19.jar:/Users/cesarriosusuga/.m2/repository/io/github/x-stream/mxparser/1.2.2/mxparser-1.2.2.jar:/Users/cesarriosusuga/.m2/repository/xmlpull/xmlpull/1.1.3.1/xmlpull-1.1.3.1.jar:/Users/cesarriosusuga/.m2/repository/io/cucumber/cucumber-java/7.2.3/cucumber-java-7.2.3.jar:/Users/cesarriosusuga/.m2/repository/com/typesafe/config/1.4.2/config-1.4.2.jar:/Users/cesarriosusuga/.m2/repository/org/imgscalr/imgscalr-lib/4.2/imgscalr-lib-4.2.jar:/Users/cesarriosusuga/.m2/repository/org/awaitility/awaitility/4.2.0/awaitility-4.2.0.jar:/Users/cesarriosusuga/.m2/repository/org/freemarker/freemarker/2.3.31/freemarker-2.3.31.jar:/Users/cesarriosusuga/.m2/repository/io/github/classgraph/classgraph/4.8.138/classgraph-4.8.138.jar:/Users/cesarriosusuga/.m2/repository/net/sourceforge/jexcelapi/jxl/2.6.12/jxl-2.6.12.jar:/Users/cesarriosusuga/.m2/repository/net/bytebuddy/byte-buddy/1.12.8/byte-buddy-1.12.8.jar:/Users/cesarriosusuga/.m2/repository/net/bytebuddy/byte-buddy-agent/1.12.8/byte-buddy-agent-1.12.8.jar:/Users/cesarriosusuga/.m2/repository/org/objenesis/objenesis/3.1/objenesis-3.1.jar:/Users/cesarriosusuga/.m2/repository/net/serenity-bdd/serenity-reports/3.2.4/serenity-reports-3.2.4.jar:/Users/cesarriosusuga/.m2/repository/net/serenity-bdd/serenity-stats/3.2.4/serenity-stats-3.2.4.jar:/Users/cesarriosusuga/.m2/repository/net/serenity-bdd/serenity-reports-configuration/3.2.4/serenity-reports-configuration-3.2.4.jar:/Users/cesarriosusuga/.m2/repository/com/vladsch/flexmark/flexmark-all/0.34.30/flexmark-all-0.34.30.jar:/Users/cesarriosusuga/.m2/repository/com/vladsch/flexmark/flexmark/0.34.30/flexmark-0.34.30.jar:/Users/cesarriosusuga/.m2/repository/com/vladsch/flexmark/flexmark-ext-abbreviation/0.34.30/flexmark-ext-abbreviation-0.34.30.jar:/Users/cesarriosusuga/.m2/repository/com/vladsch/flexmark/flexmark-ext-admonition/0.34.30/flexmark-ext-admonition-0.34.30.jar:/Users/cesarriosusuga/.m2/repository/com/vladsch/flexmark/flexmark-ext-anchorlink/0.34.30/flexmark-ext-anchorlink-0.34.30.jar:/Users/cesarriosusuga/.m2/repository/com/vladsch/flexmark/flexmark-ext-aside/0.34.30/flexmark-ext-aside-0.34.30.jar:/Users/cesarriosusuga/.m2/repository/com/vladsch/flexmark/flexmark-ext-attributes/0.34.30/flexmark-ext-attributes-0.34.30.jar:/Users/cesarriosusuga/.m2/repository/com/vladsch/flexmark/flexmark-ext-autolink/0.34.30/flexmark-ext-autolink-0.34.30.jar:/Users/cesarriosusuga/.m2/repository/org/nibor/autolink/autolink/0.6.0/autolink-0.6.0.jar:/Users/cesarriosusuga/.m2/repository/com/vladsch/flexmark/flexmark-ext-definition/0.34.30/flexmark-ext-definition-0.34.30.jar:/Users/cesarriosusuga/.m2/repository/com/vladsch/flexmark/flexmark-ext-emoji/0.34.30/flexmark-ext-emoji-0.34.30.jar:/Users/cesarriosusuga/.m2/repository/com/vladsch/flexmark/flexmark-ext-enumerated-reference/0.34.30/flexmark-ext-enumerated-reference-0.34.30.jar:/Users/cesarriosusuga/.m2/repository/com/vladsch/flexmark/flexmark-ext-escaped-character/0.34.30/flexmark-ext-escaped-character-0.34.30.jar:/Users/cesarriosusuga/.m2/repository/com/vladsch/flexmark/flexmark-ext-footnotes/0.34.30/flexmark-ext-footnotes-0.34.30.jar:/Users/cesarriosusuga/.m2/repository/com/vladsch/flexmark/flexmark-ext-gfm-issues/0.34.30/flexmark-ext-gfm-issues-0.34.30.jar:/Users/cesarriosusuga/.m2/repository/com/vladsch/flexmark/flexmark-ext-gfm-strikethrough/0.34.30/flexmark-ext-gfm-strikethrough-0.34.30.jar:/Users/cesarriosusuga/.m2/repository/com/vladsch/flexmark/flexmark-ext-gfm-tables/0.34.30/flexmark-ext-gfm-tables-0.34.30.jar:/Users/cesarriosusuga/.m2/repository/com/vladsch/flexmark/flexmark-ext-gfm-tasklist/0.34.30/flexmark-ext-gfm-tasklist-0.34.30.jar:/Users/cesarriosusuga/.m2/repository/com/vladsch/flexmark/flexmark-ext-gfm-users/0.34.30/flexmark-ext-gfm-users-0.34.30.jar:/Users/cesarriosusuga/.m2/repository/com/vladsch/flexmark/flexmark-ext-gitlab/0.34.30/flexmark-ext-gitlab-0.34.30.jar:/Users/cesarriosusuga/.m2/repository/com/vladsch/flexmark/flexmark-ext-jekyll-front-matter/0.34.30/flexmark-ext-jekyll-front-matter-0.34.30.jar:/Users/cesarriosusuga/.m2/repository/com/vladsch/flexmark/flexmark-ext-jekyll-tag/0.34.30/flexmark-ext-jekyll-tag-0.34.30.jar:/Users/cesarriosusuga/.m2/repository/com/vladsch/flexmark/flexmark-ext-media-tags/0.34.30/flexmark-ext-media-tags-0.34.30.jar:/Users/cesarriosusuga/.m2/repository/com/vladsch/flexmark/flexmark-test-util/0.34.30/flexmark-test-util-0.34.30.jar:/Users/cesarriosusuga/.m2/repository/com/vladsch/flexmark/flexmark-ext-ins/0.34.30/flexmark-ext-ins-0.34.30.jar:/Users/cesarriosusuga/.m2/repository/com/vladsch/flexmark/flexmark-ext-xwiki-macros/0.34.30/flexmark-ext-xwiki-macros-0.34.30.jar:/Users/cesarriosusuga/.m2/repository/com/vladsch/flexmark/flexmark-ext-superscript/0.34.30/flexmark-ext-superscript-0.34.30.jar:/Users/cesarriosusuga/.m2/repository/com/vladsch/flexmark/flexmark-ext-tables/0.34.30/flexmark-ext-tables-0.34.30.jar:/Users/cesarriosusuga/.m2/repository/com/vladsch/flexmark/flexmark-ext-toc/0.34.30/flexmark-ext-toc-0.34.30.jar:/Users/cesarriosusuga/.m2/repository/com/vladsch/flexmark/flexmark-ext-typographic/0.34.30/flexmark-ext-typographic-0.34.30.jar:/Users/cesarriosusuga/.m2/repository/com/vladsch/flexmark/flexmark-ext-wikilink/0.34.30/flexmark-ext-wikilink-0.34.30.jar:/Users/cesarriosusuga/.m2/repository/com/vladsch/flexmark/flexmark-ext-yaml-front-matter/0.34.30/flexmark-ext-yaml-front-matter-0.34.30.jar:/Users/cesarriosusuga/.m2/repository/com/vladsch/flexmark/flexmark-ext-youtube-embedded/0.34.30/flexmark-ext-youtube-embedded-0.34.30.jar:/Users/cesarriosusuga/.m2/repository/com/vladsch/flexmark/flexmark-formatter/0.34.30/flexmark-formatter-0.34.30.jar:/Users/cesarriosusuga/.m2/repository/com/vladsch/flexmark/flexmark-html-parser/0.34.30/flexmark-html-parser-0.34.30.jar:/Users/cesarriosusuga/.m2/repository/com/vladsch/flexmark/flexmark-jira-converter/0.34.30/flexmark-jira-converter-0.34.30.jar:/Users/cesarriosusuga/.m2/repository/com/vladsch/flexmark/flexmark-pdf-converter/0.34.30/flexmark-pdf-converter-0.34.30.jar:/Users/cesarriosusuga/.m2/repository/com/openhtmltopdf/openhtmltopdf-core/0.0.1-RC13/openhtmltopdf-core-0.0.1-RC13.jar:/Users/cesarriosusuga/.m2/repository/com/openhtmltopdf/openhtmltopdf-pdfbox/0.0.1-RC13/openhtmltopdf-pdfbox-0.0.1-RC13.jar:/Users/cesarriosusuga/.m2/repository/org/apache/pdfbox/pdfbox/2.0.8/pdfbox-2.0.8.jar:/Users/cesarriosusuga/.m2/repository/org/apache/pdfbox/fontbox/2.0.8/fontbox-2.0.8.jar:/Users/cesarriosusuga/.m2/repository/org/apache/pdfbox/xmpbox/2.0.8/xmpbox-2.0.8.jar:/Users/cesarriosusuga/.m2/repository/de/rototor/pdfbox/graphics2d/0.12/graphics2d-0.12.jar:/Users/cesarriosusuga/.m2/repository/com/openhtmltopdf/openhtmltopdf-rtl-support/0.0.1-RC13/openhtmltopdf-rtl-support-0.0.1-RC13.jar:/Users/cesarriosusuga/.m2/repository/com/ibm/icu/icu4j/59.1/icu4j-59.1.jar:/Users/cesarriosusuga/.m2/repository/com/openhtmltopdf/openhtmltopdf-jsoup-dom-converter/0.0.1-RC13/openhtmltopdf-jsoup-dom-converter-0.0.1-RC13.jar:/Users/cesarriosusuga/.m2/repository/com/vladsch/flexmark/flexmark-profile-pegdown/0.34.30/flexmark-profile-pegdown-0.34.30.jar:/Users/cesarriosusuga/.m2/repository/com/vladsch/flexmark/flexmark-util/0.34.30/flexmark-util-0.34.30.jar:/Users/cesarriosusuga/.m2/repository/com/vladsch/flexmark/flexmark-youtrack-converter/0.34.30/flexmark-youtrack-converter-0.34.30.jar:/Users/cesarriosusuga/.m2/repository/es/nitaur/markdown/txtmark/0.16/txtmark-0.16.jar:/Users/cesarriosusuga/.m2/repository/net/serenity-bdd/serenity-report-resources/3.2.4/serenity-report-resources-3.2.4.jar:/Users/cesarriosusuga/.m2/repository/com/google/code/gson/gson/2.9.0/gson-2.9.0.jar:/Users/cesarriosusuga/.m2/repository/com/fasterxml/jackson/core/jackson-core/2.13.2/jackson-core-2.13.2.jar:/Users/cesarriosusuga/.m2/repository/com/fasterxml/jackson/core/jackson-databind/2.13.2/jackson-databind-2.13.2.jar:/Users/cesarriosusuga/.m2/repository/com/fasterxml/jackson/core/jackson-annotations/2.13.2/jackson-annotations-2.13.2.jar:/Users/cesarriosusuga/.m2/repository/commons-codec/commons-codec/1.15/commons-codec-1.15.jar:/Users/cesarriosusuga/.m2/repository/commons-io/commons-io/2.11.0/commons-io-2.11.0.jar:/Users/cesarriosusuga/.m2/repository/org/seleniumhq/selenium/selenium-java/4.1.3/selenium-java-4.1.3.jar:/Users/cesarriosusuga/.m2/repository/org/seleniumhq/selenium/selenium-devtools-v85/4.1.3/selenium-devtools-v85-4.1.3.jar:/Users/cesarriosusuga/.m2/repository/org/seleniumhq/selenium/selenium-devtools-v97/4.1.3/selenium-devtools-v97-4.1.3.jar:/Users/cesarriosusuga/.m2/repository/org/seleniumhq/selenium/selenium-devtools-v98/4.1.3/selenium-devtools-v98-4.1.3.jar:/Users/cesarriosusuga/.m2/repository/org/seleniumhq/selenium/selenium-devtools-v99/4.1.3/selenium-devtools-v99-4.1.3.jar:/Users/cesarriosusuga/.m2/repository/org/seleniumhq/selenium/selenium-opera-driver/4.1.3/selenium-opera-driver-4.1.3.jar:/Users/cesarriosusuga/.m2/repository/org/seleniumhq/selenium/selenium-remote-driver/4.1.3/selenium-remote-driver-4.1.3.jar:/Users/cesarriosusuga/.m2/repository/com/beust/jcommander/1.82/jcommander-1.82.jar:/Users/cesarriosusuga/.m2/repository/io/netty/netty-buffer/4.1.75.Final/netty-buffer-4.1.75.Final.jar:/Users/cesarriosusuga/.m2/repository/io/netty/netty-codec-http/4.1.75.Final/netty-codec-http-4.1.75.Final.jar:/Users/cesarriosusuga/.m2/repository/io/netty/netty-codec/4.1.75.Final/netty-codec-4.1.75.Final.jar:/Users/cesarriosusuga/.m2/repository/io/netty/netty-handler/4.1.75.Final/netty-handler-4.1.75.Final.jar:/Users/cesarriosusuga/.m2/repository/io/netty/netty-common/4.1.75.Final/netty-common-4.1.75.Final.jar:/Users/cesarriosusuga/.m2/repository/io/netty/netty-transport-classes-epoll/4.1.75.Final/netty-transport-classes-epoll-4.1.75.Final.jar:/Users/cesarriosusuga/.m2/repository/io/netty/netty-transport-classes-kqueue/4.1.75.Final/netty-transport-classes-kqueue-4.1.75.Final.jar:/Users/cesarriosusuga/.m2/repository/io/netty/netty-transport-native-epoll/4.1.75.Final/netty-transport-native-epoll-4.1.75.Final.jar:/Users/cesarriosusuga/.m2/repository/io/netty/netty-transport-native-kqueue/4.1.75.Final/netty-transport-native-kqueue-4.1.75.Final.jar:/Users/cesarriosusuga/.m2/repository/io/netty/netty-transport-native-unix-common/4.1.75.Final/netty-transport-native-unix-common-4.1.75.Final.jar:/Users/cesarriosusuga/.m2/repository/io/netty/netty-transport/4.1.75.Final/netty-transport-4.1.75.Final.jar:/Users/cesarriosusuga/.m2/repository/io/netty/netty-resolver/4.1.75.Final/netty-resolver-4.1.75.Final.jar:/Users/cesarriosusuga/.m2/repository/io/opentelemetry/opentelemetry-api/1.12.0/opentelemetry-api-1.12.0.jar:/Users/cesarriosusuga/.m2/repository/io/opentelemetry/opentelemetry-context/1.12.0/opentelemetry-context-1.12.0.jar:/Users/cesarriosusuga/.m2/repository/io/opentelemetry/opentelemetry-exporter-logging/1.12.0/opentelemetry-exporter-logging-1.12.0.jar:/Users/cesarriosusuga/.m2/repository/io/opentelemetry/opentelemetry-sdk-metrics/1.12.0-alpha/opentelemetry-sdk-metrics-1.12.0-alpha.jar:/Users/cesarriosusuga/.m2/repository/io/opentelemetry/opentelemetry-sdk-logs/1.12.0-alpha/opentelemetry-sdk-logs-1.12.0-alpha.jar:/Users/cesarriosusuga/.m2/repository/io/opentelemetry/opentelemetry-sdk-common/1.12.0/opentelemetry-sdk-common-1.12.0.jar:/Users/cesarriosusuga/.m2/repository/io/opentelemetry/opentelemetry-sdk-extension-autoconfigure-spi/1.12.0/opentelemetry-sdk-extension-autoconfigure-spi-1.12.0.jar:/Users/cesarriosusuga/.m2/repository/io/opentelemetry/opentelemetry-sdk-extension-autoconfigure/1.12.0-alpha/opentelemetry-sdk-extension-autoconfigure-1.12.0-alpha.jar:/Users/cesarriosusuga/.m2/repository/io/opentelemetry/opentelemetry-sdk-trace/1.12.0/opentelemetry-sdk-trace-1.12.0.jar:/Users/cesarriosusuga/.m2/repository/io/opentelemetry/opentelemetry-sdk/1.12.0/opentelemetry-sdk-1.12.0.jar:/Users/cesarriosusuga/.m2/repository/io/opentelemetry/opentelemetry-semconv/1.12.0-alpha/opentelemetry-semconv-1.12.0-alpha.jar:/Users/cesarriosusuga/.m2/repository/io/ous/jtoml/2.0.0/jtoml-2.0.0.jar:/Users/cesarriosusuga/.m2/repository/org/apache/commons/commons-exec/1.3/commons-exec-1.3.jar:/Users/cesarriosusuga/.m2/repository/org/asynchttpclient/async-http-client/2.12.3/async-http-client-2.12.3.jar:/Users/cesarriosusuga/.m2/repository/org/asynchttpclient/async-http-client-netty-utils/2.12.3/async-http-client-netty-utils-2.12.3.jar:/Users/cesarriosusuga/.m2/repository/io/netty/netty-codec-socks/4.1.60.Final/netty-codec-socks-4.1.60.Final.jar:/Users/cesarriosusuga/.m2/repository/io/netty/netty-handler-proxy/4.1.60.Final/netty-handler-proxy-4.1.60.Final.jar:/Users/cesarriosusuga/.m2/repository/io/netty/netty-transport-native-epoll/4.1.60.Final/netty-transport-native-epoll-4.1.60.Final-linux-x86_64.jar:/Users/cesarriosusuga/.m2/repository/io/netty/netty-transport-native-kqueue/4.1.60.Final/netty-transport-native-kqueue-4.1.60.Final-osx-x86_64.jar:/Users/cesarriosusuga/.m2/repository/org/reactivestreams/reactive-streams/1.0.3/reactive-streams-1.0.3.jar:/Users/cesarriosusuga/.m2/repository/com/typesafe/netty/netty-reactive-streams/2.0.4/netty-reactive-streams-2.0.4.jar:/Users/cesarriosusuga/.m2/repository/org/seleniumhq/selenium/selenium-http/4.1.3/selenium-http-4.1.3.jar:/Users/cesarriosusuga/.m2/repository/dev/failsafe/failsafe/3.2.3/failsafe-3.2.3.jar:/Users/cesarriosusuga/.m2/repository/org/seleniumhq/selenium/selenium-safari-driver/4.1.3/selenium-safari-driver-4.1.3.jar:/Users/cesarriosusuga/.m2/repository/org/seleniumhq/selenium/selenium-api/4.1.3/selenium-api-4.1.3.jar:/Users/cesarriosusuga/.m2/repository/org/seleniumhq/selenium/selenium-support/4.1.3/selenium-support-4.1.3.jar:/Users/cesarriosusuga/.m2/repository/com/google/auto/service/auto-service-annotations/1.0.1/auto-service-annotations-1.0.1.jar:/Users/cesarriosusuga/.m2/repository/com/google/auto/service/auto-service/1.0.1/auto-service-1.0.1.jar:/Users/cesarriosusuga/.m2/repository/com/google/auto/auto-common/1.2/auto-common-1.2.jar:/Users/cesarriosusuga/.m2/repository/org/seleniumhq/selenium/selenium-json/4.1.3/selenium-json-4.1.3.jar:/Users/cesarriosusuga/.m2/repository/org/seleniumhq/selenium/selenium-chrome-driver/4.1.3/selenium-chrome-driver-4.1.3.jar:/Users/cesarriosusuga/.m2/repository/org/seleniumhq/selenium/selenium-chromium-driver/4.1.3/selenium-chromium-driver-4.1.3.jar:/Users/cesarriosusuga/.m2/repository/org/seleniumhq/selenium/selenium-firefox-driver/4.1.3/selenium-firefox-driver-4.1.3.jar:/Users/cesarriosusuga/.m2/repository/org/seleniumhq/selenium/selenium-edge-driver/4.1.3/selenium-edge-driver-4.1.3.jar:/Users/cesarriosusuga/.m2/repository/org/seleniumhq/selenium/selenium-ie-driver/4.1.3/selenium-ie-driver-4.1.3.jar:/Users/cesarriosusuga/.m2/repository/org/projectlombok/lombok/1.18.20/lombok-1.18.20.jar:/Users/cesarriosusuga/.m2/repository/io/appium/java-client/8.0.0/java-client-8.0.0.jar:/Users/cesarriosusuga/.m2/repository/commons-validator/commons-validator/1.7/commons-validator-1.7.jar:/Users/cesarriosusuga/.m2/repository/commons-digester/commons-digester/2.1/commons-digester-2.1.jar:/Users/cesarriosusuga/.m2/repository/org/aspectj/aspectjweaver/1.9.8/aspectjweaver-1.9.8.jar:/Users/cesarriosusuga/.m2/repository/org/apache/groovy/groovy/4.0.1/groovy-4.0.1.jar:/Users/cesarriosusuga/.m2/repository/net/sf/opencsv/opencsv/2.0/opencsv-2.0.jar:/Users/cesarriosusuga/.m2/repository/commons-beanutils/commons-beanutils/1.9.4/commons-beanutils-1.9.4.jar:/Users/cesarriosusuga/.m2/repository/org/apache/commons/commons-lang3/3.12.0/commons-lang3-3.12.0.jar:/Users/cesarriosusuga/.m2/repository/commons-collections/commons-collections/3.2.2/commons-collections-3.2.2.jar:/Users/cesarriosusuga/.m2/repository/org/fluentlenium/fluentlenium-core/0.10.2/fluentlenium-core-0.10.2.jar:/Users/cesarriosusuga/.m2/repository/io/github/bonigarcia/webdrivermanager/5.1.0/webdrivermanager-5.1.0.jar:/Users/cesarriosusuga/.m2/repository/com/github/docker-java/docker-java/3.2.13/docker-java-3.2.13.jar:/Users/cesarriosusuga/.m2/repository/com/github/docker-java/docker-java-core/3.2.13/docker-java-core-3.2.13.jar:/Users/cesarriosusuga/.m2/repository/com/github/docker-java/docker-java-api/3.2.13/docker-java-api-3.2.13.jar:/Users/cesarriosusuga/.m2/repository/org/apache/commons/commons-compress/1.21/commons-compress-1.21.jar:/Users/cesarriosusuga/.m2/repository/org/bouncycastle/bcpkix-jdk15on/1.64/bcpkix-jdk15on-1.64.jar:/Users/cesarriosusuga/.m2/repository/org/bouncycastle/bcprov-jdk15on/1.64/bcprov-jdk15on-1.64.jar:/Users/cesarriosusuga/.m2/repository/org/slf4j/jcl-over-slf4j/1.7.30/jcl-over-slf4j-1.7.30.jar:/Users/cesarriosusuga/.m2/repository/com/github/docker-java/docker-java-transport-httpclient5/3.2.13/docker-java-transport-httpclient5-3.2.13.jar:/Users/cesarriosusuga/.m2/repository/com/github/docker-java/docker-java-transport/3.2.13/docker-java-transport-3.2.13.jar:/Users/cesarriosusuga/.m2/repository/org/apache/httpcomponents/client5/httpclient5/5.0.3/httpclient5-5.0.3.jar:/Users/cesarriosusuga/.m2/repository/org/apache/httpcomponents/core5/httpcore5/5.0.2/httpcore5-5.0.2.jar:/Users/cesarriosusuga/.m2/repository/net/java/dev/jna/jna/5.8.0/jna-5.8.0.jar:/Users/cesarriosusuga/.m2/repository/org/brotli/dec/0.1.2/dec-0.1.2.jar:/Users/cesarriosusuga/.m2/repository/com/jhlabs/filters/2.0.235/filters-2.0.235.jar:/Users/cesarriosusuga/.m2/repository/com/paulhammant/ngwebdriver/1.1.6/ngwebdriver-1.1.6.jar:/Users/cesarriosusuga/.m2/repository/joda-time/joda-time/2.8.2/joda-time-2.8.2.jar:/Users/cesarriosusuga/.m2/repository/org/hamcrest/hamcrest/2.2/hamcrest-2.2.jar:/Users/cesarriosusuga/.m2/repository/com/google/jimfs/jimfs/1.2/jimfs-1.2.jar:/Users/cesarriosusuga/.m2/repository/org/mockito/mockito-core/3.3.3/mockito-core-3.3.3.jar:/Users/cesarriosusuga/.m2/repository/javax/xml/bind/jaxb-api/2.3.1/jaxb-api-2.3.1.jar:/Users/cesarriosusuga/.m2/repository/javax/activation/javax.activation-api/1.2.0/javax.activation-api-1.2.0.jar:/Users/cesarriosusuga/.m2/repository/com/sun/xml/bind/jaxb-core/2.3.0.1/jaxb-core-2.3.0.1.jar:/Users/cesarriosusuga/.m2/repository/com/sun/xml/bind/jaxb-impl/2.3.3/jaxb-impl-2.3.3.jar:/Users/cesarriosusuga/.m2/repository/jakarta/xml/bind/jakarta.xml.bind-api/2.3.3/jakarta.xml.bind-api-2.3.3.jar:/Users/cesarriosusuga/.m2/repository/com/sun/activation/jakarta.activation/1.2.2/jakarta.activation-1.2.2.jar:/Users/cesarriosusuga/.m2/repository/javax/activation/activation/1.1.1/activation-1.1.1.jar:/Users/cesarriosusuga/.m2/repository/net/serenity-bdd/serenity-cucumber/3.2.4/serenity-cucumber-3.2.4.jar:/Users/cesarriosusuga/.m2/repository/io/cucumber/cucumber-core/7.2.3/cucumber-core-7.2.3.jar:/Users/cesarriosusuga/.m2/repository/io/cucumber/cucumber-gherkin/7.2.3/cucumber-gherkin-7.2.3.jar:/Users/cesarriosusuga/.m2/repository/io/cucumber/cucumber-gherkin-messages/7.2.3/cucumber-gherkin-messages-7.2.3.jar:/Users/cesarriosusuga/.m2/repository/io/cucumber/messages/17.1.1/messages-17.1.1.jar:/Users/cesarriosusuga/.m2/repository/io/cucumber/tag-expressions/4.1.0/tag-expressions-4.1.0.jar:/Users/cesarriosusuga/.m2/repository/io/cucumber/cucumber-expressions/15.0.1/cucumber-expressions-15.0.1.jar:/Users/cesarriosusuga/.m2/repository/io/cucumber/datatable/7.2.3/datatable-7.2.3.jar:/Users/cesarriosusuga/.m2/repository/io/cucumber/cucumber-plugin/7.2.3/cucumber-plugin-7.2.3.jar:/Users/cesarriosusuga/.m2/repository/io/cucumber/docstring/7.2.3/docstring-7.2.3.jar:/Users/cesarriosusuga/.m2/repository/io/cucumber/html-formatter/17.0.0/html-formatter-17.0.0.jar:/Users/cesarriosusuga/.m2/repository/io/cucumber/ci-environment/8.1.0/ci-environment-8.1.0.jar:/Users/cesarriosusuga/.m2/repository/io/cucumber/cucumber-junit/7.2.3/cucumber-junit-7.2.3.jar:/Users/cesarriosusuga/.m2/repository/org/apache/commons/commons-csv/1.5/commons-csv-1.5.jar:/Users/cesarriosusuga/.m2/repository/net/serenity-bdd/serenity-screenplay/3.2.4/serenity-screenplay-3.2.4.jar:/Users/cesarriosusuga/.m2/repository/net/serenity-bdd/serenity-screenplay-webdriver/3.2.4/serenity-screenplay-webdriver-3.2.4.jar:/Users/cesarriosusuga/.m2/repository/net/serenity-bdd/serenity-ensure/3.2.4/serenity-ensure-3.2.4.jar:/Users/cesarriosusuga/.m2/repository/net/serenity-bdd/serenity-junit/3.2.4/serenity-junit-3.2.4.jar:/Users/cesarriosusuga/.m2/repository/org/jetbrains/kotlin/kotlin-stdlib/1.6.0/kotlin-stdlib-1.6.0.jar:/Users/cesarriosusuga/.m2/repository/org/jetbrains/annotations/13.0/annotations-13.0.jar:/Users/cesarriosusuga/.m2/repository/org/jetbrains/kotlin/kotlin-stdlib-common/1.6.0/kotlin-stdlib-common-1.6.0.jar:/Users/cesarriosusuga/.m2/repository/org/junit/platform/junit-platform-launcher/1.8.1/junit-platform-launcher-1.8.1.jar:/Users/cesarriosusuga/.m2/repository/org/junit/platform/junit-platform-engine/1.8.1/junit-platform-engine-1.8.1.jar:/Users/cesarriosusuga/.m2/repository/org/junit/platform/junit-platform-commons/1.8.1/junit-platform-commons-1.8.1.jar:/Users/cesarriosusuga/.m2/repository/org/apiguardian/apiguardian-api/1.1.2/apiguardian-api-1.1.2.jar:/Users/cesarriosusuga/.m2/repository/org/junit/jupiter/junit-jupiter-engine/5.8.2/junit-jupiter-engine-5.8.2.jar:/Users/cesarriosusuga/.m2/repository/org/junit/jupiter/junit-jupiter-api/5.8.2/junit-jupiter-api-5.8.2.jar:/Users/cesarriosusuga/.m2/repository/org/junit/vintage/junit-vintage-engine/5.8.2/junit-vintage-engine-5.8.2.jar:/Users/cesarriosusuga/.m2/repository/junit/junit/4.13.2/junit-4.13.2.jar:/Users/cesarriosusuga/.m2/repository/org/hamcrest/hamcrest-core/1.3/hamcrest-core-1.3.jar:/Users/cesarriosusuga/.m2/repository/ch/qos/logback/logback-classic/1.2.11/logback-classic-1.2.11.jar:/Users/cesarriosusuga/.m2/repository/ch/qos/logback/logback-core/1.2.11/logback-core-1.2.11.jar:/Users/cesarriosusuga/.m2/repository/org/slf4j/slf4j-api/1.7.32/slf4j-api-1.7.32.jar:/Users/cesarriosusuga/.m2/repository/org/assertj/assertj-core/3.20.2/assertj-core-3.20.2.jar:/Users/cesarriosusuga/.m2/repository/net/andreinc/mockneat/0.4.8/mockneat-0.4.8.jar:/Users/cesarriosusuga/.m2/repository/org/apache/commons/commons-text/1.9/commons-text-1.9.jar:/Users/cesarriosusuga/.m2/repository/com/github/mifmif/generex/1.0.2/generex-1.0.2.jar:/Users/cesarriosusuga/.m2/repository/dk/brics/automaton/automaton/1.11-8/automaton-1.11-8.jar:/Users/cesarriosusuga/.m2/repository/net/andreinc/aleph/0.1.1/aleph-0.1.1.jar:/Users/cesarriosusuga/.m2/repository/net/andreinc/markovneat/1.8/markovneat-1.8.jar:/Users/cesarriosusuga/.m2/repository/net/serenity-bdd/serenity-rest-assured/3.2.4/serenity-rest-assured-3.2.4.jar:/Users/cesarriosusuga/.m2/repository/org/apache/httpcomponents/httpclient/4.5.13/httpclient-4.5.13.jar:/Users/cesarriosusuga/.m2/repository/commons-logging/commons-logging/1.2/commons-logging-1.2.jar:/Users/cesarriosusuga/.m2/repository/org/apache/groovy/groovy-json/4.0.1/groovy-json-4.0.1.jar:/Users/cesarriosusuga/.m2/repository/org/apache/groovy/groovy-xml/4.0.1/groovy-xml-4.0.1.jar:/Users/cesarriosusuga/.m2/repository/org/opentest4j/opentest4j/1.2.0/opentest4j-1.2.0.jar:/Users/cesarriosusuga/.m2/repository/io/rest-assured/rest-assured/5.1.1/rest-assured-5.1.1.jar:/Users/cesarriosusuga/.m2/repository/org/apache/httpcomponents/httpmime/4.5.13/httpmime-4.5.13.jar:/Users/cesarriosusuga/.m2/repository/org/ccil/cowan/tagsoup/tagsoup/1.2.1/tagsoup-1.2.1.jar:/Users/cesarriosusuga/.m2/repository/io/rest-assured/json-path/5.1.1/json-path-5.1.1.jar:/Users/cesarriosusuga/.m2/repository/io/rest-assured/rest-assured-common/5.1.1/rest-assured-common-5.1.1.jar:/Users/cesarriosusuga/.m2/repository/io/rest-assured/xml-path/5.1.1/xml-path-5.1.1.jar:/Users/cesarriosusuga/.m2/repository/org/mongodb/mongodb-driver-sync/4.7.1/mongodb-driver-sync-4.7.1.jar:/Users/cesarriosusuga/.m2/repository/org/mongodb/bson/4.7.1/bson-4.7.1.jar:/Users/cesarriosusuga/.m2/repository/org/mongodb/mongodb-driver-core/4.7.1/mongodb-driver-core-4.7.1.jar:/Users/cesarriosusuga/.m2/repository/org/mongodb/bson-record-codec/4.7.1/bson-record-codec-4.7.1.jar:/Users/cesarriosusuga/.m2/repository/net/serenity-bdd/serenity-browserstack/3.2.4/serenity-browserstack-3.2.4.jar:/Users/cesarriosusuga/.m2/repository/org/apache/httpcomponents/httpcore/4.4.14/httpcore-4.4.14.jar:"/>
    <property name="sun.cpu.endian" value="little"/>
    <property name="user.home" value="/Users/cesarriosusuga"/>
    <property name="user.language" value="en"/>
    <property name="java.specification.vendor" value="Oracle Corporation"/>
    <property name="jdk.module.path" value="/Users/cesarriosusuga/Desktop/Automation/AutomatizacionPragma/target/AutomatizacionPragma-1.0-SNAPSHOT.jar"/>
    <property name="java.version.date" value="2022-08-18"/>
    <property name="java.home" value="/opt/homebrew/Cellar/openjdk/18.0.2.1/libexec/openjdk.jdk/Contents/Home"/>
    <property name="file.separator" value="/"/>
    <property name="basedir" value="/Users/cesarriosusuga/Desktop/Automation/AutomatizacionPragma"/>
    <property name="java.vm.compressedOopsMode" value="Zero based"/>
    <property name="line.separator" value="&#10;"/>
    <property name="java.vm.specification.vendor" value="Oracle Corporation"/>
    <property name="java.specification.name" value="Java Platform API Specification"/>
    <property name="apple.awt.application.name" value="ForkedBooter"/>
    <property name="surefire.real.class.path" value="/Users/cesarriosusuga/.m2/repository/org/apache/maven/surefire/surefire-booter/3.0.0-M5/surefire-booter-3.0.0-M5.jar:/Users/cesarriosusuga/.m2/repository/org/apache/maven/surefire/surefire-api/3.0.0-M5/surefire-api-3.0.0-M5.jar:/Users/cesarriosusuga/.m2/repository/org/apache/maven/surefire/surefire-logger-api/3.0.0-M5/surefire-logger-api-3.0.0-M5.jar:/Users/cesarriosusuga/.m2/repository/org/apache/maven/surefire/surefire-shared-utils/3.0.0-M4/surefire-shared-utils-3.0.0-M4.jar:/Users/cesarriosusuga/.m2/repository/org/apache/maven/surefire/surefire-extensions-spi/3.0.0-M5/surefire-extensions-spi-3.0.0-M5.jar:/Users/cesarriosusuga/Desktop/Automation/AutomatizacionPragma/target/test-classes:/Users/cesarriosusuga/.m2/repository/net/serenity-bdd/serenity-core/3.2.4/serenity-core-3.2.4.jar:/Users/cesarriosusuga/.m2/repository/net/serenity-bdd/serenity-model/3.2.4/serenity-model-3.2.4.jar:/Users/cesarriosusuga/.m2/repository/commons-net/commons-net/3.8.0/commons-net-3.8.0.jar:/Users/cesarriosusuga/.m2/repository/com/google/guava/guava/31.1-jre/guava-31.1-jre.jar:/Users/cesarriosusuga/.m2/repository/com/google/guava/failureaccess/1.0.1/failureaccess-1.0.1.jar:/Users/cesarriosusuga/.m2/repository/com/google/guava/listenablefuture/9999.0-empty-to-avoid-conflict-with-guava/listenablefuture-9999.0-empty-to-avoid-conflict-with-guava.jar:/Users/cesarriosusuga/.m2/repository/com/google/code/findbugs/jsr305/3.0.2/jsr305-3.0.2.jar:/Users/cesarriosusuga/.m2/repository/org/checkerframework/checker-qual/3.12.0/checker-qual-3.12.0.jar:/Users/cesarriosusuga/.m2/repository/com/google/errorprone/error_prone_annotations/2.11.0/error_prone_annotations-2.11.0.jar:/Users/cesarriosusuga/.m2/repository/com/google/j2objc/j2objc-annotations/1.3/j2objc-annotations-1.3.jar:/Users/cesarriosusuga/.m2/repository/com/google/inject/guice/5.1.0/guice-5.1.0.jar:/Users/cesarriosusuga/.m2/repository/javax/inject/javax.inject/1/javax.inject-1.jar:/Users/cesarriosusuga/.m2/repository/aopalliance/aopalliance/1.0/aopalliance-1.0.jar:/Users/cesarriosusuga/.m2/repository/org/jsoup/jsoup/1.14.3/jsoup-1.14.3.jar:/Users/cesarriosusuga/.m2/repository/com/thoughtworks/xstream/xstream/1.4.19/xstream-1.4.19.jar:/Users/cesarriosusuga/.m2/repository/io/github/x-stream/mxparser/1.2.2/mxparser-1.2.2.jar:/Users/cesarriosusuga/.m2/repository/xmlpull/xmlpull/1.1.3.1/xmlpull-1.1.3.1.jar:/Users/cesarriosusuga/.m2/repository/io/cucumber/cucumber-java/7.2.3/cucumber-java-7.2.3.jar:/Users/cesarriosusuga/.m2/repository/com/typesafe/config/1.4.2/config-1.4.2.jar:/Users/cesarriosusuga/.m2/repository/org/imgscalr/imgscalr-lib/4.2/imgscalr-lib-4.2.jar:/Users/cesarriosusuga/.m2/repository/org/awaitility/awaitility/4.2.0/awaitility-4.2.0.jar:/Users/cesarriosusuga/.m2/repository/org/freemarker/freemarker/2.3.31/freemarker-2.3.31.jar:/Users/cesarriosusuga/.m2/repository/io/github/classgraph/classgraph/4.8.138/classgraph-4.8.138.jar:/Users/cesarriosusuga/.m2/repository/net/sourceforge/jexcelapi/jxl/2.6.12/jxl-2.6.12.jar:/Users/cesarriosusuga/.m2/repository/net/bytebuddy/byte-buddy/1.12.8/byte-buddy-1.12.8.jar:/Users/cesarriosusuga/.m2/repository/net/bytebuddy/byte-buddy-agent/1.12.8/byte-buddy-agent-1.12.8.jar:/Users/cesarriosusuga/.m2/repository/org/objenesis/objenesis/3.1/objenesis-3.1.jar:/Users/cesarriosusuga/.m2/repository/net/serenity-bdd/serenity-reports/3.2.4/serenity-reports-3.2.4.jar:/Users/cesarriosusuga/.m2/repository/net/serenity-bdd/serenity-stats/3.2.4/serenity-stats-3.2.4.jar:/Users/cesarriosusuga/.m2/repository/net/serenity-bdd/serenity-reports-configuration/3.2.4/serenity-reports-configuration-3.2.4.jar:/Users/cesarriosusuga/.m2/repository/com/vladsch/flexmark/flexmark-all/0.34.30/flexmark-all-0.34.30.jar:/Users/cesarriosusuga/.m2/repository/com/vladsch/flexmark/flexmark/0.34.30/flexmark-0.34.30.jar:/Users/cesarriosusuga/.m2/repository/com/vladsch/flexmark/flexmark-ext-abbreviation/0.34.30/flexmark-ext-abbreviation-0.34.30.jar:/Users/cesarriosusuga/.m2/repository/com/vladsch/flexmark/flexmark-ext-admonition/0.34.30/flexmark-ext-admonition-0.34.30.jar:/Users/cesarriosusuga/.m2/repository/com/vladsch/flexmark/flexmark-ext-anchorlink/0.34.30/flexmark-ext-anchorlink-0.34.30.jar:/Users/cesarriosusuga/.m2/repository/com/vladsch/flexmark/flexmark-ext-aside/0.34.30/flexmark-ext-aside-0.34.30.jar:/Users/cesarriosusuga/.m2/repository/com/vladsch/flexmark/flexmark-ext-attributes/0.34.30/flexmark-ext-attributes-0.34.30.jar:/Users/cesarriosusuga/.m2/repository/com/vladsch/flexmark/flexmark-ext-autolink/0.34.30/flexmark-ext-autolink-0.34.30.jar:/Users/cesarriosusuga/.m2/repository/org/nibor/autolink/autolink/0.6.0/autolink-0.6.0.jar:/Users/cesarriosusuga/.m2/repository/com/vladsch/flexmark/flexmark-ext-definition/0.34.30/flexmark-ext-definition-0.34.30.jar:/Users/cesarriosusuga/.m2/repository/com/vladsch/flexmark/flexmark-ext-emoji/0.34.30/flexmark-ext-emoji-0.34.30.jar:/Users/cesarriosusuga/.m2/repository/com/vladsch/flexmark/flexmark-ext-enumerated-reference/0.34.30/flexmark-ext-enumerated-reference-0.34.30.jar:/Users/cesarriosusuga/.m2/repository/com/vladsch/flexmark/flexmark-ext-escaped-character/0.34.30/flexmark-ext-escaped-character-0.34.30.jar:/Users/cesarriosusuga/.m2/repository/com/vladsch/flexmark/flexmark-ext-footnotes/0.34.30/flexmark-ext-footnotes-0.34.30.jar:/Users/cesarriosusuga/.m2/repository/com/vladsch/flexmark/flexmark-ext-gfm-issues/0.34.30/flexmark-ext-gfm-issues-0.34.30.jar:/Users/cesarriosusuga/.m2/repository/com/vladsch/flexmark/flexmark-ext-gfm-strikethrough/0.34.30/flexmark-ext-gfm-strikethrough-0.34.30.jar:/Users/cesarriosusuga/.m2/repository/com/vladsch/flexmark/flexmark-ext-gfm-tables/0.34.30/flexmark-ext-gfm-tables-0.34.30.jar:/Users/cesarriosusuga/.m2/repository/com/vladsch/flexmark/flexmark-ext-gfm-tasklist/0.34.30/flexmark-ext-gfm-tasklist-0.34.30.jar:/Users/cesarriosusuga/.m2/repository/com/vladsch/flexmark/flexmark-ext-gfm-users/0.34.30/flexmark-ext-gfm-users-0.34.30.jar:/Users/cesarriosusuga/.m2/repository/com/vladsch/flexmark/flexmark-ext-gitlab/0.34.30/flexmark-ext-gitlab-0.34.30.jar:/Users/cesarriosusuga/.m2/repository/com/vladsch/flexmark/flexmark-ext-jekyll-front-matter/0.34.30/flexmark-ext-jekyll-front-matter-0.34.30.jar:/Users/cesarriosusuga/.m2/repository/com/vladsch/flexmark/flexmark-ext-jekyll-tag/0.34.30/flexmark-ext-jekyll-tag-0.34.30.jar:/Users/cesarriosusuga/.m2/repository/com/vladsch/flexmark/flexmark-ext-media-tags/0.34.30/flexmark-ext-media-tags-0.34.30.jar:/Users/cesarriosusuga/.m2/repository/com/vladsch/flexmark/flexmark-test-util/0.34.30/flexmark-test-util-0.34.30.jar:/Users/cesarriosusuga/.m2/repository/com/vladsch/flexmark/flexmark-ext-ins/0.34.30/flexmark-ext-ins-0.34.30.jar:/Users/cesarriosusuga/.m2/repository/com/vladsch/flexmark/flexmark-ext-xwiki-macros/0.34.30/flexmark-ext-xwiki-macros-0.34.30.jar:/Users/cesarriosusuga/.m2/repository/com/vladsch/flexmark/flexmark-ext-superscript/0.34.30/flexmark-ext-superscript-0.34.30.jar:/Users/cesarriosusuga/.m2/repository/com/vladsch/flexmark/flexmark-ext-tables/0.34.30/flexmark-ext-tables-0.34.30.jar:/Users/cesarriosusuga/.m2/repository/com/vladsch/flexmark/flexmark-ext-toc/0.34.30/flexmark-ext-toc-0.34.30.jar:/Users/cesarriosusuga/.m2/repository/com/vladsch/flexmark/flexmark-ext-typographic/0.34.30/flexmark-ext-typographic-0.34.30.jar:/Users/cesarriosusuga/.m2/repository/com/vladsch/flexmark/flexmark-ext-wikilink/0.34.30/flexmark-ext-wikilink-0.34.30.jar:/Users/cesarriosusuga/.m2/repository/com/vladsch/flexmark/flexmark-ext-yaml-front-matter/0.34.30/flexmark-ext-yaml-front-matter-0.34.30.jar:/Users/cesarriosusuga/.m2/repository/com/vladsch/flexmark/flexmark-ext-youtube-embedded/0.34.30/flexmark-ext-youtube-embedded-0.34.30.jar:/Users/cesarriosusuga/.m2/repository/com/vladsch/flexmark/flexmark-formatter/0.34.30/flexmark-formatter-0.34.30.jar:/Users/cesarriosusuga/.m2/repository/com/vladsch/flexmark/flexmark-html-parser/0.34.30/flexmark-html-parser-0.34.30.jar:/Users/cesarriosusuga/.m2/repository/com/vladsch/flexmark/flexmark-jira-converter/0.34.30/flexmark-jira-converter-0.34.30.jar:/Users/cesarriosusuga/.m2/repository/com/vladsch/flexmark/flexmark-pdf-converter/0.34.30/flexmark-pdf-converter-0.34.30.jar:/Users/cesarriosusuga/.m2/repository/com/openhtmltopdf/openhtmltopdf-core/0.0.1-RC13/openhtmltopdf-core-0.0.1-RC13.jar:/Users/cesarriosusuga/.m2/repository/com/openhtmltopdf/openhtmltopdf-pdfbox/0.0.1-RC13/openhtmltopdf-pdfbox-0.0.1-RC13.jar:/Users/cesarriosusuga/.m2/repository/org/apache/pdfbox/pdfbox/2.0.8/pdfbox-2.0.8.jar:/Users/cesarriosusuga/.m2/repository/org/apache/pdfbox/fontbox/2.0.8/fontbox-2.0.8.jar:/Users/cesarriosusuga/.m2/repository/org/apache/pdfbox/xmpbox/2.0.8/xmpbox-2.0.8.jar:/Users/cesarriosusuga/.m2/repository/de/rototor/pdfbox/graphics2d/0.12/graphics2d-0.12.jar:/Users/cesarriosusuga/.m2/repository/com/openhtmltopdf/openhtmltopdf-rtl-support/0.0.1-RC13/openhtmltopdf-rtl-support-0.0.1-RC13.jar:/Users/cesarriosusuga/.m2/repository/com/ibm/icu/icu4j/59.1/icu4j-59.1.jar:/Users/cesarriosusuga/.m2/repository/com/openhtmltopdf/openhtmltopdf-jsoup-dom-converter/0.0.1-RC13/openhtmltopdf-jsoup-dom-converter-0.0.1-RC13.jar:/Users/cesarriosusuga/.m2/repository/com/vladsch/flexmark/flexmark-profile-pegdown/0.34.30/flexmark-profile-pegdown-0.34.30.jar:/Users/cesarriosusuga/.m2/repository/com/vladsch/flexmark/flexmark-util/0.34.30/flexmark-util-0.34.30.jar:/Users/cesarriosusuga/.m2/repository/com/vladsch/flexmark/flexmark-youtrack-converter/0.34.30/flexmark-youtrack-converter-0.34.30.jar:/Users/cesarriosusuga/.m2/repository/es/nitaur/markdown/txtmark/0.16/txtmark-0.16.jar:/Users/cesarriosusuga/.m2/repository/net/serenity-bdd/serenity-report-resources/3.2.4/serenity-report-resources-3.2.4.jar:/Users/cesarriosusuga/.m2/repository/com/google/code/gson/gson/2.9.0/gson-2.9.0.jar:/Users/cesarriosusuga/.m2/repository/com/fasterxml/jackson/core/jackson-core/2.13.2/jackson-core-2.13.2.jar:/Users/cesarriosusuga/.m2/repository/com/fasterxml/jackson/core/jackson-databind/2.13.2/jackson-databind-2.13.2.jar:/Users/cesarriosusuga/.m2/repository/com/fasterxml/jackson/core/jackson-annotations/2.13.2/jackson-annotations-2.13.2.jar:/Users/cesarriosusuga/.m2/repository/commons-codec/commons-codec/1.15/commons-codec-1.15.jar:/Users/cesarriosusuga/.m2/repository/commons-io/commons-io/2.11.0/commons-io-2.11.0.jar:/Users/cesarriosusuga/.m2/repository/org/seleniumhq/selenium/selenium-java/4.1.3/selenium-java-4.1.3.jar:/Users/cesarriosusuga/.m2/repository/org/seleniumhq/selenium/selenium-devtools-v85/4.1.3/selenium-devtools-v85-4.1.3.jar:/Users/cesarriosusuga/.m2/repository/org/seleniumhq/selenium/selenium-devtools-v97/4.1.3/selenium-devtools-v97-4.1.3.jar:/Users/cesarriosusuga/.m2/repository/org/seleniumhq/selenium/selenium-devtools-v98/4.1.3/selenium-devtools-v98-4.1.3.jar:/Users/cesarriosusuga/.m2/repository/org/seleniumhq/selenium/selenium-devtools-v99/4.1.3/selenium-devtools-v99-4.1.3.jar:/Users/cesarriosusuga/.m2/repository/org/seleniumhq/selenium/selenium-opera-driver/4.1.3/selenium-opera-driver-4.1.3.jar:/Users/cesarriosusuga/.m2/repository/org/seleniumhq/selenium/selenium-remote-driver/4.1.3/selenium-remote-driver-4.1.3.jar:/Users/cesarriosusuga/.m2/repository/com/beust/jcommander/1.82/jcommander-1.82.jar:/Users/cesarriosusuga/.m2/repository/io/netty/netty-buffer/4.1.75.Final/netty-buffer-4.1.75.Final.jar:/Users/cesarriosusuga/.m2/repository/io/netty/netty-codec-http/4.1.75.Final/netty-codec-http-4.1.75.Final.jar:/Users/cesarriosusuga/.m2/repository/io/netty/netty-codec/4.1.75.Final/netty-codec-4.1.75.Final.jar:/Users/cesarriosusuga/.m2/repository/io/netty/netty-handler/4.1.75.Final/netty-handler-4.1.75.Final.jar:/Users/cesarriosusuga/.m2/repository/io/netty/netty-common/4.1.75.Final/netty-common-4.1.75.Final.jar:/Users/cesarriosusuga/.m2/repository/io/netty/netty-transport-classes-epoll/4.1.75.Final/netty-transport-classes-epoll-4.1.75.Final.jar:/Users/cesarriosusuga/.m2/repository/io/netty/netty-transport-classes-kqueue/4.1.75.Final/netty-transport-classes-kqueue-4.1.75.Final.jar:/Users/cesarriosusuga/.m2/repository/io/netty/netty-transport-native-epoll/4.1.75.Final/netty-transport-native-epoll-4.1.75.Final.jar:/Users/cesarriosusuga/.m2/repository/io/netty/netty-transport-native-kqueue/4.1.75.Final/netty-transport-native-kqueue-4.1.75.Final.jar:/Users/cesarriosusuga/.m2/repository/io/netty/netty-transport-native-unix-common/4.1.75.Final/netty-transport-native-unix-common-4.1.75.Final.jar:/Users/cesarriosusuga/.m2/repository/io/netty/netty-transport/4.1.75.Final/netty-transport-4.1.75.Final.jar:/Users/cesarriosusuga/.m2/repository/io/netty/netty-resolver/4.1.75.Final/netty-resolver-4.1.75.Final.jar:/Users/cesarriosusuga/.m2/repository/io/opentelemetry/opentelemetry-api/1.12.0/opentelemetry-api-1.12.0.jar:/Users/cesarriosusuga/.m2/repository/io/opentelemetry/opentelemetry-context/1.12.0/opentelemetry-context-1.12.0.jar:/Users/cesarriosusuga/.m2/repository/io/opentelemetry/opentelemetry-exporter-logging/1.12.0/opentelemetry-exporter-logging-1.12.0.jar:/Users/cesarriosusuga/.m2/repository/io/opentelemetry/opentelemetry-sdk-metrics/1.12.0-alpha/opentelemetry-sdk-metrics-1.12.0-alpha.jar:/Users/cesarriosusuga/.m2/repository/io/opentelemetry/opentelemetry-sdk-logs/1.12.0-alpha/opentelemetry-sdk-logs-1.12.0-alpha.jar:/Users/cesarriosusuga/.m2/repository/io/opentelemetry/opentelemetry-sdk-common/1.12.0/opentelemetry-sdk-common-1.12.0.jar:/Users/cesarriosusuga/.m2/repository/io/opentelemetry/opentelemetry-sdk-extension-autoconfigure-spi/1.12.0/opentelemetry-sdk-extension-autoconfigure-spi-1.12.0.jar:/Users/cesarriosusuga/.m2/repository/io/opentelemetry/opentelemetry-sdk-extension-autoconfigure/1.12.0-alpha/opentelemetry-sdk-extension-autoconfigure-1.12.0-alpha.jar:/Users/cesarriosusuga/.m2/repository/io/opentelemetry/opentelemetry-sdk-trace/1.12.0/opentelemetry-sdk-trace-1.12.0.jar:/Users/cesarriosusuga/.m2/repository/io/opentelemetry/opentelemetry-sdk/1.12.0/opentelemetry-sdk-1.12.0.jar:/Users/cesarriosusuga/.m2/repository/io/opentelemetry/opentelemetry-semconv/1.12.0-alpha/opentelemetry-semconv-1.12.0-alpha.jar:/Users/cesarriosusuga/.m2/repository/io/ous/jtoml/2.0.0/jtoml-2.0.0.jar:/Users/cesarriosusuga/.m2/repository/org/apache/commons/commons-exec/1.3/commons-exec-1.3.jar:/Users/cesarriosusuga/.m2/repository/org/asynchttpclient/async-http-client/2.12.3/async-http-client-2.12.3.jar:/Users/cesarriosusuga/.m2/repository/org/asynchttpclient/async-http-client-netty-utils/2.12.3/async-http-client-netty-utils-2.12.3.jar:/Users/cesarriosusuga/.m2/repository/io/netty/netty-codec-socks/4.1.60.Final/netty-codec-socks-4.1.60.Final.jar:/Users/cesarriosusuga/.m2/repository/io/netty/netty-handler-proxy/4.1.60.Final/netty-handler-proxy-4.1.60.Final.jar:/Users/cesarriosusuga/.m2/repository/io/netty/netty-transport-native-epoll/4.1.60.Final/netty-transport-native-epoll-4.1.60.Final-linux-x86_64.jar:/Users/cesarriosusuga/.m2/repository/io/netty/netty-transport-native-kqueue/4.1.60.Final/netty-transport-native-kqueue-4.1.60.Final-osx-x86_64.jar:/Users/cesarriosusuga/.m2/repository/org/reactivestreams/reactive-streams/1.0.3/reactive-streams-1.0.3.jar:/Users/cesarriosusuga/.m2/repository/com/typesafe/netty/netty-reactive-streams/2.0.4/netty-reactive-streams-2.0.4.jar:/Users/cesarriosusuga/.m2/repository/org/seleniumhq/selenium/selenium-http/4.1.3/selenium-http-4.1.3.jar:/Users/cesarriosusuga/.m2/repository/dev/failsafe/failsafe/3.2.3/failsafe-3.2.3.jar:/Users/cesarriosusuga/.m2/repository/org/seleniumhq/selenium/selenium-safari-driver/4.1.3/selenium-safari-driver-4.1.3.jar:/Users/cesarriosusuga/.m2/repository/org/seleniumhq/selenium/selenium-api/4.1.3/selenium-api-4.1.3.jar:/Users/cesarriosusuga/.m2/repository/org/seleniumhq/selenium/selenium-support/4.1.3/selenium-support-4.1.3.jar:/Users/cesarriosusuga/.m2/repository/com/google/auto/service/auto-service-annotations/1.0.1/auto-service-annotations-1.0.1.jar:/Users/cesarriosusuga/.m2/repository/com/google/auto/service/auto-service/1.0.1/auto-service-1.0.1.jar:/Users/cesarriosusuga/.m2/repository/com/google/auto/auto-common/1.2/auto-common-1.2.jar:/Users/cesarriosusuga/.m2/repository/org/seleniumhq/selenium/selenium-json/4.1.3/selenium-json-4.1.3.jar:/Users/cesarriosusuga/.m2/repository/org/seleniumhq/selenium/selenium-chrome-driver/4.1.3/selenium-chrome-driver-4.1.3.jar:/Users/cesarriosusuga/.m2/repository/org/seleniumhq/selenium/selenium-chromium-driver/4.1.3/selenium-chromium-driver-4.1.3.jar:/Users/cesarriosusuga/.m2/repository/org/seleniumhq/selenium/selenium-firefox-driver/4.1.3/selenium-firefox-driver-4.1.3.jar:/Users/cesarriosusuga/.m2/repository/org/seleniumhq/selenium/selenium-edge-driver/4.1.3/selenium-edge-driver-4.1.3.jar:/Users/cesarriosusuga/.m2/repository/org/seleniumhq/selenium/selenium-ie-driver/4.1.3/selenium-ie-driver-4.1.3.jar:/Users/cesarriosusuga/.m2/repository/org/projectlombok/lombok/1.18.20/lombok-1.18.20.jar:/Users/cesarriosusuga/.m2/repository/io/appium/java-client/8.0.0/java-client-8.0.0.jar:/Users/cesarriosusuga/.m2/repository/commons-validator/commons-validator/1.7/commons-validator-1.7.jar:/Users/cesarriosusuga/.m2/repository/commons-digester/commons-digester/2.1/commons-digester-2.1.jar:/Users/cesarriosusuga/.m2/repository/org/aspectj/aspectjweaver/1.9.8/aspectjweaver-1.9.8.jar:/Users/cesarriosusuga/.m2/repository/org/apache/groovy/groovy/4.0.1/groovy-4.0.1.jar:/Users/cesarriosusuga/.m2/repository/net/sf/opencsv/opencsv/2.0/opencsv-2.0.jar:/Users/cesarriosusuga/.m2/repository/commons-beanutils/commons-beanutils/1.9.4/commons-beanutils-1.9.4.jar:/Users/cesarriosusuga/.m2/repository/org/apache/commons/commons-lang3/3.12.0/commons-lang3-3.12.0.jar:/Users/cesarriosusuga/.m2/repository/commons-collections/commons-collections/3.2.2/commons-collections-3.2.2.jar:/Users/cesarriosusuga/.m2/repository/org/fluentlenium/fluentlenium-core/0.10.2/fluentlenium-core-0.10.2.jar:/Users/cesarriosusuga/.m2/repository/io/github/bonigarcia/webdrivermanager/5.1.0/webdrivermanager-5.1.0.jar:/Users/cesarriosusuga/.m2/repository/com/github/docker-java/docker-java/3.2.13/docker-java-3.2.13.jar:/Users/cesarriosusuga/.m2/repository/com/github/docker-java/docker-java-core/3.2.13/docker-java-core-3.2.13.jar:/Users/cesarriosusuga/.m2/repository/com/github/docker-java/docker-java-api/3.2.13/docker-java-api-3.2.13.jar:/Users/cesarriosusuga/.m2/repository/org/apache/commons/commons-compress/1.21/commons-compress-1.21.jar:/Users/cesarriosusuga/.m2/repository/org/bouncycastle/bcpkix-jdk15on/1.64/bcpkix-jdk15on-1.64.jar:/Users/cesarriosusuga/.m2/repository/org/bouncycastle/bcprov-jdk15on/1.64/bcprov-jdk15on-1.64.jar:/Users/cesarriosusuga/.m2/repository/org/slf4j/jcl-over-slf4j/1.7.30/jcl-over-slf4j-1.7.30.jar:/Users/cesarriosusuga/.m2/repository/com/github/docker-java/docker-java-transport-httpclient5/3.2.13/docker-java-transport-httpclient5-3.2.13.jar:/Users/cesarriosusuga/.m2/repository/com/github/docker-java/docker-java-transport/3.2.13/docker-java-transport-3.2.13.jar:/Users/cesarriosusuga/.m2/repository/org/apache/httpcomponents/client5/httpclient5/5.0.3/httpclient5-5.0.3.jar:/Users/cesarriosusuga/.m2/repository/org/apache/httpcomponents/core5/httpcore5/5.0.2/httpcore5-5.0.2.jar:/Users/cesarriosusuga/.m2/repository/net/java/dev/jna/jna/5.8.0/jna-5.8.0.jar:/Users/cesarriosusuga/.m2/repository/org/brotli/dec/0.1.2/dec-0.1.2.jar:/Users/cesarriosusuga/.m2/repository/com/jhlabs/filters/2.0.235/filters-2.0.235.jar:/Users/cesarriosusuga/.m2/repository/com/paulhammant/ngwebdriver/1.1.6/ngwebdriver-1.1.6.jar:/Users/cesarriosusuga/.m2/repository/joda-time/joda-time/2.8.2/joda-time-2.8.2.jar:/Users/cesarriosusuga/.m2/repository/org/hamcrest/hamcrest/2.2/hamcrest-2.2.jar:/Users/cesarriosusuga/.m2/repository/com/google/jimfs/jimfs/1.2/jimfs-1.2.jar:/Users/cesarriosusuga/.m2/repository/org/mockito/mockito-core/3.3.3/mockito-core-3.3.3.jar:/Users/cesarriosusuga/.m2/repository/javax/xml/bind/jaxb-api/2.3.1/jaxb-api-2.3.1.jar:/Users/cesarriosusuga/.m2/repository/javax/activation/javax.activation-api/1.2.0/javax.activation-api-1.2.0.jar:/Users/cesarriosusuga/.m2/repository/com/sun/xml/bind/jaxb-core/2.3.0.1/jaxb-core-2.3.0.1.jar:/Users/cesarriosusuga/.m2/repository/com/sun/xml/bind/jaxb-impl/2.3.3/jaxb-impl-2.3.3.jar:/Users/cesarriosusuga/.m2/repository/jakarta/xml/bind/jakarta.xml.bind-api/2.3.3/jakarta.xml.bind-api-2.3.3.jar:/Users/cesarriosusuga/.m2/repository/com/sun/activation/jakarta.activation/1.2.2/jakarta.activation-1.2.2.jar:/Users/cesarriosusuga/.m2/repository/javax/activation/activation/1.1.1/activation-1.1.1.jar:/Users/cesarriosusuga/.m2/repository/net/serenity-bdd/serenity-cucumber/3.2.4/serenity-cucumber-3.2.4.jar:/Users/cesarriosusuga/.m2/repository/io/cucumber/cucumber-core/7.2.3/cucumber-core-7.2.3.jar:/Users/cesarriosusuga/.m2/repository/io/cucumber/cucumber-gherkin/7.2.3/cucumber-gherkin-7.2.3.jar:/Users/cesarriosusuga/.m2/repository/io/cucumber/cucumber-gherkin-messages/7.2.3/cucumber-gherkin-messages-7.2.3.jar:/Users/cesarriosusuga/.m2/repository/io/cucumber/messages/17.1.1/messages-17.1.1.jar:/Users/cesarriosusuga/.m2/repository/io/cucumber/tag-expressions/4.1.0/tag-expressions-4.1.0.jar:/Users/cesarriosusuga/.m2/repository/io/cucumber/cucumber-expressions/15.0.1/cucumber-expressions-15.0.1.jar:/Users/cesarriosusuga/.m2/repository/io/cucumber/datatable/7.2.3/datatable-7.2.3.jar:/Users/cesarriosusuga/.m2/repository/io/cucumber/cucumber-plugin/7.2.3/cucumber-plugin-7.2.3.jar:/Users/cesarriosusuga/.m2/repository/io/cucumber/docstring/7.2.3/docstring-7.2.3.jar:/Users/cesarriosusuga/.m2/repository/io/cucumber/html-formatter/17.0.0/html-formatter-17.0.0.jar:/Users/cesarriosusuga/.m2/repository/io/cucumber/ci-environment/8.1.0/ci-environment-8.1.0.jar:/Users/cesarriosusuga/.m2/repository/io/cucumber/cucumber-junit/7.2.3/cucumber-junit-7.2.3.jar:/Users/cesarriosusuga/.m2/repository/org/apache/commons/commons-csv/1.5/commons-csv-1.5.jar:/Users/cesarriosusuga/.m2/repository/net/serenity-bdd/serenity-screenplay/3.2.4/serenity-screenplay-3.2.4.jar:/Users/cesarriosusuga/.m2/repository/net/serenity-bdd/serenity-screenplay-webdriver/3.2.4/serenity-screenplay-webdriver-3.2.4.jar:/Users/cesarriosusuga/.m2/repository/net/serenity-bdd/serenity-ensure/3.2.4/serenity-ensure-3.2.4.jar:/Users/cesarriosusuga/.m2/repository/net/serenity-bdd/serenity-junit/3.2.4/serenity-junit-3.2.4.jar:/Users/cesarriosusuga/.m2/repository/org/jetbrains/kotlin/kotlin-stdlib/1.6.0/kotlin-stdlib-1.6.0.jar:/Users/cesarriosusuga/.m2/repository/org/jetbrains/annotations/13.0/annotations-13.0.jar:/Users/cesarriosusuga/.m2/repository/org/jetbrains/kotlin/kotlin-stdlib-common/1.6.0/kotlin-stdlib-common-1.6.0.jar:/Users/cesarriosusuga/.m2/repository/org/junit/platform/junit-platform-launcher/1.8.1/junit-platform-launcher-1.8.1.jar:/Users/cesarriosusuga/.m2/repository/org/junit/platform/junit-platform-engine/1.8.1/junit-platform-engine-1.8.1.jar:/Users/cesarriosusuga/.m2/repository/org/junit/platform/junit-platform-commons/1.8.1/junit-platform-commons-1.8.1.jar:/Users/cesarriosusuga/.m2/repository/org/apiguardian/apiguardian-api/1.1.2/apiguardian-api-1.1.2.jar:/Users/cesarriosusuga/.m2/repository/org/junit/jupiter/junit-jupiter-engine/5.8.2/junit-jupiter-engine-5.8.2.jar:/Users/cesarriosusuga/.m2/repository/org/junit/jupiter/junit-jupiter-api/5.8.2/junit-jupiter-api-5.8.2.jar:/Users/cesarriosusuga/.m2/repository/org/junit/vintage/junit-vintage-engine/5.8.2/junit-vintage-engine-5.8.2.jar:/Users/cesarriosusuga/.m2/repository/junit/junit/4.13.2/junit-4.13.2.jar:/Users/cesarriosusuga/.m2/repository/org/hamcrest/hamcrest-core/1.3/hamcrest-core-1.3.jar:/Users/cesarriosusuga/.m2/repository/ch/qos/logback/logback-classic/1.2.11/logback-classic-1.2.11.jar:/Users/cesarriosusuga/.m2/repository/ch/qos/logback/logback-core/1.2.11/logback-core-1.2.11.jar:/Users/cesarriosusuga/.m2/repository/org/slf4j/slf4j-api/1.7.32/slf4j-api-1.7.32.jar:/Users/cesarriosusuga/.m2/repository/org/assertj/assertj-core/3.20.2/assertj-core-3.20.2.jar:/Users/cesarriosusuga/.m2/repository/net/andreinc/mockneat/0.4.8/mockneat-0.4.8.jar:/Users/cesarriosusuga/.m2/repository/org/apache/commons/commons-text/1.9/commons-text-1.9.jar:/Users/cesarriosusuga/.m2/repository/com/github/mifmif/generex/1.0.2/generex-1.0.2.jar:/Users/cesarriosusuga/.m2/repository/dk/brics/automaton/automaton/1.11-8/automaton-1.11-8.jar:/Users/cesarriosusuga/.m2/repository/net/andreinc/aleph/0.1.1/aleph-0.1.1.jar:/Users/cesarriosusuga/.m2/repository/net/andreinc/markovneat/1.8/markovneat-1.8.jar:/Users/cesarriosusuga/.m2/repository/net/serenity-bdd/serenity-rest-assured/3.2.4/serenity-rest-assured-3.2.4.jar:/Users/cesarriosusuga/.m2/repository/org/apache/httpcomponents/httpclient/4.5.13/httpclient-4.5.13.jar:/Users/cesarriosusuga/.m2/repository/commons-logging/commons-logging/1.2/commons-logging-1.2.jar:/Users/cesarriosusuga/.m2/repository/org/apache/groovy/groovy-json/4.0.1/groovy-json-4.0.1.jar:/Users/cesarriosusuga/.m2/repository/org/apache/groovy/groovy-xml/4.0.1/groovy-xml-4.0.1.jar:/Users/cesarriosusuga/.m2/repository/org/opentest4j/opentest4j/1.2.0/opentest4j-1.2.0.jar:/Users/cesarriosusuga/.m2/repository/io/rest-assured/rest-assured/5.1.1/rest-assured-5.1.1.jar:/Users/cesarriosusuga/.m2/repository/org/apache/httpcomponents/httpmime/4.5.13/httpmime-4.5.13.jar:/Users/cesarriosusuga/.m2/repository/org/ccil/cowan/tagsoup/tagsoup/1.2.1/tagsoup-1.2.1.jar:/Users/cesarriosusuga/.m2/repository/io/rest-assured/json-path/5.1.1/json-path-5.1.1.jar:/Users/cesarriosusuga/.m2/repository/io/rest-assured/rest-assured-common/5.1.1/rest-assured-common-5.1.1.jar:/Users/cesarriosusuga/.m2/repository/io/rest-assured/xml-path/5.1.1/xml-path-5.1.1.jar:/Users/cesarriosusuga/.m2/repository/org/mongodb/mongodb-driver-sync/4.7.1/mongodb-driver-sync-4.7.1.jar:/Users/cesarriosusuga/.m2/repository/org/mongodb/bson/4.7.1/bson-4.7.1.jar:/Users/cesarriosusuga/.m2/repository/org/mongodb/mongodb-driver-core/4.7.1/mongodb-driver-core-4.7.1.jar:/Users/cesarriosusuga/.m2/repository/org/mongodb/bson-record-codec/4.7.1/bson-record-codec-4.7.1.jar:/Users/cesarriosusuga/.m2/repository/net/serenity-bdd/serenity-browserstack/3.2.4/serenity-browserstack-3.2.4.jar:/Users/cesarriosusuga/.m2/repository/org/apache/httpcomponents/httpcore/4.4.14/httpcore-4.4.14.jar:/Users/cesarriosusuga/.m2/repository/org/apache/maven/surefire/surefire-junit-platform/3.0.0-M5/surefire-junit-platform-3.0.0-M5.jar:/Users/cesarriosusuga/.m2/repository/org/apache/maven/surefire/common-java5/3.0.0-M5/common-java5-3.0.0-M5.jar"/>
    <property name="webdriver.remote.url" value="https://cesarrios_6wO4Zt:evgWdGT2L7rpPzjC6Xzg@hub-cloud.browserstack.com/wd/hub"/>
    <property name="java.protocol.handler.pkgs" value="com.google.common"/>
    <property name="sun.management.compiler" value="HotSpot 64-Bit Tiered Compilers"/>
    <property name="ftp.nonProxyHosts" value="local|*.local|169.254/16|*.169.254/16"/>
    <property name="java.runtime.version" value="18.0.2.1+0"/>
    <property name="user.name" value="cesarriosusuga"/>
    <property name="path.separator" value=":"/>
    <property name="otel.metrics.exporter" value="none"/>
    <property name="os.version" value="12.2.1"/>
    <property name="java.runtime.name" value="OpenJDK Runtime Environment"/>
    <property name="otel.traces.exporter" value="none"/>
    <property name="file.encoding" value="UTF-8"/>
    <property name="webdriver.base.url" value=""/>
    <property name="java.vm.name" value="OpenJDK 64-Bit Server VM"/>
    <property name="java.vendor.version" value="Homebrew"/>
    <property name="localRepository" value="/Users/cesarriosusuga/.m2/repository"/>
    <property name="java.vendor.url.bug" value="https://github.com/Homebrew/homebrew-core/issues"/>
    <property name="java.io.tmpdir" value="/var/folders/gw/10b72tvn1jlcc0qdxrft6r940000gn/T/"/>
    <property name="java.version" value="18.0.2.1"/>
    <property name="browserstack.build" value="AutomationPragma"/>
    <property name="cucumber.filter.tags" value="@Purchase"/>
    <property name="user.dir" value="/Users/cesarriosusuga/Desktop/Automation/AutomatizacionPragma"/>
    <property name="os.arch" value="aarch64"/>
    <property name="java.vm.specification.name" value="Java Virtual Machine Specification"/>
    <property name="native.encoding" value="UTF-8"/>
    <property name="java.library.path" value="/Users/cesarriosusuga/Library/Java/Extensions:/Library/Java/Extensions:/Network/Library/Java/Extensions:/System/Library/Java/Extensions:/usr/lib/java:."/>
    <property name="java.vm.info" value="mixed mode"/>
    <property name="java.vendor" value="Homebrew"/>
    <property name="java.vm.version" value="18.0.2.1+0"/>
    <property name="sun.io.unicode.encoding" value="UnicodeBig"/>
    <property name="socksNonProxyHosts" value="local|*.local|169.254/16|*.169.254/16"/>
    <property name="java.class.version" value="62.0"/>
  </properties>
  <testcase name="Purchase a product" classname="Purchase" time="45.647">
    <error type="io.cucumber.core.exception.CucumberException"><![CDATA[io.cucumber.core.exception.CucumberException: 
Step [completes the purchase process successfully] is defined with 3 parameters at 'StepsDefinitions.PurchaseDefinitions.PurchaseDefinitions.completePurchase(java.lang.String,java.lang.String,java.lang.String)'.
However, the gherkin step has 0 arguments.
Step text: completes the purchase process successfully
]]></error>
    <system-out><![CDATA[03:45:40.363 [main] INFO io.cucumber.core.plugin.SerenityReporter - Running feature from file:///Users/cesarriosusuga/Desktop/Automation/AutomatizacionPragma/src/test/resources/features/Login.feature
03:45:40.433 [main] INFO  - &amp#27;[96m

-------------------------------------------------------------------------------------
     _______. _______ .______       _______ .__   __.  __  .___________.____    ____ 
    /       ||   ____||   _  \     |   ____||  \ |  | |  | |           |\   \  /   / 
   |   (----`|  |__   |  |_)  |    |  |__   |   \|  | |  | `---|  |----` \   \/   /  
    \   \    |   __|  |      /     |   __|  |  . `  | |  |     |  |       \_    _/   
.----)   |   |  |____ |  |\  \----.|  |____ |  |\   | |  |     |  |         |  |     
|_______/    |_______|| _| `._____||_______||__| \__| |__|     |__|         |__|    
                                                                                     
 News and tutorials at http://www.serenity-bdd.info                                  
 Documentation at https://wakaleo.gitbooks.io/the-serenity-book/content/             
 Join the Serenity Community on Gitter: https://gitter.im/serenity-bdd/serenity-core 
 Serenity BDD Support and Training at http://serenity-bdd.info/#/trainingandsupport  
-------------------------------------------------------------------------------------
&amp#27;[0m
03:45:40.434 [main] DEBUG net.thucydides.core.steps.StepEventBus - Test suite started for story net.thucydides.core.model.Story@23282f08
03:45:40.436 [main] INFO  - Test Suite Started: Login
03:45:40.442 [main] INFO io.cucumber.core.plugin.SerenityReporter - Running feature from file:///Users/cesarriosusuga/Desktop/Automation/AutomatizacionPragma/src/test/resources/features/Products.feature
03:45:40.444 [main] DEBUG net.thucydides.core.steps.StepEventBus - Test suite started for story net.thucydides.core.model.Story@31b157a8
03:45:40.444 [main] INFO  - Test Suite Started: Products
03:45:40.444 [main] INFO io.cucumber.core.plugin.SerenityReporter - Running feature from file:///Users/cesarriosusuga/Desktop/Automation/AutomatizacionPragma/src/test/resources/features/Purchase.feature
03:45:40.446 [main] DEBUG net.thucydides.core.steps.StepEventBus - Test suite started for story net.thucydides.core.model.Story@2c6cde48
03:45:40.446 [main] INFO  - Test Suite Started: Purchase
03:45:40.446 [main] INFO io.cucumber.core.plugin.SerenityReporter - Running feature from file:///Users/cesarriosusuga/Desktop/Automation/AutomatizacionPragma/src/test/resources/features/Purchase.feature
03:45:40.448 [main] DEBUG net.thucydides.core.steps.StepEventBus - Test suite started for story net.thucydides.core.model.Story@2c6cde48
03:45:40.449 [main] INFO  - Test Suite Started: Purchase

@Purchase
Scenario: Purchase a product                                                          &amp#27;[90m# src/test/resources/features/Purchase.feature:11&amp#27;[0m
03:45:40.484 [main] INFO io.cucumber.core.plugin.SerenityReporter - Running feature from file:///Users/cesarriosusuga/Desktop/Automation/AutomatizacionPragma/src/test/resources/features/Purchase.feature
03:45:40.542 [main] INFO  - 
  _____   ___   ___   _____     ___   _____     _     ___   _____   ___   ___  
 |_   _| | __| / __| |_   _|   / __| |_   _|   /_\   | _ \ |_   _| | __| |   \ 
   | |   | _|  \__ \   | |     \__ \   | |    / _ \  |   /   | |   | _|  | |) |
   |_|   |___| |___/   |_|     |___/   |_|   /_/ \_\ |_|_\   |_|   |___| |___/ 

Purchase a product(purchase;purchase-a-product)
--------------------------------------------------------------------------------
03:45:40.746 [main] DEBUG net.thucydides.core.steps.StepInterceptor - STARTING STEP: Hooks.openBaseUrl - navigateToBaseUrl
03:45:41.630 [main] DEBUG net.thucydides.core.reflection.ClassFinder - Could not load class .Pages.BasePage
03:45:41.630 [main] DEBUG net.thucydides.core.reflection.ClassFinder - Could not load class .Pages.LoginPage
03:45:41.630 [main] DEBUG net.thucydides.core.reflection.ClassFinder - Could not load class .Pages.ProductsPage
03:45:41.630 [main] DEBUG net.thucydides.core.reflection.ClassFinder - Could not load class .Pages.PurchasePage
03:45:41.630 [main] DEBUG net.thucydides.core.reflection.ClassFinder - Could not load class .Runner.CucumberTestSuite
03:45:41.630 [main] DEBUG net.thucydides.core.reflection.ClassFinder - Could not load class .Steps.LoginSteps.LoginSteps
03:45:41.630 [main] DEBUG net.thucydides.core.reflection.ClassFinder - Could not load class .Steps.ProductsSteps.ProductsSteps
03:45:41.630 [main] DEBUG net.thucydides.core.reflection.ClassFinder - Could not load class .Steps.PurchaseSteps.PurchaseSteps
03:45:41.630 [main] DEBUG net.thucydides.core.reflection.ClassFinder - Could not load class .StepsDefinitions.LoginDefinitions.LoginDefinitions
03:45:41.630 [main] DEBUG net.thucydides.core.reflection.ClassFinder - Could not load class .StepsDefinitions.ProductsDefinitions.ProductsDefinitions
03:45:41.630 [main] DEBUG net.thucydides.core.reflection.ClassFinder - Could not load class .StepsDefinitions.PurchaseDefinitions.PurchaseDefinitions
03:45:41.630 [main] DEBUG net.thucydides.core.reflection.ClassFinder - Could not load class .StepsDefinitions.hooks.Hooks
03:45:41.630 [main] DEBUG net.thucydides.core.reflection.ClassFinder - Could not load class .utils.AutomationException
03:45:41.630 [main] DEBUG net.thucydides.core.reflection.ClassFinder - Could not load class .utils.CapturedMesaages
03:45:41.630 [main] DEBUG net.thucydides.core.reflection.ClassFinder - Could not load class .utils.TestDataReader
03:45:41.631 [main] DEBUG net.thucydides.core.reflection.ClassFinder - Could not load class META-INF.versions.9.com.sun.istack.logging.StackHelper
03:45:41.631 [main] DEBUG net.thucydides.core.reflection.ClassFinder - Could not load class META-INF.versions.9.com.sun.xml.bind.v2.runtime.reflect.opt.AccessorInjector
03:45:41.631 [main] DEBUG net.thucydides.core.reflection.ClassFinder - Could not load class META-INF.versions.9.com.sun.xml.bind.v2.runtime.reflect.opt.Injector
03:45:41.632 [main] DEBUG net.thucydides.core.reflection.ClassFinder - Could not load class META-INF.versions.9.com.sun.xml.bind.v2.runtime.reflect.opt.OptimizedAccessorFactory
03:45:41.632 [main] DEBUG net.thucydides.core.reflection.ClassFinder - Could not load class META-INF.versions.9.com.sun.xml.bind.v2.runtime.reflect.opt.OptimizedTransducedAccessorFactory
03:45:41.632 [main] DEBUG net.thucydides.core.reflection.ClassFinder - Could not load class META-INF.versions.9.io.opentelemetry.sdk.internal.CurrentJavaVersionSpecific
03:45:41.632 [main] DEBUG net.thucydides.core.reflection.ClassFinder - Could not load class META-INF.versions.9.io.opentelemetry.sdk.internal.Java9VersionSpecific
03:45:41.632 [main] DEBUG net.thucydides.core.reflection.ClassFinder - Could not load class META-INF.versions.9.javax.xml.bind.ModuleUtil
03:45:41.632 [main] DEBUG net.thucydides.core.reflection.ClassFinder - Could not load class META-INF.versions.9.module-info
03:45:41.633 [main] DEBUG net.thucydides.core.reflection.ClassFinder - Could not load class META-INF.versions.9.org.junit.platform.commons.util.ModuleUtils
03:45:41.771 [main] DEBUG net.thucydides.core.reflection.ClassFinder - Could not load class com.google.gson.internal.
03:45:41.819 [main] DEBUG net.thucydides.core.reflection.ClassFinder - Could not load class com.sun.xml.bind.v2.runtime.output.FastInfosetStreamWriterOutput
03:45:41.965 [main] DEBUG net.thucydides.core.reflection.ClassFinder - Could not load class module-info
03:45:43.117 [main] DEBUG io.netty.util.internal.logging.InternalLoggerFactory - Using SLF4J as the default logging framework
03:45:43.119 [main] DEBUG io.netty.util.ResourceLeakDetector - -Dio.netty.leakDetection.level: simple
03:45:43.119 [main] DEBUG io.netty.util.ResourceLeakDetector - -Dio.netty.leakDetection.targetRecords: 4
03:45:43.120 [main] DEBUG io.netty.util.ResourceLeakDetectorFactory - Loaded default ResourceLeakDetector: io.netty.util.ResourceLeakDetector@5d225368
03:45:43.126 [main] DEBUG io.netty.util.internal.PlatformDependent0 - -Dio.netty.noUnsafe: false
03:45:43.127 [main] DEBUG io.netty.util.internal.PlatformDependent0 - Java version: 18
03:45:43.127 [main] DEBUG io.netty.util.internal.PlatformDependent0 - sun.misc.Unsafe.theUnsafe: available
03:45:43.127 [main] DEBUG io.netty.util.internal.PlatformDependent0 - sun.misc.Unsafe.copyMemory: available
03:45:43.127 [main] DEBUG io.netty.util.internal.PlatformDependent0 - java.nio.Buffer.address: available
03:45:43.127 [main] DEBUG io.netty.util.internal.PlatformDependent0 - direct buffer constructor: unavailable: Reflective setAccessible(true) disabled
03:45:43.128 [main] DEBUG io.netty.util.internal.PlatformDependent0 - java.nio.Bits.unaligned: available, true
03:45:43.128 [main] DEBUG io.netty.util.internal.PlatformDependent0 - jdk.internal.misc.Unsafe.allocateUninitializedArray(int): unavailable: class io.netty.util.internal.PlatformDependent0$6 cannot access class jdk.internal.misc.Unsafe (in module java.base) because module java.base does not export jdk.internal.misc to unnamed module @5609159b
03:45:43.129 [main] DEBUG io.netty.util.internal.PlatformDependent0 - java.nio.DirectByteBuffer.<init>(long, int): unavailable
03:45:43.129 [main] DEBUG io.netty.util.internal.PlatformDependent - sun.misc.Unsafe: available
03:45:43.131 [main] DEBUG io.netty.util.internal.PlatformDependent - maxDirectMemory: 2147483648 bytes (maybe)
03:45:43.131 [main] DEBUG io.netty.util.internal.PlatformDependent - -Dio.netty.tmpdir: /var/folders/gw/10b72tvn1jlcc0qdxrft6r940000gn/T (java.io.tmpdir)
03:45:43.131 [main] DEBUG io.netty.util.internal.PlatformDependent - -Dio.netty.bitMode: 64 (sun.arch.data.model)
03:45:43.131 [main] DEBUG io.netty.util.internal.PlatformDependent - Platform: MacOS
03:45:43.131 [main] DEBUG io.netty.util.internal.PlatformDependent - -Dio.netty.maxDirectMemory: -1 bytes
03:45:43.131 [main] DEBUG io.netty.util.internal.PlatformDependent - -Dio.netty.uninitializedArrayAllocationThreshold: -1
03:45:43.131 [main] DEBUG io.netty.util.internal.CleanerJava9 - java.nio.ByteBuffer.cleaner(): available
03:45:43.131 [main] DEBUG io.netty.util.internal.PlatformDependent - -Dio.netty.noPreferDirect: false
03:45:43.134 [main] DEBUG io.netty.util.internal.PlatformDependent - org.jctools-core.MpscChunkedArrayQueue: available
03:45:43.143 [main] DEBUG io.netty.util.internal.InternalThreadLocalMap - -Dio.netty.threadLocalMap.stringBuilder.initialSize: 1024
03:45:43.143 [main] DEBUG io.netty.util.internal.InternalThreadLocalMap - -Dio.netty.threadLocalMap.stringBuilder.maxSize: 4096
03:45:43.223 [main] DEBUG io.netty.handler.ssl.JdkSslContext - Default protocols (JDK): [TLSv1.3, TLSv1.2] 
03:45:43.223 [main] DEBUG io.netty.handler.ssl.JdkSslContext - Default cipher suites (JDK): [TLS_ECDHE_ECDSA_WITH_AES_256_GCM_SHA384, TLS_ECDHE_ECDSA_WITH_AES_128_GCM_SHA256, TLS_ECDHE_RSA_WITH_AES_128_GCM_SHA256, TLS_ECDHE_RSA_WITH_AES_256_GCM_SHA384, TLS_ECDHE_RSA_WITH_AES_128_CBC_SHA, TLS_ECDHE_RSA_WITH_AES_256_CBC_SHA, TLS_RSA_WITH_AES_128_GCM_SHA256, TLS_RSA_WITH_AES_128_CBC_SHA, TLS_RSA_WITH_AES_256_CBC_SHA, TLS_AES_128_GCM_SHA256, TLS_AES_256_GCM_SHA384]
03:45:43.235 [main] DEBUG io.netty.channel.MultithreadEventLoopGroup - -Dio.netty.eventLoopThreads: 16
03:45:43.240 [main] DEBUG io.netty.channel.nio.NioEventLoop - -Dio.netty.noKeySetOptimization: false
03:45:43.241 [main] DEBUG io.netty.channel.nio.NioEventLoop - -Dio.netty.selectorAutoRebuildThreshold: 512
03:45:43.255 [main] DEBUG io.netty.buffer.PooledByteBufAllocator - -Dio.netty.allocator.numHeapArenas: 16
03:45:43.255 [main] DEBUG io.netty.buffer.PooledByteBufAllocator - -Dio.netty.allocator.numDirectArenas: 16
03:45:43.255 [main] DEBUG io.netty.buffer.PooledByteBufAllocator - -Dio.netty.allocator.pageSize: 8192
03:45:43.255 [main] DEBUG io.netty.buffer.PooledByteBufAllocator - -Dio.netty.allocator.maxOrder: 9
03:45:43.255 [main] DEBUG io.netty.buffer.PooledByteBufAllocator - -Dio.netty.allocator.chunkSize: 4194304
03:45:43.255 [main] DEBUG io.netty.buffer.PooledByteBufAllocator - -Dio.netty.allocator.smallCacheSize: 256
03:45:43.255 [main] DEBUG io.netty.buffer.PooledByteBufAllocator - -Dio.netty.allocator.normalCacheSize: 64
03:45:43.255 [main] DEBUG io.netty.buffer.PooledByteBufAllocator - -Dio.netty.allocator.maxCachedBufferCapacity: 32768
03:45:43.255 [main] DEBUG io.netty.buffer.PooledByteBufAllocator - -Dio.netty.allocator.cacheTrimInterval: 8192
03:45:43.255 [main] DEBUG io.netty.buffer.PooledByteBufAllocator - -Dio.netty.allocator.cacheTrimIntervalMillis: 0
03:45:43.255 [main] DEBUG io.netty.buffer.PooledByteBufAllocator - -Dio.netty.allocator.useCacheForAllThreads: false
03:45:43.255 [main] DEBUG io.netty.buffer.PooledByteBufAllocator - -Dio.netty.allocator.maxCachedByteBuffersPerChunk: 1023
03:45:43.259 [main] DEBUG io.netty.buffer.ByteBufUtil - -Dio.netty.allocator.type: pooled
03:45:43.259 [main] DEBUG io.netty.buffer.ByteBufUtil - -Dio.netty.threadLocalDirectBufferSize: 0
03:45:43.259 [main] DEBUG io.netty.buffer.ByteBufUtil - -Dio.netty.maxThreadLocalCharBufferSize: 16384
03:45:44.235 [Forwarding newSession on session null to remote] DEBUG io.netty.channel.DefaultChannelId - -Dio.netty.processId: 22481 (auto-detected)
03:45:44.236 [Forwarding newSession on session null to remote] DEBUG io.netty.util.NetUtil - -Djava.net.preferIPv4Stack: false
03:45:44.236 [Forwarding newSession on session null to remote] DEBUG io.netty.util.NetUtil - -Djava.net.preferIPv6Addresses: false
03:45:44.238 [Forwarding newSession on session null to remote] DEBUG io.netty.util.NetUtilInitializations - Loopback interface: lo0 (lo0, 0:0:0:0:0:0:0:1%lo0)
03:45:44.238 [Forwarding newSession on session null to remote] DEBUG io.netty.util.NetUtil - Failed to get SOMAXCONN from sysctl and file /proc/sys/net/core/somaxconn. Default: 128
03:45:44.239 [Forwarding newSession on session null to remote] DEBUG io.netty.channel.DefaultChannelId - -Dio.netty.machineId: 3c:06:30:ff:fe:15:d0:4c (auto-detected)
03:45:44.255 [AsyncHttpClient-1-2] DEBUG io.netty.buffer.AbstractByteBuf - -Dio.netty.buffer.checkAccessible: true
03:45:44.255 [AsyncHttpClient-1-2] DEBUG io.netty.buffer.AbstractByteBuf - -Dio.netty.buffer.checkBounds: true
03:45:44.255 [AsyncHttpClient-1-2] DEBUG io.netty.util.ResourceLeakDetectorFactory - Loaded default ResourceLeakDetector: io.netty.util.ResourceLeakDetector@28d367cb
03:45:44.348 [AsyncHttpClient-1-2] DEBUG io.netty.util.Recycler - -Dio.netty.recycler.maxCapacityPerThread: 4096
03:45:44.348 [AsyncHttpClient-1-2] DEBUG io.netty.util.Recycler - -Dio.netty.recycler.ratio: 8
03:45:44.348 [AsyncHttpClient-1-2] DEBUG io.netty.util.Recycler - -Dio.netty.recycler.chunkSize: 32
03:45:44.348 [AsyncHttpClient-1-2] DEBUG io.netty.util.Recycler - -Dio.netty.recycler.blocking: false
03:45:44.475 [AsyncHttpClient-1-2] DEBUG io.netty.handler.ssl.util.InsecureTrustManagerFactory - Accepting a server certificate: CN=*.browserstack.com
03:45:44.567 [AsyncHttpClient-1-2] DEBUG org.asynchttpclient.netty.channel.NettyConnectListener - Using new Channel '[id: 0x631b3838, L:/192.168.1.60:61639 - R:hub-cloud.browserstack.com/207.254.8.4:443]' for 'POST' to '/wd/hub/session'
03:45:44.590 [AsyncHttpClient-1-2] DEBUG io.netty.handler.ssl.SslHandler - [id: 0x631b3838, L:/192.168.1.60:61639 - R:hub-cloud.browserstack.com/207.254.8.4:443] HANDSHAKEN: protocol:TLSv1.2 cipher suite:TLS_ECDHE_RSA_WITH_AES_128_GCM_SHA256
03:45:58.141 [AsyncHttpClient-1-2] DEBUG io.netty.handler.codec.compression.Brotli - brotli4j not in the classpath; Brotli support will be unavailable.
03:45:58.143 [AsyncHttpClient-1-2] DEBUG org.asynchttpclient.netty.handler.HttpHandler - 

Request DefaultHttpRequest(decodeResult: success, version: HTTP/1.1)
POST /wd/hub/session HTTP/1.1
User-Agent: selenium/4.1.3 (java mac)
traceparent: 00-251413b83c82826267cd289b21465e86-3401d990bf1af23b-01
Content-Length: 2708
Content-Type: application/json; charset=utf-8
host: hub-cloud.browserstack.com
authorization: Basic Y2VzYXJyaW9zXzZ3TzRadDpldmdXZEdUMkw3cnBQempDNlh6Zw==
accept: */*

Response DefaultHttpResponse(decodeResult: success, version: HTTP/1.1)
HTTP/1.1 200 OK
Server: nginx
Date: Fri, 05 May 2023 08:45:58 GMT
Content-Type: application/json; charset=utf-8
Transfer-Encoding: chunked
Connection: keep-alive
Source-From: 02
cache-control: no-cache

03:45:58.155 [AsyncHttpClient-1-2] DEBUG org.asynchttpclient.netty.channel.ChannelManager - Adding key: https://hub-cloud.browserstack.com:443 for channel [id: 0x631b3838, L:/192.168.1.60:61639 - R:hub-cloud.browserstack.com/207.254.8.4:443]
03:45:58.230 [Forwarding setTimeout on session 5bdc3f4a8e5cefb88ac2450c975a42a0b5f05738 to remote] DEBUG org.asynchttpclient.netty.request.NettyRequestSender - Using pooled Channel '[id: 0x631b3838, L:/192.168.1.60:61639 - R:hub-cloud.browserstack.com/207.254.8.4:443]' for 'POST' to 'https://cesarrios_6wO4Zt:evgWdGT2L7rpPzjC6Xzg@hub-cloud.browserstack.com/wd/hub/session/5bdc3f4a8e5cefb88ac2450c975a42a0b5f05738/timeouts'
03:45:58.230 [Forwarding setTimeout on session 5bdc3f4a8e5cefb88ac2450c975a42a0b5f05738 to remote] DEBUG org.asynchttpclient.netty.request.NettyRequestSender - Using open Channel [id: 0x631b3838, L:/192.168.1.60:61639 - R:hub-cloud.browserstack.com/207.254.8.4:443] for POST '/wd/hub/session/5bdc3f4a8e5cefb88ac2450c975a42a0b5f05738/timeouts'
03:45:58.352 [AsyncHttpClient-1-2] DEBUG org.asynchttpclient.netty.handler.HttpHandler - 

Request DefaultHttpRequest(decodeResult: success, version: HTTP/1.1)
POST /wd/hub/session/5bdc3f4a8e5cefb88ac2450c975a42a0b5f05738/timeouts HTTP/1.1
User-Agent: selenium/4.1.3 (java mac)
traceparent: 00-df8ef94b0079a58a8d4ef52afe318964-129d58849e5a66a6-01
Content-Length: 23
Content-Type: application/json; charset=utf-8
host: hub-cloud.browserstack.com
authorization: Basic Y2VzYXJyaW9zXzZ3TzRadDpldmdXZEdUMkw3cnBQempDNlh6Zw==
accept: */*

Response DefaultHttpResponse(decodeResult: success, version: HTTP/1.1)
HTTP/1.1 200 OK
Server: nginx
Date: Fri, 05 May 2023 08:45:58 GMT
Content-Type: application/json;charset=utf-8
Connection: keep-alive
Source-From: 02
expires: Thu, 01 Jan 1970 00:00:00 GMT
cache-control: no-cache, no-cache
temp-header: 8781-1191319687-13-1683276358.347-rproxy-core-002-dcp-use3a-prod.browserstack.com
content-length: 14

03:45:58.353 [AsyncHttpClient-1-2] DEBUG org.asynchttpclient.netty.channel.ChannelManager - Adding key: https://hub-cloud.browserstack.com:443 for channel [id: 0x631b3838, L:/192.168.1.60:61639 - R:hub-cloud.browserstack.com/207.254.8.4:443]
03:45:58.356 [Forwarding maximizeCurrentWindow on session 5bdc3f4a8e5cefb88ac2450c975a42a0b5f05738 to remote] DEBUG org.asynchttpclient.netty.request.NettyRequestSender - Using pooled Channel '[id: 0x631b3838, L:/192.168.1.60:61639 - R:hub-cloud.browserstack.com/207.254.8.4:443]' for 'POST' to 'https://cesarrios_6wO4Zt:evgWdGT2L7rpPzjC6Xzg@hub-cloud.browserstack.com/wd/hub/session/5bdc3f4a8e5cefb88ac2450c975a42a0b5f05738/window/maximize'
03:45:58.356 [Forwarding maximizeCurrentWindow on session 5bdc3f4a8e5cefb88ac2450c975a42a0b5f05738 to remote] DEBUG org.asynchttpclient.netty.request.NettyRequestSender - Using open Channel [id: 0x631b3838, L:/192.168.1.60:61639 - R:hub-cloud.browserstack.com/207.254.8.4:443] for POST '/wd/hub/session/5bdc3f4a8e5cefb88ac2450c975a42a0b5f05738/window/maximize'
03:45:58.936 [AsyncHttpClient-1-2] DEBUG org.asynchttpclient.netty.handler.HttpHandler - 

Request DefaultHttpRequest(decodeResult: success, version: HTTP/1.1)
POST /wd/hub/session/5bdc3f4a8e5cefb88ac2450c975a42a0b5f05738/window/maximize HTTP/1.1
User-Agent: selenium/4.1.3 (java mac)
traceparent: 00-56d874dc81363f49ba125663936c1514-387763ea530d9d48-01
Content-Length: 3
Content-Type: application/json; charset=utf-8
host: hub-cloud.browserstack.com
authorization: Basic Y2VzYXJyaW9zXzZ3TzRadDpldmdXZEdUMkw3cnBQempDNlh6Zw==
accept: */*

Response DefaultHttpResponse(decodeResult: success, version: HTTP/1.1)
HTTP/1.1 200 OK
Server: nginx
Date: Fri, 05 May 2023 08:45:58 GMT
Content-Type: application/json;charset=utf-8
Connection: keep-alive
Source-From: 02
expires: Thu, 01 Jan 1970 00:00:00 GMT
cache-control: no-cache, no-cache
temp-header: 10523-1809702500-98-1683276358.742-rproxy-core-001-dcp-use3a-prod.browserstack.com
content-length: 52

03:45:58.936 [AsyncHttpClient-1-2] DEBUG org.asynchttpclient.netty.channel.ChannelManager - Adding key: https://hub-cloud.browserstack.com:443 for channel [id: 0x631b3838, L:/192.168.1.60:61639 - R:hub-cloud.browserstack.com/207.254.8.4:443]
03:45:59.478 [main] DEBUG net.thucydides.core.reflection.ClassFinder - Could not load class .Pages.BasePage
03:45:59.478 [main] DEBUG net.thucydides.core.reflection.ClassFinder - Could not load class .Pages.LoginPage
03:45:59.478 [main] DEBUG net.thucydides.core.reflection.ClassFinder - Could not load class .Pages.ProductsPage
03:45:59.478 [main] DEBUG net.thucydides.core.reflection.ClassFinder - Could not load class .Pages.PurchasePage
03:45:59.478 [main] DEBUG net.thucydides.core.reflection.ClassFinder - Could not load class .Runner.CucumberTestSuite
03:45:59.478 [main] DEBUG net.thucydides.core.reflection.ClassFinder - Could not load class .Steps.LoginSteps.LoginSteps
03:45:59.478 [main] DEBUG net.thucydides.core.reflection.ClassFinder - Could not load class .Steps.ProductsSteps.ProductsSteps
03:45:59.478 [main] DEBUG net.thucydides.core.reflection.ClassFinder - Could not load class .Steps.PurchaseSteps.PurchaseSteps
03:45:59.478 [main] DEBUG net.thucydides.core.reflection.ClassFinder - Could not load class .StepsDefinitions.LoginDefinitions.LoginDefinitions
03:45:59.478 [main] DEBUG net.thucydides.core.reflection.ClassFinder - Could not load class .StepsDefinitions.ProductsDefinitions.ProductsDefinitions
03:45:59.479 [main] DEBUG net.thucydides.core.reflection.ClassFinder - Could not load class .StepsDefinitions.PurchaseDefinitions.PurchaseDefinitions
03:45:59.479 [main] DEBUG net.thucydides.core.reflection.ClassFinder - Could not load class .StepsDefinitions.hooks.Hooks
03:45:59.479 [main] DEBUG net.thucydides.core.reflection.ClassFinder - Could not load class .utils.AutomationException
03:45:59.479 [main] DEBUG net.thucydides.core.reflection.ClassFinder - Could not load class .utils.CapturedMesaages
03:45:59.479 [main] DEBUG net.thucydides.core.reflection.ClassFinder - Could not load class .utils.TestDataReader
03:45:59.479 [main] DEBUG net.thucydides.core.reflection.ClassFinder - Could not load class META-INF.versions.9.com.sun.istack.logging.StackHelper
03:45:59.479 [main] DEBUG net.thucydides.core.reflection.ClassFinder - Could not load class META-INF.versions.9.com.sun.xml.bind.v2.runtime.reflect.opt.AccessorInjector
03:45:59.479 [main] DEBUG net.thucydides.core.reflection.ClassFinder - Could not load class META-INF.versions.9.com.sun.xml.bind.v2.runtime.reflect.opt.Injector
03:45:59.479 [main] DEBUG net.thucydides.core.reflection.ClassFinder - Could not load class META-INF.versions.9.com.sun.xml.bind.v2.runtime.reflect.opt.OptimizedAccessorFactory
03:45:59.479 [main] DEBUG net.thucydides.core.reflection.ClassFinder - Could not load class META-INF.versions.9.com.sun.xml.bind.v2.runtime.reflect.opt.OptimizedTransducedAccessorFactory
03:45:59.479 [main] DEBUG net.thucydides.core.reflection.ClassFinder - Could not load class META-INF.versions.9.io.opentelemetry.sdk.internal.CurrentJavaVersionSpecific
03:45:59.480 [main] DEBUG net.thucydides.core.reflection.ClassFinder - Could not load class META-INF.versions.9.io.opentelemetry.sdk.internal.Java9VersionSpecific
03:45:59.480 [main] DEBUG net.thucydides.core.reflection.ClassFinder - Could not load class META-INF.versions.9.javax.xml.bind.ModuleUtil
03:45:59.480 [main] DEBUG net.thucydides.core.reflection.ClassFinder - Could not load class META-INF.versions.9.module-info
03:45:59.480 [main] DEBUG net.thucydides.core.reflection.ClassFinder - Could not load class META-INF.versions.9.org.junit.platform.commons.util.ModuleUtils
03:45:59.481 [main] DEBUG net.thucydides.core.reflection.ClassFinder - Could not load class com.google.gson.internal.
03:45:59.482 [main] DEBUG net.thucydides.core.reflection.ClassFinder - Could not load class com.sun.xml.bind.v2.runtime.output.FastInfosetStreamWriterOutput
03:45:59.483 [main] DEBUG net.thucydides.core.reflection.ClassFinder - Could not load class module-info
03:45:59.501 [Forwarding get on session 5bdc3f4a8e5cefb88ac2450c975a42a0b5f05738 to remote] DEBUG org.asynchttpclient.netty.request.NettyRequestSender - Using pooled Channel '[id: 0x631b3838, L:/192.168.1.60:61639 - R:hub-cloud.browserstack.com/207.254.8.4:443]' for 'POST' to 'https://cesarrios_6wO4Zt:evgWdGT2L7rpPzjC6Xzg@hub-cloud.browserstack.com/wd/hub/session/5bdc3f4a8e5cefb88ac2450c975a42a0b5f05738/url'
03:45:59.501 [Forwarding get on session 5bdc3f4a8e5cefb88ac2450c975a42a0b5f05738 to remote] DEBUG org.asynchttpclient.netty.request.NettyRequestSender - Using open Channel [id: 0x631b3838, L:/192.168.1.60:61639 - R:hub-cloud.browserstack.com/207.254.8.4:443] for POST '/wd/hub/session/5bdc3f4a8e5cefb88ac2450c975a42a0b5f05738/url'
03:46:00.964 [AsyncHttpClient-1-2] DEBUG org.asynchttpclient.netty.handler.HttpHandler - 

Request DefaultHttpRequest(decodeResult: success, version: HTTP/1.1)
POST /wd/hub/session/5bdc3f4a8e5cefb88ac2450c975a42a0b5f05738/url HTTP/1.1
User-Agent: selenium/4.1.3 (java mac)
traceparent: 00-bba8496c9b838787b19ce77cc3aa995a-bf4fdab30e78287e-01
Content-Length: 56
Content-Type: application/json; charset=utf-8
host: hub-cloud.browserstack.com
authorization: Basic Y2VzYXJyaW9zXzZ3TzRadDpldmdXZEdUMkw3cnBQempDNlh6Zw==
accept: */*

Response DefaultHttpResponse(decodeResult: success, version: HTTP/1.1)
HTTP/1.1 200 OK
Server: nginx
Date: Fri, 05 May 2023 08:46:00 GMT
Content-Type: application/json;charset=utf-8
Connection: keep-alive
Source-From: 02
expires: Thu, 01 Jan 1970 00:00:00 GMT
cache-control: no-cache, no-cache
temp-header: 8788-1191319554-13-1683276360.945-rproxy-core-002-dcp-use3a-prod.browserstack.com
content-length: 14

03:46:00.965 [AsyncHttpClient-1-2] DEBUG org.asynchttpclient.netty.channel.ChannelManager - Adding key: https://hub-cloud.browserstack.com:443 for channel [id: 0x631b3838, L:/192.168.1.60:61639 - R:hub-cloud.browserstack.com/207.254.8.4:443]
03:46:00.988 [main] DEBUG net.serenitybdd.core.photography.Darkroom - Opening darkroom
03:46:00.989 [Darkroom Processing Line] DEBUG net.serenitybdd.core.photography.DarkroomProcessingLine - Darkroom processing line starting up
03:46:00.993 [Forwarding screenshot on session 5bdc3f4a8e5cefb88ac2450c975a42a0b5f05738 to remote] DEBUG org.asynchttpclient.netty.request.NettyRequestSender - Using pooled Channel '[id: 0x631b3838, L:/192.168.1.60:61639 - R:hub-cloud.browserstack.com/207.254.8.4:443]' for 'GET' to 'https://cesarrios_6wO4Zt:evgWdGT2L7rpPzjC6Xzg@hub-cloud.browserstack.com/wd/hub/session/5bdc3f4a8e5cefb88ac2450c975a42a0b5f05738/screenshot'
03:46:00.993 [Forwarding screenshot on session 5bdc3f4a8e5cefb88ac2450c975a42a0b5f05738 to remote] DEBUG org.asynchttpclient.netty.request.NettyRequestSender - Using open Channel [id: 0x631b3838, L:/192.168.1.60:61639 - R:hub-cloud.browserstack.com/207.254.8.4:443] for GET '/wd/hub/session/5bdc3f4a8e5cefb88ac2450c975a42a0b5f05738/screenshot'
03:46:01.347 [AsyncHttpClient-1-2] DEBUG org.asynchttpclient.netty.handler.HttpHandler - 

Request DefaultFullHttpRequest(decodeResult: success, version: HTTP/1.1, content: EmptyByteBufBE)
GET /wd/hub/session/5bdc3f4a8e5cefb88ac2450c975a42a0b5f05738/screenshot HTTP/1.1
User-Agent: selenium/4.1.3 (java mac)
Cache-Control: no-cache
traceparent: 00-fd30291ae89e992d844b1e9fd0f3dc7c-7e6c388c0bf67d15-01
Content-Type: application/json; charset=utf-8
host: hub-cloud.browserstack.com
authorization: Basic Y2VzYXJyaW9zXzZ3TzRadDpldmdXZEdUMkw3cnBQempDNlh6Zw==
accept: */*

Response DefaultHttpResponse(decodeResult: success, version: HTTP/1.1)
HTTP/1.1 200 OK
Server: nginx
Date: Fri, 05 May 2023 08:46:01 GMT
Content-Type: application/json;charset=utf-8
Connection: keep-alive
Source-From: 02
expires: Thu, 01 Jan 1970 00:00:00 GMT
cache-control: no-cache, no-cache
temp-header: 10523-1809761940-49-1683276361.278-rproxy-core-001-dcp-use3a-prod.browserstack.com
content-length: 73488

03:46:01.525 [AsyncHttpClient-1-2] DEBUG org.asynchttpclient.netty.channel.ChannelManager - Adding key: https://hub-cloud.browserstack.com:443 for channel [id: 0x631b3838, L:/192.168.1.60:61639 - R:hub-cloud.browserstack.com/207.254.8.4:443]
03:46:01.587 [main] DEBUG net.serenitybdd.core.photography.Darkroom - Send negative for processing for target/site/serenity/4f77d3d43277cb11cc3b70b7da591ab444cabba1276d01f8f5d566e10ed3919d.png
03:46:01.587 [Darkroom Processing Line] DEBUG net.serenitybdd.core.photography.DarkroomProcessingLine - Processing screenshot image in /var/screenshots/screenshot-4904625224231061718
03:46:01.587 [Darkroom Processing Line] DEBUG net.serenitybdd.core.photography.DarkroomProcessingLine - Saving screenshot to target/site/serenity/4f77d3d43277cb11cc3b70b7da591ab444cabba1276d01f8f5d566e10ed3919d.png
03:46:01.589 [main] DEBUG net.thucydides.core.steps.StepInterceptor - STEP DONE: navigateToBaseUrl
03:46:01.602 [main] DEBUG net.thucydides.core.steps.StepInterceptor - STARTING STEP: LoginDefinitions.heLogsIntoSaucedemo - logIntoSaucedemo
03:46:01.604 [Forwarding setTimeout on session 5bdc3f4a8e5cefb88ac2450c975a42a0b5f05738 to remote] DEBUG org.asynchttpclient.netty.request.NettyRequestSender - Using pooled Channel '[id: 0x631b3838, L:/192.168.1.60:61639 - R:hub-cloud.browserstack.com/207.254.8.4:443]' for 'POST' to 'https://cesarrios_6wO4Zt:evgWdGT2L7rpPzjC6Xzg@hub-cloud.browserstack.com/wd/hub/session/5bdc3f4a8e5cefb88ac2450c975a42a0b5f05738/timeouts'
03:46:01.604 [Forwarding setTimeout on session 5bdc3f4a8e5cefb88ac2450c975a42a0b5f05738 to remote] DEBUG org.asynchttpclient.netty.request.NettyRequestSender - Using open Channel [id: 0x631b3838, L:/192.168.1.60:61639 - R:hub-cloud.browserstack.com/207.254.8.4:443] for POST '/wd/hub/session/5bdc3f4a8e5cefb88ac2450c975a42a0b5f05738/timeouts'
03:46:01.777 [AsyncHttpClient-1-2] DEBUG org.asynchttpclient.netty.handler.HttpHandler - 

Request DefaultHttpRequest(decodeResult: success, version: HTTP/1.1)
POST /wd/hub/session/5bdc3f4a8e5cefb88ac2450c975a42a0b5f05738/timeouts HTTP/1.1
User-Agent: selenium/4.1.3 (java mac)
traceparent: 00-4051b31f0af97ad9f873d405862f5ece-50644860bc2129da-01
Content-Length: 19
Content-Type: application/json; charset=utf-8
host: hub-cloud.browserstack.com
authorization: Basic Y2VzYXJyaW9zXzZ3TzRadDpldmdXZEdUMkw3cnBQempDNlh6Zw==
accept: */*

Response DefaultHttpResponse(decodeResult: success, version: HTTP/1.1)
HTTP/1.1 200 OK
Server: nginx
Date: Fri, 05 May 2023 08:46:01 GMT
Content-Type: application/json;charset=utf-8
Connection: keep-alive
Source-From: 02
expires: Thu, 01 Jan 1970 00:00:00 GMT
cache-control: no-cache, no-cache
temp-header: 8788-1191317877-23-1683276361.779-rproxy-core-002-dcp-use3a-prod.browserstack.com
content-length: 14

03:46:01.777 [AsyncHttpClient-1-2] DEBUG org.asynchttpclient.netty.channel.ChannelManager - Adding key: https://hub-cloud.browserstack.com:443 for channel [id: 0x631b3838, L:/192.168.1.60:61639 - R:hub-cloud.browserstack.com/207.254.8.4:443]
03:46:01.781 [Forwarding findElement on session 5bdc3f4a8e5cefb88ac2450c975a42a0b5f05738 to remote] DEBUG org.asynchttpclient.netty.request.NettyRequestSender - Using pooled Channel '[id: 0x631b3838, L:/192.168.1.60:61639 - R:hub-cloud.browserstack.com/207.254.8.4:443]' for 'POST' to 'https://cesarrios_6wO4Zt:evgWdGT2L7rpPzjC6Xzg@hub-cloud.browserstack.com/wd/hub/session/5bdc3f4a8e5cefb88ac2450c975a42a0b5f05738/element'
03:46:01.781 [Forwarding findElement on session 5bdc3f4a8e5cefb88ac2450c975a42a0b5f05738 to remote] DEBUG org.asynchttpclient.netty.request.NettyRequestSender - Using open Channel [id: 0x631b3838, L:/192.168.1.60:61639 - R:hub-cloud.browserstack.com/207.254.8.4:443] for POST '/wd/hub/session/5bdc3f4a8e5cefb88ac2450c975a42a0b5f05738/element'
03:46:02.052 [AsyncHttpClient-1-2] DEBUG org.asynchttpclient.netty.handler.HttpHandler - 

Request DefaultHttpRequest(decodeResult: success, version: HTTP/1.1)
POST /wd/hub/session/5bdc3f4a8e5cefb88ac2450c975a42a0b5f05738/element HTTP/1.1
User-Agent: selenium/4.1.3 (java mac)
traceparent: 00-f17b36f5ac5eba732343f2f871c8c4c3-0c5e37e44c083886-01
Content-Length: 81
Content-Type: application/json; charset=utf-8
host: hub-cloud.browserstack.com
authorization: Basic Y2VzYXJyaW9zXzZ3TzRadDpldmdXZEdUMkw3cnBQempDNlh6Zw==
accept: */*

Response DefaultHttpResponse(decodeResult: success, version: HTTP/1.1)
HTTP/1.1 200 OK
Server: nginx
Date: Fri, 05 May 2023 08:46:02 GMT
Content-Type: application/json;charset=utf-8
Connection: keep-alive
Source-From: 02
expires: Thu, 01 Jan 1970 00:00:00 GMT
cache-control: no-cache, no-cache
temp-header: 8789-1191322967-14-1683276361.998-rproxy-core-002-dcp-use3a-prod.browserstack.com
content-length: 88

03:46:02.053 [AsyncHttpClient-1-2] DEBUG org.asynchttpclient.netty.channel.ChannelManager - Adding key: https://hub-cloud.browserstack.com:443 for channel [id: 0x631b3838, L:/192.168.1.60:61639 - R:hub-cloud.browserstack.com/207.254.8.4:443]
03:46:02.056 [Forwarding setTimeout on session 5bdc3f4a8e5cefb88ac2450c975a42a0b5f05738 to remote] DEBUG org.asynchttpclient.netty.request.NettyRequestSender - Using pooled Channel '[id: 0x631b3838, L:/192.168.1.60:61639 - R:hub-cloud.browserstack.com/207.254.8.4:443]' for 'POST' to 'https://cesarrios_6wO4Zt:evgWdGT2L7rpPzjC6Xzg@hub-cloud.browserstack.com/wd/hub/session/5bdc3f4a8e5cefb88ac2450c975a42a0b5f05738/timeouts'
03:46:02.057 [Forwarding setTimeout on session 5bdc3f4a8e5cefb88ac2450c975a42a0b5f05738 to remote] DEBUG org.asynchttpclient.netty.request.NettyRequestSender - Using open Channel [id: 0x631b3838, L:/192.168.1.60:61639 - R:hub-cloud.browserstack.com/207.254.8.4:443] for POST '/wd/hub/session/5bdc3f4a8e5cefb88ac2450c975a42a0b5f05738/timeouts'
03:46:02.218 [AsyncHttpClient-1-2] DEBUG org.asynchttpclient.netty.handler.HttpHandler - 

Request DefaultHttpRequest(decodeResult: success, version: HTTP/1.1)
POST /wd/hub/session/5bdc3f4a8e5cefb88ac2450c975a42a0b5f05738/timeouts HTTP/1.1
User-Agent: selenium/4.1.3 (java mac)
traceparent: 00-850f223f7f361a7c8b308248a3457352-8f051989ea6044ee-01
Content-Length: 23
Content-Type: application/json; charset=utf-8
host: hub-cloud.browserstack.com
authorization: Basic Y2VzYXJyaW9zXzZ3TzRadDpldmdXZEdUMkw3cnBQempDNlh6Zw==
accept: */*

Response DefaultHttpResponse(decodeResult: success, version: HTTP/1.1)
HTTP/1.1 200 OK
Server: nginx
Date: Fri, 05 May 2023 08:46:02 GMT
Content-Type: application/json;charset=utf-8
Connection: keep-alive
Source-From: 02
expires: Thu, 01 Jan 1970 00:00:00 GMT
cache-control: no-cache, no-cache
temp-header: 10512-1809781743-4-1683276362.210-rproxy-core-001-dcp-use3a-prod.browserstack.com
content-length: 14

03:46:02.219 [AsyncHttpClient-1-2] DEBUG org.asynchttpclient.netty.channel.ChannelManager - Adding key: https://hub-cloud.browserstack.com:443 for channel [id: 0x631b3838, L:/192.168.1.60:61639 - R:hub-cloud.browserstack.com/207.254.8.4:443]
03:46:02.233 [Forwarding setTimeout on session 5bdc3f4a8e5cefb88ac2450c975a42a0b5f05738 to remote] DEBUG org.asynchttpclient.netty.request.NettyRequestSender - Using pooled Channel '[id: 0x631b3838, L:/192.168.1.60:61639 - R:hub-cloud.browserstack.com/207.254.8.4:443]' for 'POST' to 'https://cesarrios_6wO4Zt:evgWdGT2L7rpPzjC6Xzg@hub-cloud.browserstack.com/wd/hub/session/5bdc3f4a8e5cefb88ac2450c975a42a0b5f05738/timeouts'
03:46:02.233 [Forwarding setTimeout on session 5bdc3f4a8e5cefb88ac2450c975a42a0b5f05738 to remote] DEBUG org.asynchttpclient.netty.request.NettyRequestSender - Using open Channel [id: 0x631b3838, L:/192.168.1.60:61639 - R:hub-cloud.browserstack.com/207.254.8.4:443] for POST '/wd/hub/session/5bdc3f4a8e5cefb88ac2450c975a42a0b5f05738/timeouts'
03:46:02.397 [AsyncHttpClient-1-2] DEBUG org.asynchttpclient.netty.handler.HttpHandler - 

Request DefaultHttpRequest(decodeResult: success, version: HTTP/1.1)
POST /wd/hub/session/5bdc3f4a8e5cefb88ac2450c975a42a0b5f05738/timeouts HTTP/1.1
User-Agent: selenium/4.1.3 (java mac)
traceparent: 00-3c5b3119c792dd952259222dd4bb532e-1bb35b4b99057aa8-01
Content-Length: 19
Content-Type: application/json; charset=utf-8
host: hub-cloud.browserstack.com
authorization: Basic Y2VzYXJyaW9zXzZ3TzRadDpldmdXZEdUMkw3cnBQempDNlh6Zw==
accept: */*

Response DefaultHttpResponse(decodeResult: success, version: HTTP/1.1)
HTTP/1.1 200 OK
Server: nginx
Date: Fri, 05 May 2023 08:46:02 GMT
Content-Type: application/json;charset=utf-8
Connection: keep-alive
Source-From: 02
expires: Thu, 01 Jan 1970 00:00:00 GMT
cache-control: no-cache, no-cache
temp-header: 8780-1191303367-37-1683276362.392-rproxy-core-002-dcp-use3a-prod.browserstack.com
content-length: 14

03:46:02.398 [AsyncHttpClient-1-2] DEBUG org.asynchttpclient.netty.channel.ChannelManager - Adding key: https://hub-cloud.browserstack.com:443 for channel [id: 0x631b3838, L:/192.168.1.60:61639 - R:hub-cloud.browserstack.com/207.254.8.4:443]
03:46:02.405 [Forwarding findElement on session 5bdc3f4a8e5cefb88ac2450c975a42a0b5f05738 to remote] DEBUG org.asynchttpclient.netty.request.NettyRequestSender - Using pooled Channel '[id: 0x631b3838, L:/192.168.1.60:61639 - R:hub-cloud.browserstack.com/207.254.8.4:443]' for 'POST' to 'https://cesarrios_6wO4Zt:evgWdGT2L7rpPzjC6Xzg@hub-cloud.browserstack.com/wd/hub/session/5bdc3f4a8e5cefb88ac2450c975a42a0b5f05738/element'
03:46:02.406 [Forwarding findElement on session 5bdc3f4a8e5cefb88ac2450c975a42a0b5f05738 to remote] DEBUG org.asynchttpclient.netty.request.NettyRequestSender - Using open Channel [id: 0x631b3838, L:/192.168.1.60:61639 - R:hub-cloud.browserstack.com/207.254.8.4:443] for POST '/wd/hub/session/5bdc3f4a8e5cefb88ac2450c975a42a0b5f05738/element'
03:46:02.609 [AsyncHttpClient-1-2] DEBUG org.asynchttpclient.netty.handler.HttpHandler - 

Request DefaultHttpRequest(decodeResult: success, version: HTTP/1.1)
POST /wd/hub/session/5bdc3f4a8e5cefb88ac2450c975a42a0b5f05738/element HTTP/1.1
User-Agent: selenium/4.1.3 (java mac)
traceparent: 00-06a6f5f540af9dff7e6d933e3ce3a6f0-864096edf032179d-01
Content-Length: 81
Content-Type: application/json; charset=utf-8
host: hub-cloud.browserstack.com
authorization: Basic Y2VzYXJyaW9zXzZ3TzRadDpldmdXZEdUMkw3cnBQempDNlh6Zw==
accept: */*

Response DefaultHttpResponse(decodeResult: success, version: HTTP/1.1)
HTTP/1.1 200 OK
Server: nginx
Date: Fri, 05 May 2023 08:46:02 GMT
Content-Type: application/json;charset=utf-8
Connection: keep-alive
Source-From: 02
expires: Thu, 01 Jan 1970 00:00:00 GMT
cache-control: no-cache, no-cache
temp-header: 10521-1809746851-93-1683276362.609-rproxy-core-001-dcp-use3a-prod.browserstack.com
content-length: 88

03:46:02.610 [AsyncHttpClient-1-2] DEBUG org.asynchttpclient.netty.channel.ChannelManager - Adding key: https://hub-cloud.browserstack.com:443 for channel [id: 0x631b3838, L:/192.168.1.60:61639 - R:hub-cloud.browserstack.com/207.254.8.4:443]
03:46:02.616 [Forwarding setTimeout on session 5bdc3f4a8e5cefb88ac2450c975a42a0b5f05738 to remote] DEBUG org.asynchttpclient.netty.request.NettyRequestSender - Using pooled Channel '[id: 0x631b3838, L:/192.168.1.60:61639 - R:hub-cloud.browserstack.com/207.254.8.4:443]' for 'POST' to 'https://cesarrios_6wO4Zt:evgWdGT2L7rpPzjC6Xzg@hub-cloud.browserstack.com/wd/hub/session/5bdc3f4a8e5cefb88ac2450c975a42a0b5f05738/timeouts'
03:46:02.616 [Forwarding setTimeout on session 5bdc3f4a8e5cefb88ac2450c975a42a0b5f05738 to remote] DEBUG org.asynchttpclient.netty.request.NettyRequestSender - Using open Channel [id: 0x631b3838, L:/192.168.1.60:61639 - R:hub-cloud.browserstack.com/207.254.8.4:443] for POST '/wd/hub/session/5bdc3f4a8e5cefb88ac2450c975a42a0b5f05738/timeouts'
03:46:02.793 [AsyncHttpClient-1-2] DEBUG org.asynchttpclient.netty.handler.HttpHandler - 

Request DefaultHttpRequest(decodeResult: success, version: HTTP/1.1)
POST /wd/hub/session/5bdc3f4a8e5cefb88ac2450c975a42a0b5f05738/timeouts HTTP/1.1
User-Agent: selenium/4.1.3 (java mac)
traceparent: 00-6060e2a88c54a6b9ccbfcd1b47bdcca4-461d81310519f123-01
Content-Length: 23
Content-Type: application/json; charset=utf-8
host: hub-cloud.browserstack.com
authorization: Basic Y2VzYXJyaW9zXzZ3TzRadDpldmdXZEdUMkw3cnBQempDNlh6Zw==
accept: */*

Response DefaultHttpResponse(decodeResult: success, version: HTTP/1.1)
HTTP/1.1 200 OK
Server: nginx
Date: Fri, 05 May 2023 08:46:02 GMT
Content-Type: application/json;charset=utf-8
Connection: keep-alive
Source-From: 02
expires: Thu, 01 Jan 1970 00:00:00 GMT
cache-control: no-cache, no-cache
temp-header: 8785-1191306794-36-1683276362.788-rproxy-core-002-dcp-use3a-prod.browserstack.com
content-length: 14

03:46:02.794 [AsyncHttpClient-1-2] DEBUG org.asynchttpclient.netty.channel.ChannelManager - Adding key: https://hub-cloud.browserstack.com:443 for channel [id: 0x631b3838, L:/192.168.1.60:61639 - R:hub-cloud.browserstack.com/207.254.8.4:443]
03:46:02.810 [Forwarding isElementDisplayed on session 5bdc3f4a8e5cefb88ac2450c975a42a0b5f05738 to remote] DEBUG org.asynchttpclient.netty.request.NettyRequestSender - Using pooled Channel '[id: 0x631b3838, L:/192.168.1.60:61639 - R:hub-cloud.browserstack.com/207.254.8.4:443]' for 'POST' to 'https://cesarrios_6wO4Zt:evgWdGT2L7rpPzjC6Xzg@hub-cloud.browserstack.com/wd/hub/session/5bdc3f4a8e5cefb88ac2450c975a42a0b5f05738/execute/sync'
03:46:02.810 [Forwarding isElementDisplayed on session 5bdc3f4a8e5cefb88ac2450c975a42a0b5f05738 to remote] DEBUG org.asynchttpclient.netty.request.NettyRequestSender - Using open Channel [id: 0x631b3838, L:/192.168.1.60:61639 - R:hub-cloud.browserstack.com/207.254.8.4:443] for POST '/wd/hub/session/5bdc3f4a8e5cefb88ac2450c975a42a0b5f05738/execute/sync'
03:46:03.183 [AsyncHttpClient-1-2] DEBUG org.asynchttpclient.netty.handler.HttpHandler - 

Request DefaultHttpRequest(decodeResult: success, version: HTTP/1.1)
POST /wd/hub/session/5bdc3f4a8e5cefb88ac2450c975a42a0b5f05738/execute/sync HTTP/1.1
User-Agent: selenium/4.1.3 (java mac)
traceparent: 00-de9a3336c75d88a28f9fbcdd8cf6d819-becdd8e03bfc8f49-01
Content-Length: 48780
Content-Type: application/json; charset=utf-8
host: hub-cloud.browserstack.com
authorization: Basic Y2VzYXJyaW9zXzZ3TzRadDpldmdXZEdUMkw3cnBQempDNlh6Zw==
accept: */*

Response DefaultHttpResponse(decodeResult: success, version: HTTP/1.1)
HTTP/1.1 200 OK
Server: nginx
Date: Fri, 05 May 2023 08:46:03 GMT
Content-Type: application/json;charset=utf-8
Connection: keep-alive
Source-From: 02
expires: Thu, 01 Jan 1970 00:00:00 GMT
cache-control: no-cache, no-cache
temp-header: 8778-1191296162-82-1683276363.168-rproxy-core-002-dcp-use3a-prod.browserstack.com
content-length: 14

03:46:03.184 [AsyncHttpClient-1-2] DEBUG org.asynchttpclient.netty.channel.ChannelManager - Adding key: https://hub-cloud.browserstack.com:443 for channel [id: 0x631b3838, L:/192.168.1.60:61639 - R:hub-cloud.browserstack.com/207.254.8.4:443]
03:46:03.195 [Forwarding setTimeout on session 5bdc3f4a8e5cefb88ac2450c975a42a0b5f05738 to remote] DEBUG org.asynchttpclient.netty.request.NettyRequestSender - Using pooled Channel '[id: 0x631b3838, L:/192.168.1.60:61639 - R:hub-cloud.browserstack.com/207.254.8.4:443]' for 'POST' to 'https://cesarrios_6wO4Zt:evgWdGT2L7rpPzjC6Xzg@hub-cloud.browserstack.com/wd/hub/session/5bdc3f4a8e5cefb88ac2450c975a42a0b5f05738/timeouts'
03:46:03.195 [Forwarding setTimeout on session 5bdc3f4a8e5cefb88ac2450c975a42a0b5f05738 to remote] DEBUG org.asynchttpclient.netty.request.NettyRequestSender - Using open Channel [id: 0x631b3838, L:/192.168.1.60:61639 - R:hub-cloud.browserstack.com/207.254.8.4:443] for POST '/wd/hub/session/5bdc3f4a8e5cefb88ac2450c975a42a0b5f05738/timeouts'
03:46:03.350 [AsyncHttpClient-1-2] DEBUG org.asynchttpclient.netty.handler.HttpHandler - 

Request DefaultHttpRequest(decodeResult: success, version: HTTP/1.1)
POST /wd/hub/session/5bdc3f4a8e5cefb88ac2450c975a42a0b5f05738/timeouts HTTP/1.1
User-Agent: selenium/4.1.3 (java mac)
traceparent: 00-c7592d7c8cf85a8d6f95e0600e7351a2-4151562d03891369-01
Content-Length: 23
Content-Type: application/json; charset=utf-8
host: hub-cloud.browserstack.com
authorization: Basic Y2VzYXJyaW9zXzZ3TzRadDpldmdXZEdUMkw3cnBQempDNlh6Zw==
accept: */*

Response DefaultHttpResponse(decodeResult: success, version: HTTP/1.1)
HTTP/1.1 200 OK
Server: nginx
Date: Fri, 05 May 2023 08:46:03 GMT
Content-Type: application/json;charset=utf-8
Connection: keep-alive
Source-From: 02
expires: Thu, 01 Jan 1970 00:00:00 GMT
cache-control: no-cache, no-cache
temp-header: 10515-1809782805-5-1683276363.347-rproxy-core-001-dcp-use3a-prod.browserstack.com
content-length: 14

03:46:03.350 [AsyncHttpClient-1-2] DEBUG org.asynchttpclient.netty.channel.ChannelManager - Adding key: https://hub-cloud.browserstack.com:443 for channel [id: 0x631b3838, L:/192.168.1.60:61639 - R:hub-cloud.browserstack.com/207.254.8.4:443]
03:46:03.354 [Forwarding findElement on session 5bdc3f4a8e5cefb88ac2450c975a42a0b5f05738 to remote] DEBUG org.asynchttpclient.netty.request.NettyRequestSender - Using pooled Channel '[id: 0x631b3838, L:/192.168.1.60:61639 - R:hub-cloud.browserstack.com/207.254.8.4:443]' for 'POST' to 'https://cesarrios_6wO4Zt:evgWdGT2L7rpPzjC6Xzg@hub-cloud.browserstack.com/wd/hub/session/5bdc3f4a8e5cefb88ac2450c975a42a0b5f05738/element'
03:46:03.355 [Forwarding findElement on session 5bdc3f4a8e5cefb88ac2450c975a42a0b5f05738 to remote] DEBUG org.asynchttpclient.netty.request.NettyRequestSender - Using open Channel [id: 0x631b3838, L:/192.168.1.60:61639 - R:hub-cloud.browserstack.com/207.254.8.4:443] for POST '/wd/hub/session/5bdc3f4a8e5cefb88ac2450c975a42a0b5f05738/element'
03:46:03.563 [AsyncHttpClient-1-2] DEBUG org.asynchttpclient.netty.handler.HttpHandler - 

Request DefaultHttpRequest(decodeResult: success, version: HTTP/1.1)
POST /wd/hub/session/5bdc3f4a8e5cefb88ac2450c975a42a0b5f05738/element HTTP/1.1
User-Agent: selenium/4.1.3 (java mac)
traceparent: 00-f5befb4c467ef85bba8b65e35beeca83-1d25f8270d95f8bd-01
Content-Length: 81
Content-Type: application/json; charset=utf-8
host: hub-cloud.browserstack.com
authorization: Basic Y2VzYXJyaW9zXzZ3TzRadDpldmdXZEdUMkw3cnBQempDNlh6Zw==
accept: */*

Response DefaultHttpResponse(decodeResult: success, version: HTTP/1.1)
HTTP/1.1 200 OK
Server: nginx
Date: Fri, 05 May 2023 08:46:03 GMT
Content-Type: application/json;charset=utf-8
Connection: keep-alive
Source-From: 02
expires: Thu, 01 Jan 1970 00:00:00 GMT
cache-control: no-cache, no-cache
temp-header: 10518-1809751891-31-1683276363.536-rproxy-core-001-dcp-use3a-prod.browserstack.com
content-length: 88

03:46:03.563 [AsyncHttpClient-1-2] DEBUG org.asynchttpclient.netty.channel.ChannelManager - Adding key: https://hub-cloud.browserstack.com:443 for channel [id: 0x631b3838, L:/192.168.1.60:61639 - R:hub-cloud.browserstack.com/207.254.8.4:443]
03:46:03.565 [Forwarding setTimeout on session 5bdc3f4a8e5cefb88ac2450c975a42a0b5f05738 to remote] DEBUG org.asynchttpclient.netty.request.NettyRequestSender - Using pooled Channel '[id: 0x631b3838, L:/192.168.1.60:61639 - R:hub-cloud.browserstack.com/207.254.8.4:443]' for 'POST' to 'https://cesarrios_6wO4Zt:evgWdGT2L7rpPzjC6Xzg@hub-cloud.browserstack.com/wd/hub/session/5bdc3f4a8e5cefb88ac2450c975a42a0b5f05738/timeouts'
03:46:03.565 [Forwarding setTimeout on session 5bdc3f4a8e5cefb88ac2450c975a42a0b5f05738 to remote] DEBUG org.asynchttpclient.netty.request.NettyRequestSender - Using open Channel [id: 0x631b3838, L:/192.168.1.60:61639 - R:hub-cloud.browserstack.com/207.254.8.4:443] for POST '/wd/hub/session/5bdc3f4a8e5cefb88ac2450c975a42a0b5f05738/timeouts'
03:46:03.723 [AsyncHttpClient-1-2] DEBUG org.asynchttpclient.netty.handler.HttpHandler - 

Request DefaultHttpRequest(decodeResult: success, version: HTTP/1.1)
POST /wd/hub/session/5bdc3f4a8e5cefb88ac2450c975a42a0b5f05738/timeouts HTTP/1.1
User-Agent: selenium/4.1.3 (java mac)
traceparent: 00-62adbd4b795f97339ce2718577f60b13-ba59da0119211273-01
Content-Length: 23
Content-Type: application/json; charset=utf-8
host: hub-cloud.browserstack.com
authorization: Basic Y2VzYXJyaW9zXzZ3TzRadDpldmdXZEdUMkw3cnBQempDNlh6Zw==
accept: */*

Response DefaultHttpResponse(decodeResult: success, version: HTTP/1.1)
HTTP/1.1 200 OK
Server: nginx
Date: Fri, 05 May 2023 08:46:03 GMT
Content-Type: application/json;charset=utf-8
Connection: keep-alive
Source-From: 02
expires: Thu, 01 Jan 1970 00:00:00 GMT
cache-control: no-cache, no-cache
temp-header: 10520-1809757347-57-1683276363.722-rproxy-core-001-dcp-use3a-prod.browserstack.com
content-length: 14

03:46:03.724 [AsyncHttpClient-1-2] DEBUG org.asynchttpclient.netty.channel.ChannelManager - Adding key: https://hub-cloud.browserstack.com:443 for channel [id: 0x631b3838, L:/192.168.1.60:61639 - R:hub-cloud.browserstack.com/207.254.8.4:443]
03:46:03.732 [Forwarding isElementDisplayed on session 5bdc3f4a8e5cefb88ac2450c975a42a0b5f05738 to remote] DEBUG org.asynchttpclient.netty.request.NettyRequestSender - Using pooled Channel '[id: 0x631b3838, L:/192.168.1.60:61639 - R:hub-cloud.browserstack.com/207.254.8.4:443]' for 'POST' to 'https://cesarrios_6wO4Zt:evgWdGT2L7rpPzjC6Xzg@hub-cloud.browserstack.com/wd/hub/session/5bdc3f4a8e5cefb88ac2450c975a42a0b5f05738/execute/sync'
03:46:03.732 [Forwarding isElementDisplayed on session 5bdc3f4a8e5cefb88ac2450c975a42a0b5f05738 to remote] DEBUG org.asynchttpclient.netty.request.NettyRequestSender - Using open Channel [id: 0x631b3838, L:/192.168.1.60:61639 - R:hub-cloud.browserstack.com/207.254.8.4:443] for POST '/wd/hub/session/5bdc3f4a8e5cefb88ac2450c975a42a0b5f05738/execute/sync'
03:46:04.076 [AsyncHttpClient-1-2] DEBUG org.asynchttpclient.netty.handler.HttpHandler - 

Request DefaultHttpRequest(decodeResult: success, version: HTTP/1.1)
POST /wd/hub/session/5bdc3f4a8e5cefb88ac2450c975a42a0b5f05738/execute/sync HTTP/1.1
User-Agent: selenium/4.1.3 (java mac)
traceparent: 00-ce0eccfd2406d213b1a14fdeb660df07-b038cc0661d04bb3-01
Content-Length: 48780
Content-Type: application/json; charset=utf-8
host: hub-cloud.browserstack.com
authorization: Basic Y2VzYXJyaW9zXzZ3TzRadDpldmdXZEdUMkw3cnBQempDNlh6Zw==
accept: */*

Response DefaultHttpResponse(decodeResult: success, version: HTTP/1.1)
HTTP/1.1 200 OK
Server: nginx
Date: Fri, 05 May 2023 08:46:04 GMT
Content-Type: application/json;charset=utf-8
Connection: keep-alive
Source-From: 02
expires: Thu, 01 Jan 1970 00:00:00 GMT
cache-control: no-cache, no-cache
temp-header: 10516-1809783768-1-1683276364.062-rproxy-core-001-dcp-use3a-prod.browserstack.com
content-length: 14

03:46:04.076 [AsyncHttpClient-1-2] DEBUG org.asynchttpclient.netty.channel.ChannelManager - Adding key: https://hub-cloud.browserstack.com:443 for channel [id: 0x631b3838, L:/192.168.1.60:61639 - R:hub-cloud.browserstack.com/207.254.8.4:443]
03:46:04.082 [Forwarding isElementDisplayed on session 5bdc3f4a8e5cefb88ac2450c975a42a0b5f05738 to remote] DEBUG org.asynchttpclient.netty.request.NettyRequestSender - Using pooled Channel '[id: 0x631b3838, L:/192.168.1.60:61639 - R:hub-cloud.browserstack.com/207.254.8.4:443]' for 'POST' to 'https://cesarrios_6wO4Zt:evgWdGT2L7rpPzjC6Xzg@hub-cloud.browserstack.com/wd/hub/session/5bdc3f4a8e5cefb88ac2450c975a42a0b5f05738/execute/sync'
03:46:04.082 [Forwarding isElementDisplayed on session 5bdc3f4a8e5cefb88ac2450c975a42a0b5f05738 to remote] DEBUG org.asynchttpclient.netty.request.NettyRequestSender - Using open Channel [id: 0x631b3838, L:/192.168.1.60:61639 - R:hub-cloud.browserstack.com/207.254.8.4:443] for POST '/wd/hub/session/5bdc3f4a8e5cefb88ac2450c975a42a0b5f05738/execute/sync'
03:46:04.422 [AsyncHttpClient-1-2] DEBUG org.asynchttpclient.netty.handler.HttpHandler - 

Request DefaultHttpRequest(decodeResult: success, version: HTTP/1.1)
POST /wd/hub/session/5bdc3f4a8e5cefb88ac2450c975a42a0b5f05738/execute/sync HTTP/1.1
User-Agent: selenium/4.1.3 (java mac)
traceparent: 00-084fcec2f70ecae1eda8c053cedc2d54-800ad3efac80aef4-01
Content-Length: 48780
Content-Type: application/json; charset=utf-8
host: hub-cloud.browserstack.com
authorization: Basic Y2VzYXJyaW9zXzZ3TzRadDpldmdXZEdUMkw3cnBQempDNlh6Zw==
accept: */*

Response DefaultHttpResponse(decodeResult: success, version: HTTP/1.1)
HTTP/1.1 200 OK
Server: nginx
Date: Fri, 05 May 2023 08:46:04 GMT
Content-Type: application/json;charset=utf-8
Connection: keep-alive
Source-From: 02
expires: Thu, 01 Jan 1970 00:00:00 GMT
cache-control: no-cache, no-cache
temp-header: 8786-1191299795-80-1683276364.411-rproxy-core-002-dcp-use3a-prod.browserstack.com
content-length: 14

03:46:04.423 [AsyncHttpClient-1-2] DEBUG org.asynchttpclient.netty.channel.ChannelManager - Adding key: https://hub-cloud.browserstack.com:443 for channel [id: 0x631b3838, L:/192.168.1.60:61639 - R:hub-cloud.browserstack.com/207.254.8.4:443]
03:46:04.430 [Forwarding setTimeout on session 5bdc3f4a8e5cefb88ac2450c975a42a0b5f05738 to remote] DEBUG org.asynchttpclient.netty.request.NettyRequestSender - Using pooled Channel '[id: 0x631b3838, L:/192.168.1.60:61639 - R:hub-cloud.browserstack.com/207.254.8.4:443]' for 'POST' to 'https://cesarrios_6wO4Zt:evgWdGT2L7rpPzjC6Xzg@hub-cloud.browserstack.com/wd/hub/session/5bdc3f4a8e5cefb88ac2450c975a42a0b5f05738/timeouts'
03:46:04.430 [Forwarding setTimeout on session 5bdc3f4a8e5cefb88ac2450c975a42a0b5f05738 to remote] DEBUG org.asynchttpclient.netty.request.NettyRequestSender - Using open Channel [id: 0x631b3838, L:/192.168.1.60:61639 - R:hub-cloud.browserstack.com/207.254.8.4:443] for POST '/wd/hub/session/5bdc3f4a8e5cefb88ac2450c975a42a0b5f05738/timeouts'
03:46:04.645 [AsyncHttpClient-1-2] DEBUG org.asynchttpclient.netty.handler.HttpHandler - 

Request DefaultHttpRequest(decodeResult: success, version: HTTP/1.1)
POST /wd/hub/session/5bdc3f4a8e5cefb88ac2450c975a42a0b5f05738/timeouts HTTP/1.1
User-Agent: selenium/4.1.3 (java mac)
traceparent: 00-ec0c17fd9281832dec533bc3c33798ac-5671bb78a930da32-01
Content-Length: 19
Content-Type: application/json; charset=utf-8
host: hub-cloud.browserstack.com
authorization: Basic Y2VzYXJyaW9zXzZ3TzRadDpldmdXZEdUMkw3cnBQempDNlh6Zw==
accept: */*

Response DefaultHttpResponse(decodeResult: success, version: HTTP/1.1)
HTTP/1.1 200 OK
Server: nginx
Date: Fri, 05 May 2023 08:46:04 GMT
Content-Type: application/json;charset=utf-8
Connection: keep-alive
Source-From: 02
expires: Thu, 01 Jan 1970 00:00:00 GMT
cache-control: no-cache, no-cache
temp-header: 10517-1809773617-38-1683276364.612-rproxy-core-001-dcp-use3a-prod.browserstack.com
content-length: 14

03:46:04.646 [AsyncHttpClient-1-2] DEBUG org.asynchttpclient.netty.channel.ChannelManager - Adding key: https://hub-cloud.browserstack.com:443 for channel [id: 0x631b3838, L:/192.168.1.60:61639 - R:hub-cloud.browserstack.com/207.254.8.4:443]
03:46:04.652 [Forwarding findElement on session 5bdc3f4a8e5cefb88ac2450c975a42a0b5f05738 to remote] DEBUG org.asynchttpclient.netty.request.NettyRequestSender - Using pooled Channel '[id: 0x631b3838, L:/192.168.1.60:61639 - R:hub-cloud.browserstack.com/207.254.8.4:443]' for 'POST' to 'https://cesarrios_6wO4Zt:evgWdGT2L7rpPzjC6Xzg@hub-cloud.browserstack.com/wd/hub/session/5bdc3f4a8e5cefb88ac2450c975a42a0b5f05738/element'
03:46:04.652 [Forwarding findElement on session 5bdc3f4a8e5cefb88ac2450c975a42a0b5f05738 to remote] DEBUG org.asynchttpclient.netty.request.NettyRequestSender - Using open Channel [id: 0x631b3838, L:/192.168.1.60:61639 - R:hub-cloud.browserstack.com/207.254.8.4:443] for POST '/wd/hub/session/5bdc3f4a8e5cefb88ac2450c975a42a0b5f05738/element'
03:46:04.837 [AsyncHttpClient-1-2] DEBUG org.asynchttpclient.netty.handler.HttpHandler - 

Request DefaultHttpRequest(decodeResult: success, version: HTTP/1.1)
POST /wd/hub/session/5bdc3f4a8e5cefb88ac2450c975a42a0b5f05738/element HTTP/1.1
User-Agent: selenium/4.1.3 (java mac)
traceparent: 00-120885b1a2c41b1115fd71156f255515-f8a03881161de8e7-01
Content-Length: 81
Content-Type: application/json; charset=utf-8
host: hub-cloud.browserstack.com
authorization: Basic Y2VzYXJyaW9zXzZ3TzRadDpldmdXZEdUMkw3cnBQempDNlh6Zw==
accept: */*

Response DefaultHttpResponse(decodeResult: success, version: HTTP/1.1)
HTTP/1.1 200 OK
Server: nginx
Date: Fri, 05 May 2023 08:46:04 GMT
Content-Type: application/json;charset=utf-8
Connection: keep-alive
Source-From: 02
expires: Thu, 01 Jan 1970 00:00:00 GMT
cache-control: no-cache, no-cache
temp-header: 8787-1191327746-1-1683276364.837-rproxy-core-002-dcp-use3a-prod.browserstack.com
content-length: 88

03:46:04.838 [AsyncHttpClient-1-2] DEBUG org.asynchttpclient.netty.channel.ChannelManager - Adding key: https://hub-cloud.browserstack.com:443 for channel [id: 0x631b3838, L:/192.168.1.60:61639 - R:hub-cloud.browserstack.com/207.254.8.4:443]
03:46:04.841 [Forwarding setTimeout on session 5bdc3f4a8e5cefb88ac2450c975a42a0b5f05738 to remote] DEBUG org.asynchttpclient.netty.request.NettyRequestSender - Using pooled Channel '[id: 0x631b3838, L:/192.168.1.60:61639 - R:hub-cloud.browserstack.com/207.254.8.4:443]' for 'POST' to 'https://cesarrios_6wO4Zt:evgWdGT2L7rpPzjC6Xzg@hub-cloud.browserstack.com/wd/hub/session/5bdc3f4a8e5cefb88ac2450c975a42a0b5f05738/timeouts'
03:46:04.842 [Forwarding setTimeout on session 5bdc3f4a8e5cefb88ac2450c975a42a0b5f05738 to remote] DEBUG org.asynchttpclient.netty.request.NettyRequestSender - Using open Channel [id: 0x631b3838, L:/192.168.1.60:61639 - R:hub-cloud.browserstack.com/207.254.8.4:443] for POST '/wd/hub/session/5bdc3f4a8e5cefb88ac2450c975a42a0b5f05738/timeouts'
03:46:05.016 [AsyncHttpClient-1-2] DEBUG org.asynchttpclient.netty.handler.HttpHandler - 

Request DefaultHttpRequest(decodeResult: success, version: HTTP/1.1)
POST /wd/hub/session/5bdc3f4a8e5cefb88ac2450c975a42a0b5f05738/timeouts HTTP/1.1
User-Agent: selenium/4.1.3 (java mac)
traceparent: 00-84a6796d083d1a1605b4b94f9921a29c-87a40eb495bffbdc-01
Content-Length: 23
Content-Type: application/json; charset=utf-8
host: hub-cloud.browserstack.com
authorization: Basic Y2VzYXJyaW9zXzZ3TzRadDpldmdXZEdUMkw3cnBQempDNlh6Zw==
accept: */*

Response DefaultHttpResponse(decodeResult: success, version: HTTP/1.1)
HTTP/1.1 200 OK
Server: nginx
Date: Fri, 05 May 2023 08:46:05 GMT
Content-Type: application/json;charset=utf-8
Connection: keep-alive
Source-From: 02
expires: Thu, 01 Jan 1970 00:00:00 GMT
cache-control: no-cache, no-cache
temp-header: 8787-1191310163-36-1683276365.015-rproxy-core-002-dcp-use3a-prod.browserstack.com
content-length: 14

03:46:05.017 [AsyncHttpClient-1-2] DEBUG org.asynchttpclient.netty.channel.ChannelManager - Adding key: https://hub-cloud.browserstack.com:443 for channel [id: 0x631b3838, L:/192.168.1.60:61639 - R:hub-cloud.browserstack.com/207.254.8.4:443]
03:46:05.026 [Forwarding setTimeout on session 5bdc3f4a8e5cefb88ac2450c975a42a0b5f05738 to remote] DEBUG org.asynchttpclient.netty.request.NettyRequestSender - Using pooled Channel '[id: 0x631b3838, L:/192.168.1.60:61639 - R:hub-cloud.browserstack.com/207.254.8.4:443]' for 'POST' to 'https://cesarrios_6wO4Zt:evgWdGT2L7rpPzjC6Xzg@hub-cloud.browserstack.com/wd/hub/session/5bdc3f4a8e5cefb88ac2450c975a42a0b5f05738/timeouts'
03:46:05.026 [Forwarding setTimeout on session 5bdc3f4a8e5cefb88ac2450c975a42a0b5f05738 to remote] DEBUG org.asynchttpclient.netty.request.NettyRequestSender - Using open Channel [id: 0x631b3838, L:/192.168.1.60:61639 - R:hub-cloud.browserstack.com/207.254.8.4:443] for POST '/wd/hub/session/5bdc3f4a8e5cefb88ac2450c975a42a0b5f05738/timeouts'
03:46:05.241 [AsyncHttpClient-1-2] DEBUG org.asynchttpclient.netty.handler.HttpHandler - 

Request DefaultHttpRequest(decodeResult: success, version: HTTP/1.1)
POST /wd/hub/session/5bdc3f4a8e5cefb88ac2450c975a42a0b5f05738/timeouts HTTP/1.1
User-Agent: selenium/4.1.3 (java mac)
traceparent: 00-3afb2db12f35d1017c900915a58c7462-be97224d3da4f262-01
Content-Length: 19
Content-Type: application/json; charset=utf-8
host: hub-cloud.browserstack.com
authorization: Basic Y2VzYXJyaW9zXzZ3TzRadDpldmdXZEdUMkw3cnBQempDNlh6Zw==
accept: */*

Response DefaultHttpResponse(decodeResult: success, version: HTTP/1.1)
HTTP/1.1 200 OK
Server: nginx
Date: Fri, 05 May 2023 08:46:05 GMT
Content-Type: application/json;charset=utf-8
Connection: keep-alive
Source-From: 02
expires: Thu, 01 Jan 1970 00:00:00 GMT
cache-control: no-cache, no-cache
temp-header: 10522-1809784100-2-1683276365.231-rproxy-core-001-dcp-use3a-prod.browserstack.com
content-length: 14

03:46:05.241 [AsyncHttpClient-1-2] DEBUG org.asynchttpclient.netty.channel.ChannelManager - Adding key: https://hub-cloud.browserstack.com:443 for channel [id: 0x631b3838, L:/192.168.1.60:61639 - R:hub-cloud.browserstack.com/207.254.8.4:443]
03:46:05.247 [Forwarding findElement on session 5bdc3f4a8e5cefb88ac2450c975a42a0b5f05738 to remote] DEBUG org.asynchttpclient.netty.request.NettyRequestSender - Using pooled Channel '[id: 0x631b3838, L:/192.168.1.60:61639 - R:hub-cloud.browserstack.com/207.254.8.4:443]' for 'POST' to 'https://cesarrios_6wO4Zt:evgWdGT2L7rpPzjC6Xzg@hub-cloud.browserstack.com/wd/hub/session/5bdc3f4a8e5cefb88ac2450c975a42a0b5f05738/element'
03:46:05.248 [Forwarding findElement on session 5bdc3f4a8e5cefb88ac2450c975a42a0b5f05738 to remote] DEBUG org.asynchttpclient.netty.request.NettyRequestSender - Using open Channel [id: 0x631b3838, L:/192.168.1.60:61639 - R:hub-cloud.browserstack.com/207.254.8.4:443] for POST '/wd/hub/session/5bdc3f4a8e5cefb88ac2450c975a42a0b5f05738/element'
03:46:05.535 [AsyncHttpClient-1-2] DEBUG org.asynchttpclient.netty.handler.HttpHandler - 

Request DefaultHttpRequest(decodeResult: success, version: HTTP/1.1)
POST /wd/hub/session/5bdc3f4a8e5cefb88ac2450c975a42a0b5f05738/element HTTP/1.1
User-Agent: selenium/4.1.3 (java mac)
traceparent: 00-e449fa003ece5fd897f99cc264fee33c-e5628c43812628c1-01
Content-Length: 81
Content-Type: application/json; charset=utf-8
host: hub-cloud.browserstack.com
authorization: Basic Y2VzYXJyaW9zXzZ3TzRadDpldmdXZEdUMkw3cnBQempDNlh6Zw==
accept: */*

Response DefaultHttpResponse(decodeResult: success, version: HTTP/1.1)
HTTP/1.1 200 OK
Server: nginx
Date: Fri, 05 May 2023 08:46:05 GMT
Content-Type: application/json;charset=utf-8
Connection: keep-alive
Source-From: 02
expires: Thu, 01 Jan 1970 00:00:00 GMT
cache-control: no-cache, no-cache
temp-header: 10523-1809782605-15-1683276365.412-rproxy-core-001-dcp-use3a-prod.browserstack.com
content-length: 88

03:46:05.536 [AsyncHttpClient-1-2] DEBUG org.asynchttpclient.netty.channel.ChannelManager - Adding key: https://hub-cloud.browserstack.com:443 for channel [id: 0x631b3838, L:/192.168.1.60:61639 - R:hub-cloud.browserstack.com/207.254.8.4:443]
03:46:05.540 [Forwarding setTimeout on session 5bdc3f4a8e5cefb88ac2450c975a42a0b5f05738 to remote] DEBUG org.asynchttpclient.netty.request.NettyRequestSender - Using pooled Channel '[id: 0x631b3838, L:/192.168.1.60:61639 - R:hub-cloud.browserstack.com/207.254.8.4:443]' for 'POST' to 'https://cesarrios_6wO4Zt:evgWdGT2L7rpPzjC6Xzg@hub-cloud.browserstack.com/wd/hub/session/5bdc3f4a8e5cefb88ac2450c975a42a0b5f05738/timeouts'
03:46:05.540 [Forwarding setTimeout on session 5bdc3f4a8e5cefb88ac2450c975a42a0b5f05738 to remote] DEBUG org.asynchttpclient.netty.request.NettyRequestSender - Using open Channel [id: 0x631b3838, L:/192.168.1.60:61639 - R:hub-cloud.browserstack.com/207.254.8.4:443] for POST '/wd/hub/session/5bdc3f4a8e5cefb88ac2450c975a42a0b5f05738/timeouts'
03:46:05.718 [AsyncHttpClient-1-2] DEBUG org.asynchttpclient.netty.handler.HttpHandler - 

Request DefaultHttpRequest(decodeResult: success, version: HTTP/1.1)
POST /wd/hub/session/5bdc3f4a8e5cefb88ac2450c975a42a0b5f05738/timeouts HTTP/1.1
User-Agent: selenium/4.1.3 (java mac)
traceparent: 00-96f0e41d81cc01ec8cdc31cb48cd3d56-ce9481e326789379-01
Content-Length: 23
Content-Type: application/json; charset=utf-8
host: hub-cloud.browserstack.com
authorization: Basic Y2VzYXJyaW9zXzZ3TzRadDpldmdXZEdUMkw3cnBQempDNlh6Zw==
accept: */*

Response DefaultHttpResponse(decodeResult: success, version: HTTP/1.1)
HTTP/1.1 200 OK
Server: nginx
Date: Fri, 05 May 2023 08:46:05 GMT
Content-Type: application/json;charset=utf-8
Connection: keep-alive
Source-From: 02
expires: Thu, 01 Jan 1970 00:00:00 GMT
cache-control: no-cache, no-cache
temp-header: 10512-1809743929-99-1683276365.716-rproxy-core-001-dcp-use3a-prod.browserstack.com
content-length: 14

03:46:05.719 [AsyncHttpClient-1-2] DEBUG org.asynchttpclient.netty.channel.ChannelManager - Adding key: https://hub-cloud.browserstack.com:443 for channel [id: 0x631b3838, L:/192.168.1.60:61639 - R:hub-cloud.browserstack.com/207.254.8.4:443]
03:46:05.726 [Forwarding isElementDisplayed on session 5bdc3f4a8e5cefb88ac2450c975a42a0b5f05738 to remote] DEBUG org.asynchttpclient.netty.request.NettyRequestSender - Using pooled Channel '[id: 0x631b3838, L:/192.168.1.60:61639 - R:hub-cloud.browserstack.com/207.254.8.4:443]' for 'POST' to 'https://cesarrios_6wO4Zt:evgWdGT2L7rpPzjC6Xzg@hub-cloud.browserstack.com/wd/hub/session/5bdc3f4a8e5cefb88ac2450c975a42a0b5f05738/execute/sync'
03:46:05.726 [Forwarding isElementDisplayed on session 5bdc3f4a8e5cefb88ac2450c975a42a0b5f05738 to remote] DEBUG org.asynchttpclient.netty.request.NettyRequestSender - Using open Channel [id: 0x631b3838, L:/192.168.1.60:61639 - R:hub-cloud.browserstack.com/207.254.8.4:443] for POST '/wd/hub/session/5bdc3f4a8e5cefb88ac2450c975a42a0b5f05738/execute/sync'
03:46:05.944 [AsyncHttpClient-1-2] DEBUG org.asynchttpclient.netty.handler.HttpHandler - 

Request DefaultHttpRequest(decodeResult: success, version: HTTP/1.1)
POST /wd/hub/session/5bdc3f4a8e5cefb88ac2450c975a42a0b5f05738/execute/sync HTTP/1.1
User-Agent: selenium/4.1.3 (java mac)
traceparent: 00-41d4e8f9ec2e8e4578460b15d1a5d7a6-52a8650ee2d94727-01
Content-Length: 48780
Content-Type: application/json; charset=utf-8
host: hub-cloud.browserstack.com
authorization: Basic Y2VzYXJyaW9zXzZ3TzRadDpldmdXZEdUMkw3cnBQempDNlh6Zw==
accept: */*

Response DefaultHttpResponse(decodeResult: success, version: HTTP/1.1)
HTTP/1.1 200 OK
Server: nginx
Date: Fri, 05 May 2023 08:46:05 GMT
Content-Type: application/json;charset=utf-8
Connection: keep-alive
Source-From: 02
expires: Thu, 01 Jan 1970 00:00:00 GMT
cache-control: no-cache, no-cache
temp-header: 8786-1191284471-96-1683276365.936-rproxy-core-002-dcp-use3a-prod.browserstack.com
content-length: 14

03:46:05.944 [AsyncHttpClient-1-2] DEBUG org.asynchttpclient.netty.channel.ChannelManager - Adding key: https://hub-cloud.browserstack.com:443 for channel [id: 0x631b3838, L:/192.168.1.60:61639 - R:hub-cloud.browserstack.com/207.254.8.4:443]
03:46:05.951 [Forwarding setTimeout on session 5bdc3f4a8e5cefb88ac2450c975a42a0b5f05738 to remote] DEBUG org.asynchttpclient.netty.request.NettyRequestSender - Using pooled Channel '[id: 0x631b3838, L:/192.168.1.60:61639 - R:hub-cloud.browserstack.com/207.254.8.4:443]' for 'POST' to 'https://cesarrios_6wO4Zt:evgWdGT2L7rpPzjC6Xzg@hub-cloud.browserstack.com/wd/hub/session/5bdc3f4a8e5cefb88ac2450c975a42a0b5f05738/timeouts'
03:46:05.951 [Forwarding setTimeout on session 5bdc3f4a8e5cefb88ac2450c975a42a0b5f05738 to remote] DEBUG org.asynchttpclient.netty.request.NettyRequestSender - Using open Channel [id: 0x631b3838, L:/192.168.1.60:61639 - R:hub-cloud.browserstack.com/207.254.8.4:443] for POST '/wd/hub/session/5bdc3f4a8e5cefb88ac2450c975a42a0b5f05738/timeouts'
03:46:06.158 [AsyncHttpClient-1-2] DEBUG org.asynchttpclient.netty.handler.HttpHandler - 

Request DefaultHttpRequest(decodeResult: success, version: HTTP/1.1)
POST /wd/hub/session/5bdc3f4a8e5cefb88ac2450c975a42a0b5f05738/timeouts HTTP/1.1
User-Agent: selenium/4.1.3 (java mac)
traceparent: 00-ec5572d412023c1e2ae585f82997e2b5-3b0afa0a01b32395-01
Content-Length: 23
Content-Type: application/json; charset=utf-8
host: hub-cloud.browserstack.com
authorization: Basic Y2VzYXJyaW9zXzZ3TzRadDpldmdXZEdUMkw3cnBQempDNlh6Zw==
accept: */*

Response DefaultHttpResponse(decodeResult: success, version: HTTP/1.1)
HTTP/1.1 200 OK
Server: nginx
Date: Fri, 05 May 2023 08:46:06 GMT
Content-Type: application/json;charset=utf-8
Connection: keep-alive
Source-From: 02
expires: Thu, 01 Jan 1970 00:00:00 GMT
cache-control: no-cache, no-cache
temp-header: 8787-1191319666-33-1683276366.121-rproxy-core-002-dcp-use3a-prod.browserstack.com
content-length: 14

03:46:06.158 [AsyncHttpClient-1-2] DEBUG org.asynchttpclient.netty.channel.ChannelManager - Adding key: https://hub-cloud.browserstack.com:443 for channel [id: 0x631b3838, L:/192.168.1.60:61639 - R:hub-cloud.browserstack.com/207.254.8.4:443]
03:46:06.160 [Forwarding findElement on session 5bdc3f4a8e5cefb88ac2450c975a42a0b5f05738 to remote] DEBUG org.asynchttpclient.netty.request.NettyRequestSender - Using pooled Channel '[id: 0x631b3838, L:/192.168.1.60:61639 - R:hub-cloud.browserstack.com/207.254.8.4:443]' for 'POST' to 'https://cesarrios_6wO4Zt:evgWdGT2L7rpPzjC6Xzg@hub-cloud.browserstack.com/wd/hub/session/5bdc3f4a8e5cefb88ac2450c975a42a0b5f05738/element'
03:46:06.160 [Forwarding findElement on session 5bdc3f4a8e5cefb88ac2450c975a42a0b5f05738 to remote] DEBUG org.asynchttpclient.netty.request.NettyRequestSender - Using open Channel [id: 0x631b3838, L:/192.168.1.60:61639 - R:hub-cloud.browserstack.com/207.254.8.4:443] for POST '/wd/hub/session/5bdc3f4a8e5cefb88ac2450c975a42a0b5f05738/element'
03:46:06.326 [AsyncHttpClient-1-2] DEBUG org.asynchttpclient.netty.handler.HttpHandler - 

Request DefaultHttpRequest(decodeResult: success, version: HTTP/1.1)
POST /wd/hub/session/5bdc3f4a8e5cefb88ac2450c975a42a0b5f05738/element HTTP/1.1
User-Agent: selenium/4.1.3 (java mac)
traceparent: 00-1218dda94ee0d18a2fe9615789e0f2ec-42154dee1aa2e16a-01
Content-Length: 81
Content-Type: application/json; charset=utf-8
host: hub-cloud.browserstack.com
authorization: Basic Y2VzYXJyaW9zXzZ3TzRadDpldmdXZEdUMkw3cnBQempDNlh6Zw==
accept: */*

Response DefaultHttpResponse(decodeResult: success, version: HTTP/1.1)
HTTP/1.1 200 OK
Server: nginx
Date: Fri, 05 May 2023 08:46:06 GMT
Content-Type: application/json;charset=utf-8
Connection: keep-alive
Source-From: 02
expires: Thu, 01 Jan 1970 00:00:00 GMT
cache-control: no-cache, no-cache
temp-header: 8787-1191327746-11-1683276366.311-rproxy-core-002-dcp-use3a-prod.browserstack.com
content-length: 88

03:46:06.326 [AsyncHttpClient-1-2] DEBUG org.asynchttpclient.netty.channel.ChannelManager - Adding key: https://hub-cloud.browserstack.com:443 for channel [id: 0x631b3838, L:/192.168.1.60:61639 - R:hub-cloud.browserstack.com/207.254.8.4:443]
03:46:06.328 [Forwarding setTimeout on session 5bdc3f4a8e5cefb88ac2450c975a42a0b5f05738 to remote] DEBUG org.asynchttpclient.netty.request.NettyRequestSender - Using pooled Channel '[id: 0x631b3838, L:/192.168.1.60:61639 - R:hub-cloud.browserstack.com/207.254.8.4:443]' for 'POST' to 'https://cesarrios_6wO4Zt:evgWdGT2L7rpPzjC6Xzg@hub-cloud.browserstack.com/wd/hub/session/5bdc3f4a8e5cefb88ac2450c975a42a0b5f05738/timeouts'
03:46:06.329 [Forwarding setTimeout on session 5bdc3f4a8e5cefb88ac2450c975a42a0b5f05738 to remote] DEBUG org.asynchttpclient.netty.request.NettyRequestSender - Using open Channel [id: 0x631b3838, L:/192.168.1.60:61639 - R:hub-cloud.browserstack.com/207.254.8.4:443] for POST '/wd/hub/session/5bdc3f4a8e5cefb88ac2450c975a42a0b5f05738/timeouts'
03:46:06.485 [AsyncHttpClient-1-2] DEBUG org.asynchttpclient.netty.handler.HttpHandler - 

Request DefaultHttpRequest(decodeResult: success, version: HTTP/1.1)
POST /wd/hub/session/5bdc3f4a8e5cefb88ac2450c975a42a0b5f05738/timeouts HTTP/1.1
User-Agent: selenium/4.1.3 (java mac)
traceparent: 00-4003c2b35abe5cd0db419f0499f6d1b5-1ecad2231cfcf779-01
Content-Length: 23
Content-Type: application/json; charset=utf-8
host: hub-cloud.browserstack.com
authorization: Basic Y2VzYXJyaW9zXzZ3TzRadDpldmdXZEdUMkw3cnBQempDNlh6Zw==
accept: */*

Response DefaultHttpResponse(decodeResult: success, version: HTTP/1.1)
HTTP/1.1 200 OK
Server: nginx
Date: Fri, 05 May 2023 08:46:06 GMT
Content-Type: application/json;charset=utf-8
Connection: keep-alive
Source-From: 02
expires: Thu, 01 Jan 1970 00:00:00 GMT
cache-control: no-cache, no-cache
temp-header: 8787-1191307899-55-1683276366.485-rproxy-core-002-dcp-use3a-prod.browserstack.com
content-length: 14

03:46:06.486 [AsyncHttpClient-1-2] DEBUG org.asynchttpclient.netty.channel.ChannelManager - Adding key: https://hub-cloud.browserstack.com:443 for channel [id: 0x631b3838, L:/192.168.1.60:61639 - R:hub-cloud.browserstack.com/207.254.8.4:443]
03:46:06.493 [Forwarding isElementDisplayed on session 5bdc3f4a8e5cefb88ac2450c975a42a0b5f05738 to remote] DEBUG org.asynchttpclient.netty.request.NettyRequestSender - Using pooled Channel '[id: 0x631b3838, L:/192.168.1.60:61639 - R:hub-cloud.browserstack.com/207.254.8.4:443]' for 'POST' to 'https://cesarrios_6wO4Zt:evgWdGT2L7rpPzjC6Xzg@hub-cloud.browserstack.com/wd/hub/session/5bdc3f4a8e5cefb88ac2450c975a42a0b5f05738/execute/sync'
03:46:06.494 [Forwarding isElementDisplayed on session 5bdc3f4a8e5cefb88ac2450c975a42a0b5f05738 to remote] DEBUG org.asynchttpclient.netty.request.NettyRequestSender - Using open Channel [id: 0x631b3838, L:/192.168.1.60:61639 - R:hub-cloud.browserstack.com/207.254.8.4:443] for POST '/wd/hub/session/5bdc3f4a8e5cefb88ac2450c975a42a0b5f05738/execute/sync'
03:46:06.714 [AsyncHttpClient-1-2] DEBUG org.asynchttpclient.netty.handler.HttpHandler - 

Request DefaultHttpRequest(decodeResult: success, version: HTTP/1.1)
POST /wd/hub/session/5bdc3f4a8e5cefb88ac2450c975a42a0b5f05738/execute/sync HTTP/1.1
User-Agent: selenium/4.1.3 (java mac)
traceparent: 00-440539379daeddeb1f34c62b64f70875-2df9663f75f38586-01
Content-Length: 48780
Content-Type: application/json; charset=utf-8
host: hub-cloud.browserstack.com
authorization: Basic Y2VzYXJyaW9zXzZ3TzRadDpldmdXZEdUMkw3cnBQempDNlh6Zw==
accept: */*

Response DefaultHttpResponse(decodeResult: success, version: HTTP/1.1)
HTTP/1.1 200 OK
Server: nginx
Date: Fri, 05 May 2023 08:46:06 GMT
Content-Type: application/json;charset=utf-8
Connection: keep-alive
Source-From: 02
expires: Thu, 01 Jan 1970 00:00:00 GMT
cache-control: no-cache, no-cache
temp-header: 10516-1809783768-5-1683276366.712-rproxy-core-001-dcp-use3a-prod.browserstack.com
content-length: 14

03:46:06.715 [AsyncHttpClient-1-2] DEBUG org.asynchttpclient.netty.channel.ChannelManager - Adding key: https://hub-cloud.browserstack.com:443 for channel [id: 0x631b3838, L:/192.168.1.60:61639 - R:hub-cloud.browserstack.com/207.254.8.4:443]
03:46:06.722 [Forwarding isElementDisplayed on session 5bdc3f4a8e5cefb88ac2450c975a42a0b5f05738 to remote] DEBUG org.asynchttpclient.netty.request.NettyRequestSender - Using pooled Channel '[id: 0x631b3838, L:/192.168.1.60:61639 - R:hub-cloud.browserstack.com/207.254.8.4:443]' for 'POST' to 'https://cesarrios_6wO4Zt:evgWdGT2L7rpPzjC6Xzg@hub-cloud.browserstack.com/wd/hub/session/5bdc3f4a8e5cefb88ac2450c975a42a0b5f05738/execute/sync'
03:46:06.723 [Forwarding isElementDisplayed on session 5bdc3f4a8e5cefb88ac2450c975a42a0b5f05738 to remote] DEBUG org.asynchttpclient.netty.request.NettyRequestSender - Using open Channel [id: 0x631b3838, L:/192.168.1.60:61639 - R:hub-cloud.browserstack.com/207.254.8.4:443] for POST '/wd/hub/session/5bdc3f4a8e5cefb88ac2450c975a42a0b5f05738/execute/sync'
03:46:06.941 [AsyncHttpClient-1-2] DEBUG org.asynchttpclient.netty.handler.HttpHandler - 

Request DefaultHttpRequest(decodeResult: success, version: HTTP/1.1)
POST /wd/hub/session/5bdc3f4a8e5cefb88ac2450c975a42a0b5f05738/execute/sync HTTP/1.1
User-Agent: selenium/4.1.3 (java mac)
traceparent: 00-1cfdcd0623e7c4dce51bd25923d4f9ac-c3f303be8c8f6072-01
Content-Length: 48780
Content-Type: application/json; charset=utf-8
host: hub-cloud.browserstack.com
authorization: Basic Y2VzYXJyaW9zXzZ3TzRadDpldmdXZEdUMkw3cnBQempDNlh6Zw==
accept: */*

Response DefaultHttpResponse(decodeResult: success, version: HTTP/1.1)
HTTP/1.1 200 OK
Server: nginx
Date: Fri, 05 May 2023 08:46:06 GMT
Content-Type: application/json;charset=utf-8
Connection: keep-alive
Source-From: 02
expires: Thu, 01 Jan 1970 00:00:00 GMT
cache-control: no-cache, no-cache
temp-header: 10523-1809783355-10-1683276366.927-rproxy-core-001-dcp-use3a-prod.browserstack.com
content-length: 14

03:46:06.941 [AsyncHttpClient-1-2] DEBUG org.asynchttpclient.netty.channel.ChannelManager - Adding key: https://hub-cloud.browserstack.com:443 for channel [id: 0x631b3838, L:/192.168.1.60:61639 - R:hub-cloud.browserstack.com/207.254.8.4:443]
03:46:06.948 [Forwarding setTimeout on session 5bdc3f4a8e5cefb88ac2450c975a42a0b5f05738 to remote] DEBUG org.asynchttpclient.netty.request.NettyRequestSender - Using pooled Channel '[id: 0x631b3838, L:/192.168.1.60:61639 - R:hub-cloud.browserstack.com/207.254.8.4:443]' for 'POST' to 'https://cesarrios_6wO4Zt:evgWdGT2L7rpPzjC6Xzg@hub-cloud.browserstack.com/wd/hub/session/5bdc3f4a8e5cefb88ac2450c975a42a0b5f05738/timeouts'
03:46:06.948 [Forwarding setTimeout on session 5bdc3f4a8e5cefb88ac2450c975a42a0b5f05738 to remote] DEBUG org.asynchttpclient.netty.request.NettyRequestSender - Using open Channel [id: 0x631b3838, L:/192.168.1.60:61639 - R:hub-cloud.browserstack.com/207.254.8.4:443] for POST '/wd/hub/session/5bdc3f4a8e5cefb88ac2450c975a42a0b5f05738/timeouts'
03:46:07.103 [AsyncHttpClient-1-2] DEBUG org.asynchttpclient.netty.handler.HttpHandler - 

Request DefaultHttpRequest(decodeResult: success, version: HTTP/1.1)
POST /wd/hub/session/5bdc3f4a8e5cefb88ac2450c975a42a0b5f05738/timeouts HTTP/1.1
User-Agent: selenium/4.1.3 (java mac)
traceparent: 00-c56ebb82f63ec8eaf54cc1ca38343dfb-440f6765958af868-01
Content-Length: 23
Content-Type: application/json; charset=utf-8
host: hub-cloud.browserstack.com
authorization: Basic Y2VzYXJyaW9zXzZ3TzRadDpldmdXZEdUMkw3cnBQempDNlh6Zw==
accept: */*

Response DefaultHttpResponse(decodeResult: success, version: HTTP/1.1)
HTTP/1.1 200 OK
Server: nginx
Date: Fri, 05 May 2023 08:46:07 GMT
Content-Type: application/json;charset=utf-8
Connection: keep-alive
Source-From: 02
expires: Thu, 01 Jan 1970 00:00:00 GMT
cache-control: no-cache, no-cache
temp-header: 10517-1809778857-27-1683276367.103-rproxy-core-001-dcp-use3a-prod.browserstack.com
content-length: 14

03:46:07.104 [AsyncHttpClient-1-2] DEBUG org.asynchttpclient.netty.channel.ChannelManager - Adding key: https://hub-cloud.browserstack.com:443 for channel [id: 0x631b3838, L:/192.168.1.60:61639 - R:hub-cloud.browserstack.com/207.254.8.4:443]
03:46:07.109 [Forwarding findElement on session 5bdc3f4a8e5cefb88ac2450c975a42a0b5f05738 to remote] DEBUG org.asynchttpclient.netty.request.NettyRequestSender - Using pooled Channel '[id: 0x631b3838, L:/192.168.1.60:61639 - R:hub-cloud.browserstack.com/207.254.8.4:443]' for 'POST' to 'https://cesarrios_6wO4Zt:evgWdGT2L7rpPzjC6Xzg@hub-cloud.browserstack.com/wd/hub/session/5bdc3f4a8e5cefb88ac2450c975a42a0b5f05738/element'
03:46:07.109 [Forwarding findElement on session 5bdc3f4a8e5cefb88ac2450c975a42a0b5f05738 to remote] DEBUG org.asynchttpclient.netty.request.NettyRequestSender - Using open Channel [id: 0x631b3838, L:/192.168.1.60:61639 - R:hub-cloud.browserstack.com/207.254.8.4:443] for POST '/wd/hub/session/5bdc3f4a8e5cefb88ac2450c975a42a0b5f05738/element'
03:46:07.347 [AsyncHttpClient-1-2] DEBUG org.asynchttpclient.netty.handler.HttpHandler - 

Request DefaultHttpRequest(decodeResult: success, version: HTTP/1.1)
POST /wd/hub/session/5bdc3f4a8e5cefb88ac2450c975a42a0b5f05738/element HTTP/1.1
User-Agent: selenium/4.1.3 (java mac)
traceparent: 00-f58334a82af2a7f0d32852593a67798b-138ba374de6607fc-01
Content-Length: 81
Content-Type: application/json; charset=utf-8
host: hub-cloud.browserstack.com
authorization: Basic Y2VzYXJyaW9zXzZ3TzRadDpldmdXZEdUMkw3cnBQempDNlh6Zw==
accept: */*

Response DefaultHttpResponse(decodeResult: success, version: HTTP/1.1)
HTTP/1.1 200 OK
Server: nginx
Date: Fri, 05 May 2023 08:46:07 GMT
Content-Type: application/json;charset=utf-8
Connection: keep-alive
Source-From: 02
expires: Thu, 01 Jan 1970 00:00:00 GMT
cache-control: no-cache, no-cache
temp-header: 10523-1809772934-46-1683276367.300-rproxy-core-001-dcp-use3a-prod.browserstack.com
content-length: 88

03:46:07.348 [AsyncHttpClient-1-2] DEBUG org.asynchttpclient.netty.channel.ChannelManager - Adding key: https://hub-cloud.browserstack.com:443 for channel [id: 0x631b3838, L:/192.168.1.60:61639 - R:hub-cloud.browserstack.com/207.254.8.4:443]
03:46:07.353 [Forwarding setTimeout on session 5bdc3f4a8e5cefb88ac2450c975a42a0b5f05738 to remote] DEBUG org.asynchttpclient.netty.request.NettyRequestSender - Using pooled Channel '[id: 0x631b3838, L:/192.168.1.60:61639 - R:hub-cloud.browserstack.com/207.254.8.4:443]' for 'POST' to 'https://cesarrios_6wO4Zt:evgWdGT2L7rpPzjC6Xzg@hub-cloud.browserstack.com/wd/hub/session/5bdc3f4a8e5cefb88ac2450c975a42a0b5f05738/timeouts'
03:46:07.353 [Forwarding setTimeout on session 5bdc3f4a8e5cefb88ac2450c975a42a0b5f05738 to remote] DEBUG org.asynchttpclient.netty.request.NettyRequestSender - Using open Channel [id: 0x631b3838, L:/192.168.1.60:61639 - R:hub-cloud.browserstack.com/207.254.8.4:443] for POST '/wd/hub/session/5bdc3f4a8e5cefb88ac2450c975a42a0b5f05738/timeouts'
03:46:07.523 [AsyncHttpClient-1-2] DEBUG org.asynchttpclient.netty.handler.HttpHandler - 

Request DefaultHttpRequest(decodeResult: success, version: HTTP/1.1)
POST /wd/hub/session/5bdc3f4a8e5cefb88ac2450c975a42a0b5f05738/timeouts HTTP/1.1
User-Agent: selenium/4.1.3 (java mac)
traceparent: 00-fd5e098bca78a63f4b621d39728ce0ee-6379c96076248ab8-01
Content-Length: 23
Content-Type: application/json; charset=utf-8
host: hub-cloud.browserstack.com
authorization: Basic Y2VzYXJyaW9zXzZ3TzRadDpldmdXZEdUMkw3cnBQempDNlh6Zw==
accept: */*

Response DefaultHttpResponse(decodeResult: success, version: HTTP/1.1)
HTTP/1.1 200 OK
Server: nginx
Date: Fri, 05 May 2023 08:46:07 GMT
Content-Type: application/json;charset=utf-8
Connection: keep-alive
Source-From: 02
expires: Thu, 01 Jan 1970 00:00:00 GMT
cache-control: no-cache, no-cache
temp-header: 10517-1809778857-31-1683276367.512-rproxy-core-001-dcp-use3a-prod.browserstack.com
content-length: 14

03:46:07.524 [AsyncHttpClient-1-2] DEBUG org.asynchttpclient.netty.channel.ChannelManager - Adding key: https://hub-cloud.browserstack.com:443 for channel [id: 0x631b3838, L:/192.168.1.60:61639 - R:hub-cloud.browserstack.com/207.254.8.4:443]
03:46:07.530 [Forwarding isElementDisplayed on session 5bdc3f4a8e5cefb88ac2450c975a42a0b5f05738 to remote] DEBUG org.asynchttpclient.netty.request.NettyRequestSender - Using pooled Channel '[id: 0x631b3838, L:/192.168.1.60:61639 - R:hub-cloud.browserstack.com/207.254.8.4:443]' for 'POST' to 'https://cesarrios_6wO4Zt:evgWdGT2L7rpPzjC6Xzg@hub-cloud.browserstack.com/wd/hub/session/5bdc3f4a8e5cefb88ac2450c975a42a0b5f05738/execute/sync'
03:46:07.530 [Forwarding isElementDisplayed on session 5bdc3f4a8e5cefb88ac2450c975a42a0b5f05738 to remote] DEBUG org.asynchttpclient.netty.request.NettyRequestSender - Using open Channel [id: 0x631b3838, L:/192.168.1.60:61639 - R:hub-cloud.browserstack.com/207.254.8.4:443] for POST '/wd/hub/session/5bdc3f4a8e5cefb88ac2450c975a42a0b5f05738/execute/sync'
03:46:07.794 [AsyncHttpClient-1-2] DEBUG org.asynchttpclient.netty.handler.HttpHandler - 

Request DefaultHttpRequest(decodeResult: success, version: HTTP/1.1)
POST /wd/hub/session/5bdc3f4a8e5cefb88ac2450c975a42a0b5f05738/execute/sync HTTP/1.1
User-Agent: selenium/4.1.3 (java mac)
traceparent: 00-4e0011e5425ab5d37c4e0f1841ab5db2-1b35e90d026efda8-01
Content-Length: 48780
Content-Type: application/json; charset=utf-8
host: hub-cloud.browserstack.com
authorization: Basic Y2VzYXJyaW9zXzZ3TzRadDpldmdXZEdUMkw3cnBQempDNlh6Zw==
accept: */*

Response DefaultHttpResponse(decodeResult: success, version: HTTP/1.1)
HTTP/1.1 200 OK
Server: nginx
Date: Fri, 05 May 2023 08:46:07 GMT
Content-Type: application/json;charset=utf-8
Connection: keep-alive
Source-From: 02
expires: Thu, 01 Jan 1970 00:00:00 GMT
cache-control: no-cache, no-cache
temp-header: 8787-1191319666-37-1683276367.778-rproxy-core-002-dcp-use3a-prod.browserstack.com
content-length: 14

03:46:07.794 [AsyncHttpClient-1-2] DEBUG org.asynchttpclient.netty.channel.ChannelManager - Adding key: https://hub-cloud.browserstack.com:443 for channel [id: 0x631b3838, L:/192.168.1.60:61639 - R:hub-cloud.browserstack.com/207.254.8.4:443]
03:46:07.803 [Forwarding sendKeysToElement on session 5bdc3f4a8e5cefb88ac2450c975a42a0b5f05738 to remote] DEBUG org.asynchttpclient.netty.request.NettyRequestSender - Using pooled Channel '[id: 0x631b3838, L:/192.168.1.60:61639 - R:hub-cloud.browserstack.com/207.254.8.4:443]' for 'POST' to 'https://cesarrios_6wO4Zt:evgWdGT2L7rpPzjC6Xzg@hub-cloud.browserstack.com/wd/hub/session/5bdc3f4a8e5cefb88ac2450c975a42a0b5f05738/element/72f0f8e9-8437-41fb-990d-d62a8ee03bb9/value'
03:46:07.803 [Forwarding sendKeysToElement on session 5bdc3f4a8e5cefb88ac2450c975a42a0b5f05738 to remote] DEBUG org.asynchttpclient.netty.request.NettyRequestSender - Using open Channel [id: 0x631b3838, L:/192.168.1.60:61639 - R:hub-cloud.browserstack.com/207.254.8.4:443] for POST '/wd/hub/session/5bdc3f4a8e5cefb88ac2450c975a42a0b5f05738/element/72f0f8e9-8437-41fb-990d-d62a8ee03bb9/value'
03:46:08.231 [AsyncHttpClient-1-2] DEBUG org.asynchttpclient.netty.handler.HttpHandler - 

Request DefaultHttpRequest(decodeResult: success, version: HTTP/1.1)
POST /wd/hub/session/5bdc3f4a8e5cefb88ac2450c975a42a0b5f05738/element/72f0f8e9-8437-41fb-990d-d62a8ee03bb9/value HTTP/1.1
User-Agent: selenium/4.1.3 (java mac)
traceparent: 00-9ec7d6f1d34e0de97dcbc6f47011242b-6a8ef706a46e6387-01
Content-Length: 211
Content-Type: application/json; charset=utf-8
host: hub-cloud.browserstack.com
authorization: Basic Y2VzYXJyaW9zXzZ3TzRadDpldmdXZEdUMkw3cnBQempDNlh6Zw==
accept: */*

Response DefaultHttpResponse(decodeResult: success, version: HTTP/1.1)
HTTP/1.1 200 OK
Server: nginx
Date: Fri, 05 May 2023 08:46:08 GMT
Content-Type: application/json;charset=utf-8
Connection: keep-alive
Source-From: 02
expires: Thu, 01 Jan 1970 00:00:00 GMT
cache-control: no-cache, no-cache
temp-header: 8787-1191327746-15-1683276368.149-rproxy-core-002-dcp-use3a-prod.browserstack.com
content-length: 14

03:46:08.231 [AsyncHttpClient-1-2] DEBUG org.asynchttpclient.netty.channel.ChannelManager - Adding key: https://hub-cloud.browserstack.com:443 for channel [id: 0x631b3838, L:/192.168.1.60:61639 - R:hub-cloud.browserstack.com/207.254.8.4:443]
03:46:08.240 [Forwarding setTimeout on session 5bdc3f4a8e5cefb88ac2450c975a42a0b5f05738 to remote] DEBUG org.asynchttpclient.netty.request.NettyRequestSender - Using pooled Channel '[id: 0x631b3838, L:/192.168.1.60:61639 - R:hub-cloud.browserstack.com/207.254.8.4:443]' for 'POST' to 'https://cesarrios_6wO4Zt:evgWdGT2L7rpPzjC6Xzg@hub-cloud.browserstack.com/wd/hub/session/5bdc3f4a8e5cefb88ac2450c975a42a0b5f05738/timeouts'
03:46:08.240 [Forwarding setTimeout on session 5bdc3f4a8e5cefb88ac2450c975a42a0b5f05738 to remote] DEBUG org.asynchttpclient.netty.request.NettyRequestSender - Using open Channel [id: 0x631b3838, L:/192.168.1.60:61639 - R:hub-cloud.browserstack.com/207.254.8.4:443] for POST '/wd/hub/session/5bdc3f4a8e5cefb88ac2450c975a42a0b5f05738/timeouts'
03:46:08.443 [AsyncHttpClient-1-2] DEBUG org.asynchttpclient.netty.handler.HttpHandler - 

Request DefaultHttpRequest(decodeResult: success, version: HTTP/1.1)
POST /wd/hub/session/5bdc3f4a8e5cefb88ac2450c975a42a0b5f05738/timeouts HTTP/1.1
User-Agent: selenium/4.1.3 (java mac)
traceparent: 00-f08bee4a88a550eda843619981319e3f-ae1316fb2db04f9b-01
Content-Length: 19
Content-Type: application/json; charset=utf-8
host: hub-cloud.browserstack.com
authorization: Basic Y2VzYXJyaW9zXzZ3TzRadDpldmdXZEdUMkw3cnBQempDNlh6Zw==
accept: */*

Response DefaultHttpResponse(decodeResult: success, version: HTTP/1.1)
HTTP/1.1 200 OK
Server: nginx
Date: Fri, 05 May 2023 08:46:08 GMT
Content-Type: application/json;charset=utf-8
Connection: keep-alive
Source-From: 02
expires: Thu, 01 Jan 1970 00:00:00 GMT
cache-control: no-cache, no-cache
temp-header: 10523-1809758875-75-1683276368.425-rproxy-core-001-dcp-use3a-prod.browserstack.com
content-length: 14

03:46:08.444 [AsyncHttpClient-1-2] DEBUG org.asynchttpclient.netty.channel.ChannelManager - Adding key: https://hub-cloud.browserstack.com:443 for channel [id: 0x631b3838, L:/192.168.1.60:61639 - R:hub-cloud.browserstack.com/207.254.8.4:443]
03:46:08.449 [Forwarding findElement on session 5bdc3f4a8e5cefb88ac2450c975a42a0b5f05738 to remote] DEBUG org.asynchttpclient.netty.request.NettyRequestSender - Using pooled Channel '[id: 0x631b3838, L:/192.168.1.60:61639 - R:hub-cloud.browserstack.com/207.254.8.4:443]' for 'POST' to 'https://cesarrios_6wO4Zt:evgWdGT2L7rpPzjC6Xzg@hub-cloud.browserstack.com/wd/hub/session/5bdc3f4a8e5cefb88ac2450c975a42a0b5f05738/element'
03:46:08.450 [Forwarding findElement on session 5bdc3f4a8e5cefb88ac2450c975a42a0b5f05738 to remote] DEBUG org.asynchttpclient.netty.request.NettyRequestSender - Using open Channel [id: 0x631b3838, L:/192.168.1.60:61639 - R:hub-cloud.browserstack.com/207.254.8.4:443] for POST '/wd/hub/session/5bdc3f4a8e5cefb88ac2450c975a42a0b5f05738/element'
03:46:08.659 [AsyncHttpClient-1-2] DEBUG org.asynchttpclient.netty.handler.HttpHandler - 

Request DefaultHttpRequest(decodeResult: success, version: HTTP/1.1)
POST /wd/hub/session/5bdc3f4a8e5cefb88ac2450c975a42a0b5f05738/element HTTP/1.1
User-Agent: selenium/4.1.3 (java mac)
traceparent: 00-5b8afea9fffe6e143abace73a8d4f1f6-407326da9cefcaa7-01
Content-Length: 80
Content-Type: application/json; charset=utf-8
host: hub-cloud.browserstack.com
authorization: Basic Y2VzYXJyaW9zXzZ3TzRadDpldmdXZEdUMkw3cnBQempDNlh6Zw==
accept: */*

Response DefaultHttpResponse(decodeResult: success, version: HTTP/1.1)
HTTP/1.1 200 OK
Server: nginx
Date: Fri, 05 May 2023 08:46:08 GMT
Content-Type: application/json;charset=utf-8
Connection: keep-alive
Source-From: 02
expires: Thu, 01 Jan 1970 00:00:00 GMT
cache-control: no-cache, no-cache
temp-header: 8787-1191319666-40-1683276368.623-rproxy-core-002-dcp-use3a-prod.browserstack.com
content-length: 88

03:46:08.659 [AsyncHttpClient-1-2] DEBUG org.asynchttpclient.netty.channel.ChannelManager - Adding key: https://hub-cloud.browserstack.com:443 for channel [id: 0x631b3838, L:/192.168.1.60:61639 - R:hub-cloud.browserstack.com/207.254.8.4:443]
03:46:08.661 [Forwarding setTimeout on session 5bdc3f4a8e5cefb88ac2450c975a42a0b5f05738 to remote] DEBUG org.asynchttpclient.netty.request.NettyRequestSender - Using pooled Channel '[id: 0x631b3838, L:/192.168.1.60:61639 - R:hub-cloud.browserstack.com/207.254.8.4:443]' for 'POST' to 'https://cesarrios_6wO4Zt:evgWdGT2L7rpPzjC6Xzg@hub-cloud.browserstack.com/wd/hub/session/5bdc3f4a8e5cefb88ac2450c975a42a0b5f05738/timeouts'
03:46:08.661 [Forwarding setTimeout on session 5bdc3f4a8e5cefb88ac2450c975a42a0b5f05738 to remote] DEBUG org.asynchttpclient.netty.request.NettyRequestSender - Using open Channel [id: 0x631b3838, L:/192.168.1.60:61639 - R:hub-cloud.browserstack.com/207.254.8.4:443] for POST '/wd/hub/session/5bdc3f4a8e5cefb88ac2450c975a42a0b5f05738/timeouts'
03:46:08.811 [AsyncHttpClient-1-2] DEBUG org.asynchttpclient.netty.handler.HttpHandler - 

Request DefaultHttpRequest(decodeResult: success, version: HTTP/1.1)
POST /wd/hub/session/5bdc3f4a8e5cefb88ac2450c975a42a0b5f05738/timeouts HTTP/1.1
User-Agent: selenium/4.1.3 (java mac)
traceparent: 00-1f358f94776bf07ad6f85d644a31f67d-d5b8898f99c2038c-01
Content-Length: 23
Content-Type: application/json; charset=utf-8
host: hub-cloud.browserstack.com
authorization: Basic Y2VzYXJyaW9zXzZ3TzRadDpldmdXZEdUMkw3cnBQempDNlh6Zw==
accept: */*

Response DefaultHttpResponse(decodeResult: success, version: HTTP/1.1)
HTTP/1.1 200 OK
Server: nginx
Date: Fri, 05 May 2023 08:46:08 GMT
Content-Type: application/json;charset=utf-8
Connection: keep-alive
Source-From: 02
expires: Thu, 01 Jan 1970 00:00:00 GMT
cache-control: no-cache, no-cache
temp-header: 8783-1191316992-40-1683276368.814-rproxy-core-002-dcp-use3a-prod.browserstack.com
content-length: 14

03:46:08.812 [AsyncHttpClient-1-2] DEBUG org.asynchttpclient.netty.channel.ChannelManager - Adding key: https://hub-cloud.browserstack.com:443 for channel [id: 0x631b3838, L:/192.168.1.60:61639 - R:hub-cloud.browserstack.com/207.254.8.4:443]
03:46:08.822 [Forwarding setTimeout on session 5bdc3f4a8e5cefb88ac2450c975a42a0b5f05738 to remote] DEBUG org.asynchttpclient.netty.request.NettyRequestSender - Using pooled Channel '[id: 0x631b3838, L:/192.168.1.60:61639 - R:hub-cloud.browserstack.com/207.254.8.4:443]' for 'POST' to 'https://cesarrios_6wO4Zt:evgWdGT2L7rpPzjC6Xzg@hub-cloud.browserstack.com/wd/hub/session/5bdc3f4a8e5cefb88ac2450c975a42a0b5f05738/timeouts'
03:46:08.822 [Forwarding setTimeout on session 5bdc3f4a8e5cefb88ac2450c975a42a0b5f05738 to remote] DEBUG org.asynchttpclient.netty.request.NettyRequestSender - Using open Channel [id: 0x631b3838, L:/192.168.1.60:61639 - R:hub-cloud.browserstack.com/207.254.8.4:443] for POST '/wd/hub/session/5bdc3f4a8e5cefb88ac2450c975a42a0b5f05738/timeouts'
03:46:09.022 [AsyncHttpClient-1-2] DEBUG org.asynchttpclient.netty.handler.HttpHandler - 

Request DefaultHttpRequest(decodeResult: success, version: HTTP/1.1)
POST /wd/hub/session/5bdc3f4a8e5cefb88ac2450c975a42a0b5f05738/timeouts HTTP/1.1
User-Agent: selenium/4.1.3 (java mac)
traceparent: 00-685c30e8275664bf72833fe043603e2c-781b65a2d6024fc4-01
Content-Length: 19
Content-Type: application/json; charset=utf-8
host: hub-cloud.browserstack.com
authorization: Basic Y2VzYXJyaW9zXzZ3TzRadDpldmdXZEdUMkw3cnBQempDNlh6Zw==
accept: */*

Response DefaultHttpResponse(decodeResult: success, version: HTTP/1.1)
HTTP/1.1 200 OK
Server: nginx
Date: Fri, 05 May 2023 08:46:09 GMT
Content-Type: application/json;charset=utf-8
Connection: keep-alive
Source-From: 02
expires: Thu, 01 Jan 1970 00:00:00 GMT
cache-control: no-cache, no-cache
temp-header: 8780-1191303367-41-1683276369.006-rproxy-core-002-dcp-use3a-prod.browserstack.com
content-length: 14

03:46:09.022 [AsyncHttpClient-1-2] DEBUG org.asynchttpclient.netty.channel.ChannelManager - Adding key: https://hub-cloud.browserstack.com:443 for channel [id: 0x631b3838, L:/192.168.1.60:61639 - R:hub-cloud.browserstack.com/207.254.8.4:443]
03:46:09.027 [Forwarding findElement on session 5bdc3f4a8e5cefb88ac2450c975a42a0b5f05738 to remote] DEBUG org.asynchttpclient.netty.request.NettyRequestSender - Using pooled Channel '[id: 0x631b3838, L:/192.168.1.60:61639 - R:hub-cloud.browserstack.com/207.254.8.4:443]' for 'POST' to 'https://cesarrios_6wO4Zt:evgWdGT2L7rpPzjC6Xzg@hub-cloud.browserstack.com/wd/hub/session/5bdc3f4a8e5cefb88ac2450c975a42a0b5f05738/element'
03:46:09.027 [Forwarding findElement on session 5bdc3f4a8e5cefb88ac2450c975a42a0b5f05738 to remote] DEBUG org.asynchttpclient.netty.request.NettyRequestSender - Using open Channel [id: 0x631b3838, L:/192.168.1.60:61639 - R:hub-cloud.browserstack.com/207.254.8.4:443] for POST '/wd/hub/session/5bdc3f4a8e5cefb88ac2450c975a42a0b5f05738/element'
03:46:09.419 [AsyncHttpClient-1-2] DEBUG org.asynchttpclient.netty.handler.HttpHandler - 

Request DefaultHttpRequest(decodeResult: success, version: HTTP/1.1)
POST /wd/hub/session/5bdc3f4a8e5cefb88ac2450c975a42a0b5f05738/element HTTP/1.1
User-Agent: selenium/4.1.3 (java mac)
traceparent: 00-f377adbd872fa197d557835484e6741c-b9d562eca9d3045c-01
Content-Length: 80
Content-Type: application/json; charset=utf-8
host: hub-cloud.browserstack.com
authorization: Basic Y2VzYXJyaW9zXzZ3TzRadDpldmdXZEdUMkw3cnBQempDNlh6Zw==
accept: */*

Response DefaultHttpResponse(decodeResult: success, version: HTTP/1.1)
HTTP/1.1 200 OK
Server: nginx
Date: Fri, 05 May 2023 08:46:09 GMT
Content-Type: application/json;charset=utf-8
Connection: keep-alive
Source-From: 02
expires: Thu, 01 Jan 1970 00:00:00 GMT
cache-control: no-cache, no-cache
temp-header: 8783-1191330694-3-1683276369.311-rproxy-core-002-dcp-use3a-prod.browserstack.com
content-length: 88

03:46:09.420 [AsyncHttpClient-1-2] DEBUG org.asynchttpclient.netty.channel.ChannelManager - Adding key: https://hub-cloud.browserstack.com:443 for channel [id: 0x631b3838, L:/192.168.1.60:61639 - R:hub-cloud.browserstack.com/207.254.8.4:443]
03:46:09.427 [Forwarding setTimeout on session 5bdc3f4a8e5cefb88ac2450c975a42a0b5f05738 to remote] DEBUG org.asynchttpclient.netty.request.NettyRequestSender - Using pooled Channel '[id: 0x631b3838, L:/192.168.1.60:61639 - R:hub-cloud.browserstack.com/207.254.8.4:443]' for 'POST' to 'https://cesarrios_6wO4Zt:evgWdGT2L7rpPzjC6Xzg@hub-cloud.browserstack.com/wd/hub/session/5bdc3f4a8e5cefb88ac2450c975a42a0b5f05738/timeouts'
03:46:09.427 [Forwarding setTimeout on session 5bdc3f4a8e5cefb88ac2450c975a42a0b5f05738 to remote] DEBUG org.asynchttpclient.netty.request.NettyRequestSender - Using open Channel [id: 0x631b3838, L:/192.168.1.60:61639 - R:hub-cloud.browserstack.com/207.254.8.4:443] for POST '/wd/hub/session/5bdc3f4a8e5cefb88ac2450c975a42a0b5f05738/timeouts'
03:46:09.790 [AsyncHttpClient-1-2] DEBUG org.asynchttpclient.netty.handler.HttpHandler - 

Request DefaultHttpRequest(decodeResult: success, version: HTTP/1.1)
POST /wd/hub/session/5bdc3f4a8e5cefb88ac2450c975a42a0b5f05738/timeouts HTTP/1.1
User-Agent: selenium/4.1.3 (java mac)
traceparent: 00-d628770a7a881f4ca56bb8a9fed474e3-4afefd9c3fb349e9-01
Content-Length: 23
Content-Type: application/json; charset=utf-8
host: hub-cloud.browserstack.com
authorization: Basic Y2VzYXJyaW9zXzZ3TzRadDpldmdXZEdUMkw3cnBQempDNlh6Zw==
accept: */*

Response DefaultHttpResponse(decodeResult: success, version: HTTP/1.1)
HTTP/1.1 200 OK
Server: nginx
Date: Fri, 05 May 2023 08:46:09 GMT
Content-Type: application/json;charset=utf-8
Connection: keep-alive
Source-From: 02
expires: Thu, 01 Jan 1970 00:00:00 GMT
cache-control: no-cache, no-cache
temp-header: 8787-1191326037-23-1683276369.739-rproxy-core-002-dcp-use3a-prod.browserstack.com
content-length: 14

03:46:09.791 [AsyncHttpClient-1-2] DEBUG org.asynchttpclient.netty.channel.ChannelManager - Adding key: https://hub-cloud.browserstack.com:443 for channel [id: 0x631b3838, L:/192.168.1.60:61639 - R:hub-cloud.browserstack.com/207.254.8.4:443]
03:46:09.797 [Forwarding isElementDisplayed on session 5bdc3f4a8e5cefb88ac2450c975a42a0b5f05738 to remote] DEBUG org.asynchttpclient.netty.request.NettyRequestSender - Using pooled Channel '[id: 0x631b3838, L:/192.168.1.60:61639 - R:hub-cloud.browserstack.com/207.254.8.4:443]' for 'POST' to 'https://cesarrios_6wO4Zt:evgWdGT2L7rpPzjC6Xzg@hub-cloud.browserstack.com/wd/hub/session/5bdc3f4a8e5cefb88ac2450c975a42a0b5f05738/execute/sync'
03:46:09.797 [Forwarding isElementDisplayed on session 5bdc3f4a8e5cefb88ac2450c975a42a0b5f05738 to remote] DEBUG org.asynchttpclient.netty.request.NettyRequestSender - Using open Channel [id: 0x631b3838, L:/192.168.1.60:61639 - R:hub-cloud.browserstack.com/207.254.8.4:443] for POST '/wd/hub/session/5bdc3f4a8e5cefb88ac2450c975a42a0b5f05738/execute/sync'
03:46:10.300 [AsyncHttpClient-1-2] DEBUG org.asynchttpclient.netty.handler.HttpHandler - 

Request DefaultHttpRequest(decodeResult: success, version: HTTP/1.1)
POST /wd/hub/session/5bdc3f4a8e5cefb88ac2450c975a42a0b5f05738/execute/sync HTTP/1.1
User-Agent: selenium/4.1.3 (java mac)
traceparent: 00-b3d1a732f71b1b3095293076c948be8c-e26e483c110a0780-01
Content-Length: 48780
Content-Type: application/json; charset=utf-8
host: hub-cloud.browserstack.com
authorization: Basic Y2VzYXJyaW9zXzZ3TzRadDpldmdXZEdUMkw3cnBQempDNlh6Zw==
accept: */*

Response DefaultHttpResponse(decodeResult: success, version: HTTP/1.1)
HTTP/1.1 200 OK
Server: nginx
Date: Fri, 05 May 2023 08:46:10 GMT
Content-Type: application/json;charset=utf-8
Connection: keep-alive
Source-From: 02
expires: Thu, 01 Jan 1970 00:00:00 GMT
cache-control: no-cache, no-cache
temp-header: 8787-1191317070-48-1683276370.244-rproxy-core-002-dcp-use3a-prod.browserstack.com
content-length: 14

03:46:10.301 [AsyncHttpClient-1-2] DEBUG org.asynchttpclient.netty.channel.ChannelManager - Adding key: https://hub-cloud.browserstack.com:443 for channel [id: 0x631b3838, L:/192.168.1.60:61639 - R:hub-cloud.browserstack.com/207.254.8.4:443]
03:46:10.307 [Forwarding setTimeout on session 5bdc3f4a8e5cefb88ac2450c975a42a0b5f05738 to remote] DEBUG org.asynchttpclient.netty.request.NettyRequestSender - Using pooled Channel '[id: 0x631b3838, L:/192.168.1.60:61639 - R:hub-cloud.browserstack.com/207.254.8.4:443]' for 'POST' to 'https://cesarrios_6wO4Zt:evgWdGT2L7rpPzjC6Xzg@hub-cloud.browserstack.com/wd/hub/session/5bdc3f4a8e5cefb88ac2450c975a42a0b5f05738/timeouts'
03:46:10.307 [Forwarding setTimeout on session 5bdc3f4a8e5cefb88ac2450c975a42a0b5f05738 to remote] DEBUG org.asynchttpclient.netty.request.NettyRequestSender - Using open Channel [id: 0x631b3838, L:/192.168.1.60:61639 - R:hub-cloud.browserstack.com/207.254.8.4:443] for POST '/wd/hub/session/5bdc3f4a8e5cefb88ac2450c975a42a0b5f05738/timeouts'
03:46:10.490 [AsyncHttpClient-1-2] DEBUG org.asynchttpclient.netty.handler.HttpHandler - 

Request DefaultHttpRequest(decodeResult: success, version: HTTP/1.1)
POST /wd/hub/session/5bdc3f4a8e5cefb88ac2450c975a42a0b5f05738/timeouts HTTP/1.1
User-Agent: selenium/4.1.3 (java mac)
traceparent: 00-e7c6b3a257aaae34312012945235b99b-ae5c389b496107c7-01
Content-Length: 23
Content-Type: application/json; charset=utf-8
host: hub-cloud.browserstack.com
authorization: Basic Y2VzYXJyaW9zXzZ3TzRadDpldmdXZEdUMkw3cnBQempDNlh6Zw==
accept: */*

Response DefaultHttpResponse(decodeResult: success, version: HTTP/1.1)
HTTP/1.1 200 OK
Server: nginx
Date: Fri, 05 May 2023 08:46:10 GMT
Content-Type: application/json;charset=utf-8
Connection: keep-alive
Source-From: 02
expires: Thu, 01 Jan 1970 00:00:00 GMT
cache-control: no-cache, no-cache
temp-header: 8782-1191327280-16-1683276370.477-rproxy-core-002-dcp-use3a-prod.browserstack.com
content-length: 14

03:46:10.490 [AsyncHttpClient-1-2] DEBUG org.asynchttpclient.netty.channel.ChannelManager - Adding key: https://hub-cloud.browserstack.com:443 for channel [id: 0x631b3838, L:/192.168.1.60:61639 - R:hub-cloud.browserstack.com/207.254.8.4:443]
03:46:10.492 [Forwarding findElement on session 5bdc3f4a8e5cefb88ac2450c975a42a0b5f05738 to remote] DEBUG org.asynchttpclient.netty.request.NettyRequestSender - Using pooled Channel '[id: 0x631b3838, L:/192.168.1.60:61639 - R:hub-cloud.browserstack.com/207.254.8.4:443]' for 'POST' to 'https://cesarrios_6wO4Zt:evgWdGT2L7rpPzjC6Xzg@hub-cloud.browserstack.com/wd/hub/session/5bdc3f4a8e5cefb88ac2450c975a42a0b5f05738/element'
03:46:10.492 [Forwarding findElement on session 5bdc3f4a8e5cefb88ac2450c975a42a0b5f05738 to remote] DEBUG org.asynchttpclient.netty.request.NettyRequestSender - Using open Channel [id: 0x631b3838, L:/192.168.1.60:61639 - R:hub-cloud.browserstack.com/207.254.8.4:443] for POST '/wd/hub/session/5bdc3f4a8e5cefb88ac2450c975a42a0b5f05738/element'
03:46:10.684 [AsyncHttpClient-1-2] DEBUG org.asynchttpclient.netty.handler.HttpHandler - 

Request DefaultHttpRequest(decodeResult: success, version: HTTP/1.1)
POST /wd/hub/session/5bdc3f4a8e5cefb88ac2450c975a42a0b5f05738/element HTTP/1.1
User-Agent: selenium/4.1.3 (java mac)
traceparent: 00-b0067eb073fd39a20b6f0c6d85934bf1-0003247769fc2dea-01
Content-Length: 80
Content-Type: application/json; charset=utf-8
host: hub-cloud.browserstack.com
authorization: Basic Y2VzYXJyaW9zXzZ3TzRadDpldmdXZEdUMkw3cnBQempDNlh6Zw==
accept: */*

Response DefaultHttpResponse(decodeResult: success, version: HTTP/1.1)
HTTP/1.1 200 OK
Server: nginx
Date: Fri, 05 May 2023 08:46:10 GMT
Content-Type: application/json;charset=utf-8
Connection: keep-alive
Source-From: 02
expires: Thu, 01 Jan 1970 00:00:00 GMT
cache-control: no-cache, no-cache
temp-header: 8782-1191327280-17-1683276370.680-rproxy-core-002-dcp-use3a-prod.browserstack.com
content-length: 88

03:46:10.685 [AsyncHttpClient-1-2] DEBUG org.asynchttpclient.netty.channel.ChannelManager - Adding key: https://hub-cloud.browserstack.com:443 for channel [id: 0x631b3838, L:/192.168.1.60:61639 - R:hub-cloud.browserstack.com/207.254.8.4:443]
03:46:10.690 [Forwarding setTimeout on session 5bdc3f4a8e5cefb88ac2450c975a42a0b5f05738 to remote] DEBUG org.asynchttpclient.netty.request.NettyRequestSender - Using pooled Channel '[id: 0x631b3838, L:/192.168.1.60:61639 - R:hub-cloud.browserstack.com/207.254.8.4:443]' for 'POST' to 'https://cesarrios_6wO4Zt:evgWdGT2L7rpPzjC6Xzg@hub-cloud.browserstack.com/wd/hub/session/5bdc3f4a8e5cefb88ac2450c975a42a0b5f05738/timeouts'
03:46:10.690 [Forwarding setTimeout on session 5bdc3f4a8e5cefb88ac2450c975a42a0b5f05738 to remote] DEBUG org.asynchttpclient.netty.request.NettyRequestSender - Using open Channel [id: 0x631b3838, L:/192.168.1.60:61639 - R:hub-cloud.browserstack.com/207.254.8.4:443] for POST '/wd/hub/session/5bdc3f4a8e5cefb88ac2450c975a42a0b5f05738/timeouts'
03:46:10.899 [AsyncHttpClient-1-2] DEBUG org.asynchttpclient.netty.handler.HttpHandler - 

Request DefaultHttpRequest(decodeResult: success, version: HTTP/1.1)
POST /wd/hub/session/5bdc3f4a8e5cefb88ac2450c975a42a0b5f05738/timeouts HTTP/1.1
User-Agent: selenium/4.1.3 (java mac)
traceparent: 00-f92043c263bea3c3d9614554aab0a5a6-e107e73872f363e4-01
Content-Length: 23
Content-Type: application/json; charset=utf-8
host: hub-cloud.browserstack.com
authorization: Basic Y2VzYXJyaW9zXzZ3TzRadDpldmdXZEdUMkw3cnBQempDNlh6Zw==
accept: */*

Response DefaultHttpResponse(decodeResult: success, version: HTTP/1.1)
HTTP/1.1 200 OK
Server: nginx
Date: Fri, 05 May 2023 08:46:10 GMT
Content-Type: application/json;charset=utf-8
Connection: keep-alive
Source-From: 02
expires: Thu, 01 Jan 1970 00:00:00 GMT
cache-control: no-cache, no-cache
temp-header: 10517-1809758851-94-1683276370.899-rproxy-core-001-dcp-use3a-prod.browserstack.com
content-length: 14

03:46:10.900 [AsyncHttpClient-1-2] DEBUG org.asynchttpclient.netty.channel.ChannelManager - Adding key: https://hub-cloud.browserstack.com:443 for channel [id: 0x631b3838, L:/192.168.1.60:61639 - R:hub-cloud.browserstack.com/207.254.8.4:443]
03:46:10.907 [Forwarding isElementDisplayed on session 5bdc3f4a8e5cefb88ac2450c975a42a0b5f05738 to remote] DEBUG org.asynchttpclient.netty.request.NettyRequestSender - Using pooled Channel '[id: 0x631b3838, L:/192.168.1.60:61639 - R:hub-cloud.browserstack.com/207.254.8.4:443]' for 'POST' to 'https://cesarrios_6wO4Zt:evgWdGT2L7rpPzjC6Xzg@hub-cloud.browserstack.com/wd/hub/session/5bdc3f4a8e5cefb88ac2450c975a42a0b5f05738/execute/sync'
03:46:10.907 [Forwarding isElementDisplayed on session 5bdc3f4a8e5cefb88ac2450c975a42a0b5f05738 to remote] DEBUG org.asynchttpclient.netty.request.NettyRequestSender - Using open Channel [id: 0x631b3838, L:/192.168.1.60:61639 - R:hub-cloud.browserstack.com/207.254.8.4:443] for POST '/wd/hub/session/5bdc3f4a8e5cefb88ac2450c975a42a0b5f05738/execute/sync'
03:46:11.220 [AsyncHttpClient-1-2] DEBUG org.asynchttpclient.netty.handler.HttpHandler - 

Request DefaultHttpRequest(decodeResult: success, version: HTTP/1.1)
POST /wd/hub/session/5bdc3f4a8e5cefb88ac2450c975a42a0b5f05738/execute/sync HTTP/1.1
User-Agent: selenium/4.1.3 (java mac)
traceparent: 00-7c52b717732c573f0dc7543116a40bc3-25b13fd481c79f38-01
Content-Length: 48780
Content-Type: application/json; charset=utf-8
host: hub-cloud.browserstack.com
authorization: Basic Y2VzYXJyaW9zXzZ3TzRadDpldmdXZEdUMkw3cnBQempDNlh6Zw==
accept: */*

Response DefaultHttpResponse(decodeResult: success, version: HTTP/1.1)
HTTP/1.1 200 OK
Server: nginx
Date: Fri, 05 May 2023 08:46:11 GMT
Content-Type: application/json;charset=utf-8
Connection: keep-alive
Source-From: 02
expires: Thu, 01 Jan 1970 00:00:00 GMT
cache-control: no-cache, no-cache
temp-header: 8789-1191322967-42-1683276371.197-rproxy-core-002-dcp-use3a-prod.browserstack.com
content-length: 14

03:46:11.221 [AsyncHttpClient-1-2] DEBUG org.asynchttpclient.netty.channel.ChannelManager - Adding key: https://hub-cloud.browserstack.com:443 for channel [id: 0x631b3838, L:/192.168.1.60:61639 - R:hub-cloud.browserstack.com/207.254.8.4:443]
03:46:11.228 [Forwarding isElementDisplayed on session 5bdc3f4a8e5cefb88ac2450c975a42a0b5f05738 to remote] DEBUG org.asynchttpclient.netty.request.NettyRequestSender - Using pooled Channel '[id: 0x631b3838, L:/192.168.1.60:61639 - R:hub-cloud.browserstack.com/207.254.8.4:443]' for 'POST' to 'https://cesarrios_6wO4Zt:evgWdGT2L7rpPzjC6Xzg@hub-cloud.browserstack.com/wd/hub/session/5bdc3f4a8e5cefb88ac2450c975a42a0b5f05738/execute/sync'
03:46:11.228 [Forwarding isElementDisplayed on session 5bdc3f4a8e5cefb88ac2450c975a42a0b5f05738 to remote] DEBUG org.asynchttpclient.netty.request.NettyRequestSender - Using open Channel [id: 0x631b3838, L:/192.168.1.60:61639 - R:hub-cloud.browserstack.com/207.254.8.4:443] for POST '/wd/hub/session/5bdc3f4a8e5cefb88ac2450c975a42a0b5f05738/execute/sync'
03:46:11.475 [AsyncHttpClient-1-2] DEBUG org.asynchttpclient.netty.handler.HttpHandler - 

Request DefaultHttpRequest(decodeResult: success, version: HTTP/1.1)
POST /wd/hub/session/5bdc3f4a8e5cefb88ac2450c975a42a0b5f05738/execute/sync HTTP/1.1
User-Agent: selenium/4.1.3 (java mac)
traceparent: 00-04e78299e4c46e88ca6a31bd77d89824-51854cd86ef5d5f9-01
Content-Length: 48780
Content-Type: application/json; charset=utf-8
host: hub-cloud.browserstack.com
authorization: Basic Y2VzYXJyaW9zXzZ3TzRadDpldmdXZEdUMkw3cnBQempDNlh6Zw==
accept: */*

Response DefaultHttpResponse(decodeResult: success, version: HTTP/1.1)
HTTP/1.1 200 OK
Server: nginx
Date: Fri, 05 May 2023 08:46:11 GMT
Content-Type: application/json;charset=utf-8
Connection: keep-alive
Source-From: 02
expires: Thu, 01 Jan 1970 00:00:00 GMT
cache-control: no-cache, no-cache
temp-header: 10522-1809785964-13-1683276371.461-rproxy-core-001-dcp-use3a-prod.browserstack.com
content-length: 14

03:46:11.475 [AsyncHttpClient-1-2] DEBUG org.asynchttpclient.netty.channel.ChannelManager - Adding key: https://hub-cloud.browserstack.com:443 for channel [id: 0x631b3838, L:/192.168.1.60:61639 - R:hub-cloud.browserstack.com/207.254.8.4:443]
03:46:11.481 [Forwarding setTimeout on session 5bdc3f4a8e5cefb88ac2450c975a42a0b5f05738 to remote] DEBUG org.asynchttpclient.netty.request.NettyRequestSender - Using pooled Channel '[id: 0x631b3838, L:/192.168.1.60:61639 - R:hub-cloud.browserstack.com/207.254.8.4:443]' for 'POST' to 'https://cesarrios_6wO4Zt:evgWdGT2L7rpPzjC6Xzg@hub-cloud.browserstack.com/wd/hub/session/5bdc3f4a8e5cefb88ac2450c975a42a0b5f05738/timeouts'
03:46:11.482 [Forwarding setTimeout on session 5bdc3f4a8e5cefb88ac2450c975a42a0b5f05738 to remote] DEBUG org.asynchttpclient.netty.request.NettyRequestSender - Using open Channel [id: 0x631b3838, L:/192.168.1.60:61639 - R:hub-cloud.browserstack.com/207.254.8.4:443] for POST '/wd/hub/session/5bdc3f4a8e5cefb88ac2450c975a42a0b5f05738/timeouts'
03:46:11.665 [AsyncHttpClient-1-2] DEBUG org.asynchttpclient.netty.handler.HttpHandler - 

Request DefaultHttpRequest(decodeResult: success, version: HTTP/1.1)
POST /wd/hub/session/5bdc3f4a8e5cefb88ac2450c975a42a0b5f05738/timeouts HTTP/1.1
User-Agent: selenium/4.1.3 (java mac)
traceparent: 00-7286463b18e81f3c172e9814acd4fb1b-3ea489ee3a426d65-01
Content-Length: 23
Content-Type: application/json; charset=utf-8
host: hub-cloud.browserstack.com
authorization: Basic Y2VzYXJyaW9zXzZ3TzRadDpldmdXZEdUMkw3cnBQempDNlh6Zw==
accept: */*

Response DefaultHttpResponse(decodeResult: success, version: HTTP/1.1)
HTTP/1.1 200 OK
Server: nginx
Date: Fri, 05 May 2023 08:46:11 GMT
Content-Type: application/json;charset=utf-8
Connection: keep-alive
Source-From: 02
expires: Thu, 01 Jan 1970 00:00:00 GMT
cache-control: no-cache, no-cache
temp-header: 8789-1191326482-21-1683276371.653-rproxy-core-002-dcp-use3a-prod.browserstack.com
content-length: 14

03:46:11.665 [AsyncHttpClient-1-2] DEBUG org.asynchttpclient.netty.channel.ChannelManager - Adding key: https://hub-cloud.browserstack.com:443 for channel [id: 0x631b3838, L:/192.168.1.60:61639 - R:hub-cloud.browserstack.com/207.254.8.4:443]
03:46:11.669 [Forwarding findElement on session 5bdc3f4a8e5cefb88ac2450c975a42a0b5f05738 to remote] DEBUG org.asynchttpclient.netty.request.NettyRequestSender - Using pooled Channel '[id: 0x631b3838, L:/192.168.1.60:61639 - R:hub-cloud.browserstack.com/207.254.8.4:443]' for 'POST' to 'https://cesarrios_6wO4Zt:evgWdGT2L7rpPzjC6Xzg@hub-cloud.browserstack.com/wd/hub/session/5bdc3f4a8e5cefb88ac2450c975a42a0b5f05738/element'
03:46:11.669 [Forwarding findElement on session 5bdc3f4a8e5cefb88ac2450c975a42a0b5f05738 to remote] DEBUG org.asynchttpclient.netty.request.NettyRequestSender - Using open Channel [id: 0x631b3838, L:/192.168.1.60:61639 - R:hub-cloud.browserstack.com/207.254.8.4:443] for POST '/wd/hub/session/5bdc3f4a8e5cefb88ac2450c975a42a0b5f05738/element'
03:46:11.836 [AsyncHttpClient-1-2] DEBUG org.asynchttpclient.netty.handler.HttpHandler - 

Request DefaultHttpRequest(decodeResult: success, version: HTTP/1.1)
POST /wd/hub/session/5bdc3f4a8e5cefb88ac2450c975a42a0b5f05738/element HTTP/1.1
User-Agent: selenium/4.1.3 (java mac)
traceparent: 00-35f36ca00d8ad2e96127de434a86248d-1fc22d4b4a2f242e-01
Content-Length: 80
Content-Type: application/json; charset=utf-8
host: hub-cloud.browserstack.com
authorization: Basic Y2VzYXJyaW9zXzZ3TzRadDpldmdXZEdUMkw3cnBQempDNlh6Zw==
accept: */*

Response DefaultHttpResponse(decodeResult: success, version: HTTP/1.1)
HTTP/1.1 200 OK
Server: nginx
Date: Fri, 05 May 2023 08:46:11 GMT
Content-Type: application/json;charset=utf-8
Connection: keep-alive
Source-From: 02
expires: Thu, 01 Jan 1970 00:00:00 GMT
cache-control: no-cache, no-cache
temp-header: 8787-1191317070-52-1683276371.832-rproxy-core-002-dcp-use3a-prod.browserstack.com
content-length: 88

03:46:11.837 [AsyncHttpClient-1-2] DEBUG org.asynchttpclient.netty.channel.ChannelManager - Adding key: https://hub-cloud.browserstack.com:443 for channel [id: 0x631b3838, L:/192.168.1.60:61639 - R:hub-cloud.browserstack.com/207.254.8.4:443]
03:46:11.840 [Forwarding setTimeout on session 5bdc3f4a8e5cefb88ac2450c975a42a0b5f05738 to remote] DEBUG org.asynchttpclient.netty.request.NettyRequestSender - Using pooled Channel '[id: 0x631b3838, L:/192.168.1.60:61639 - R:hub-cloud.browserstack.com/207.254.8.4:443]' for 'POST' to 'https://cesarrios_6wO4Zt:evgWdGT2L7rpPzjC6Xzg@hub-cloud.browserstack.com/wd/hub/session/5bdc3f4a8e5cefb88ac2450c975a42a0b5f05738/timeouts'
03:46:11.840 [Forwarding setTimeout on session 5bdc3f4a8e5cefb88ac2450c975a42a0b5f05738 to remote] DEBUG org.asynchttpclient.netty.request.NettyRequestSender - Using open Channel [id: 0x631b3838, L:/192.168.1.60:61639 - R:hub-cloud.browserstack.com/207.254.8.4:443] for POST '/wd/hub/session/5bdc3f4a8e5cefb88ac2450c975a42a0b5f05738/timeouts'
03:46:12.040 [AsyncHttpClient-1-2] DEBUG org.asynchttpclient.netty.handler.HttpHandler - 

Request DefaultHttpRequest(decodeResult: success, version: HTTP/1.1)
POST /wd/hub/session/5bdc3f4a8e5cefb88ac2450c975a42a0b5f05738/timeouts HTTP/1.1
User-Agent: selenium/4.1.3 (java mac)
traceparent: 00-4fcad430a6b51d807a4fa8330b5407ce-520d9d5533333ff4-01
Content-Length: 23
Content-Type: application/json; charset=utf-8
host: hub-cloud.browserstack.com
authorization: Basic Y2VzYXJyaW9zXzZ3TzRadDpldmdXZEdUMkw3cnBQempDNlh6Zw==
accept: */*

Response DefaultHttpResponse(decodeResult: success, version: HTTP/1.1)
HTTP/1.1 200 OK
Server: nginx
Date: Fri, 05 May 2023 08:46:12 GMT
Content-Type: application/json;charset=utf-8
Connection: keep-alive
Source-From: 02
expires: Thu, 01 Jan 1970 00:00:00 GMT
cache-control: no-cache, no-cache
temp-header: 8787-1191327746-27-1683276372.037-rproxy-core-002-dcp-use3a-prod.browserstack.com
content-length: 14

03:46:12.041 [AsyncHttpClient-1-2] DEBUG org.asynchttpclient.netty.channel.ChannelManager - Adding key: https://hub-cloud.browserstack.com:443 for channel [id: 0x631b3838, L:/192.168.1.60:61639 - R:hub-cloud.browserstack.com/207.254.8.4:443]
03:46:12.049 [Forwarding isElementDisplayed on session 5bdc3f4a8e5cefb88ac2450c975a42a0b5f05738 to remote] DEBUG org.asynchttpclient.netty.request.NettyRequestSender - Using pooled Channel '[id: 0x631b3838, L:/192.168.1.60:61639 - R:hub-cloud.browserstack.com/207.254.8.4:443]' for 'POST' to 'https://cesarrios_6wO4Zt:evgWdGT2L7rpPzjC6Xzg@hub-cloud.browserstack.com/wd/hub/session/5bdc3f4a8e5cefb88ac2450c975a42a0b5f05738/execute/sync'
03:46:12.049 [Forwarding isElementDisplayed on session 5bdc3f4a8e5cefb88ac2450c975a42a0b5f05738 to remote] DEBUG org.asynchttpclient.netty.request.NettyRequestSender - Using open Channel [id: 0x631b3838, L:/192.168.1.60:61639 - R:hub-cloud.browserstack.com/207.254.8.4:443] for POST '/wd/hub/session/5bdc3f4a8e5cefb88ac2450c975a42a0b5f05738/execute/sync'
03:46:12.400 [AsyncHttpClient-1-2] DEBUG org.asynchttpclient.netty.handler.HttpHandler - 

Request DefaultHttpRequest(decodeResult: success, version: HTTP/1.1)
POST /wd/hub/session/5bdc3f4a8e5cefb88ac2450c975a42a0b5f05738/execute/sync HTTP/1.1
User-Agent: selenium/4.1.3 (java mac)
traceparent: 00-0abba3c1e942922c41271103cb9188e6-c0b11fd029ec52cf-01
Content-Length: 48780
Content-Type: application/json; charset=utf-8
host: hub-cloud.browserstack.com
authorization: Basic Y2VzYXJyaW9zXzZ3TzRadDpldmdXZEdUMkw3cnBQempDNlh6Zw==
accept: */*

Response DefaultHttpResponse(decodeResult: success, version: HTTP/1.1)
HTTP/1.1 200 OK
Server: nginx
Date: Fri, 05 May 2023 08:46:12 GMT
Content-Type: application/json;charset=utf-8
Connection: keep-alive
Source-From: 02
expires: Thu, 01 Jan 1970 00:00:00 GMT
cache-control: no-cache, no-cache
temp-header: 10518-1809751891-54-1683276372.334-rproxy-core-001-dcp-use3a-prod.browserstack.com
content-length: 14

03:46:12.401 [AsyncHttpClient-1-2] DEBUG org.asynchttpclient.netty.channel.ChannelManager - Adding key: https://hub-cloud.browserstack.com:443 for channel [id: 0x631b3838, L:/192.168.1.60:61639 - R:hub-cloud.browserstack.com/207.254.8.4:443]
03:46:12.405 [Forwarding sendKeysToElement on session 5bdc3f4a8e5cefb88ac2450c975a42a0b5f05738 to remote] DEBUG org.asynchttpclient.netty.request.NettyRequestSender - Using pooled Channel '[id: 0x631b3838, L:/192.168.1.60:61639 - R:hub-cloud.browserstack.com/207.254.8.4:443]' for 'POST' to 'https://cesarrios_6wO4Zt:evgWdGT2L7rpPzjC6Xzg@hub-cloud.browserstack.com/wd/hub/session/5bdc3f4a8e5cefb88ac2450c975a42a0b5f05738/element/ba489691-226a-4cfb-b0d3-ececabae0209/value'
03:46:12.405 [Forwarding sendKeysToElement on session 5bdc3f4a8e5cefb88ac2450c975a42a0b5f05738 to remote] DEBUG org.asynchttpclient.netty.request.NettyRequestSender - Using open Channel [id: 0x631b3838, L:/192.168.1.60:61639 - R:hub-cloud.browserstack.com/207.254.8.4:443] for POST '/wd/hub/session/5bdc3f4a8e5cefb88ac2450c975a42a0b5f05738/element/ba489691-226a-4cfb-b0d3-ececabae0209/value'
03:46:12.675 [AsyncHttpClient-1-2] DEBUG org.asynchttpclient.netty.handler.HttpHandler - 

Request DefaultHttpRequest(decodeResult: success, version: HTTP/1.1)
POST /wd/hub/session/5bdc3f4a8e5cefb88ac2450c975a42a0b5f05738/element/ba489691-226a-4cfb-b0d3-ececabae0209/value HTTP/1.1
User-Agent: selenium/4.1.3 (java mac)
traceparent: 00-751b291d7804e1bbfc7d537fa51ca63a-a8ae40f9096ae435-01
Content-Length: 201
Content-Type: application/json; charset=utf-8
host: hub-cloud.browserstack.com
authorization: Basic Y2VzYXJyaW9zXzZ3TzRadDpldmdXZEdUMkw3cnBQempDNlh6Zw==
accept: */*

Response DefaultHttpResponse(decodeResult: success, version: HTTP/1.1)
HTTP/1.1 200 OK
Server: nginx
Date: Fri, 05 May 2023 08:46:12 GMT
Content-Type: application/json;charset=utf-8
Connection: keep-alive
Source-From: 02
expires: Thu, 01 Jan 1970 00:00:00 GMT
cache-control: no-cache, no-cache
temp-header: 8787-1191327746-28-1683276372.639-rproxy-core-002-dcp-use3a-prod.browserstack.com
content-length: 14

03:46:12.675 [AsyncHttpClient-1-2] DEBUG org.asynchttpclient.netty.channel.ChannelManager - Adding key: https://hub-cloud.browserstack.com:443 for channel [id: 0x631b3838, L:/192.168.1.60:61639 - R:hub-cloud.browserstack.com/207.254.8.4:443]
03:46:12.682 [Forwarding setTimeout on session 5bdc3f4a8e5cefb88ac2450c975a42a0b5f05738 to remote] DEBUG org.asynchttpclient.netty.request.NettyRequestSender - Using pooled Channel '[id: 0x631b3838, L:/192.168.1.60:61639 - R:hub-cloud.browserstack.com/207.254.8.4:443]' for 'POST' to 'https://cesarrios_6wO4Zt:evgWdGT2L7rpPzjC6Xzg@hub-cloud.browserstack.com/wd/hub/session/5bdc3f4a8e5cefb88ac2450c975a42a0b5f05738/timeouts'
03:46:12.682 [Forwarding setTimeout on session 5bdc3f4a8e5cefb88ac2450c975a42a0b5f05738 to remote] DEBUG org.asynchttpclient.netty.request.NettyRequestSender - Using open Channel [id: 0x631b3838, L:/192.168.1.60:61639 - R:hub-cloud.browserstack.com/207.254.8.4:443] for POST '/wd/hub/session/5bdc3f4a8e5cefb88ac2450c975a42a0b5f05738/timeouts'
03:46:12.844 [AsyncHttpClient-1-2] DEBUG org.asynchttpclient.netty.handler.HttpHandler - 

Request DefaultHttpRequest(decodeResult: success, version: HTTP/1.1)
POST /wd/hub/session/5bdc3f4a8e5cefb88ac2450c975a42a0b5f05738/timeouts HTTP/1.1
User-Agent: selenium/4.1.3 (java mac)
traceparent: 00-1322c4e6b6d6d8834a40010294940e1b-695c729f184d2af5-01
Content-Length: 19
Content-Type: application/json; charset=utf-8
host: hub-cloud.browserstack.com
authorization: Basic Y2VzYXJyaW9zXzZ3TzRadDpldmdXZEdUMkw3cnBQempDNlh6Zw==
accept: */*

Response DefaultHttpResponse(decodeResult: success, version: HTTP/1.1)
HTTP/1.1 200 OK
Server: nginx
Date: Fri, 05 May 2023 08:46:12 GMT
Content-Type: application/json;charset=utf-8
Connection: keep-alive
Source-From: 02
expires: Thu, 01 Jan 1970 00:00:00 GMT
cache-control: no-cache, no-cache
temp-header: 8787-1191327746-29-1683276372.847-rproxy-core-002-dcp-use3a-prod.browserstack.com
content-length: 14

03:46:12.845 [AsyncHttpClient-1-2] DEBUG org.asynchttpclient.netty.channel.ChannelManager - Adding key: https://hub-cloud.browserstack.com:443 for channel [id: 0x631b3838, L:/192.168.1.60:61639 - R:hub-cloud.browserstack.com/207.254.8.4:443]
03:46:12.848 [Forwarding findElement on session 5bdc3f4a8e5cefb88ac2450c975a42a0b5f05738 to remote] DEBUG org.asynchttpclient.netty.request.NettyRequestSender - Using pooled Channel '[id: 0x631b3838, L:/192.168.1.60:61639 - R:hub-cloud.browserstack.com/207.254.8.4:443]' for 'POST' to 'https://cesarrios_6wO4Zt:evgWdGT2L7rpPzjC6Xzg@hub-cloud.browserstack.com/wd/hub/session/5bdc3f4a8e5cefb88ac2450c975a42a0b5f05738/element'
03:46:12.848 [Forwarding findElement on session 5bdc3f4a8e5cefb88ac2450c975a42a0b5f05738 to remote] DEBUG org.asynchttpclient.netty.request.NettyRequestSender - Using open Channel [id: 0x631b3838, L:/192.168.1.60:61639 - R:hub-cloud.browserstack.com/207.254.8.4:443] for POST '/wd/hub/session/5bdc3f4a8e5cefb88ac2450c975a42a0b5f05738/element'
03:46:13.053 [AsyncHttpClient-1-2] DEBUG org.asynchttpclient.netty.handler.HttpHandler - 

Request DefaultHttpRequest(decodeResult: success, version: HTTP/1.1)
POST /wd/hub/session/5bdc3f4a8e5cefb88ac2450c975a42a0b5f05738/element HTTP/1.1
User-Agent: selenium/4.1.3 (java mac)
traceparent: 00-55fbdc897a2219fb7a548806ef98729e-ce87e12fee2b3f60-01
Content-Length: 80
Content-Type: application/json; charset=utf-8
host: hub-cloud.browserstack.com
authorization: Basic Y2VzYXJyaW9zXzZ3TzRadDpldmdXZEdUMkw3cnBQempDNlh6Zw==
accept: */*

Response DefaultHttpResponse(decodeResult: success, version: HTTP/1.1)
HTTP/1.1 200 OK
Server: nginx
Date: Fri, 05 May 2023 08:46:13 GMT
Content-Type: application/json;charset=utf-8
Connection: keep-alive
Source-From: 02
expires: Thu, 01 Jan 1970 00:00:00 GMT
cache-control: no-cache, no-cache
temp-header: 10513-1809786931-10-1683276373.016-rproxy-core-001-dcp-use3a-prod.browserstack.com
content-length: 88

03:46:13.054 [AsyncHttpClient-1-2] DEBUG org.asynchttpclient.netty.channel.ChannelManager - Adding key: https://hub-cloud.browserstack.com:443 for channel [id: 0x631b3838, L:/192.168.1.60:61639 - R:hub-cloud.browserstack.com/207.254.8.4:443]
03:46:13.057 [Forwarding setTimeout on session 5bdc3f4a8e5cefb88ac2450c975a42a0b5f05738 to remote] DEBUG org.asynchttpclient.netty.request.NettyRequestSender - Using pooled Channel '[id: 0x631b3838, L:/192.168.1.60:61639 - R:hub-cloud.browserstack.com/207.254.8.4:443]' for 'POST' to 'https://cesarrios_6wO4Zt:evgWdGT2L7rpPzjC6Xzg@hub-cloud.browserstack.com/wd/hub/session/5bdc3f4a8e5cefb88ac2450c975a42a0b5f05738/timeouts'
03:46:13.057 [Forwarding setTimeout on session 5bdc3f4a8e5cefb88ac2450c975a42a0b5f05738 to remote] DEBUG org.asynchttpclient.netty.request.NettyRequestSender - Using open Channel [id: 0x631b3838, L:/192.168.1.60:61639 - R:hub-cloud.browserstack.com/207.254.8.4:443] for POST '/wd/hub/session/5bdc3f4a8e5cefb88ac2450c975a42a0b5f05738/timeouts'
03:46:13.239 [AsyncHttpClient-1-2] DEBUG org.asynchttpclient.netty.handler.HttpHandler - 

Request DefaultHttpRequest(decodeResult: success, version: HTTP/1.1)
POST /wd/hub/session/5bdc3f4a8e5cefb88ac2450c975a42a0b5f05738/timeouts HTTP/1.1
User-Agent: selenium/4.1.3 (java mac)
traceparent: 00-9f19f81077d5eef056e286b427bf1c56-787096d768e924ea-01
Content-Length: 23
Content-Type: application/json; charset=utf-8
host: hub-cloud.browserstack.com
authorization: Basic Y2VzYXJyaW9zXzZ3TzRadDpldmdXZEdUMkw3cnBQempDNlh6Zw==
accept: */*

Response DefaultHttpResponse(decodeResult: success, version: HTTP/1.1)
HTTP/1.1 200 OK
Server: nginx
Date: Fri, 05 May 2023 08:46:13 GMT
Content-Type: application/json;charset=utf-8
Connection: keep-alive
Source-From: 02
expires: Thu, 01 Jan 1970 00:00:00 GMT
cache-control: no-cache, no-cache
temp-header: 8786-1191317059-57-1683276373.207-rproxy-core-002-dcp-use3a-prod.browserstack.com
content-length: 14

03:46:13.239 [AsyncHttpClient-1-2] DEBUG org.asynchttpclient.netty.channel.ChannelManager - Adding key: https://hub-cloud.browserstack.com:443 for channel [id: 0x631b3838, L:/192.168.1.60:61639 - R:hub-cloud.browserstack.com/207.254.8.4:443]
03:46:13.244 [Forwarding setTimeout on session 5bdc3f4a8e5cefb88ac2450c975a42a0b5f05738 to remote] DEBUG org.asynchttpclient.netty.request.NettyRequestSender - Using pooled Channel '[id: 0x631b3838, L:/192.168.1.60:61639 - R:hub-cloud.browserstack.com/207.254.8.4:443]' for 'POST' to 'https://cesarrios_6wO4Zt:evgWdGT2L7rpPzjC6Xzg@hub-cloud.browserstack.com/wd/hub/session/5bdc3f4a8e5cefb88ac2450c975a42a0b5f05738/timeouts'
03:46:13.244 [Forwarding setTimeout on session 5bdc3f4a8e5cefb88ac2450c975a42a0b5f05738 to remote] DEBUG org.asynchttpclient.netty.request.NettyRequestSender - Using open Channel [id: 0x631b3838, L:/192.168.1.60:61639 - R:hub-cloud.browserstack.com/207.254.8.4:443] for POST '/wd/hub/session/5bdc3f4a8e5cefb88ac2450c975a42a0b5f05738/timeouts'
03:46:13.452 [AsyncHttpClient-1-2] DEBUG org.asynchttpclient.netty.handler.HttpHandler - 

Request DefaultHttpRequest(decodeResult: success, version: HTTP/1.1)
POST /wd/hub/session/5bdc3f4a8e5cefb88ac2450c975a42a0b5f05738/timeouts HTTP/1.1
User-Agent: selenium/4.1.3 (java mac)
traceparent: 00-4565eaa754cfa5efb4dc72b1ff700598-a0d69594a6472357-01
Content-Length: 19
Content-Type: application/json; charset=utf-8
host: hub-cloud.browserstack.com
authorization: Basic Y2VzYXJyaW9zXzZ3TzRadDpldmdXZEdUMkw3cnBQempDNlh6Zw==
accept: */*

Response DefaultHttpResponse(decodeResult: success, version: HTTP/1.1)
HTTP/1.1 200 OK
Server: nginx
Date: Fri, 05 May 2023 08:46:13 GMT
Content-Type: application/json;charset=utf-8
Connection: keep-alive
Source-From: 02
expires: Thu, 01 Jan 1970 00:00:00 GMT
cache-control: no-cache, no-cache
temp-header: 8787-1191330929-11-1683276373.438-rproxy-core-002-dcp-use3a-prod.browserstack.com
content-length: 14

03:46:13.452 [AsyncHttpClient-1-2] DEBUG org.asynchttpclient.netty.channel.ChannelManager - Adding key: https://hub-cloud.browserstack.com:443 for channel [id: 0x631b3838, L:/192.168.1.60:61639 - R:hub-cloud.browserstack.com/207.254.8.4:443]
03:46:13.457 [Forwarding findElement on session 5bdc3f4a8e5cefb88ac2450c975a42a0b5f05738 to remote] DEBUG org.asynchttpclient.netty.request.NettyRequestSender - Using pooled Channel '[id: 0x631b3838, L:/192.168.1.60:61639 - R:hub-cloud.browserstack.com/207.254.8.4:443]' for 'POST' to 'https://cesarrios_6wO4Zt:evgWdGT2L7rpPzjC6Xzg@hub-cloud.browserstack.com/wd/hub/session/5bdc3f4a8e5cefb88ac2450c975a42a0b5f05738/element'
03:46:13.457 [Forwarding findElement on session 5bdc3f4a8e5cefb88ac2450c975a42a0b5f05738 to remote] DEBUG org.asynchttpclient.netty.request.NettyRequestSender - Using open Channel [id: 0x631b3838, L:/192.168.1.60:61639 - R:hub-cloud.browserstack.com/207.254.8.4:443] for POST '/wd/hub/session/5bdc3f4a8e5cefb88ac2450c975a42a0b5f05738/element'
03:46:13.686 [AsyncHttpClient-1-2] DEBUG org.asynchttpclient.netty.handler.HttpHandler - 

Request DefaultHttpRequest(decodeResult: success, version: HTTP/1.1)
POST /wd/hub/session/5bdc3f4a8e5cefb88ac2450c975a42a0b5f05738/element HTTP/1.1
User-Agent: selenium/4.1.3 (java mac)
traceparent: 00-dbdddfb04adf124a5914d3b33b3e9bae-05fd5550b796f40c-01
Content-Length: 80
Content-Type: application/json; charset=utf-8
host: hub-cloud.browserstack.com
authorization: Basic Y2VzYXJyaW9zXzZ3TzRadDpldmdXZEdUMkw3cnBQempDNlh6Zw==
accept: */*

Response DefaultHttpResponse(decodeResult: success, version: HTTP/1.1)
HTTP/1.1 200 OK
Server: nginx
Date: Fri, 05 May 2023 08:46:13 GMT
Content-Type: application/json;charset=utf-8
Connection: keep-alive
Source-From: 02
expires: Thu, 01 Jan 1970 00:00:00 GMT
cache-control: no-cache, no-cache
temp-header: 8784-1191334237-2-1683276373.664-rproxy-core-002-dcp-use3a-prod.browserstack.com
content-length: 88

03:46:13.686 [AsyncHttpClient-1-2] DEBUG org.asynchttpclient.netty.channel.ChannelManager - Adding key: https://hub-cloud.browserstack.com:443 for channel [id: 0x631b3838, L:/192.168.1.60:61639 - R:hub-cloud.browserstack.com/207.254.8.4:443]
03:46:13.690 [Forwarding setTimeout on session 5bdc3f4a8e5cefb88ac2450c975a42a0b5f05738 to remote] DEBUG org.asynchttpclient.netty.request.NettyRequestSender - Using pooled Channel '[id: 0x631b3838, L:/192.168.1.60:61639 - R:hub-cloud.browserstack.com/207.254.8.4:443]' for 'POST' to 'https://cesarrios_6wO4Zt:evgWdGT2L7rpPzjC6Xzg@hub-cloud.browserstack.com/wd/hub/session/5bdc3f4a8e5cefb88ac2450c975a42a0b5f05738/timeouts'
03:46:13.690 [Forwarding setTimeout on session 5bdc3f4a8e5cefb88ac2450c975a42a0b5f05738 to remote] DEBUG org.asynchttpclient.netty.request.NettyRequestSender - Using open Channel [id: 0x631b3838, L:/192.168.1.60:61639 - R:hub-cloud.browserstack.com/207.254.8.4:443] for POST '/wd/hub/session/5bdc3f4a8e5cefb88ac2450c975a42a0b5f05738/timeouts'
03:46:13.834 [AsyncHttpClient-1-2] DEBUG org.asynchttpclient.netty.handler.HttpHandler - 

Request DefaultHttpRequest(decodeResult: success, version: HTTP/1.1)
POST /wd/hub/session/5bdc3f4a8e5cefb88ac2450c975a42a0b5f05738/timeouts HTTP/1.1
User-Agent: selenium/4.1.3 (java mac)
traceparent: 00-129939ae77de5a33e70fc8f578a02e79-c731a1ae356bb4db-01
Content-Length: 23
Content-Type: application/json; charset=utf-8
host: hub-cloud.browserstack.com
authorization: Basic Y2VzYXJyaW9zXzZ3TzRadDpldmdXZEdUMkw3cnBQempDNlh6Zw==
accept: */*

Response DefaultHttpResponse(decodeResult: success, version: HTTP/1.1)
HTTP/1.1 200 OK
Server: nginx
Date: Fri, 05 May 2023 08:46:13 GMT
Content-Type: application/json;charset=utf-8
Connection: keep-alive
Source-From: 02
expires: Thu, 01 Jan 1970 00:00:00 GMT
cache-control: no-cache, no-cache
temp-header: 8788-1191324070-48-1683276373.837-rproxy-core-002-dcp-use3a-prod.browserstack.com
content-length: 14

03:46:13.835 [AsyncHttpClient-1-2] DEBUG org.asynchttpclient.netty.channel.ChannelManager - Adding key: https://hub-cloud.browserstack.com:443 for channel [id: 0x631b3838, L:/192.168.1.60:61639 - R:hub-cloud.browserstack.com/207.254.8.4:443]
03:46:13.842 [Forwarding isElementDisplayed on session 5bdc3f4a8e5cefb88ac2450c975a42a0b5f05738 to remote] DEBUG org.asynchttpclient.netty.request.NettyRequestSender - Using pooled Channel '[id: 0x631b3838, L:/192.168.1.60:61639 - R:hub-cloud.browserstack.com/207.254.8.4:443]' for 'POST' to 'https://cesarrios_6wO4Zt:evgWdGT2L7rpPzjC6Xzg@hub-cloud.browserstack.com/wd/hub/session/5bdc3f4a8e5cefb88ac2450c975a42a0b5f05738/execute/sync'
03:46:13.842 [Forwarding isElementDisplayed on session 5bdc3f4a8e5cefb88ac2450c975a42a0b5f05738 to remote] DEBUG org.asynchttpclient.netty.request.NettyRequestSender - Using open Channel [id: 0x631b3838, L:/192.168.1.60:61639 - R:hub-cloud.browserstack.com/207.254.8.4:443] for POST '/wd/hub/session/5bdc3f4a8e5cefb88ac2450c975a42a0b5f05738/execute/sync'
03:46:14.123 [AsyncHttpClient-1-2] DEBUG org.asynchttpclient.netty.handler.HttpHandler - 

Request DefaultHttpRequest(decodeResult: success, version: HTTP/1.1)
POST /wd/hub/session/5bdc3f4a8e5cefb88ac2450c975a42a0b5f05738/execute/sync HTTP/1.1
User-Agent: selenium/4.1.3 (java mac)
traceparent: 00-22093846f12969d5a04c375a11d2581d-beaba12016a813ac-01
Content-Length: 48780
Content-Type: application/json; charset=utf-8
host: hub-cloud.browserstack.com
authorization: Basic Y2VzYXJyaW9zXzZ3TzRadDpldmdXZEdUMkw3cnBQempDNlh6Zw==
accept: */*

Response DefaultHttpResponse(decodeResult: success, version: HTTP/1.1)
HTTP/1.1 200 OK
Server: nginx
Date: Fri, 05 May 2023 08:46:14 GMT
Content-Type: application/json;charset=utf-8
Connection: keep-alive
Source-From: 02
expires: Thu, 01 Jan 1970 00:00:00 GMT
cache-control: no-cache, no-cache
temp-header: 8782-1191319573-47-1683276374.062-rproxy-core-002-dcp-use3a-prod.browserstack.com
content-length: 14

03:46:14.123 [AsyncHttpClient-1-2] DEBUG org.asynchttpclient.netty.channel.ChannelManager - Adding key: https://hub-cloud.browserstack.com:443 for channel [id: 0x631b3838, L:/192.168.1.60:61639 - R:hub-cloud.browserstack.com/207.254.8.4:443]
03:46:14.128 [Forwarding setTimeout on session 5bdc3f4a8e5cefb88ac2450c975a42a0b5f05738 to remote] DEBUG org.asynchttpclient.netty.request.NettyRequestSender - Using pooled Channel '[id: 0x631b3838, L:/192.168.1.60:61639 - R:hub-cloud.browserstack.com/207.254.8.4:443]' for 'POST' to 'https://cesarrios_6wO4Zt:evgWdGT2L7rpPzjC6Xzg@hub-cloud.browserstack.com/wd/hub/session/5bdc3f4a8e5cefb88ac2450c975a42a0b5f05738/timeouts'
03:46:14.128 [Forwarding setTimeout on session 5bdc3f4a8e5cefb88ac2450c975a42a0b5f05738 to remote] DEBUG org.asynchttpclient.netty.request.NettyRequestSender - Using open Channel [id: 0x631b3838, L:/192.168.1.60:61639 - R:hub-cloud.browserstack.com/207.254.8.4:443] for POST '/wd/hub/session/5bdc3f4a8e5cefb88ac2450c975a42a0b5f05738/timeouts'
03:46:14.408 [AsyncHttpClient-1-2] DEBUG org.asynchttpclient.netty.handler.HttpHandler - 

Request DefaultHttpRequest(decodeResult: success, version: HTTP/1.1)
POST /wd/hub/session/5bdc3f4a8e5cefb88ac2450c975a42a0b5f05738/timeouts HTTP/1.1
User-Agent: selenium/4.1.3 (java mac)
traceparent: 00-742d4bfdf3880a098be7d5183f123e64-8f6d8a7e509752f5-01
Content-Length: 23
Content-Type: application/json; charset=utf-8
host: hub-cloud.browserstack.com
authorization: Basic Y2VzYXJyaW9zXzZ3TzRadDpldmdXZEdUMkw3cnBQempDNlh6Zw==
accept: */*

Response DefaultHttpResponse(decodeResult: success, version: HTTP/1.1)
HTTP/1.1 200 OK
Server: nginx
Date: Fri, 05 May 2023 08:46:14 GMT
Content-Type: application/json;charset=utf-8
Connection: keep-alive
Source-From: 02
expires: Thu, 01 Jan 1970 00:00:00 GMT
cache-control: no-cache, no-cache
temp-header: 8789-1191322967-55-1683276374.369-rproxy-core-002-dcp-use3a-prod.browserstack.com
content-length: 14

03:46:14.408 [AsyncHttpClient-1-2] DEBUG org.asynchttpclient.netty.channel.ChannelManager - Adding key: https://hub-cloud.browserstack.com:443 for channel [id: 0x631b3838, L:/192.168.1.60:61639 - R:hub-cloud.browserstack.com/207.254.8.4:443]
03:46:14.410 [Forwarding findElement on session 5bdc3f4a8e5cefb88ac2450c975a42a0b5f05738 to remote] DEBUG org.asynchttpclient.netty.request.NettyRequestSender - Using pooled Channel '[id: 0x631b3838, L:/192.168.1.60:61639 - R:hub-cloud.browserstack.com/207.254.8.4:443]' for 'POST' to 'https://cesarrios_6wO4Zt:evgWdGT2L7rpPzjC6Xzg@hub-cloud.browserstack.com/wd/hub/session/5bdc3f4a8e5cefb88ac2450c975a42a0b5f05738/element'
03:46:14.410 [Forwarding findElement on session 5bdc3f4a8e5cefb88ac2450c975a42a0b5f05738 to remote] DEBUG org.asynchttpclient.netty.request.NettyRequestSender - Using open Channel [id: 0x631b3838, L:/192.168.1.60:61639 - R:hub-cloud.browserstack.com/207.254.8.4:443] for POST '/wd/hub/session/5bdc3f4a8e5cefb88ac2450c975a42a0b5f05738/element'
03:46:14.564 [AsyncHttpClient-1-2] DEBUG org.asynchttpclient.netty.handler.HttpHandler - 

Request DefaultHttpRequest(decodeResult: success, version: HTTP/1.1)
POST /wd/hub/session/5bdc3f4a8e5cefb88ac2450c975a42a0b5f05738/element HTTP/1.1
User-Agent: selenium/4.1.3 (java mac)
traceparent: 00-35fa147c8cb9696fa078de1575fa4883-cbd3f2cb10af9ec7-01
Content-Length: 80
Content-Type: application/json; charset=utf-8
host: hub-cloud.browserstack.com
authorization: Basic Y2VzYXJyaW9zXzZ3TzRadDpldmdXZEdUMkw3cnBQempDNlh6Zw==
accept: */*

Response DefaultHttpResponse(decodeResult: success, version: HTTP/1.1)
HTTP/1.1 200 OK
Server: nginx
Date: Fri, 05 May 2023 08:46:14 GMT
Content-Type: application/json;charset=utf-8
Connection: keep-alive
Source-From: 02
expires: Thu, 01 Jan 1970 00:00:00 GMT
cache-control: no-cache, no-cache
temp-header: 10523-1809761940-89-1683276374.564-rproxy-core-001-dcp-use3a-prod.browserstack.com
content-length: 88

03:46:14.565 [AsyncHttpClient-1-2] DEBUG org.asynchttpclient.netty.channel.ChannelManager - Adding key: https://hub-cloud.browserstack.com:443 for channel [id: 0x631b3838, L:/192.168.1.60:61639 - R:hub-cloud.browserstack.com/207.254.8.4:443]
03:46:14.569 [Forwarding setTimeout on session 5bdc3f4a8e5cefb88ac2450c975a42a0b5f05738 to remote] DEBUG org.asynchttpclient.netty.request.NettyRequestSender - Using pooled Channel '[id: 0x631b3838, L:/192.168.1.60:61639 - R:hub-cloud.browserstack.com/207.254.8.4:443]' for 'POST' to 'https://cesarrios_6wO4Zt:evgWdGT2L7rpPzjC6Xzg@hub-cloud.browserstack.com/wd/hub/session/5bdc3f4a8e5cefb88ac2450c975a42a0b5f05738/timeouts'
03:46:14.569 [Forwarding setTimeout on session 5bdc3f4a8e5cefb88ac2450c975a42a0b5f05738 to remote] DEBUG org.asynchttpclient.netty.request.NettyRequestSender - Using open Channel [id: 0x631b3838, L:/192.168.1.60:61639 - R:hub-cloud.browserstack.com/207.254.8.4:443] for POST '/wd/hub/session/5bdc3f4a8e5cefb88ac2450c975a42a0b5f05738/timeouts'
03:46:14.733 [AsyncHttpClient-1-2] DEBUG org.asynchttpclient.netty.handler.HttpHandler - 

Request DefaultHttpRequest(decodeResult: success, version: HTTP/1.1)
POST /wd/hub/session/5bdc3f4a8e5cefb88ac2450c975a42a0b5f05738/timeouts HTTP/1.1
User-Agent: selenium/4.1.3 (java mac)
traceparent: 00-901655573259e09c39added0816bbe1b-e6d12dcdb6cf0d54-01
Content-Length: 23
Content-Type: application/json; charset=utf-8
host: hub-cloud.browserstack.com
authorization: Basic Y2VzYXJyaW9zXzZ3TzRadDpldmdXZEdUMkw3cnBQempDNlh6Zw==
accept: */*

Response DefaultHttpResponse(decodeResult: success, version: HTTP/1.1)
HTTP/1.1 200 OK
Server: nginx
Date: Fri, 05 May 2023 08:46:14 GMT
Content-Type: application/json;charset=utf-8
Connection: keep-alive
Source-From: 02
expires: Thu, 01 Jan 1970 00:00:00 GMT
cache-control: no-cache, no-cache
temp-header: 8789-1191322967-57-1683276374.732-rproxy-core-002-dcp-use3a-prod.browserstack.com
content-length: 14

03:46:14.733 [AsyncHttpClient-1-2] DEBUG org.asynchttpclient.netty.channel.ChannelManager - Adding key: https://hub-cloud.browserstack.com:443 for channel [id: 0x631b3838, L:/192.168.1.60:61639 - R:hub-cloud.browserstack.com/207.254.8.4:443]
03:46:14.741 [Forwarding isElementDisplayed on session 5bdc3f4a8e5cefb88ac2450c975a42a0b5f05738 to remote] DEBUG org.asynchttpclient.netty.request.NettyRequestSender - Using pooled Channel '[id: 0x631b3838, L:/192.168.1.60:61639 - R:hub-cloud.browserstack.com/207.254.8.4:443]' for 'POST' to 'https://cesarrios_6wO4Zt:evgWdGT2L7rpPzjC6Xzg@hub-cloud.browserstack.com/wd/hub/session/5bdc3f4a8e5cefb88ac2450c975a42a0b5f05738/execute/sync'
03:46:14.741 [Forwarding isElementDisplayed on session 5bdc3f4a8e5cefb88ac2450c975a42a0b5f05738 to remote] DEBUG org.asynchttpclient.netty.request.NettyRequestSender - Using open Channel [id: 0x631b3838, L:/192.168.1.60:61639 - R:hub-cloud.browserstack.com/207.254.8.4:443] for POST '/wd/hub/session/5bdc3f4a8e5cefb88ac2450c975a42a0b5f05738/execute/sync'
03:46:14.976 [AsyncHttpClient-1-2] DEBUG org.asynchttpclient.netty.handler.HttpHandler - 

Request DefaultHttpRequest(decodeResult: success, version: HTTP/1.1)
POST /wd/hub/session/5bdc3f4a8e5cefb88ac2450c975a42a0b5f05738/execute/sync HTTP/1.1
User-Agent: selenium/4.1.3 (java mac)
traceparent: 00-0233bb72be86e515da4c916e05b3bf05-deded51c563c1338-01
Content-Length: 48780
Content-Type: application/json; charset=utf-8
host: hub-cloud.browserstack.com
authorization: Basic Y2VzYXJyaW9zXzZ3TzRadDpldmdXZEdUMkw3cnBQempDNlh6Zw==
accept: */*

Response DefaultHttpResponse(decodeResult: success, version: HTTP/1.1)
HTTP/1.1 200 OK
Server: nginx
Date: Fri, 05 May 2023 08:46:14 GMT
Content-Type: application/json;charset=utf-8
Connection: keep-alive
Source-From: 02
expires: Thu, 01 Jan 1970 00:00:00 GMT
cache-control: no-cache, no-cache
temp-header: 10517-1809769565-48-1683276374.958-rproxy-core-001-dcp-use3a-prod.browserstack.com
content-length: 14

03:46:14.977 [AsyncHttpClient-1-2] DEBUG org.asynchttpclient.netty.channel.ChannelManager - Adding key: https://hub-cloud.browserstack.com:443 for channel [id: 0x631b3838, L:/192.168.1.60:61639 - R:hub-cloud.browserstack.com/207.254.8.4:443]
03:46:14.986 [Forwarding isElementDisplayed on session 5bdc3f4a8e5cefb88ac2450c975a42a0b5f05738 to remote] DEBUG org.asynchttpclient.netty.request.NettyRequestSender - Using pooled Channel '[id: 0x631b3838, L:/192.168.1.60:61639 - R:hub-cloud.browserstack.com/207.254.8.4:443]' for 'POST' to 'https://cesarrios_6wO4Zt:evgWdGT2L7rpPzjC6Xzg@hub-cloud.browserstack.com/wd/hub/session/5bdc3f4a8e5cefb88ac2450c975a42a0b5f05738/execute/sync'
03:46:14.986 [Forwarding isElementDisplayed on session 5bdc3f4a8e5cefb88ac2450c975a42a0b5f05738 to remote] DEBUG org.asynchttpclient.netty.request.NettyRequestSender - Using open Channel [id: 0x631b3838, L:/192.168.1.60:61639 - R:hub-cloud.browserstack.com/207.254.8.4:443] for POST '/wd/hub/session/5bdc3f4a8e5cefb88ac2450c975a42a0b5f05738/execute/sync'
03:46:15.234 [AsyncHttpClient-1-2] DEBUG org.asynchttpclient.netty.handler.HttpHandler - 

Request DefaultHttpRequest(decodeResult: success, version: HTTP/1.1)
POST /wd/hub/session/5bdc3f4a8e5cefb88ac2450c975a42a0b5f05738/execute/sync HTTP/1.1
User-Agent: selenium/4.1.3 (java mac)
traceparent: 00-1712c41b385adb2c571bdab21a1d713a-125fdaa5d7394523-01
Content-Length: 48780
Content-Type: application/json; charset=utf-8
host: hub-cloud.browserstack.com
authorization: Basic Y2VzYXJyaW9zXzZ3TzRadDpldmdXZEdUMkw3cnBQempDNlh6Zw==
accept: */*

Response DefaultHttpResponse(decodeResult: success, version: HTTP/1.1)
HTTP/1.1 200 OK
Server: nginx
Date: Fri, 05 May 2023 08:46:15 GMT
Content-Type: application/json;charset=utf-8
Connection: keep-alive
Source-From: 02
expires: Thu, 01 Jan 1970 00:00:00 GMT
cache-control: no-cache, no-cache
temp-header: 10517-1809790128-1-1683276375.230-rproxy-core-001-dcp-use3a-prod.browserstack.com
content-length: 14

03:46:15.235 [AsyncHttpClient-1-2] DEBUG org.asynchttpclient.netty.channel.ChannelManager - Adding key: https://hub-cloud.browserstack.com:443 for channel [id: 0x631b3838, L:/192.168.1.60:61639 - R:hub-cloud.browserstack.com/207.254.8.4:443]
03:46:15.243 [Forwarding setTimeout on session 5bdc3f4a8e5cefb88ac2450c975a42a0b5f05738 to remote] DEBUG org.asynchttpclient.netty.request.NettyRequestSender - Using pooled Channel '[id: 0x631b3838, L:/192.168.1.60:61639 - R:hub-cloud.browserstack.com/207.254.8.4:443]' for 'POST' to 'https://cesarrios_6wO4Zt:evgWdGT2L7rpPzjC6Xzg@hub-cloud.browserstack.com/wd/hub/session/5bdc3f4a8e5cefb88ac2450c975a42a0b5f05738/timeouts'
03:46:15.243 [Forwarding setTimeout on session 5bdc3f4a8e5cefb88ac2450c975a42a0b5f05738 to remote] DEBUG org.asynchttpclient.netty.request.NettyRequestSender - Using open Channel [id: 0x631b3838, L:/192.168.1.60:61639 - R:hub-cloud.browserstack.com/207.254.8.4:443] for POST '/wd/hub/session/5bdc3f4a8e5cefb88ac2450c975a42a0b5f05738/timeouts'
03:46:15.433 [AsyncHttpClient-1-2] DEBUG org.asynchttpclient.netty.handler.HttpHandler - 

Request DefaultHttpRequest(decodeResult: success, version: HTTP/1.1)
POST /wd/hub/session/5bdc3f4a8e5cefb88ac2450c975a42a0b5f05738/timeouts HTTP/1.1
User-Agent: selenium/4.1.3 (java mac)
traceparent: 00-75e9e445d9f8cdc0aade47e8ab292d51-0248da1d2ad66d34-01
Content-Length: 23
Content-Type: application/json; charset=utf-8
host: hub-cloud.browserstack.com
authorization: Basic Y2VzYXJyaW9zXzZ3TzRadDpldmdXZEdUMkw3cnBQempDNlh6Zw==
accept: */*

Response DefaultHttpResponse(decodeResult: success, version: HTTP/1.1)
HTTP/1.1 200 OK
Server: nginx
Date: Fri, 05 May 2023 08:46:15 GMT
Content-Type: application/json;charset=utf-8
Connection: keep-alive
Source-From: 02
expires: Thu, 01 Jan 1970 00:00:00 GMT
cache-control: no-cache, no-cache
temp-header: 10522-1809774098-40-1683276375.428-rproxy-core-001-dcp-use3a-prod.browserstack.com
content-length: 14

03:46:15.433 [AsyncHttpClient-1-2] DEBUG org.asynchttpclient.netty.channel.ChannelManager - Adding key: https://hub-cloud.browserstack.com:443 for channel [id: 0x631b3838, L:/192.168.1.60:61639 - R:hub-cloud.browserstack.com/207.254.8.4:443]
03:46:15.438 [Forwarding findElement on session 5bdc3f4a8e5cefb88ac2450c975a42a0b5f05738 to remote] DEBUG org.asynchttpclient.netty.request.NettyRequestSender - Using pooled Channel '[id: 0x631b3838, L:/192.168.1.60:61639 - R:hub-cloud.browserstack.com/207.254.8.4:443]' for 'POST' to 'https://cesarrios_6wO4Zt:evgWdGT2L7rpPzjC6Xzg@hub-cloud.browserstack.com/wd/hub/session/5bdc3f4a8e5cefb88ac2450c975a42a0b5f05738/element'
03:46:15.438 [Forwarding findElement on session 5bdc3f4a8e5cefb88ac2450c975a42a0b5f05738 to remote] DEBUG org.asynchttpclient.netty.request.NettyRequestSender - Using open Channel [id: 0x631b3838, L:/192.168.1.60:61639 - R:hub-cloud.browserstack.com/207.254.8.4:443] for POST '/wd/hub/session/5bdc3f4a8e5cefb88ac2450c975a42a0b5f05738/element'
03:46:15.601 [AsyncHttpClient-1-2] DEBUG org.asynchttpclient.netty.handler.HttpHandler - 

Request DefaultHttpRequest(decodeResult: success, version: HTTP/1.1)
POST /wd/hub/session/5bdc3f4a8e5cefb88ac2450c975a42a0b5f05738/element HTTP/1.1
User-Agent: selenium/4.1.3 (java mac)
traceparent: 00-73c88912f146ae8d1781eddea720a9fe-11f8ffd32ecee533-01
Content-Length: 80
Content-Type: application/json; charset=utf-8
host: hub-cloud.browserstack.com
authorization: Basic Y2VzYXJyaW9zXzZ3TzRadDpldmdXZEdUMkw3cnBQempDNlh6Zw==
accept: */*

Response DefaultHttpResponse(decodeResult: success, version: HTTP/1.1)
HTTP/1.1 200 OK
Server: nginx
Date: Fri, 05 May 2023 08:46:15 GMT
Content-Type: application/json;charset=utf-8
Connection: keep-alive
Source-From: 02
expires: Thu, 01 Jan 1970 00:00:00 GMT
cache-control: no-cache, no-cache
temp-header: 10517-1809753100-93-1683276375.587-rproxy-core-001-dcp-use3a-prod.browserstack.com
content-length: 88

03:46:15.601 [AsyncHttpClient-1-2] DEBUG org.asynchttpclient.netty.channel.ChannelManager - Adding key: https://hub-cloud.browserstack.com:443 for channel [id: 0x631b3838, L:/192.168.1.60:61639 - R:hub-cloud.browserstack.com/207.254.8.4:443]
03:46:15.604 [Forwarding setTimeout on session 5bdc3f4a8e5cefb88ac2450c975a42a0b5f05738 to remote] DEBUG org.asynchttpclient.netty.request.NettyRequestSender - Using pooled Channel '[id: 0x631b3838, L:/192.168.1.60:61639 - R:hub-cloud.browserstack.com/207.254.8.4:443]' for 'POST' to 'https://cesarrios_6wO4Zt:evgWdGT2L7rpPzjC6Xzg@hub-cloud.browserstack.com/wd/hub/session/5bdc3f4a8e5cefb88ac2450c975a42a0b5f05738/timeouts'
03:46:15.605 [Forwarding setTimeout on session 5bdc3f4a8e5cefb88ac2450c975a42a0b5f05738 to remote] DEBUG org.asynchttpclient.netty.request.NettyRequestSender - Using open Channel [id: 0x631b3838, L:/192.168.1.60:61639 - R:hub-cloud.browserstack.com/207.254.8.4:443] for POST '/wd/hub/session/5bdc3f4a8e5cefb88ac2450c975a42a0b5f05738/timeouts'
03:46:15.769 [AsyncHttpClient-1-2] DEBUG org.asynchttpclient.netty.handler.HttpHandler - 

Request DefaultHttpRequest(decodeResult: success, version: HTTP/1.1)
POST /wd/hub/session/5bdc3f4a8e5cefb88ac2450c975a42a0b5f05738/timeouts HTTP/1.1
User-Agent: selenium/4.1.3 (java mac)
traceparent: 00-c1286af370830eb1da3a13a0e34652f3-3c6fd8f58ad0aafe-01
Content-Length: 23
Content-Type: application/json; charset=utf-8
host: hub-cloud.browserstack.com
authorization: Basic Y2VzYXJyaW9zXzZ3TzRadDpldmdXZEdUMkw3cnBQempDNlh6Zw==
accept: */*

Response DefaultHttpResponse(decodeResult: success, version: HTTP/1.1)
HTTP/1.1 200 OK
Server: nginx
Date: Fri, 05 May 2023 08:46:15 GMT
Content-Type: application/json;charset=utf-8
Connection: keep-alive
Source-From: 02
expires: Thu, 01 Jan 1970 00:00:00 GMT
cache-control: no-cache, no-cache
temp-header: 8778-1191296162-99-1683276375.757-rproxy-core-002-dcp-use3a-prod.browserstack.com
content-length: 14

03:46:15.769 [AsyncHttpClient-1-2] DEBUG org.asynchttpclient.netty.channel.ChannelManager - Adding key: https://hub-cloud.browserstack.com:443 for channel [id: 0x631b3838, L:/192.168.1.60:61639 - R:hub-cloud.browserstack.com/207.254.8.4:443]
03:46:15.777 [Forwarding isElementDisplayed on session 5bdc3f4a8e5cefb88ac2450c975a42a0b5f05738 to remote] DEBUG org.asynchttpclient.netty.request.NettyRequestSender - Using pooled Channel '[id: 0x631b3838, L:/192.168.1.60:61639 - R:hub-cloud.browserstack.com/207.254.8.4:443]' for 'POST' to 'https://cesarrios_6wO4Zt:evgWdGT2L7rpPzjC6Xzg@hub-cloud.browserstack.com/wd/hub/session/5bdc3f4a8e5cefb88ac2450c975a42a0b5f05738/execute/sync'
03:46:15.777 [Forwarding isElementDisplayed on session 5bdc3f4a8e5cefb88ac2450c975a42a0b5f05738 to remote] DEBUG org.asynchttpclient.netty.request.NettyRequestSender - Using open Channel [id: 0x631b3838, L:/192.168.1.60:61639 - R:hub-cloud.browserstack.com/207.254.8.4:443] for POST '/wd/hub/session/5bdc3f4a8e5cefb88ac2450c975a42a0b5f05738/execute/sync'
03:46:16.069 [AsyncHttpClient-1-2] DEBUG org.asynchttpclient.netty.handler.HttpHandler - 

Request DefaultHttpRequest(decodeResult: success, version: HTTP/1.1)
POST /wd/hub/session/5bdc3f4a8e5cefb88ac2450c975a42a0b5f05738/execute/sync HTTP/1.1
User-Agent: selenium/4.1.3 (java mac)
traceparent: 00-8b2f918b0c79a9c0068e83d7938447b1-f14bb37108f871fb-01
Content-Length: 48780
Content-Type: application/json; charset=utf-8
host: hub-cloud.browserstack.com
authorization: Basic Y2VzYXJyaW9zXzZ3TzRadDpldmdXZEdUMkw3cnBQempDNlh6Zw==
accept: */*

Response DefaultHttpResponse(decodeResult: success, version: HTTP/1.1)
HTTP/1.1 200 OK
Server: nginx
Date: Fri, 05 May 2023 08:46:16 GMT
Content-Type: application/json;charset=utf-8
Connection: keep-alive
Source-From: 02
expires: Thu, 01 Jan 1970 00:00:00 GMT
cache-control: no-cache, no-cache
temp-header: 10523-1809789012-15-1683276376.059-rproxy-core-001-dcp-use3a-prod.browserstack.com
content-length: 14

03:46:16.069 [AsyncHttpClient-1-2] DEBUG org.asynchttpclient.netty.channel.ChannelManager - Adding key: https://hub-cloud.browserstack.com:443 for channel [id: 0x631b3838, L:/192.168.1.60:61639 - R:hub-cloud.browserstack.com/207.254.8.4:443]
03:46:16.073 [Forwarding clickElement on session 5bdc3f4a8e5cefb88ac2450c975a42a0b5f05738 to remote] DEBUG org.asynchttpclient.netty.request.NettyRequestSender - Using pooled Channel '[id: 0x631b3838, L:/192.168.1.60:61639 - R:hub-cloud.browserstack.com/207.254.8.4:443]' for 'POST' to 'https://cesarrios_6wO4Zt:evgWdGT2L7rpPzjC6Xzg@hub-cloud.browserstack.com/wd/hub/session/5bdc3f4a8e5cefb88ac2450c975a42a0b5f05738/element/aa28c64c-3183-44c9-8d61-1e45c1918128/click'
03:46:16.073 [Forwarding clickElement on session 5bdc3f4a8e5cefb88ac2450c975a42a0b5f05738 to remote] DEBUG org.asynchttpclient.netty.request.NettyRequestSender - Using open Channel [id: 0x631b3838, L:/192.168.1.60:61639 - R:hub-cloud.browserstack.com/207.254.8.4:443] for POST '/wd/hub/session/5bdc3f4a8e5cefb88ac2450c975a42a0b5f05738/element/aa28c64c-3183-44c9-8d61-1e45c1918128/click'
03:46:16.653 [AsyncHttpClient-1-2] DEBUG org.asynchttpclient.netty.handler.HttpHandler - 

Request DefaultHttpRequest(decodeResult: success, version: HTTP/1.1)
POST /wd/hub/session/5bdc3f4a8e5cefb88ac2450c975a42a0b5f05738/element/aa28c64c-3183-44c9-8d61-1e45c1918128/click HTTP/1.1
User-Agent: selenium/4.1.3 (java mac)
traceparent: 00-5fd49118d3f75429f16f385d79c00ed8-bc9aa8b2a46da2f7-01
Content-Length: 50
Content-Type: application/json; charset=utf-8
host: hub-cloud.browserstack.com
authorization: Basic Y2VzYXJyaW9zXzZ3TzRadDpldmdXZEdUMkw3cnBQempDNlh6Zw==
accept: */*

Response DefaultHttpResponse(decodeResult: success, version: HTTP/1.1)
HTTP/1.1 200 OK
Server: nginx
Date: Fri, 05 May 2023 08:46:16 GMT
Content-Type: application/json;charset=utf-8
Connection: keep-alive
Source-From: 02
expires: Thu, 01 Jan 1970 00:00:00 GMT
cache-control: no-cache, no-cache
temp-header: 10517-1809773617-55-1683276376.638-rproxy-core-001-dcp-use3a-prod.browserstack.com
content-length: 14

03:46:16.653 [AsyncHttpClient-1-2] DEBUG org.asynchttpclient.netty.channel.ChannelManager - Adding key: https://hub-cloud.browserstack.com:443 for channel [id: 0x631b3838, L:/192.168.1.60:61639 - R:hub-cloud.browserstack.com/207.254.8.4:443]
03:46:16.662 [Forwarding screenshot on session 5bdc3f4a8e5cefb88ac2450c975a42a0b5f05738 to remote] DEBUG org.asynchttpclient.netty.request.NettyRequestSender - Using pooled Channel '[id: 0x631b3838, L:/192.168.1.60:61639 - R:hub-cloud.browserstack.com/207.254.8.4:443]' for 'GET' to 'https://cesarrios_6wO4Zt:evgWdGT2L7rpPzjC6Xzg@hub-cloud.browserstack.com/wd/hub/session/5bdc3f4a8e5cefb88ac2450c975a42a0b5f05738/screenshot'
03:46:16.663 [Forwarding screenshot on session 5bdc3f4a8e5cefb88ac2450c975a42a0b5f05738 to remote] DEBUG org.asynchttpclient.netty.request.NettyRequestSender - Using open Channel [id: 0x631b3838, L:/192.168.1.60:61639 - R:hub-cloud.browserstack.com/207.254.8.4:443] for GET '/wd/hub/session/5bdc3f4a8e5cefb88ac2450c975a42a0b5f05738/screenshot'
03:46:17.209 [AsyncHttpClient-1-2] DEBUG org.asynchttpclient.netty.handler.HttpHandler - 

Request DefaultFullHttpRequest(decodeResult: success, version: HTTP/1.1, content: EmptyByteBufBE)
GET /wd/hub/session/5bdc3f4a8e5cefb88ac2450c975a42a0b5f05738/screenshot HTTP/1.1
User-Agent: selenium/4.1.3 (java mac)
Cache-Control: no-cache
traceparent: 00-b69597030b785b1d06c6df7fc9928769-75467695095a037a-01
Content-Type: application/json; charset=utf-8
host: hub-cloud.browserstack.com
authorization: Basic Y2VzYXJyaW9zXzZ3TzRadDpldmdXZEdUMkw3cnBQempDNlh6Zw==
accept: */*

Response DefaultHttpResponse(decodeResult: success, version: HTTP/1.1)
HTTP/1.1 200 OK
Server: nginx
Date: Fri, 05 May 2023 08:46:17 GMT
Content-Type: application/json;charset=utf-8
Connection: keep-alive
Source-From: 02
expires: Thu, 01 Jan 1970 00:00:00 GMT
cache-control: no-cache, no-cache
temp-header: 8787-1191326080-31-1683276377.023-rproxy-core-002-dcp-use3a-prod.browserstack.com
content-length: 580652

03:46:17.733 [AsyncHttpClient-1-2] DEBUG org.asynchttpclient.netty.channel.ChannelManager - Adding key: https://hub-cloud.browserstack.com:443 for channel [id: 0x631b3838, L:/192.168.1.60:61639 - R:hub-cloud.browserstack.com/207.254.8.4:443]
03:46:17.788 [main] DEBUG net.serenitybdd.core.photography.Darkroom - Send negative for processing for target/site/serenity/d18f25044f34e6d55f777450ec8a7f87ac0909246ebad02fc743d8bbf56dbca0.png
03:46:17.788 [Darkroom Processing Line] DEBUG net.serenitybdd.core.photography.DarkroomProcessingLine - Processing screenshot image in /var/screenshots/screenshot-7127048046479911886
03:46:17.788 [Darkroom Processing Line] DEBUG net.serenitybdd.core.photography.DarkroomProcessingLine - Saving screenshot to target/site/serenity/d18f25044f34e6d55f777450ec8a7f87ac0909246ebad02fc743d8bbf56dbca0.png
03:46:17.788 [main] DEBUG net.thucydides.core.steps.StepInterceptor - STEP DONE: logIntoSaucedemo
  &amp#27;[32mGiven &amp#27;[0m&amp#27;[32mhe logs into with the &amp#27;[0m&amp#27;[32m&amp#27;[1m"username_valid"&amp#27;[0m&amp#27;[32m username and &amp#27;[0m&amp#27;[32m&amp#27;[1m"password_valid"&amp#27;[0m&amp#27;[32m password&amp#27;[0m &amp#27;[90m# StepsDefinitions.LoginDefinitions.LoginDefinitions.heLogsIntoSaucedemo(java.lang.String,java.lang.String)&amp#27;[0m
03:46:17.811 [main] DEBUG net.thucydides.core.steps.StepInterceptor - STARTING STEP: ProductsDefinitions.heSelectProductInTheList - heSelectProduct
03:46:17.813 [Forwarding setTimeout on session 5bdc3f4a8e5cefb88ac2450c975a42a0b5f05738 to remote] DEBUG org.asynchttpclient.netty.request.NettyRequestSender - Using pooled Channel '[id: 0x631b3838, L:/192.168.1.60:61639 - R:hub-cloud.browserstack.com/207.254.8.4:443]' for 'POST' to 'https://cesarrios_6wO4Zt:evgWdGT2L7rpPzjC6Xzg@hub-cloud.browserstack.com/wd/hub/session/5bdc3f4a8e5cefb88ac2450c975a42a0b5f05738/timeouts'
03:46:17.813 [Forwarding setTimeout on session 5bdc3f4a8e5cefb88ac2450c975a42a0b5f05738 to remote] DEBUG org.asynchttpclient.netty.request.NettyRequestSender - Using open Channel [id: 0x631b3838, L:/192.168.1.60:61639 - R:hub-cloud.browserstack.com/207.254.8.4:443] for POST '/wd/hub/session/5bdc3f4a8e5cefb88ac2450c975a42a0b5f05738/timeouts'
03:46:18.002 [AsyncHttpClient-1-2] DEBUG org.asynchttpclient.netty.handler.HttpHandler - 

Request DefaultHttpRequest(decodeResult: success, version: HTTP/1.1)
POST /wd/hub/session/5bdc3f4a8e5cefb88ac2450c975a42a0b5f05738/timeouts HTTP/1.1
User-Agent: selenium/4.1.3 (java mac)
traceparent: 00-5d9a164135f7b08883e2df29fe03102c-aefc8c08be5ede18-01
Content-Length: 23
Content-Type: application/json; charset=utf-8
host: hub-cloud.browserstack.com
authorization: Basic Y2VzYXJyaW9zXzZ3TzRadDpldmdXZEdUMkw3cnBQempDNlh6Zw==
accept: */*

Response DefaultHttpResponse(decodeResult: success, version: HTTP/1.1)
HTTP/1.1 200 OK
Server: nginx
Date: Fri, 05 May 2023 08:46:18 GMT
Content-Type: application/json;charset=utf-8
Connection: keep-alive
Source-From: 02
expires: Thu, 01 Jan 1970 00:00:00 GMT
cache-control: no-cache, no-cache
temp-header: 10522-1809787589-22-1683276378.000-rproxy-core-001-dcp-use3a-prod.browserstack.com
content-length: 14

03:46:18.003 [AsyncHttpClient-1-2] DEBUG org.asynchttpclient.netty.channel.ChannelManager - Adding key: https://hub-cloud.browserstack.com:443 for channel [id: 0x631b3838, L:/192.168.1.60:61639 - R:hub-cloud.browserstack.com/207.254.8.4:443]
03:46:18.005 [Forwarding findElement on session 5bdc3f4a8e5cefb88ac2450c975a42a0b5f05738 to remote] DEBUG org.asynchttpclient.netty.request.NettyRequestSender - Using pooled Channel '[id: 0x631b3838, L:/192.168.1.60:61639 - R:hub-cloud.browserstack.com/207.254.8.4:443]' for 'POST' to 'https://cesarrios_6wO4Zt:evgWdGT2L7rpPzjC6Xzg@hub-cloud.browserstack.com/wd/hub/session/5bdc3f4a8e5cefb88ac2450c975a42a0b5f05738/element'
03:46:18.005 [Forwarding findElement on session 5bdc3f4a8e5cefb88ac2450c975a42a0b5f05738 to remote] DEBUG org.asynchttpclient.netty.request.NettyRequestSender - Using open Channel [id: 0x631b3838, L:/192.168.1.60:61639 - R:hub-cloud.browserstack.com/207.254.8.4:443] for POST '/wd/hub/session/5bdc3f4a8e5cefb88ac2450c975a42a0b5f05738/element'
03:46:18.201 [AsyncHttpClient-1-2] DEBUG org.asynchttpclient.netty.handler.HttpHandler - 

Request DefaultHttpRequest(decodeResult: success, version: HTTP/1.1)
POST /wd/hub/session/5bdc3f4a8e5cefb88ac2450c975a42a0b5f05738/element HTTP/1.1
User-Agent: selenium/4.1.3 (java mac)
traceparent: 00-aee38cef168d7abf32b821ddf5b87ef9-bd67b999fa7e5509-01
Content-Length: 117
Content-Type: application/json; charset=utf-8
host: hub-cloud.browserstack.com
authorization: Basic Y2VzYXJyaW9zXzZ3TzRadDpldmdXZEdUMkw3cnBQempDNlh6Zw==
accept: */*

Response DefaultHttpResponse(decodeResult: success, version: HTTP/1.1)
HTTP/1.1 200 OK
Server: nginx
Date: Fri, 05 May 2023 08:46:18 GMT
Content-Type: application/json;charset=utf-8
Connection: keep-alive
Source-From: 02
expires: Thu, 01 Jan 1970 00:00:00 GMT
cache-control: no-cache, no-cache
temp-header: 8785-1191335314-13-1683276378.193-rproxy-core-002-dcp-use3a-prod.browserstack.com
content-length: 88

03:46:18.201 [AsyncHttpClient-1-2] DEBUG org.asynchttpclient.netty.channel.ChannelManager - Adding key: https://hub-cloud.browserstack.com:443 for channel [id: 0x631b3838, L:/192.168.1.60:61639 - R:hub-cloud.browserstack.com/207.254.8.4:443]
03:46:18.205 [Forwarding setTimeout on session 5bdc3f4a8e5cefb88ac2450c975a42a0b5f05738 to remote] DEBUG org.asynchttpclient.netty.request.NettyRequestSender - Using pooled Channel '[id: 0x631b3838, L:/192.168.1.60:61639 - R:hub-cloud.browserstack.com/207.254.8.4:443]' for 'POST' to 'https://cesarrios_6wO4Zt:evgWdGT2L7rpPzjC6Xzg@hub-cloud.browserstack.com/wd/hub/session/5bdc3f4a8e5cefb88ac2450c975a42a0b5f05738/timeouts'
03:46:18.205 [Forwarding setTimeout on session 5bdc3f4a8e5cefb88ac2450c975a42a0b5f05738 to remote] DEBUG org.asynchttpclient.netty.request.NettyRequestSender - Using open Channel [id: 0x631b3838, L:/192.168.1.60:61639 - R:hub-cloud.browserstack.com/207.254.8.4:443] for POST '/wd/hub/session/5bdc3f4a8e5cefb88ac2450c975a42a0b5f05738/timeouts'
03:46:18.376 [AsyncHttpClient-1-2] DEBUG org.asynchttpclient.netty.handler.HttpHandler - 

Request DefaultHttpRequest(decodeResult: success, version: HTTP/1.1)
POST /wd/hub/session/5bdc3f4a8e5cefb88ac2450c975a42a0b5f05738/timeouts HTTP/1.1
User-Agent: selenium/4.1.3 (java mac)
traceparent: 00-f9310a0ff604b8ee0fe825f7e1aa9379-35eebd52b896520e-01
Content-Length: 23
Content-Type: application/json; charset=utf-8
host: hub-cloud.browserstack.com
authorization: Basic Y2VzYXJyaW9zXzZ3TzRadDpldmdXZEdUMkw3cnBQempDNlh6Zw==
accept: */*

Response DefaultHttpResponse(decodeResult: success, version: HTTP/1.1)
HTTP/1.1 200 OK
Server: nginx
Date: Fri, 05 May 2023 08:46:18 GMT
Content-Type: application/json;charset=utf-8
Connection: keep-alive
Source-From: 02
expires: Thu, 01 Jan 1970 00:00:00 GMT
cache-control: no-cache, no-cache
temp-header: 10522-1809773580-69-1683276378.376-rproxy-core-001-dcp-use3a-prod.browserstack.com
content-length: 14

03:46:18.377 [AsyncHttpClient-1-2] DEBUG org.asynchttpclient.netty.channel.ChannelManager - Adding key: https://hub-cloud.browserstack.com:443 for channel [id: 0x631b3838, L:/192.168.1.60:61639 - R:hub-cloud.browserstack.com/207.254.8.4:443]
03:46:18.380 [Forwarding clickElement on session 5bdc3f4a8e5cefb88ac2450c975a42a0b5f05738 to remote] DEBUG org.asynchttpclient.netty.request.NettyRequestSender - Using pooled Channel '[id: 0x631b3838, L:/192.168.1.60:61639 - R:hub-cloud.browserstack.com/207.254.8.4:443]' for 'POST' to 'https://cesarrios_6wO4Zt:evgWdGT2L7rpPzjC6Xzg@hub-cloud.browserstack.com/wd/hub/session/5bdc3f4a8e5cefb88ac2450c975a42a0b5f05738/element/94342812-98a7-4543-b78d-be0e7b876210/click'
03:46:18.380 [Forwarding clickElement on session 5bdc3f4a8e5cefb88ac2450c975a42a0b5f05738 to remote] DEBUG org.asynchttpclient.netty.request.NettyRequestSender - Using open Channel [id: 0x631b3838, L:/192.168.1.60:61639 - R:hub-cloud.browserstack.com/207.254.8.4:443] for POST '/wd/hub/session/5bdc3f4a8e5cefb88ac2450c975a42a0b5f05738/element/94342812-98a7-4543-b78d-be0e7b876210/click'
03:46:18.798 [AsyncHttpClient-1-2] DEBUG org.asynchttpclient.netty.handler.HttpHandler - 

Request DefaultHttpRequest(decodeResult: success, version: HTTP/1.1)
POST /wd/hub/session/5bdc3f4a8e5cefb88ac2450c975a42a0b5f05738/element/94342812-98a7-4543-b78d-be0e7b876210/click HTTP/1.1
User-Agent: selenium/4.1.3 (java mac)
traceparent: 00-b232040d90beaf23960117588b1a0d0e-87d2636d9b641db1-01
Content-Length: 50
Content-Type: application/json; charset=utf-8
host: hub-cloud.browserstack.com
authorization: Basic Y2VzYXJyaW9zXzZ3TzRadDpldmdXZEdUMkw3cnBQempDNlh6Zw==
accept: */*

Response DefaultHttpResponse(decodeResult: success, version: HTTP/1.1)
HTTP/1.1 200 OK
Server: nginx
Date: Fri, 05 May 2023 08:46:18 GMT
Content-Type: application/json;charset=utf-8
Connection: keep-alive
Source-From: 02
expires: Thu, 01 Jan 1970 00:00:00 GMT
cache-control: no-cache, no-cache
temp-header: 8785-1191334487-11-1683276378.798-rproxy-core-002-dcp-use3a-prod.browserstack.com
content-length: 14

03:46:18.798 [AsyncHttpClient-1-2] DEBUG org.asynchttpclient.netty.channel.ChannelManager - Adding key: https://hub-cloud.browserstack.com:443 for channel [id: 0x631b3838, L:/192.168.1.60:61639 - R:hub-cloud.browserstack.com/207.254.8.4:443]
03:46:18.806 [Forwarding screenshot on session 5bdc3f4a8e5cefb88ac2450c975a42a0b5f05738 to remote] DEBUG org.asynchttpclient.netty.request.NettyRequestSender - Using pooled Channel '[id: 0x631b3838, L:/192.168.1.60:61639 - R:hub-cloud.browserstack.com/207.254.8.4:443]' for 'GET' to 'https://cesarrios_6wO4Zt:evgWdGT2L7rpPzjC6Xzg@hub-cloud.browserstack.com/wd/hub/session/5bdc3f4a8e5cefb88ac2450c975a42a0b5f05738/screenshot'
03:46:18.806 [Forwarding screenshot on session 5bdc3f4a8e5cefb88ac2450c975a42a0b5f05738 to remote] DEBUG org.asynchttpclient.netty.request.NettyRequestSender - Using open Channel [id: 0x631b3838, L:/192.168.1.60:61639 - R:hub-cloud.browserstack.com/207.254.8.4:443] for GET '/wd/hub/session/5bdc3f4a8e5cefb88ac2450c975a42a0b5f05738/screenshot'
03:46:19.250 [AsyncHttpClient-1-2] DEBUG org.asynchttpclient.netty.handler.HttpHandler - 

Request DefaultFullHttpRequest(decodeResult: success, version: HTTP/1.1, content: EmptyByteBufBE)
GET /wd/hub/session/5bdc3f4a8e5cefb88ac2450c975a42a0b5f05738/screenshot HTTP/1.1
User-Agent: selenium/4.1.3 (java mac)
Cache-Control: no-cache
traceparent: 00-d9310acd61115572d813c979044af6b6-4753eda34c798753-01
Content-Type: application/json; charset=utf-8
host: hub-cloud.browserstack.com
authorization: Basic Y2VzYXJyaW9zXzZ3TzRadDpldmdXZEdUMkw3cnBQempDNlh6Zw==
accept: */*

Response DefaultHttpResponse(decodeResult: success, version: HTTP/1.1)
HTTP/1.1 200 OK
Server: nginx
Date: Fri, 05 May 2023 08:46:19 GMT
Content-Type: application/json;charset=utf-8
Connection: keep-alive
Source-From: 02
expires: Thu, 01 Jan 1970 00:00:00 GMT
cache-control: no-cache, no-cache
temp-header: 8783-1191332426-18-1683276379.111-rproxy-core-002-dcp-use3a-prod.browserstack.com
content-length: 279612

03:46:19.379 [AsyncHttpClient-1-2] DEBUG org.asynchttpclient.netty.channel.ChannelManager - Adding key: https://hub-cloud.browserstack.com:443 for channel [id: 0x631b3838, L:/192.168.1.60:61639 - R:hub-cloud.browserstack.com/207.254.8.4:443]
03:46:19.391 [main] DEBUG net.serenitybdd.core.photography.Darkroom - Send negative for processing for target/site/serenity/2663bdd2f6f366c1ca61676ea0f50558affa6c1e62f9a69218882630ff19d19e.png
03:46:19.391 [Darkroom Processing Line] DEBUG net.serenitybdd.core.photography.DarkroomProcessingLine - Processing screenshot image in /var/screenshots/screenshot-3855962540039009645
03:46:19.391 [Darkroom Processing Line] DEBUG net.serenitybdd.core.photography.DarkroomProcessingLine - Saving screenshot to target/site/serenity/2663bdd2f6f366c1ca61676ea0f50558affa6c1e62f9a69218882630ff19d19e.png
03:46:19.391 [main] DEBUG net.thucydides.core.steps.StepInterceptor - STEP DONE: heSelectProduct
  &amp#27;[32mAnd &amp#27;[0m&amp#27;[32mhe enters a &amp#27;[0m&amp#27;[32m&amp#27;[1m"Product"&amp#27;[0m&amp#27;[32m product&amp#27;[0m                                                   &amp#27;[90m# StepsDefinitions.ProductsDefinitions.ProductsDefinitions.heSelectProductInTheList(java.lang.String)&amp#27;[0m
03:46:19.400 [main] DEBUG net.thucydides.core.steps.StepInterceptor - STARTING STEP: ProductsDefinitions.addProductToCart - clickOnAddToCart
03:46:19.401 [Forwarding setTimeout on session 5bdc3f4a8e5cefb88ac2450c975a42a0b5f05738 to remote] DEBUG org.asynchttpclient.netty.request.NettyRequestSender - Using pooled Channel '[id: 0x631b3838, L:/192.168.1.60:61639 - R:hub-cloud.browserstack.com/207.254.8.4:443]' for 'POST' to 'https://cesarrios_6wO4Zt:evgWdGT2L7rpPzjC6Xzg@hub-cloud.browserstack.com/wd/hub/session/5bdc3f4a8e5cefb88ac2450c975a42a0b5f05738/timeouts'
03:46:19.401 [Forwarding setTimeout on session 5bdc3f4a8e5cefb88ac2450c975a42a0b5f05738 to remote] DEBUG org.asynchttpclient.netty.request.NettyRequestSender - Using open Channel [id: 0x631b3838, L:/192.168.1.60:61639 - R:hub-cloud.browserstack.com/207.254.8.4:443] for POST '/wd/hub/session/5bdc3f4a8e5cefb88ac2450c975a42a0b5f05738/timeouts'
03:46:19.581 [AsyncHttpClient-1-2] DEBUG org.asynchttpclient.netty.handler.HttpHandler - 

Request DefaultHttpRequest(decodeResult: success, version: HTTP/1.1)
POST /wd/hub/session/5bdc3f4a8e5cefb88ac2450c975a42a0b5f05738/timeouts HTTP/1.1
User-Agent: selenium/4.1.3 (java mac)
traceparent: 00-c883a0b15a4a60ca3fbf77e9b0641154-58b957be7da3828c-01
Content-Length: 19
Content-Type: application/json; charset=utf-8
host: hub-cloud.browserstack.com
authorization: Basic Y2VzYXJyaW9zXzZ3TzRadDpldmdXZEdUMkw3cnBQempDNlh6Zw==
accept: */*

Response DefaultHttpResponse(decodeResult: success, version: HTTP/1.1)
HTTP/1.1 200 OK
Server: nginx
Date: Fri, 05 May 2023 08:46:19 GMT
Content-Type: application/json;charset=utf-8
Connection: keep-alive
Source-From: 02
expires: Thu, 01 Jan 1970 00:00:00 GMT
cache-control: no-cache, no-cache
temp-header: 10516-1809788095-27-1683276379.572-rproxy-core-001-dcp-use3a-prod.browserstack.com
content-length: 14

03:46:19.581 [AsyncHttpClient-1-2] DEBUG org.asynchttpclient.netty.channel.ChannelManager - Adding key: https://hub-cloud.browserstack.com:443 for channel [id: 0x631b3838, L:/192.168.1.60:61639 - R:hub-cloud.browserstack.com/207.254.8.4:443]
03:46:19.585 [Forwarding findElement on session 5bdc3f4a8e5cefb88ac2450c975a42a0b5f05738 to remote] DEBUG org.asynchttpclient.netty.request.NettyRequestSender - Using pooled Channel '[id: 0x631b3838, L:/192.168.1.60:61639 - R:hub-cloud.browserstack.com/207.254.8.4:443]' for 'POST' to 'https://cesarrios_6wO4Zt:evgWdGT2L7rpPzjC6Xzg@hub-cloud.browserstack.com/wd/hub/session/5bdc3f4a8e5cefb88ac2450c975a42a0b5f05738/element'
03:46:19.585 [Forwarding findElement on session 5bdc3f4a8e5cefb88ac2450c975a42a0b5f05738 to remote] DEBUG org.asynchttpclient.netty.request.NettyRequestSender - Using open Channel [id: 0x631b3838, L:/192.168.1.60:61639 - R:hub-cloud.browserstack.com/207.254.8.4:443] for POST '/wd/hub/session/5bdc3f4a8e5cefb88ac2450c975a42a0b5f05738/element'
03:46:19.742 [AsyncHttpClient-1-2] DEBUG org.asynchttpclient.netty.handler.HttpHandler - 

Request DefaultHttpRequest(decodeResult: success, version: HTTP/1.1)
POST /wd/hub/session/5bdc3f4a8e5cefb88ac2450c975a42a0b5f05738/element HTTP/1.1
User-Agent: selenium/4.1.3 (java mac)
traceparent: 00-ff35d8aa0e6828c5e9e60a59d885be72-bc02ee077f356c6a-01
Content-Length: 132
Content-Type: application/json; charset=utf-8
host: hub-cloud.browserstack.com
authorization: Basic Y2VzYXJyaW9zXzZ3TzRadDpldmdXZEdUMkw3cnBQempDNlh6Zw==
accept: */*

Response DefaultHttpResponse(decodeResult: success, version: HTTP/1.1)
HTTP/1.1 200 OK
Server: nginx
Date: Fri, 05 May 2023 08:46:19 GMT
Content-Type: application/json;charset=utf-8
Connection: keep-alive
Source-From: 02
expires: Thu, 01 Jan 1970 00:00:00 GMT
cache-control: no-cache, no-cache
temp-header: 10523-1809789012-29-1683276379.734-rproxy-core-001-dcp-use3a-prod.browserstack.com
content-length: 88

03:46:19.743 [AsyncHttpClient-1-2] DEBUG org.asynchttpclient.netty.channel.ChannelManager - Adding key: https://hub-cloud.browserstack.com:443 for channel [id: 0x631b3838, L:/192.168.1.60:61639 - R:hub-cloud.browserstack.com/207.254.8.4:443]
03:46:19.746 [Forwarding setTimeout on session 5bdc3f4a8e5cefb88ac2450c975a42a0b5f05738 to remote] DEBUG org.asynchttpclient.netty.request.NettyRequestSender - Using pooled Channel '[id: 0x631b3838, L:/192.168.1.60:61639 - R:hub-cloud.browserstack.com/207.254.8.4:443]' for 'POST' to 'https://cesarrios_6wO4Zt:evgWdGT2L7rpPzjC6Xzg@hub-cloud.browserstack.com/wd/hub/session/5bdc3f4a8e5cefb88ac2450c975a42a0b5f05738/timeouts'
03:46:19.746 [Forwarding setTimeout on session 5bdc3f4a8e5cefb88ac2450c975a42a0b5f05738 to remote] DEBUG org.asynchttpclient.netty.request.NettyRequestSender - Using open Channel [id: 0x631b3838, L:/192.168.1.60:61639 - R:hub-cloud.browserstack.com/207.254.8.4:443] for POST '/wd/hub/session/5bdc3f4a8e5cefb88ac2450c975a42a0b5f05738/timeouts'
03:46:20.131 [AsyncHttpClient-1-2] DEBUG org.asynchttpclient.netty.handler.HttpHandler - 

Request DefaultHttpRequest(decodeResult: success, version: HTTP/1.1)
POST /wd/hub/session/5bdc3f4a8e5cefb88ac2450c975a42a0b5f05738/timeouts HTTP/1.1
User-Agent: selenium/4.1.3 (java mac)
traceparent: 00-62b8403317aeee4657a721e1c82e02ba-b51417ca6174c26a-01
Content-Length: 23
Content-Type: application/json; charset=utf-8
host: hub-cloud.browserstack.com
authorization: Basic Y2VzYXJyaW9zXzZ3TzRadDpldmdXZEdUMkw3cnBQempDNlh6Zw==
accept: */*

Response DefaultHttpResponse(decodeResult: success, version: HTTP/1.1)
HTTP/1.1 200 OK
Server: nginx
Date: Fri, 05 May 2023 08:46:20 GMT
Content-Type: application/json;charset=utf-8
Connection: keep-alive
Source-From: 02
expires: Thu, 01 Jan 1970 00:00:00 GMT
cache-control: no-cache, no-cache
temp-header: 10523-1809761940-99-1683276380.033-rproxy-core-001-dcp-use3a-prod.browserstack.com
content-length: 14

03:46:20.132 [AsyncHttpClient-1-2] DEBUG org.asynchttpclient.netty.channel.ChannelManager - Adding key: https://hub-cloud.browserstack.com:443 for channel [id: 0x631b3838, L:/192.168.1.60:61639 - R:hub-cloud.browserstack.com/207.254.8.4:443]
03:46:20.140 [Forwarding setTimeout on session 5bdc3f4a8e5cefb88ac2450c975a42a0b5f05738 to remote] DEBUG org.asynchttpclient.netty.request.NettyRequestSender - Using pooled Channel '[id: 0x631b3838, L:/192.168.1.60:61639 - R:hub-cloud.browserstack.com/207.254.8.4:443]' for 'POST' to 'https://cesarrios_6wO4Zt:evgWdGT2L7rpPzjC6Xzg@hub-cloud.browserstack.com/wd/hub/session/5bdc3f4a8e5cefb88ac2450c975a42a0b5f05738/timeouts'
03:46:20.140 [Forwarding setTimeout on session 5bdc3f4a8e5cefb88ac2450c975a42a0b5f05738 to remote] DEBUG org.asynchttpclient.netty.request.NettyRequestSender - Using open Channel [id: 0x631b3838, L:/192.168.1.60:61639 - R:hub-cloud.browserstack.com/207.254.8.4:443] for POST '/wd/hub/session/5bdc3f4a8e5cefb88ac2450c975a42a0b5f05738/timeouts'
03:46:20.299 [AsyncHttpClient-1-2] DEBUG org.asynchttpclient.netty.handler.HttpHandler - 

Request DefaultHttpRequest(decodeResult: success, version: HTTP/1.1)
POST /wd/hub/session/5bdc3f4a8e5cefb88ac2450c975a42a0b5f05738/timeouts HTTP/1.1
User-Agent: selenium/4.1.3 (java mac)
traceparent: 00-5d2c0919fee32899e6a5a43a4164d124-86149ce79f96f6fb-01
Content-Length: 19
Content-Type: application/json; charset=utf-8
host: hub-cloud.browserstack.com
authorization: Basic Y2VzYXJyaW9zXzZ3TzRadDpldmdXZEdUMkw3cnBQempDNlh6Zw==
accept: */*

Response DefaultHttpResponse(decodeResult: success, version: HTTP/1.1)
HTTP/1.1 200 OK
Server: nginx
Date: Fri, 05 May 2023 08:46:20 GMT
Content-Type: application/json;charset=utf-8
Connection: keep-alive
Source-From: 02
expires: Thu, 01 Jan 1970 00:00:00 GMT
cache-control: no-cache, no-cache
temp-header: 10515-1809782805-44-1683276380.293-rproxy-core-001-dcp-use3a-prod.browserstack.com
content-length: 14

03:46:20.300 [AsyncHttpClient-1-2] DEBUG org.asynchttpclient.netty.channel.ChannelManager - Adding key: https://hub-cloud.browserstack.com:443 for channel [id: 0x631b3838, L:/192.168.1.60:61639 - R:hub-cloud.browserstack.com/207.254.8.4:443]
03:46:20.302 [Forwarding findElement on session 5bdc3f4a8e5cefb88ac2450c975a42a0b5f05738 to remote] DEBUG org.asynchttpclient.netty.request.NettyRequestSender - Using pooled Channel '[id: 0x631b3838, L:/192.168.1.60:61639 - R:hub-cloud.browserstack.com/207.254.8.4:443]' for 'POST' to 'https://cesarrios_6wO4Zt:evgWdGT2L7rpPzjC6Xzg@hub-cloud.browserstack.com/wd/hub/session/5bdc3f4a8e5cefb88ac2450c975a42a0b5f05738/element'
03:46:20.302 [Forwarding findElement on session 5bdc3f4a8e5cefb88ac2450c975a42a0b5f05738 to remote] DEBUG org.asynchttpclient.netty.request.NettyRequestSender - Using open Channel [id: 0x631b3838, L:/192.168.1.60:61639 - R:hub-cloud.browserstack.com/207.254.8.4:443] for POST '/wd/hub/session/5bdc3f4a8e5cefb88ac2450c975a42a0b5f05738/element'
03:46:20.460 [AsyncHttpClient-1-2] DEBUG org.asynchttpclient.netty.handler.HttpHandler - 

Request DefaultHttpRequest(decodeResult: success, version: HTTP/1.1)
POST /wd/hub/session/5bdc3f4a8e5cefb88ac2450c975a42a0b5f05738/element HTTP/1.1
User-Agent: selenium/4.1.3 (java mac)
traceparent: 00-7cd07067af3e457969bd00f4eea8eb51-de748bfac75b27f2-01
Content-Length: 132
Content-Type: application/json; charset=utf-8
host: hub-cloud.browserstack.com
authorization: Basic Y2VzYXJyaW9zXzZ3TzRadDpldmdXZEdUMkw3cnBQempDNlh6Zw==
accept: */*

Response DefaultHttpResponse(decodeResult: success, version: HTTP/1.1)
HTTP/1.1 200 OK
Server: nginx
Date: Fri, 05 May 2023 08:46:20 GMT
Content-Type: application/json;charset=utf-8
Connection: keep-alive
Source-From: 02
expires: Thu, 01 Jan 1970 00:00:00 GMT
cache-control: no-cache, no-cache
temp-header: 8788-1191333230-18-1683276380.459-rproxy-core-002-dcp-use3a-prod.browserstack.com
content-length: 88

03:46:20.460 [AsyncHttpClient-1-2] DEBUG org.asynchttpclient.netty.channel.ChannelManager - Adding key: https://hub-cloud.browserstack.com:443 for channel [id: 0x631b3838, L:/192.168.1.60:61639 - R:hub-cloud.browserstack.com/207.254.8.4:443]
03:46:20.464 [Forwarding setTimeout on session 5bdc3f4a8e5cefb88ac2450c975a42a0b5f05738 to remote] DEBUG org.asynchttpclient.netty.request.NettyRequestSender - Using pooled Channel '[id: 0x631b3838, L:/192.168.1.60:61639 - R:hub-cloud.browserstack.com/207.254.8.4:443]' for 'POST' to 'https://cesarrios_6wO4Zt:evgWdGT2L7rpPzjC6Xzg@hub-cloud.browserstack.com/wd/hub/session/5bdc3f4a8e5cefb88ac2450c975a42a0b5f05738/timeouts'
03:46:20.464 [Forwarding setTimeout on session 5bdc3f4a8e5cefb88ac2450c975a42a0b5f05738 to remote] DEBUG org.asynchttpclient.netty.request.NettyRequestSender - Using open Channel [id: 0x631b3838, L:/192.168.1.60:61639 - R:hub-cloud.browserstack.com/207.254.8.4:443] for POST '/wd/hub/session/5bdc3f4a8e5cefb88ac2450c975a42a0b5f05738/timeouts'
03:46:20.630 [AsyncHttpClient-1-2] DEBUG org.asynchttpclient.netty.handler.HttpHandler - 

Request DefaultHttpRequest(decodeResult: success, version: HTTP/1.1)
POST /wd/hub/session/5bdc3f4a8e5cefb88ac2450c975a42a0b5f05738/timeouts HTTP/1.1
User-Agent: selenium/4.1.3 (java mac)
traceparent: 00-1e0c4bc2c9fb4c7afeed80537b6ba5fe-d0cac1b77de8cbf3-01
Content-Length: 23
Content-Type: application/json; charset=utf-8
host: hub-cloud.browserstack.com
authorization: Basic Y2VzYXJyaW9zXzZ3TzRadDpldmdXZEdUMkw3cnBQempDNlh6Zw==
accept: */*

Response DefaultHttpResponse(decodeResult: success, version: HTTP/1.1)
HTTP/1.1 200 OK
Server: nginx
Date: Fri, 05 May 2023 08:46:20 GMT
Content-Type: application/json;charset=utf-8
Connection: keep-alive
Source-From: 02
expires: Thu, 01 Jan 1970 00:00:00 GMT
cache-control: no-cache, no-cache
temp-header: 10522-1809773249-61-1683276380.617-rproxy-core-001-dcp-use3a-prod.browserstack.com
content-length: 14

03:46:20.630 [AsyncHttpClient-1-2] DEBUG org.asynchttpclient.netty.channel.ChannelManager - Adding key: https://hub-cloud.browserstack.com:443 for channel [id: 0x631b3838, L:/192.168.1.60:61639 - R:hub-cloud.browserstack.com/207.254.8.4:443]
03:46:20.650 [Forwarding isElementDisplayed on session 5bdc3f4a8e5cefb88ac2450c975a42a0b5f05738 to remote] DEBUG org.asynchttpclient.netty.request.NettyRequestSender - Using pooled Channel '[id: 0x631b3838, L:/192.168.1.60:61639 - R:hub-cloud.browserstack.com/207.254.8.4:443]' for 'POST' to 'https://cesarrios_6wO4Zt:evgWdGT2L7rpPzjC6Xzg@hub-cloud.browserstack.com/wd/hub/session/5bdc3f4a8e5cefb88ac2450c975a42a0b5f05738/execute/sync'
03:46:20.650 [Forwarding isElementDisplayed on session 5bdc3f4a8e5cefb88ac2450c975a42a0b5f05738 to remote] DEBUG org.asynchttpclient.netty.request.NettyRequestSender - Using open Channel [id: 0x631b3838, L:/192.168.1.60:61639 - R:hub-cloud.browserstack.com/207.254.8.4:443] for POST '/wd/hub/session/5bdc3f4a8e5cefb88ac2450c975a42a0b5f05738/execute/sync'
03:46:20.928 [AsyncHttpClient-1-2] DEBUG org.asynchttpclient.netty.handler.HttpHandler - 

Request DefaultHttpRequest(decodeResult: success, version: HTTP/1.1)
POST /wd/hub/session/5bdc3f4a8e5cefb88ac2450c975a42a0b5f05738/execute/sync HTTP/1.1
User-Agent: selenium/4.1.3 (java mac)
traceparent: 00-7de4cfa3aa34fc692a8822c5178e45f1-34ebc52126158dd2-01
Content-Length: 48780
Content-Type: application/json; charset=utf-8
host: hub-cloud.browserstack.com
authorization: Basic Y2VzYXJyaW9zXzZ3TzRadDpldmdXZEdUMkw3cnBQempDNlh6Zw==
accept: */*

Response DefaultHttpResponse(decodeResult: success, version: HTTP/1.1)
HTTP/1.1 200 OK
Server: nginx
Date: Fri, 05 May 2023 08:46:20 GMT
Content-Type: application/json;charset=utf-8
Connection: keep-alive
Source-From: 02
expires: Thu, 01 Jan 1970 00:00:00 GMT
cache-control: no-cache, no-cache
temp-header: 10512-1809792740-7-1683276380.908-rproxy-core-001-dcp-use3a-prod.browserstack.com
content-length: 14

03:46:20.928 [AsyncHttpClient-1-2] DEBUG org.asynchttpclient.netty.channel.ChannelManager - Adding key: https://hub-cloud.browserstack.com:443 for channel [id: 0x631b3838, L:/192.168.1.60:61639 - R:hub-cloud.browserstack.com/207.254.8.4:443]
03:46:20.932 [Forwarding setTimeout on session 5bdc3f4a8e5cefb88ac2450c975a42a0b5f05738 to remote] DEBUG org.asynchttpclient.netty.request.NettyRequestSender - Using pooled Channel '[id: 0x631b3838, L:/192.168.1.60:61639 - R:hub-cloud.browserstack.com/207.254.8.4:443]' for 'POST' to 'https://cesarrios_6wO4Zt:evgWdGT2L7rpPzjC6Xzg@hub-cloud.browserstack.com/wd/hub/session/5bdc3f4a8e5cefb88ac2450c975a42a0b5f05738/timeouts'
03:46:20.932 [Forwarding setTimeout on session 5bdc3f4a8e5cefb88ac2450c975a42a0b5f05738 to remote] DEBUG org.asynchttpclient.netty.request.NettyRequestSender - Using open Channel [id: 0x631b3838, L:/192.168.1.60:61639 - R:hub-cloud.browserstack.com/207.254.8.4:443] for POST '/wd/hub/session/5bdc3f4a8e5cefb88ac2450c975a42a0b5f05738/timeouts'
03:46:21.118 [AsyncHttpClient-1-2] DEBUG org.asynchttpclient.netty.handler.HttpHandler - 

Request DefaultHttpRequest(decodeResult: success, version: HTTP/1.1)
POST /wd/hub/session/5bdc3f4a8e5cefb88ac2450c975a42a0b5f05738/timeouts HTTP/1.1
User-Agent: selenium/4.1.3 (java mac)
traceparent: 00-b77ba3645b7deb31e68907bd54c46e4c-2595807aee45bc8c-01
Content-Length: 23
Content-Type: application/json; charset=utf-8
host: hub-cloud.browserstack.com
authorization: Basic Y2VzYXJyaW9zXzZ3TzRadDpldmdXZEdUMkw3cnBQempDNlh6Zw==
accept: */*

Response DefaultHttpResponse(decodeResult: success, version: HTTP/1.1)
HTTP/1.1 200 OK
Server: nginx
Date: Fri, 05 May 2023 08:46:21 GMT
Content-Type: application/json;charset=utf-8
Connection: keep-alive
Source-From: 02
expires: Thu, 01 Jan 1970 00:00:00 GMT
cache-control: no-cache, no-cache
temp-header: 8787-1191306228-86-1683276381.101-rproxy-core-002-dcp-use3a-prod.browserstack.com
content-length: 14

03:46:21.118 [AsyncHttpClient-1-2] DEBUG org.asynchttpclient.netty.channel.ChannelManager - Adding key: https://hub-cloud.browserstack.com:443 for channel [id: 0x631b3838, L:/192.168.1.60:61639 - R:hub-cloud.browserstack.com/207.254.8.4:443]
03:46:21.120 [Forwarding findElement on session 5bdc3f4a8e5cefb88ac2450c975a42a0b5f05738 to remote] DEBUG org.asynchttpclient.netty.request.NettyRequestSender - Using pooled Channel '[id: 0x631b3838, L:/192.168.1.60:61639 - R:hub-cloud.browserstack.com/207.254.8.4:443]' for 'POST' to 'https://cesarrios_6wO4Zt:evgWdGT2L7rpPzjC6Xzg@hub-cloud.browserstack.com/wd/hub/session/5bdc3f4a8e5cefb88ac2450c975a42a0b5f05738/element'
03:46:21.120 [Forwarding findElement on session 5bdc3f4a8e5cefb88ac2450c975a42a0b5f05738 to remote] DEBUG org.asynchttpclient.netty.request.NettyRequestSender - Using open Channel [id: 0x631b3838, L:/192.168.1.60:61639 - R:hub-cloud.browserstack.com/207.254.8.4:443] for POST '/wd/hub/session/5bdc3f4a8e5cefb88ac2450c975a42a0b5f05738/element'
03:46:21.310 [AsyncHttpClient-1-2] DEBUG org.asynchttpclient.netty.handler.HttpHandler - 

Request DefaultHttpRequest(decodeResult: success, version: HTTP/1.1)
POST /wd/hub/session/5bdc3f4a8e5cefb88ac2450c975a42a0b5f05738/element HTTP/1.1
User-Agent: selenium/4.1.3 (java mac)
traceparent: 00-fb691dd5825f9b30acedcd0355877dcd-507ea903387bd148-01
Content-Length: 132
Content-Type: application/json; charset=utf-8
host: hub-cloud.browserstack.com
authorization: Basic Y2VzYXJyaW9zXzZ3TzRadDpldmdXZEdUMkw3cnBQempDNlh6Zw==
accept: */*

Response DefaultHttpResponse(decodeResult: success, version: HTTP/1.1)
HTTP/1.1 200 OK
Server: nginx
Date: Fri, 05 May 2023 08:46:21 GMT
Content-Type: application/json;charset=utf-8
Connection: keep-alive
Source-From: 02
expires: Thu, 01 Jan 1970 00:00:00 GMT
cache-control: no-cache, no-cache
temp-header: 10522-1809792637-6-1683276381.308-rproxy-core-001-dcp-use3a-prod.browserstack.com
content-length: 88

03:46:21.310 [AsyncHttpClient-1-2] DEBUG org.asynchttpclient.netty.channel.ChannelManager - Adding key: https://hub-cloud.browserstack.com:443 for channel [id: 0x631b3838, L:/192.168.1.60:61639 - R:hub-cloud.browserstack.com/207.254.8.4:443]
03:46:21.314 [Forwarding setTimeout on session 5bdc3f4a8e5cefb88ac2450c975a42a0b5f05738 to remote] DEBUG org.asynchttpclient.netty.request.NettyRequestSender - Using pooled Channel '[id: 0x631b3838, L:/192.168.1.60:61639 - R:hub-cloud.browserstack.com/207.254.8.4:443]' for 'POST' to 'https://cesarrios_6wO4Zt:evgWdGT2L7rpPzjC6Xzg@hub-cloud.browserstack.com/wd/hub/session/5bdc3f4a8e5cefb88ac2450c975a42a0b5f05738/timeouts'
03:46:21.314 [Forwarding setTimeout on session 5bdc3f4a8e5cefb88ac2450c975a42a0b5f05738 to remote] DEBUG org.asynchttpclient.netty.request.NettyRequestSender - Using open Channel [id: 0x631b3838, L:/192.168.1.60:61639 - R:hub-cloud.browserstack.com/207.254.8.4:443] for POST '/wd/hub/session/5bdc3f4a8e5cefb88ac2450c975a42a0b5f05738/timeouts'
03:46:21.474 [AsyncHttpClient-1-2] DEBUG org.asynchttpclient.netty.handler.HttpHandler - 

Request DefaultHttpRequest(decodeResult: success, version: HTTP/1.1)
POST /wd/hub/session/5bdc3f4a8e5cefb88ac2450c975a42a0b5f05738/timeouts HTTP/1.1
User-Agent: selenium/4.1.3 (java mac)
traceparent: 00-4d9befc433d30fca621774a5f0866e01-0f8db98f007ab2a7-01
Content-Length: 23
Content-Type: application/json; charset=utf-8
host: hub-cloud.browserstack.com
authorization: Basic Y2VzYXJyaW9zXzZ3TzRadDpldmdXZEdUMkw3cnBQempDNlh6Zw==
accept: */*

Response DefaultHttpResponse(decodeResult: success, version: HTTP/1.1)
HTTP/1.1 200 OK
Server: nginx
Date: Fri, 05 May 2023 08:46:21 GMT
Content-Type: application/json;charset=utf-8
Connection: keep-alive
Source-From: 02
expires: Thu, 01 Jan 1970 00:00:00 GMT
cache-control: no-cache, no-cache
temp-header: 10522-1809785964-43-1683276381.466-rproxy-core-001-dcp-use3a-prod.browserstack.com
content-length: 14

03:46:21.475 [AsyncHttpClient-1-2] DEBUG org.asynchttpclient.netty.channel.ChannelManager - Adding key: https://hub-cloud.browserstack.com:443 for channel [id: 0x631b3838, L:/192.168.1.60:61639 - R:hub-cloud.browserstack.com/207.254.8.4:443]
03:46:21.484 [Forwarding isElementDisplayed on session 5bdc3f4a8e5cefb88ac2450c975a42a0b5f05738 to remote] DEBUG org.asynchttpclient.netty.request.NettyRequestSender - Using pooled Channel '[id: 0x631b3838, L:/192.168.1.60:61639 - R:hub-cloud.browserstack.com/207.254.8.4:443]' for 'POST' to 'https://cesarrios_6wO4Zt:evgWdGT2L7rpPzjC6Xzg@hub-cloud.browserstack.com/wd/hub/session/5bdc3f4a8e5cefb88ac2450c975a42a0b5f05738/execute/sync'
03:46:21.484 [Forwarding isElementDisplayed on session 5bdc3f4a8e5cefb88ac2450c975a42a0b5f05738 to remote] DEBUG org.asynchttpclient.netty.request.NettyRequestSender - Using open Channel [id: 0x631b3838, L:/192.168.1.60:61639 - R:hub-cloud.browserstack.com/207.254.8.4:443] for POST '/wd/hub/session/5bdc3f4a8e5cefb88ac2450c975a42a0b5f05738/execute/sync'
03:46:21.715 [AsyncHttpClient-1-2] DEBUG org.asynchttpclient.netty.handler.HttpHandler - 

Request DefaultHttpRequest(decodeResult: success, version: HTTP/1.1)
POST /wd/hub/session/5bdc3f4a8e5cefb88ac2450c975a42a0b5f05738/execute/sync HTTP/1.1
User-Agent: selenium/4.1.3 (java mac)
traceparent: 00-187e0a6829bfe05183de13f5d67fd7df-19b321218d83ae89-01
Content-Length: 48780
Content-Type: application/json; charset=utf-8
host: hub-cloud.browserstack.com
authorization: Basic Y2VzYXJyaW9zXzZ3TzRadDpldmdXZEdUMkw3cnBQempDNlh6Zw==
accept: */*

Response DefaultHttpResponse(decodeResult: success, version: HTTP/1.1)
HTTP/1.1 200 OK
Server: nginx
Date: Fri, 05 May 2023 08:46:21 GMT
Content-Type: application/json;charset=utf-8
Connection: keep-alive
Source-From: 02
expires: Thu, 01 Jan 1970 00:00:00 GMT
cache-control: no-cache, no-cache
temp-header: 10512-1809792740-10-1683276381.706-rproxy-core-001-dcp-use3a-prod.browserstack.com
content-length: 14

03:46:21.715 [AsyncHttpClient-1-2] DEBUG org.asynchttpclient.netty.channel.ChannelManager - Adding key: https://hub-cloud.browserstack.com:443 for channel [id: 0x631b3838, L:/192.168.1.60:61639 - R:hub-cloud.browserstack.com/207.254.8.4:443]
03:46:21.722 [Forwarding isElementDisplayed on session 5bdc3f4a8e5cefb88ac2450c975a42a0b5f05738 to remote] DEBUG org.asynchttpclient.netty.request.NettyRequestSender - Using pooled Channel '[id: 0x631b3838, L:/192.168.1.60:61639 - R:hub-cloud.browserstack.com/207.254.8.4:443]' for 'POST' to 'https://cesarrios_6wO4Zt:evgWdGT2L7rpPzjC6Xzg@hub-cloud.browserstack.com/wd/hub/session/5bdc3f4a8e5cefb88ac2450c975a42a0b5f05738/execute/sync'
03:46:21.722 [Forwarding isElementDisplayed on session 5bdc3f4a8e5cefb88ac2450c975a42a0b5f05738 to remote] DEBUG org.asynchttpclient.netty.request.NettyRequestSender - Using open Channel [id: 0x631b3838, L:/192.168.1.60:61639 - R:hub-cloud.browserstack.com/207.254.8.4:443] for POST '/wd/hub/session/5bdc3f4a8e5cefb88ac2450c975a42a0b5f05738/execute/sync'
03:46:21.951 [AsyncHttpClient-1-2] DEBUG org.asynchttpclient.netty.handler.HttpHandler - 

Request DefaultHttpRequest(decodeResult: success, version: HTTP/1.1)
POST /wd/hub/session/5bdc3f4a8e5cefb88ac2450c975a42a0b5f05738/execute/sync HTTP/1.1
User-Agent: selenium/4.1.3 (java mac)
traceparent: 00-6a6bccee63172c5f715286eb82dd4bef-4b6a903d33589503-01
Content-Length: 48780
Content-Type: application/json; charset=utf-8
host: hub-cloud.browserstack.com
authorization: Basic Y2VzYXJyaW9zXzZ3TzRadDpldmdXZEdUMkw3cnBQempDNlh6Zw==
accept: */*

Response DefaultHttpResponse(decodeResult: success, version: HTTP/1.1)
HTTP/1.1 200 OK
Server: nginx
Date: Fri, 05 May 2023 08:46:21 GMT
Content-Type: application/json;charset=utf-8
Connection: keep-alive
Source-From: 02
expires: Thu, 01 Jan 1970 00:00:00 GMT
cache-control: no-cache, no-cache
temp-header: 8786-1191335295-21-1683276381.950-rproxy-core-002-dcp-use3a-prod.browserstack.com
content-length: 14

03:46:21.952 [AsyncHttpClient-1-2] DEBUG org.asynchttpclient.netty.channel.ChannelManager - Adding key: https://hub-cloud.browserstack.com:443 for channel [id: 0x631b3838, L:/192.168.1.60:61639 - R:hub-cloud.browserstack.com/207.254.8.4:443]
03:46:21.956 [Forwarding setTimeout on session 5bdc3f4a8e5cefb88ac2450c975a42a0b5f05738 to remote] DEBUG org.asynchttpclient.netty.request.NettyRequestSender - Using pooled Channel '[id: 0x631b3838, L:/192.168.1.60:61639 - R:hub-cloud.browserstack.com/207.254.8.4:443]' for 'POST' to 'https://cesarrios_6wO4Zt:evgWdGT2L7rpPzjC6Xzg@hub-cloud.browserstack.com/wd/hub/session/5bdc3f4a8e5cefb88ac2450c975a42a0b5f05738/timeouts'
03:46:21.956 [Forwarding setTimeout on session 5bdc3f4a8e5cefb88ac2450c975a42a0b5f05738 to remote] DEBUG org.asynchttpclient.netty.request.NettyRequestSender - Using open Channel [id: 0x631b3838, L:/192.168.1.60:61639 - R:hub-cloud.browserstack.com/207.254.8.4:443] for POST '/wd/hub/session/5bdc3f4a8e5cefb88ac2450c975a42a0b5f05738/timeouts'
03:46:22.143 [AsyncHttpClient-1-2] DEBUG org.asynchttpclient.netty.handler.HttpHandler - 

Request DefaultHttpRequest(decodeResult: success, version: HTTP/1.1)
POST /wd/hub/session/5bdc3f4a8e5cefb88ac2450c975a42a0b5f05738/timeouts HTTP/1.1
User-Agent: selenium/4.1.3 (java mac)
traceparent: 00-7154b987f2c5812aa20cdd31aa1b66d7-2598c1eedccfe3d7-01
Content-Length: 23
Content-Type: application/json; charset=utf-8
host: hub-cloud.browserstack.com
authorization: Basic Y2VzYXJyaW9zXzZ3TzRadDpldmdXZEdUMkw3cnBQempDNlh6Zw==
accept: */*

Response DefaultHttpResponse(decodeResult: success, version: HTTP/1.1)
HTTP/1.1 200 OK
Server: nginx
Date: Fri, 05 May 2023 08:46:22 GMT
Content-Type: application/json;charset=utf-8
Connection: keep-alive
Source-From: 02
expires: Thu, 01 Jan 1970 00:00:00 GMT
cache-control: no-cache, no-cache
temp-header: 10523-1809782101-35-1683276382.133-rproxy-core-001-dcp-use3a-prod.browserstack.com
content-length: 14

03:46:22.144 [AsyncHttpClient-1-2] DEBUG org.asynchttpclient.netty.channel.ChannelManager - Adding key: https://hub-cloud.browserstack.com:443 for channel [id: 0x631b3838, L:/192.168.1.60:61639 - R:hub-cloud.browserstack.com/207.254.8.4:443]
03:46:22.148 [Forwarding findElement on session 5bdc3f4a8e5cefb88ac2450c975a42a0b5f05738 to remote] DEBUG org.asynchttpclient.netty.request.NettyRequestSender - Using pooled Channel '[id: 0x631b3838, L:/192.168.1.60:61639 - R:hub-cloud.browserstack.com/207.254.8.4:443]' for 'POST' to 'https://cesarrios_6wO4Zt:evgWdGT2L7rpPzjC6Xzg@hub-cloud.browserstack.com/wd/hub/session/5bdc3f4a8e5cefb88ac2450c975a42a0b5f05738/element'
03:46:22.148 [Forwarding findElement on session 5bdc3f4a8e5cefb88ac2450c975a42a0b5f05738 to remote] DEBUG org.asynchttpclient.netty.request.NettyRequestSender - Using open Channel [id: 0x631b3838, L:/192.168.1.60:61639 - R:hub-cloud.browserstack.com/207.254.8.4:443] for POST '/wd/hub/session/5bdc3f4a8e5cefb88ac2450c975a42a0b5f05738/element'
03:46:22.396 [AsyncHttpClient-1-2] DEBUG org.asynchttpclient.netty.handler.HttpHandler - 

Request DefaultHttpRequest(decodeResult: success, version: HTTP/1.1)
POST /wd/hub/session/5bdc3f4a8e5cefb88ac2450c975a42a0b5f05738/element HTTP/1.1
User-Agent: selenium/4.1.3 (java mac)
traceparent: 00-e159f944a2d8dbbd5902917a028a3102-8a991e4d318c2d02-01
Content-Length: 132
Content-Type: application/json; charset=utf-8
host: hub-cloud.browserstack.com
authorization: Basic Y2VzYXJyaW9zXzZ3TzRadDpldmdXZEdUMkw3cnBQempDNlh6Zw==
accept: */*

Response DefaultHttpResponse(decodeResult: success, version: HTTP/1.1)
HTTP/1.1 200 OK
Server: nginx
Date: Fri, 05 May 2023 08:46:22 GMT
Content-Type: application/json;charset=utf-8
Connection: keep-alive
Source-From: 02
expires: Thu, 01 Jan 1970 00:00:00 GMT
cache-control: no-cache, no-cache
temp-header: 8788-1191333230-23-1683276382.392-rproxy-core-002-dcp-use3a-prod.browserstack.com
content-length: 88

03:46:22.397 [AsyncHttpClient-1-2] DEBUG org.asynchttpclient.netty.channel.ChannelManager - Adding key: https://hub-cloud.browserstack.com:443 for channel [id: 0x631b3838, L:/192.168.1.60:61639 - R:hub-cloud.browserstack.com/207.254.8.4:443]
03:46:22.399 [Forwarding setTimeout on session 5bdc3f4a8e5cefb88ac2450c975a42a0b5f05738 to remote] DEBUG org.asynchttpclient.netty.request.NettyRequestSender - Using pooled Channel '[id: 0x631b3838, L:/192.168.1.60:61639 - R:hub-cloud.browserstack.com/207.254.8.4:443]' for 'POST' to 'https://cesarrios_6wO4Zt:evgWdGT2L7rpPzjC6Xzg@hub-cloud.browserstack.com/wd/hub/session/5bdc3f4a8e5cefb88ac2450c975a42a0b5f05738/timeouts'
03:46:22.399 [Forwarding setTimeout on session 5bdc3f4a8e5cefb88ac2450c975a42a0b5f05738 to remote] DEBUG org.asynchttpclient.netty.request.NettyRequestSender - Using open Channel [id: 0x631b3838, L:/192.168.1.60:61639 - R:hub-cloud.browserstack.com/207.254.8.4:443] for POST '/wd/hub/session/5bdc3f4a8e5cefb88ac2450c975a42a0b5f05738/timeouts'
03:46:22.588 [AsyncHttpClient-1-2] DEBUG org.asynchttpclient.netty.handler.HttpHandler - 

Request DefaultHttpRequest(decodeResult: success, version: HTTP/1.1)
POST /wd/hub/session/5bdc3f4a8e5cefb88ac2450c975a42a0b5f05738/timeouts HTTP/1.1
User-Agent: selenium/4.1.3 (java mac)
traceparent: 00-570a93b3a30e3db2d591f1d4a4d84b16-a589cce63c347533-01
Content-Length: 23
Content-Type: application/json; charset=utf-8
host: hub-cloud.browserstack.com
authorization: Basic Y2VzYXJyaW9zXzZ3TzRadDpldmdXZEdUMkw3cnBQempDNlh6Zw==
accept: */*

Response DefaultHttpResponse(decodeResult: success, version: HTTP/1.1)
HTTP/1.1 200 OK
Server: nginx
Date: Fri, 05 May 2023 08:46:22 GMT
Content-Type: application/json;charset=utf-8
Connection: keep-alive
Source-From: 02
expires: Thu, 01 Jan 1970 00:00:00 GMT
cache-control: no-cache, no-cache
temp-header: 8783-1191334300-21-1683276382.583-rproxy-core-002-dcp-use3a-prod.browserstack.com
content-length: 14

03:46:22.588 [AsyncHttpClient-1-2] DEBUG org.asynchttpclient.netty.channel.ChannelManager - Adding key: https://hub-cloud.browserstack.com:443 for channel [id: 0x631b3838, L:/192.168.1.60:61639 - R:hub-cloud.browserstack.com/207.254.8.4:443]
03:46:22.596 [Forwarding isElementDisplayed on session 5bdc3f4a8e5cefb88ac2450c975a42a0b5f05738 to remote] DEBUG org.asynchttpclient.netty.request.NettyRequestSender - Using pooled Channel '[id: 0x631b3838, L:/192.168.1.60:61639 - R:hub-cloud.browserstack.com/207.254.8.4:443]' for 'POST' to 'https://cesarrios_6wO4Zt:evgWdGT2L7rpPzjC6Xzg@hub-cloud.browserstack.com/wd/hub/session/5bdc3f4a8e5cefb88ac2450c975a42a0b5f05738/execute/sync'
03:46:22.596 [Forwarding isElementDisplayed on session 5bdc3f4a8e5cefb88ac2450c975a42a0b5f05738 to remote] DEBUG org.asynchttpclient.netty.request.NettyRequestSender - Using open Channel [id: 0x631b3838, L:/192.168.1.60:61639 - R:hub-cloud.browserstack.com/207.254.8.4:443] for POST '/wd/hub/session/5bdc3f4a8e5cefb88ac2450c975a42a0b5f05738/execute/sync'
03:46:22.833 [AsyncHttpClient-1-2] DEBUG org.asynchttpclient.netty.handler.HttpHandler - 

Request DefaultHttpRequest(decodeResult: success, version: HTTP/1.1)
POST /wd/hub/session/5bdc3f4a8e5cefb88ac2450c975a42a0b5f05738/execute/sync HTTP/1.1
User-Agent: selenium/4.1.3 (java mac)
traceparent: 00-504d9a7658cb04088027aaab16cd1416-b11786526b4b682c-01
Content-Length: 48780
Content-Type: application/json; charset=utf-8
host: hub-cloud.browserstack.com
authorization: Basic Y2VzYXJyaW9zXzZ3TzRadDpldmdXZEdUMkw3cnBQempDNlh6Zw==
accept: */*

Response DefaultHttpResponse(decodeResult: success, version: HTTP/1.1)
HTTP/1.1 200 OK
Server: nginx
Date: Fri, 05 May 2023 08:46:22 GMT
Content-Type: application/json;charset=utf-8
Connection: keep-alive
Source-From: 02
expires: Thu, 01 Jan 1970 00:00:00 GMT
cache-control: no-cache, no-cache
temp-header: 8788-1191324070-84-1683276382.830-rproxy-core-002-dcp-use3a-prod.browserstack.com
content-length: 14

03:46:22.834 [AsyncHttpClient-1-2] DEBUG org.asynchttpclient.netty.channel.ChannelManager - Adding key: https://hub-cloud.browserstack.com:443 for channel [id: 0x631b3838, L:/192.168.1.60:61639 - R:hub-cloud.browserstack.com/207.254.8.4:443]
03:46:22.836 [Forwarding clickElement on session 5bdc3f4a8e5cefb88ac2450c975a42a0b5f05738 to remote] DEBUG org.asynchttpclient.netty.request.NettyRequestSender - Using pooled Channel '[id: 0x631b3838, L:/192.168.1.60:61639 - R:hub-cloud.browserstack.com/207.254.8.4:443]' for 'POST' to 'https://cesarrios_6wO4Zt:evgWdGT2L7rpPzjC6Xzg@hub-cloud.browserstack.com/wd/hub/session/5bdc3f4a8e5cefb88ac2450c975a42a0b5f05738/element/e61ab68c-0de4-4f13-8757-aa507b86e5de/click'
03:46:22.836 [Forwarding clickElement on session 5bdc3f4a8e5cefb88ac2450c975a42a0b5f05738 to remote] DEBUG org.asynchttpclient.netty.request.NettyRequestSender - Using open Channel [id: 0x631b3838, L:/192.168.1.60:61639 - R:hub-cloud.browserstack.com/207.254.8.4:443] for POST '/wd/hub/session/5bdc3f4a8e5cefb88ac2450c975a42a0b5f05738/element/e61ab68c-0de4-4f13-8757-aa507b86e5de/click'
03:46:23.275 [AsyncHttpClient-1-2] DEBUG org.asynchttpclient.netty.handler.HttpHandler - 

Request DefaultHttpRequest(decodeResult: success, version: HTTP/1.1)
POST /wd/hub/session/5bdc3f4a8e5cefb88ac2450c975a42a0b5f05738/element/e61ab68c-0de4-4f13-8757-aa507b86e5de/click HTTP/1.1
User-Agent: selenium/4.1.3 (java mac)
traceparent: 00-f896823489529b6d1b3791b08cd4f9be-c996afc2a8712570-01
Content-Length: 50
Content-Type: application/json; charset=utf-8
host: hub-cloud.browserstack.com
authorization: Basic Y2VzYXJyaW9zXzZ3TzRadDpldmdXZEdUMkw3cnBQempDNlh6Zw==
accept: */*

Response DefaultHttpResponse(decodeResult: success, version: HTTP/1.1)
HTTP/1.1 200 OK
Server: nginx
Date: Fri, 05 May 2023 08:46:23 GMT
Content-Type: application/json;charset=utf-8
Connection: keep-alive
Source-From: 02
expires: Thu, 01 Jan 1970 00:00:00 GMT
cache-control: no-cache, no-cache
temp-header: 10522-1809795338-2-1683276383.260-rproxy-core-001-dcp-use3a-prod.browserstack.com
content-length: 14

03:46:23.276 [AsyncHttpClient-1-2] DEBUG org.asynchttpclient.netty.channel.ChannelManager - Adding key: https://hub-cloud.browserstack.com:443 for channel [id: 0x631b3838, L:/192.168.1.60:61639 - R:hub-cloud.browserstack.com/207.254.8.4:443]
03:46:23.284 [Forwarding screenshot on session 5bdc3f4a8e5cefb88ac2450c975a42a0b5f05738 to remote] DEBUG org.asynchttpclient.netty.request.NettyRequestSender - Using pooled Channel '[id: 0x631b3838, L:/192.168.1.60:61639 - R:hub-cloud.browserstack.com/207.254.8.4:443]' for 'GET' to 'https://cesarrios_6wO4Zt:evgWdGT2L7rpPzjC6Xzg@hub-cloud.browserstack.com/wd/hub/session/5bdc3f4a8e5cefb88ac2450c975a42a0b5f05738/screenshot'
03:46:23.284 [Forwarding screenshot on session 5bdc3f4a8e5cefb88ac2450c975a42a0b5f05738 to remote] DEBUG org.asynchttpclient.netty.request.NettyRequestSender - Using open Channel [id: 0x631b3838, L:/192.168.1.60:61639 - R:hub-cloud.browserstack.com/207.254.8.4:443] for GET '/wd/hub/session/5bdc3f4a8e5cefb88ac2450c975a42a0b5f05738/screenshot'
03:46:23.654 [AsyncHttpClient-1-2] DEBUG org.asynchttpclient.netty.handler.HttpHandler - 

Request DefaultFullHttpRequest(decodeResult: success, version: HTTP/1.1, content: EmptyByteBufBE)
GET /wd/hub/session/5bdc3f4a8e5cefb88ac2450c975a42a0b5f05738/screenshot HTTP/1.1
User-Agent: selenium/4.1.3 (java mac)
Cache-Control: no-cache
traceparent: 00-d32b0b631e58f004a9f0d0550ef2b3cc-8e3afa4017520e28-01
Content-Type: application/json; charset=utf-8
host: hub-cloud.browserstack.com
authorization: Basic Y2VzYXJyaW9zXzZ3TzRadDpldmdXZEdUMkw3cnBQempDNlh6Zw==
accept: */*

Response DefaultHttpResponse(decodeResult: success, version: HTTP/1.1)
HTTP/1.1 200 OK
Server: nginx
Date: Fri, 05 May 2023 08:46:23 GMT
Content-Type: application/json;charset=utf-8
Connection: keep-alive
Source-From: 02
expires: Thu, 01 Jan 1970 00:00:00 GMT
cache-control: no-cache, no-cache
temp-header: 10516-1809788095-44-1683276383.531-rproxy-core-001-dcp-use3a-prod.browserstack.com
content-length: 279912

03:46:23.906 [AsyncHttpClient-1-2] DEBUG org.asynchttpclient.netty.channel.ChannelManager - Adding key: https://hub-cloud.browserstack.com:443 for channel [id: 0x631b3838, L:/192.168.1.60:61639 - R:hub-cloud.browserstack.com/207.254.8.4:443]
03:46:23.936 [main] DEBUG net.serenitybdd.core.photography.Darkroom - Send negative for processing for target/site/serenity/bbf438428634cd6d5ed4565ad645dc7cb160a07bf0e496012bb9cbf65682d051.png
03:46:23.936 [Darkroom Processing Line] DEBUG net.serenitybdd.core.photography.DarkroomProcessingLine - Processing screenshot image in /var/screenshots/screenshot-12729779833492020370
03:46:23.936 [Darkroom Processing Line] DEBUG net.serenitybdd.core.photography.DarkroomProcessingLine - Saving screenshot to target/site/serenity/bbf438428634cd6d5ed4565ad645dc7cb160a07bf0e496012bb9cbf65682d051.png
03:46:23.936 [main] DEBUG net.thucydides.core.steps.StepInterceptor - STEP DONE: clickOnAddToCart
  &amp#27;[32mWhen &amp#27;[0m&amp#27;[32mclick on the option to add to cart&amp#27;[0m                                             &amp#27;[90m# StepsDefinitions.ProductsDefinitions.ProductsDefinitions.addProductToCart()&amp#27;[0m
  &amp#27;[31mThen &amp#27;[0m&amp#27;[31mcompletes the purchase process successfully&amp#27;[0m                                    &amp#27;[90m# StepsDefinitions.PurchaseDefinitions.PurchaseDefinitions.completePurchase(java.lang.String,java.lang.String,java.lang.String)&amp#27;[0m
      &amp#27;[31mio.cucumber.core.exception.CucumberException: Step [completes the purchase process successfully] is defined with 3 parameters at 'StepsDefinitions.PurchaseDefinitions.PurchaseDefinitions.completePurchase(java.lang.String,java.lang.String,java.lang.String)'.
However, the gherkin step has 0 arguments.
Step text: completes the purchase process successfully
	at io.cucumber.core.runner.PickleStepDefinitionMatch.arityMismatch(PickleStepDefinitionMatch.java:83)
	at io.cucumber.core.runner.PickleStepDefinitionMatch.runStep(PickleStepDefinitionMatch.java:42)
	at io.cucumber.core.runner.ExecutionMode$1.execute(ExecutionMode.java:10)
	at io.cucumber.core.runner.TestStep.executeStep(TestStep.java:86)
	at io.cucumber.core.runner.TestStep.run(TestStep.java:57)
	at io.cucumber.core.runner.PickleStepTestStep.run(PickleStepTestStep.java:51)
	at io.cucumber.core.runner.TestCase.run(TestCase.java:95)
	at io.cucumber.core.runner.Runner.runPickle(Runner.java:75)
	at io.cucumber.junit.PickleRunners$NoStepDescriptions.lambda$run$0(PickleRunners.java:151)
	at io.cucumber.core.runtime.CucumberExecutionContext.lambda$runTestCase$3(CucumberExecutionContext.java:151)
	at io.cucumber.core.runtime.RethrowingThrowableCollector.executeAndThrow(RethrowingThrowableCollector.java:23)
	at io.cucumber.core.runtime.CucumberExecutionContext.runTestCase(CucumberExecutionContext.java:151)
	at io.cucumber.junit.PickleRunners$NoStepDescriptions.run(PickleRunners.java:148)
	at io.cucumber.junit.FeatureRunner.runChild(FeatureRunner.java:144)
	at io.cucumber.junit.FeatureRunner.runChild(FeatureRunner.java:28)
	at org.junit.runners.ParentRunner$4.run(ParentRunner.java:331)
	at org.junit.runners.ParentRunner$1.schedule(ParentRunner.java:79)
	at org.junit.runners.ParentRunner.runChildren(ParentRunner.java:329)
	at org.junit.runners.ParentRunner.access$100(ParentRunner.java:66)
	at org.junit.runners.ParentRunner$2.evaluate(ParentRunner.java:293)
	at org.junit.runners.ParentRunner$3.evaluate(ParentRunner.java:306)
	at org.junit.runners.ParentRunner.run(ParentRunner.java:413)
	at io.cucumber.junit.FeatureRunner.run(FeatureRunner.java:137)
	at io.cucumber.junit.CucumberSerenityRunner.runChild(CucumberSerenityRunner.java:258)
	at io.cucumber.junit.CucumberSerenityRunner.runChild(CucumberSerenityRunner.java:58)
	at org.junit.runners.ParentRunner$4.run(ParentRunner.java:331)
	at org.junit.runners.ParentRunner$1.schedule(ParentRunner.java:79)
	at org.junit.runners.ParentRunner.runChildren(ParentRunner.java:329)
	at org.junit.runners.ParentRunner.access$100(ParentRunner.java:66)
	at org.junit.runners.ParentRunner$2.evaluate(ParentRunner.java:293)
	at io.cucumber.junit.CucumberSerenityRunner$RunCucumber.evaluate(CucumberSerenityRunner.java:287)
	at org.junit.runners.ParentRunner$3.evaluate(ParentRunner.java:306)
	at org.junit.runners.ParentRunner.run(ParentRunner.java:413)
	at org.junit.runner.JUnitCore.run(JUnitCore.java:137)
	at org.junit.runner.JUnitCore.run(JUnitCore.java:115)
	at org.junit.vintage.engine.execution.RunnerExecutor.execute(RunnerExecutor.java:42)
	at org.junit.vintage.engine.VintageTestEngine.executeAllChildren(VintageTestEngine.java:80)
	at org.junit.vintage.engine.VintageTestEngine.execute(VintageTestEngine.java:72)
	at org.junit.platform.launcher.core.EngineExecutionOrchestrator.execute(EngineExecutionOrchestrator.java:107)
	at org.junit.platform.launcher.core.EngineExecutionOrchestrator.execute(EngineExecutionOrchestrator.java:88)
	at org.junit.platform.launcher.core.EngineExecutionOrchestrator.lambda$execute$0(EngineExecutionOrchestrator.java:54)
	at org.junit.platform.launcher.core.EngineExecutionOrchestrator.withInterceptedStreams(EngineExecutionOrchestrator.java:67)
	at org.junit.platform.launcher.core.EngineExecutionOrchestrator.execute(EngineExecutionOrchestrator.java:52)
	at org.junit.platform.launcher.core.DefaultLauncher.execute(DefaultLauncher.java:114)
	at org.junit.platform.launcher.core.DefaultLauncher.execute(DefaultLauncher.java:86)
	at org.junit.platform.launcher.core.DefaultLauncherSession$DelegatingLauncher.execute(DefaultLauncherSession.java:86)
	at org.junit.platform.launcher.core.SessionPerRequestLauncher.execute(SessionPerRequestLauncher.java:53)
	at org.apache.maven.surefire.junitplatform.JUnitPlatformProvider.execute(JUnitPlatformProvider.java:188)
	at org.apache.maven.surefire.junitplatform.JUnitPlatformProvider.invokeAllTests(JUnitPlatformProvider.java:154)
	at org.apache.maven.surefire.junitplatform.JUnitPlatformProvider.invoke(JUnitPlatformProvider.java:128)
	at org.apache.maven.surefire.booter.ForkedBooter.runSuitesInProcess(ForkedBooter.java:428)
	at org.apache.maven.surefire.booter.ForkedBooter.execute(ForkedBooter.java:162)
	at org.apache.maven.surefire.booter.ForkedBooter.run(ForkedBooter.java:562)
	at org.apache.maven.surefire.booter.ForkedBooter.main(ForkedBooter.java:548)
&amp#27;[0m
03:46:23.961 [Forwarding getPageSource on session 5bdc3f4a8e5cefb88ac2450c975a42a0b5f05738 to remote] DEBUG org.asynchttpclient.netty.request.NettyRequestSender - Using pooled Channel '[id: 0x631b3838, L:/192.168.1.60:61639 - R:hub-cloud.browserstack.com/207.254.8.4:443]' for 'POST' to 'https://cesarrios_6wO4Zt:evgWdGT2L7rpPzjC6Xzg@hub-cloud.browserstack.com/wd/hub/session/5bdc3f4a8e5cefb88ac2450c975a42a0b5f05738/execute/sync'
03:46:23.962 [Forwarding getPageSource on session 5bdc3f4a8e5cefb88ac2450c975a42a0b5f05738 to remote] DEBUG org.asynchttpclient.netty.request.NettyRequestSender - Using open Channel [id: 0x631b3838, L:/192.168.1.60:61639 - R:hub-cloud.browserstack.com/207.254.8.4:443] for POST '/wd/hub/session/5bdc3f4a8e5cefb88ac2450c975a42a0b5f05738/execute/sync'
03:46:24.131 [AsyncHttpClient-1-2] DEBUG org.asynchttpclient.netty.handler.HttpHandler - 

Request DefaultHttpRequest(decodeResult: success, version: HTTP/1.1)
POST /wd/hub/session/5bdc3f4a8e5cefb88ac2450c975a42a0b5f05738/execute/sync HTTP/1.1
User-Agent: selenium/4.1.3 (java mac)
traceparent: 00-a003936f187b8898266175ecde3b7022-9a2341d5043fd44d-01
Content-Length: 176
Content-Type: application/json; charset=utf-8
host: hub-cloud.browserstack.com
authorization: Basic Y2VzYXJyaW9zXzZ3TzRadDpldmdXZEdUMkw3cnBQempDNlh6Zw==
accept: */*

Response DefaultHttpResponse(decodeResult: success, version: HTTP/1.1)
HTTP/1.1 200 OK
Server: nginx
Date: Fri, 05 May 2023 08:46:24 GMT
Content-Type: application/json;charset=utf-8
Connection: keep-alive
Source-From: 02
expires: Thu, 01 Jan 1970 00:00:00 GMT
cache-control: no-cache, no-cache
temp-header: 8785-1191335314-29-1683276384.099-rproxy-core-002-dcp-use3a-prod.browserstack.com
content-length: 11842

03:46:24.132 [AsyncHttpClient-1-2] DEBUG org.asynchttpclient.netty.channel.ChannelManager - Adding key: https://hub-cloud.browserstack.com:443 for channel [id: 0x631b3838, L:/192.168.1.60:61639 - R:hub-cloud.browserstack.com/207.254.8.4:443]
03:46:24.200 [Forwarding getCurrentUrl on session 5bdc3f4a8e5cefb88ac2450c975a42a0b5f05738 to remote] DEBUG org.asynchttpclient.netty.request.NettyRequestSender - Using pooled Channel '[id: 0x631b3838, L:/192.168.1.60:61639 - R:hub-cloud.browserstack.com/207.254.8.4:443]' for 'GET' to 'https://cesarrios_6wO4Zt:evgWdGT2L7rpPzjC6Xzg@hub-cloud.browserstack.com/wd/hub/session/5bdc3f4a8e5cefb88ac2450c975a42a0b5f05738/url'
03:46:24.200 [Forwarding getCurrentUrl on session 5bdc3f4a8e5cefb88ac2450c975a42a0b5f05738 to remote] DEBUG org.asynchttpclient.netty.request.NettyRequestSender - Using open Channel [id: 0x631b3838, L:/192.168.1.60:61639 - R:hub-cloud.browserstack.com/207.254.8.4:443] for GET '/wd/hub/session/5bdc3f4a8e5cefb88ac2450c975a42a0b5f05738/url'
03:46:24.397 [AsyncHttpClient-1-2] DEBUG org.asynchttpclient.netty.handler.HttpHandler - 

Request DefaultFullHttpRequest(decodeResult: success, version: HTTP/1.1, content: EmptyByteBufBE)
GET /wd/hub/session/5bdc3f4a8e5cefb88ac2450c975a42a0b5f05738/url HTTP/1.1
User-Agent: selenium/4.1.3 (java mac)
Cache-Control: no-cache
traceparent: 00-3c942e56fed915d5bb3bdba5e701e0a5-1811e022dfcb88c1-01
Content-Type: application/json; charset=utf-8
host: hub-cloud.browserstack.com
authorization: Basic Y2VzYXJyaW9zXzZ3TzRadDpldmdXZEdUMkw3cnBQempDNlh6Zw==
accept: */*

Response DefaultHttpResponse(decodeResult: success, version: HTTP/1.1)
HTTP/1.1 200 OK
Server: nginx
Date: Fri, 05 May 2023 08:46:24 GMT
Content-Type: application/json;charset=utf-8
Connection: keep-alive
Source-From: 02
expires: Thu, 01 Jan 1970 00:00:00 GMT
cache-control: no-cache, no-cache
temp-header: 10512-1809795313-6-1683276384.390-rproxy-core-001-dcp-use3a-prod.browserstack.com
content-length: 62

03:46:24.398 [AsyncHttpClient-1-2] DEBUG org.asynchttpclient.netty.channel.ChannelManager - Adding key: https://hub-cloud.browserstack.com:443 for channel [id: 0x631b3838, L:/192.168.1.60:61639 - R:hub-cloud.browserstack.com/207.254.8.4:443]
03:46:24.419 [main] ERROR  - &amp#27;[91m
  _____   ___   ___   _____     ___   ___   ___    ___    ___ 
 |_   _| | __| / __| |_   _|   | __| | _ \ | _ \  / _ \  | _ \
   | |   | _|  \__ \   | |     | _|  |   / |   / | (_) | |   /
   |_|   |___| |___/   |_|     |___| |_|_\ |_|_\  \___/  |_|_\

Purchase a product
---------------------------------------------------------------&amp#27;[0m
03:46:24.421 [main] DEBUG  - RELATED ISSUES: 
03:46:24.423 [main] ERROR  - &amp#27;[91m    Test failed at step: Then completes the purchase process successfully&amp#27;[0m
03:46:24.423 [main] ERROR  - &amp#27;[91m    Step [completes the purchase process successfully] is defined with 3 parameters at 'StepsDefinitions.PurchaseDefinitions.PurchaseDefinitions.completePurchase(java.lang.String,java.lang.String,java.lang.String)'.&amp#27;[0m
03:46:24.580 [main] DEBUG org.apache.http.client.protocol.RequestAddCookies - CookieSpec selected: default
03:46:24.584 [main] DEBUG org.apache.http.client.protocol.RequestAuthCache - Auth cache not set in the context
03:46:24.584 [main] DEBUG org.apache.http.impl.conn.PoolingHttpClientConnectionManager - Connection request: [route: {s}->https://api.browserstack.com:443][total available: 0; route allocated: 0 of 2; total allocated: 0 of 20]
03:46:24.589 [main] DEBUG org.apache.http.impl.conn.PoolingHttpClientConnectionManager - Connection leased: [id: 0][route: {s}->https://api.browserstack.com:443][total available: 0; route allocated: 1 of 2; total allocated: 1 of 20]
03:46:24.589 [main] DEBUG org.apache.http.impl.execchain.MainClientExec - Opening connection {s}->https://api.browserstack.com:443
03:46:24.685 [main] DEBUG org.apache.http.impl.conn.DefaultHttpClientConnectionOperator - Connecting to api.browserstack.com/3.210.113.90:443
03:46:24.686 [main] DEBUG org.apache.http.conn.ssl.SSLConnectionSocketFactory - Connecting socket to api.browserstack.com/3.210.113.90:443 with timeout 0
03:46:24.777 [main] DEBUG org.apache.http.conn.ssl.SSLConnectionSocketFactory - Enabled protocols: [TLSv1.3, TLSv1.2]
03:46:24.778 [main] DEBUG org.apache.http.conn.ssl.SSLConnectionSocketFactory - Enabled cipher suites:[TLS_AES_256_GCM_SHA384, TLS_AES_128_GCM_SHA256, TLS_CHACHA20_POLY1305_SHA256, TLS_ECDHE_ECDSA_WITH_AES_256_GCM_SHA384, TLS_ECDHE_ECDSA_WITH_AES_128_GCM_SHA256, TLS_ECDHE_ECDSA_WITH_CHACHA20_POLY1305_SHA256, TLS_ECDHE_RSA_WITH_AES_256_GCM_SHA384, TLS_ECDHE_RSA_WITH_CHACHA20_POLY1305_SHA256, TLS_ECDHE_RSA_WITH_AES_128_GCM_SHA256, TLS_DHE_RSA_WITH_AES_256_GCM_SHA384, TLS_DHE_RSA_WITH_CHACHA20_POLY1305_SHA256, TLS_DHE_DSS_WITH_AES_256_GCM_SHA384, TLS_DHE_RSA_WITH_AES_128_GCM_SHA256, TLS_DHE_DSS_WITH_AES_128_GCM_SHA256, TLS_ECDHE_ECDSA_WITH_AES_256_CBC_SHA384, TLS_ECDHE_RSA_WITH_AES_256_CBC_SHA384, TLS_ECDHE_ECDSA_WITH_AES_128_CBC_SHA256, TLS_ECDHE_RSA_WITH_AES_128_CBC_SHA256, TLS_DHE_RSA_WITH_AES_256_CBC_SHA256, TLS_DHE_DSS_WITH_AES_256_CBC_SHA256, TLS_DHE_RSA_WITH_AES_128_CBC_SHA256, TLS_DHE_DSS_WITH_AES_128_CBC_SHA256, TLS_ECDH_ECDSA_WITH_AES_256_GCM_SHA384, TLS_ECDH_RSA_WITH_AES_256_GCM_SHA384, TLS_ECDH_ECDSA_WITH_AES_128_GCM_SHA256, TLS_ECDH_RSA_WITH_AES_128_GCM_SHA256, TLS_ECDH_ECDSA_WITH_AES_256_CBC_SHA384, TLS_ECDH_RSA_WITH_AES_256_CBC_SHA384, TLS_ECDH_ECDSA_WITH_AES_128_CBC_SHA256, TLS_ECDH_RSA_WITH_AES_128_CBC_SHA256, TLS_ECDHE_ECDSA_WITH_AES_256_CBC_SHA, TLS_ECDHE_RSA_WITH_AES_256_CBC_SHA, TLS_ECDHE_ECDSA_WITH_AES_128_CBC_SHA, TLS_ECDHE_RSA_WITH_AES_128_CBC_SHA, TLS_DHE_RSA_WITH_AES_256_CBC_SHA, TLS_DHE_DSS_WITH_AES_256_CBC_SHA, TLS_DHE_RSA_WITH_AES_128_CBC_SHA, TLS_DHE_DSS_WITH_AES_128_CBC_SHA, TLS_ECDH_ECDSA_WITH_AES_256_CBC_SHA, TLS_ECDH_RSA_WITH_AES_256_CBC_SHA, TLS_ECDH_ECDSA_WITH_AES_128_CBC_SHA, TLS_ECDH_RSA_WITH_AES_128_CBC_SHA, TLS_RSA_WITH_AES_256_GCM_SHA384, TLS_RSA_WITH_AES_128_GCM_SHA256, TLS_RSA_WITH_AES_256_CBC_SHA256, TLS_RSA_WITH_AES_128_CBC_SHA256, TLS_RSA_WITH_AES_256_CBC_SHA, TLS_RSA_WITH_AES_128_CBC_SHA, TLS_EMPTY_RENEGOTIATION_INFO_SCSV]
03:46:24.778 [main] DEBUG org.apache.http.conn.ssl.SSLConnectionSocketFactory - Starting handshake
03:46:24.941 [AsyncHttpClient-1-1] DEBUG org.asynchttpclient.netty.channel.DefaultChannelPool - Entry count for : https://hub-cloud.browserstack.com:443 : 1
03:46:25.047 [main] DEBUG org.apache.http.conn.ssl.SSLConnectionSocketFactory - Secure session established
03:46:25.047 [main] DEBUG org.apache.http.conn.ssl.SSLConnectionSocketFactory -  negotiated protocol: TLSv1.2
03:46:25.047 [main] DEBUG org.apache.http.conn.ssl.SSLConnectionSocketFactory -  negotiated cipher suite: TLS_ECDHE_RSA_WITH_AES_128_GCM_SHA256
03:46:25.047 [main] DEBUG org.apache.http.conn.ssl.SSLConnectionSocketFactory -  peer principal: CN=*.browserstack.com
03:46:25.047 [main] DEBUG org.apache.http.conn.ssl.SSLConnectionSocketFactory -  peer alternative names: [*.browserstack.com, browserstack.com]
03:46:25.048 [main] DEBUG org.apache.http.conn.ssl.SSLConnectionSocketFactory -  issuer principal: CN=Amazon RSA 2048 M01, O=Amazon, C=US
03:46:25.050 [main] DEBUG org.apache.http.impl.conn.DefaultHttpClientConnectionOperator - Connection established 192.168.1.60:61814<->3.210.113.90:443
03:46:25.051 [main] DEBUG org.apache.http.impl.execchain.MainClientExec - Executing request PUT /automate/sessions/5bdc3f4a8e5cefb88ac2450c975a42a0b5f05738.json HTTP/1.1
03:46:25.051 [main] DEBUG org.apache.http.impl.execchain.MainClientExec - Target auth state: UNCHALLENGED
03:46:25.051 [main] DEBUG org.apache.http.impl.execchain.MainClientExec - Proxy auth state: UNCHALLENGED
03:46:25.052 [main] DEBUG org.apache.http.headers - http-outgoing-0 >> PUT /automate/sessions/5bdc3f4a8e5cefb88ac2450c975a42a0b5f05738.json HTTP/1.1
03:46:25.052 [main] DEBUG org.apache.http.headers - http-outgoing-0 >> Content-Length: 402
03:46:25.052 [main] DEBUG org.apache.http.headers - http-outgoing-0 >> Content-Type: application/x-www-form-urlencoded
03:46:25.052 [main] DEBUG org.apache.http.headers - http-outgoing-0 >> Host: api.browserstack.com
03:46:25.052 [main] DEBUG org.apache.http.headers - http-outgoing-0 >> Connection: Keep-Alive
03:46:25.052 [main] DEBUG org.apache.http.headers - http-outgoing-0 >> User-Agent: Apache-HttpClient/4.5.13 (Java/18.0.2.1)
03:46:25.052 [main] DEBUG org.apache.http.headers - http-outgoing-0 >> Accept-Encoding: gzip,deflate
03:46:25.052 [main] DEBUG org.apache.http.wire - http-outgoing-0 >> "PUT /automate/sessions/5bdc3f4a8e5cefb88ac2450c975a42a0b5f05738.json HTTP/1.1[\r][\n]"
03:46:25.052 [main] DEBUG org.apache.http.wire - http-outgoing-0 >> "Content-Length: 402[\r][\n]"
03:46:25.052 [main] DEBUG org.apache.http.wire - http-outgoing-0 >> "Content-Type: application/x-www-form-urlencoded[\r][\n]"
03:46:25.052 [main] DEBUG org.apache.http.wire - http-outgoing-0 >> "Host: api.browserstack.com[\r][\n]"
03:46:25.052 [main] DEBUG org.apache.http.wire - http-outgoing-0 >> "Connection: Keep-Alive[\r][\n]"
03:46:25.052 [main] DEBUG org.apache.http.wire - http-outgoing-0 >> "User-Agent: Apache-HttpClient/4.5.13 (Java/18.0.2.1)[\r][\n]"
03:46:25.052 [main] DEBUG org.apache.http.wire - http-outgoing-0 >> "Accept-Encoding: gzip,deflate[\r][\n]"
03:46:25.052 [main] DEBUG org.apache.http.wire - http-outgoing-0 >> "[\r][\n]"
03:46:25.052 [main] DEBUG org.apache.http.wire - http-outgoing-0 >> "status=failed&reason=io.cucumber.core.exception.CucumberException%3A+Step+%5Bcompletes+the+purchase+process+successfully%5D+is+defined+with+3+parameters+at+%27StepsDefinitions.PurchaseDefinitions.PurchaseDefinitions.completePurchase%28java.lang.String%2Cjava.lang.String%2Cjava.lang.String%29%27.%0AHowever%2C+the+gherkin+step+has+0+arguments.%0AStep+text%3A+completes+the+purchase+process+successfully"
03:46:25.153 [main] DEBUG org.apache.http.wire - http-outgoing-0 << "HTTP/1.1 401 Unauthorized[\r][\n]"
03:46:25.153 [main] DEBUG org.apache.http.wire - http-outgoing-0 << "Cache-Control: no-cache[\r][\n]"
03:46:25.153 [main] DEBUG org.apache.http.wire - http-outgoing-0 << "Content-Type: text/html; charset=utf-8[\r][\n]"
03:46:25.153 [main] DEBUG org.apache.http.wire - http-outgoing-0 << "Date: Fri, 05 May 2023 08:46:25 GMT[\r][\n]"
03:46:25.153 [main] DEBUG org.apache.http.wire - http-outgoing-0 << "Server: nginx + Phusion Passenger[\r][\n]"
03:46:25.153 [main] DEBUG org.apache.http.wire - http-outgoing-0 << "Status: 401 Unauthorized[\r][\n]"
03:46:25.153 [main] DEBUG org.apache.http.wire - http-outgoing-0 << "Vary: Origin[\r][\n]"
03:46:25.153 [main] DEBUG org.apache.http.wire - http-outgoing-0 << "WWW-Authenticate: Basic realm="Application"[\r][\n]"
03:46:25.153 [main] DEBUG org.apache.http.wire - http-outgoing-0 << "X-Powered-By: Phusion Passenger[\r][\n]"
03:46:25.153 [main] DEBUG org.apache.http.wire - http-outgoing-0 << "X-Request-Id: 1b4ebf06-0fa6-4565-8cf8-13f153392881[\r][\n]"
03:46:25.153 [main] DEBUG org.apache.http.wire - http-outgoing-0 << "X-Runtime: 0.006361[\r][\n]"
03:46:25.153 [main] DEBUG org.apache.http.wire - http-outgoing-0 << "X-UA-Compatible: IE=Edge,chrome=1[\r][\n]"
03:46:25.153 [main] DEBUG org.apache.http.wire - http-outgoing-0 << "transfer-encoding: chunked[\r][\n]"
03:46:25.154 [main] DEBUG org.apache.http.wire - http-outgoing-0 << "Connection: keep-alive[\r][\n]"
03:46:25.154 [main] DEBUG org.apache.http.wire - http-outgoing-0 << "[\r][\n]"
03:46:25.154 [main] DEBUG org.apache.http.wire - http-outgoing-0 << "1b[\r][\n]"
03:46:25.154 [main] DEBUG org.apache.http.wire - http-outgoing-0 << "HTTP Basic: Access denied.[\n]"
03:46:25.154 [main] DEBUG org.apache.http.wire - http-outgoing-0 << "[\r][\n]"
03:46:25.157 [main] DEBUG org.apache.http.headers - http-outgoing-0 << HTTP/1.1 401 Unauthorized
03:46:25.163 [main] DEBUG org.apache.http.headers - http-outgoing-0 << Cache-Control: no-cache
03:46:25.163 [main] DEBUG org.apache.http.headers - http-outgoing-0 << Content-Type: text/html; charset=utf-8
03:46:25.163 [main] DEBUG org.apache.http.headers - http-outgoing-0 << Date: Fri, 05 May 2023 08:46:25 GMT
03:46:25.163 [main] DEBUG org.apache.http.headers - http-outgoing-0 << Server: nginx + Phusion Passenger
03:46:25.163 [main] DEBUG org.apache.http.headers - http-outgoing-0 << Status: 401 Unauthorized
03:46:25.163 [main] DEBUG org.apache.http.headers - http-outgoing-0 << Vary: Origin
03:46:25.163 [main] DEBUG org.apache.http.headers - http-outgoing-0 << WWW-Authenticate: Basic realm="Application"
03:46:25.163 [main] DEBUG org.apache.http.headers - http-outgoing-0 << X-Powered-By: Phusion Passenger
03:46:25.163 [main] DEBUG org.apache.http.headers - http-outgoing-0 << X-Request-Id: 1b4ebf06-0fa6-4565-8cf8-13f153392881
03:46:25.163 [main] DEBUG org.apache.http.headers - http-outgoing-0 << X-Runtime: 0.006361
03:46:25.163 [main] DEBUG org.apache.http.headers - http-outgoing-0 << X-UA-Compatible: IE=Edge,chrome=1
03:46:25.163 [main] DEBUG org.apache.http.headers - http-outgoing-0 << transfer-encoding: chunked
03:46:25.163 [main] DEBUG org.apache.http.headers - http-outgoing-0 << Connection: keep-alive
03:46:25.172 [main] DEBUG org.apache.http.impl.execchain.MainClientExec - Connection can be kept alive indefinitely
03:46:25.172 [main] DEBUG org.apache.http.impl.auth.HttpAuthenticator - Authentication required
03:46:25.172 [main] DEBUG org.apache.http.impl.auth.HttpAuthenticator - api.browserstack.com:443 requested authentication
03:46:25.173 [main] DEBUG org.apache.http.impl.client.TargetAuthenticationStrategy - Authentication schemes in the order of preference: [Negotiate, Kerberos, NTLM, CredSSP, Digest, Basic]
03:46:25.173 [main] DEBUG org.apache.http.impl.client.TargetAuthenticationStrategy - Challenge for Negotiate authentication scheme not available
03:46:25.173 [main] DEBUG org.apache.http.impl.client.TargetAuthenticationStrategy - Challenge for Kerberos authentication scheme not available
03:46:25.173 [main] DEBUG org.apache.http.impl.client.TargetAuthenticationStrategy - Challenge for NTLM authentication scheme not available
03:46:25.173 [main] DEBUG org.apache.http.impl.client.TargetAuthenticationStrategy - Challenge for CredSSP authentication scheme not available
03:46:25.173 [main] DEBUG org.apache.http.impl.client.TargetAuthenticationStrategy - Challenge for Digest authentication scheme not available
03:46:25.176 [main] DEBUG org.apache.http.impl.auth.HttpAuthenticator - Selected authentication options: [BASIC [complete=true]]
03:46:25.177 [main] DEBUG org.apache.http.wire - http-outgoing-0 << "0[\r][\n]"
03:46:25.177 [main] DEBUG org.apache.http.wire - http-outgoing-0 << "[\r][\n]"
03:46:25.177 [main] DEBUG org.apache.http.impl.execchain.MainClientExec - Executing request PUT /automate/sessions/5bdc3f4a8e5cefb88ac2450c975a42a0b5f05738.json HTTP/1.1
03:46:25.177 [main] DEBUG org.apache.http.impl.execchain.MainClientExec - Target auth state: CHALLENGED
03:46:25.178 [main] DEBUG org.apache.http.impl.auth.HttpAuthenticator - Generating response to an authentication challenge using basic scheme
03:46:25.185 [main] DEBUG org.apache.http.impl.execchain.MainClientExec - Proxy auth state: UNCHALLENGED
03:46:25.185 [main] DEBUG org.apache.http.headers - http-outgoing-0 >> PUT /automate/sessions/5bdc3f4a8e5cefb88ac2450c975a42a0b5f05738.json HTTP/1.1
03:46:25.185 [main] DEBUG org.apache.http.headers - http-outgoing-0 >> Content-Length: 402
03:46:25.185 [main] DEBUG org.apache.http.headers - http-outgoing-0 >> Content-Type: application/x-www-form-urlencoded
03:46:25.185 [main] DEBUG org.apache.http.headers - http-outgoing-0 >> Host: api.browserstack.com
03:46:25.185 [main] DEBUG org.apache.http.headers - http-outgoing-0 >> Connection: Keep-Alive
03:46:25.185 [main] DEBUG org.apache.http.headers - http-outgoing-0 >> User-Agent: Apache-HttpClient/4.5.13 (Java/18.0.2.1)
03:46:25.185 [main] DEBUG org.apache.http.headers - http-outgoing-0 >> Accept-Encoding: gzip,deflate
03:46:25.185 [main] DEBUG org.apache.http.headers - http-outgoing-0 >> Authorization: Basic bnVsbDpudWxs
03:46:25.185 [main] DEBUG org.apache.http.wire - http-outgoing-0 >> "PUT /automate/sessions/5bdc3f4a8e5cefb88ac2450c975a42a0b5f05738.json HTTP/1.1[\r][\n]"
03:46:25.185 [main] DEBUG org.apache.http.wire - http-outgoing-0 >> "Content-Length: 402[\r][\n]"
03:46:25.185 [main] DEBUG org.apache.http.wire - http-outgoing-0 >> "Content-Type: application/x-www-form-urlencoded[\r][\n]"
03:46:25.185 [main] DEBUG org.apache.http.wire - http-outgoing-0 >> "Host: api.browserstack.com[\r][\n]"
03:46:25.185 [main] DEBUG org.apache.http.wire - http-outgoing-0 >> "Connection: Keep-Alive[\r][\n]"
03:46:25.185 [main] DEBUG org.apache.http.wire - http-outgoing-0 >> "User-Agent: Apache-HttpClient/4.5.13 (Java/18.0.2.1)[\r][\n]"
03:46:25.185 [main] DEBUG org.apache.http.wire - http-outgoing-0 >> "Accept-Encoding: gzip,deflate[\r][\n]"
03:46:25.185 [main] DEBUG org.apache.http.wire - http-outgoing-0 >> "Authorization: Basic bnVsbDpudWxs[\r][\n]"
03:46:25.185 [main] DEBUG org.apache.http.wire - http-outgoing-0 >> "[\r][\n]"
03:46:25.185 [main] DEBUG org.apache.http.wire - http-outgoing-0 >> "status=failed&reason=io.cucumber.core.exception.CucumberException%3A+Step+%5Bcompletes+the+purchase+process+successfully%5D+is+defined+with+3+parameters+at+%27StepsDefinitions.PurchaseDefinitions.PurchaseDefinitions.completePurchase%28java.lang.String%2Cjava.lang.String%2Cjava.lang.String%29%27.%0AHowever%2C+the+gherkin+step+has+0+arguments.%0AStep+text%3A+completes+the+purchase+process+successfully"
03:46:25.310 [main] DEBUG org.apache.http.wire - http-outgoing-0 << "HTTP/1.1 401 Unauthorized[\r][\n]"
03:46:25.310 [main] DEBUG org.apache.http.wire - http-outgoing-0 << "Cache-Control: no-cache[\r][\n]"
03:46:25.310 [main] DEBUG org.apache.http.wire - http-outgoing-0 << "Content-Type: text/html; charset=utf-8[\r][\n]"
03:46:25.310 [main] DEBUG org.apache.http.wire - http-outgoing-0 << "Date: Fri, 05 May 2023 08:46:25 GMT[\r][\n]"
03:46:25.311 [main] DEBUG org.apache.http.wire - http-outgoing-0 << "Server: nginx + Phusion Passenger[\r][\n]"
03:46:25.311 [main] DEBUG org.apache.http.wire - http-outgoing-0 << "Status: 401 Unauthorized[\r][\n]"
03:46:25.311 [main] DEBUG org.apache.http.wire - http-outgoing-0 << "Vary: Origin[\r][\n]"
03:46:25.311 [main] DEBUG org.apache.http.wire - http-outgoing-0 << "WWW-Authenticate: Basic realm="Application"[\r][\n]"
03:46:25.311 [main] DEBUG org.apache.http.wire - http-outgoing-0 << "X-Powered-By: Phusion Passenger[\r][\n]"
03:46:25.311 [main] DEBUG org.apache.http.wire - http-outgoing-0 << "X-Request-Id: 359e5185-382c-42b3-9012-7d72c86ec257[\r][\n]"
03:46:25.311 [main] DEBUG org.apache.http.wire - http-outgoing-0 << "X-Runtime: 0.029184[\r][\n]"
03:46:25.311 [main] DEBUG org.apache.http.wire - http-outgoing-0 << "X-UA-Compatible: IE=Edge,chrome=1[\r][\n]"
03:46:25.311 [main] DEBUG org.apache.http.wire - http-outgoing-0 << "transfer-encoding: chunked[\r][\n]"
03:46:25.311 [main] DEBUG org.apache.http.wire - http-outgoing-0 << "Connection: keep-alive[\r][\n]"
03:46:25.311 [main] DEBUG org.apache.http.wire - http-outgoing-0 << "[\r][\n]"
03:46:25.311 [main] DEBUG org.apache.http.headers - http-outgoing-0 << HTTP/1.1 401 Unauthorized
03:46:25.311 [main] DEBUG org.apache.http.headers - http-outgoing-0 << Cache-Control: no-cache
03:46:25.311 [main] DEBUG org.apache.http.headers - http-outgoing-0 << Content-Type: text/html; charset=utf-8
03:46:25.311 [main] DEBUG org.apache.http.headers - http-outgoing-0 << Date: Fri, 05 May 2023 08:46:25 GMT
03:46:25.311 [main] DEBUG org.apache.http.headers - http-outgoing-0 << Server: nginx + Phusion Passenger
03:46:25.311 [main] DEBUG org.apache.http.headers - http-outgoing-0 << Status: 401 Unauthorized
03:46:25.311 [main] DEBUG org.apache.http.headers - http-outgoing-0 << Vary: Origin
03:46:25.311 [main] DEBUG org.apache.http.headers - http-outgoing-0 << WWW-Authenticate: Basic realm="Application"
03:46:25.311 [main] DEBUG org.apache.http.headers - http-outgoing-0 << X-Powered-By: Phusion Passenger
03:46:25.311 [main] DEBUG org.apache.http.headers - http-outgoing-0 << X-Request-Id: 359e5185-382c-42b3-9012-7d72c86ec257
03:46:25.311 [main] DEBUG org.apache.http.headers - http-outgoing-0 << X-Runtime: 0.029184
03:46:25.311 [main] DEBUG org.apache.http.headers - http-outgoing-0 << X-UA-Compatible: IE=Edge,chrome=1
03:46:25.311 [main] DEBUG org.apache.http.headers - http-outgoing-0 << transfer-encoding: chunked
03:46:25.311 [main] DEBUG org.apache.http.headers - http-outgoing-0 << Connection: keep-alive
03:46:25.311 [main] DEBUG org.apache.http.impl.execchain.MainClientExec - Connection can be kept alive indefinitely
03:46:25.311 [main] DEBUG org.apache.http.impl.auth.HttpAuthenticator - Authentication required
03:46:25.311 [main] DEBUG org.apache.http.impl.auth.HttpAuthenticator - api.browserstack.com:443 requested authentication
03:46:25.311 [main] DEBUG org.apache.http.impl.auth.HttpAuthenticator - Authorization challenge processed
03:46:25.311 [main] DEBUG org.apache.http.impl.auth.HttpAuthenticator - Authentication failed
03:46:25.312 [Forwarding quit on session 5bdc3f4a8e5cefb88ac2450c975a42a0b5f05738 to remote] DEBUG org.asynchttpclient.netty.request.NettyRequestSender - Using pooled Channel '[id: 0x631b3838, L:/192.168.1.60:61639 - R:hub-cloud.browserstack.com/207.254.8.4:443]' for 'DELETE' to 'https://cesarrios_6wO4Zt:evgWdGT2L7rpPzjC6Xzg@hub-cloud.browserstack.com/wd/hub/session/5bdc3f4a8e5cefb88ac2450c975a42a0b5f05738'
03:46:25.312 [Forwarding quit on session 5bdc3f4a8e5cefb88ac2450c975a42a0b5f05738 to remote] DEBUG org.asynchttpclient.netty.request.NettyRequestSender - Using open Channel [id: 0x631b3838, L:/192.168.1.60:61639 - R:hub-cloud.browserstack.com/207.254.8.4:443] for DELETE '/wd/hub/session/5bdc3f4a8e5cefb88ac2450c975a42a0b5f05738'
03:46:26.091 [AsyncHttpClient-1-2] DEBUG org.asynchttpclient.netty.handler.HttpHandler - 

Request DefaultFullHttpRequest(decodeResult: success, version: HTTP/1.1, content: EmptyByteBufBE)
DELETE /wd/hub/session/5bdc3f4a8e5cefb88ac2450c975a42a0b5f05738 HTTP/1.1
User-Agent: selenium/4.1.3 (java mac)
traceparent: 00-ddc9fac45a5740c7d3286c87bb0665a2-9f31227b1e2b6305-01
Content-Type: application/json; charset=utf-8
host: hub-cloud.browserstack.com
authorization: Basic Y2VzYXJyaW9zXzZ3TzRadDpldmdXZEdUMkw3cnBQempDNlh6Zw==
accept: */*

Response DefaultHttpResponse(decodeResult: success, version: HTTP/1.1)
HTTP/1.1 200 OK
Server: nginx
Date: Fri, 05 May 2023 08:46:26 GMT
Content-Type: application/json; charset=utf-8
Transfer-Encoding: chunked
Connection: keep-alive
Source-From: 02
cache-control: no-cache

03:46:26.092 [AsyncHttpClient-1-2] DEBUG org.asynchttpclient.netty.channel.ChannelManager - Adding key: https://hub-cloud.browserstack.com:443 for channel [id: 0x631b3838, L:/192.168.1.60:61639 - R:hub-cloud.browserstack.com/207.254.8.4:443]
]]></system-out>
    <system-err><![CDATA[May 05, 2023 3:45:44 AM org.openqa.selenium.remote.tracing.opentelemetry.OpenTelemetryTracer createTracer
INFO: Using OpenTelemetry for tracing
May 05, 2023 3:45:58 AM org.openqa.selenium.remote.ProtocolHandshake createSession
INFO: Detected dialect: W3C
]]></system-err>
  </testcase>
</testsuite>